nid03675:4883:4883 [0] NCCL INFO Bootstrap : Using [0]ipogif0:148.187.46.120<0>
nid03675:4883:4883 [0] NCCL INFO NET/Plugin : No plugin found (libnccl-net.so).
libibverbs: Could not locate libibgni (/usr/lib64/libibgni.so.1: undefined symbol: verbs_uninit_context)
libibverbs: Warning: couldn't open config directory '/opt/cray/rdma-core/22.3-7.0.2.1_2.21__g42f5f32b.ari/etc/libibverbs.d'.
nid03675:4883:4883 [0] NCCL INFO NET/IB : No device found.
nid03675:4883:4883 [0] NCCL INFO NET/Socket : Using [0]ipogif0:148.187.46.120<0>
NCCL version 2.4.8+cuda10.1
nid03675:4883:4906 [0] NCCL INFO Setting affinity for GPU 0 to ffffff
nid05402:8875:8875 [0] NCCL INFO Bootstrap : Using [0]ipogif0:148.187.53.69<0>
nid05287:23896:23896 [0] NCCL INFO Bootstrap : Using [0]ipogif0:148.187.52.208<0>
nid03713:18696:18696 [0] NCCL INFO Bootstrap : Using [0]ipogif0:148.187.46.158<0>
nid05404:31659:31659 [0] NCCL INFO Bootstrap : Using [0]ipogif0:148.187.53.71<0>
nid05937:16630:16630 [0] NCCL INFO Bootstrap : Using [0]ipogif0:148.187.55.96<0>
nid03712:2513:2513 [0] NCCL INFO Bootstrap : Using [0]ipogif0:148.187.46.157<0>
nid05289:15842:15842 [0] NCCL INFO Bootstrap : Using [0]ipogif0:148.187.52.210<0>
nid03714:4241:4241 [0] NCCL INFO Bootstrap : Using [0]ipogif0:148.187.46.159<0>
nid05287:23896:23896 [0] NCCL INFO NET/Plugin : No plugin found (libnccl-net.so).
nid03713:18696:18696 [0] NCCL INFO NET/Plugin : No plugin found (libnccl-net.so).
nid05937:16630:16630 [0] NCCL INFO NET/Plugin : No plugin found (libnccl-net.so).
nid05289:15842:15842 [0] NCCL INFO NET/Plugin : No plugin found (libnccl-net.so).
nid03714:4241:4241 [0] NCCL INFO NET/Plugin : No plugin found (libnccl-net.so).
libibverbs: Could not locate libibgni (/usr/lib64/libibgni.so.1: undefined symbol: verbs_uninit_context)
libibverbs: Warning: couldn't open config directory '/opt/cray/rdma-core/22.3-7.0.2.1_2.21__g42f5f32b.ari/etc/libibverbs.d'.
nid03713:18696:18696 [0] NCCL INFO NET/IB : No device found.
nid03713:18696:18696 [0] NCCL INFO NET/Socket : Using [0]ipogif0:148.187.46.158<0>
libibverbs: Could not locate libibgni (/usr/lib64/libibgni.so.1: undefined symbol: verbs_uninit_context)
libibverbs: Warning: couldn't open config directory '/opt/cray/rdma-core/22.3-7.0.2.1_2.21__g42f5f32b.ari/etc/libibverbs.d'.
nid05287:23896:23896 [0] NCCL INFO NET/IB : No device found.
nid05287:23896:23896 [0] NCCL INFO NET/Socket : Using [0]ipogif0:148.187.52.208<0>
libibverbs: Could not locate libibgni (/usr/lib64/libibgni.so.1: undefined symbol: verbs_uninit_context)
libibverbs: Warning: couldn't open config directory '/opt/cray/rdma-core/22.3-7.0.2.1_2.21__g42f5f32b.ari/etc/libibverbs.d'.
nid05289:15842:15842 [0] NCCL INFO NET/IB : No device found.
libibverbs: Could not locate libibgni (/usr/lib64/libibgni.so.1: undefined symbol: verbs_uninit_context)
nid05289:15842:15842 [0] NCCL INFO NET/Socket : Using [0]ipogif0:148.187.52.210<0>
libibverbs: Warning: couldn't open config directory '/opt/cray/rdma-core/22.3-7.0.2.1_2.21__g42f5f32b.ari/etc/libibverbs.d'.
nid05937:16630:16630 [0] NCCL INFO NET/IB : No device found.
nid05937:16630:16630 [0] NCCL INFO NET/Socket : Using [0]ipogif0:148.187.55.96<0>
libibverbs: Could not locate libibgni (/usr/lib64/libibgni.so.1: undefined symbol: verbs_uninit_context)
libibverbs: Warning: couldn't open config directory '/opt/cray/rdma-core/22.3-7.0.2.1_2.21__g42f5f32b.ari/etc/libibverbs.d'.
nid03714:4241:4241 [0] NCCL INFO NET/IB : No device found.
nid03714:4241:4241 [0] NCCL INFO NET/Socket : Using [0]ipogif0:148.187.46.159<0>
nid03713:18696:18710 [0] NCCL INFO Setting affinity for GPU 0 to ffffff
nid05287:23896:23909 [0] NCCL INFO Setting affinity for GPU 0 to ffffff
nid05289:15842:15856 [0] NCCL INFO Setting affinity for GPU 0 to ffffff
nid05937:16630:16643 [0] NCCL INFO Setting affinity for GPU 0 to ffffff
nid03714:4241:4255 [0] NCCL INFO Setting affinity for GPU 0 to ffffff
nid03712:2513:2513 [0] NCCL INFO NET/Plugin : No plugin found (libnccl-net.so).
nid05404:31659:31659 [0] NCCL INFO NET/Plugin : No plugin found (libnccl-net.so).
libibverbs: Could not locate libibgni (/usr/lib64/libibgni.so.1: undefined symbol: verbs_uninit_context)
nid05402:8875:8875 [0] NCCL INFO NET/Plugin : No plugin found (libnccl-net.so).
libibverbs: Warning: couldn't open config directory '/opt/cray/rdma-core/22.3-7.0.2.1_2.21__g42f5f32b.ari/etc/libibverbs.d'.
nid03712:2513:2513 [0] NCCL INFO NET/IB : No device found.
libibverbs: Could not locate libibgni (/usr/lib64/libibgni.so.1: undefined symbol: verbs_uninit_context)
nid03712:2513:2513 [0] NCCL INFO NET/Socket : Using [0]ipogif0:148.187.46.157<0>
libibverbs: Could not locate libibgni (/usr/lib64/libibgni.so.1: undefined symbol: verbs_uninit_context)
nid05404:31659:31659 [0] NCCL INFO NET/IB : No device found.
libibverbs: Warning: couldn't open config directory '/opt/cray/rdma-core/22.3-7.0.2.1_2.21__g42f5f32b.ari/etc/libibverbs.d'.
nid05402:8875:8875 [0] NCCL INFO NET/IB : No device found.
libibverbs: Warning: couldn't open config directory '/opt/cray/rdma-core/22.3-7.0.2.1_2.21__g42f5f32b.ari/etc/libibverbs.d'.
nid03712:2513:2527 [0] NCCL INFO Setting affinity for GPU 0 to ffffff
nid05404:31659:31659 [0] NCCL INFO NET/Socket : Using [0]ipogif0:148.187.53.71<0>
nid05402:8875:8875 [0] NCCL INFO NET/Socket : Using [0]ipogif0:148.187.53.69<0>
nid05404:31659:31673 [0] NCCL INFO Setting affinity for GPU 0 to ffffff
nid05402:8875:8888 [0] NCCL INFO Setting affinity for GPU 0 to ffffff
nid03676:8679:8679 [0] NCCL INFO Bootstrap : Using [0]ipogif0:148.187.46.121<0>
nid03676:8679:8679 [0] NCCL INFO NET/Plugin : No plugin found (libnccl-net.so).
nid05401:25405:25405 [0] NCCL INFO Bootstrap : Using [0]ipogif0:148.187.53.68<0>
nid05401:25405:25405 [0] NCCL INFO NET/Plugin : No plugin found (libnccl-net.so).
nid05936:19628:19628 [0] NCCL INFO Bootstrap : Using [0]ipogif0:148.187.55.95<0>
nid05936:19628:19628 [0] NCCL INFO NET/Plugin : No plugin found (libnccl-net.so).
nid05286:9482:9482 [0] NCCL INFO Bootstrap : Using [0]ipogif0:148.187.52.207<0>
nid05286:9482:9482 [0] NCCL INFO NET/Plugin : No plugin found (libnccl-net.so).
libibverbs: Could not locate libibgni (/usr/lib64/libibgni.so.1: undefined symbol: verbs_uninit_context)
libibverbs: Warning: couldn't open config directory '/opt/cray/rdma-core/22.3-7.0.2.1_2.21__g42f5f32b.ari/etc/libibverbs.d'.
nid03676:8679:8679 [0] NCCL INFO NET/IB : No device found.
nid03676:8679:8679 [0] NCCL INFO NET/Socket : Using [0]ipogif0:148.187.46.121<0>
libibverbs: Could not locate libibgni (/usr/lib64/libibgni.so.1: undefined symbol: verbs_uninit_context)
libibverbs: Warning: couldn't open config directory '/opt/cray/rdma-core/22.3-7.0.2.1_2.21__g42f5f32b.ari/etc/libibverbs.d'.
nid05401:25405:25405 [0] NCCL INFO NET/IB : No device found.
nid05401:25405:25405 [0] NCCL INFO NET/Socket : Using [0]ipogif0:148.187.53.68<0>
nid03676:8679:8694 [0] NCCL INFO Setting affinity for GPU 0 to ffffff
libibverbs: Could not locate libibgni (/usr/lib64/libibgni.so.1: undefined symbol: verbs_uninit_context)
libibverbs: Warning: couldn't open config directory '/opt/cray/rdma-core/22.3-7.0.2.1_2.21__g42f5f32b.ari/etc/libibverbs.d'.
nid05936:19628:19628 [0] NCCL INFO NET/IB : No device found.
nid05936:19628:19628 [0] NCCL INFO NET/Socket : Using [0]ipogif0:148.187.55.95<0>
nid05401:25405:25419 [0] NCCL INFO Setting affinity for GPU 0 to ffffff
libibverbs: Could not locate libibgni (/usr/lib64/libibgni.so.1: undefined symbol: verbs_uninit_context)
libibverbs: Warning: couldn't open config directory '/opt/cray/rdma-core/22.3-7.0.2.1_2.21__g42f5f32b.ari/etc/libibverbs.d'.
nid05286:9482:9482 [0] NCCL INFO NET/IB : No device found.
nid05286:9482:9482 [0] NCCL INFO NET/Socket : Using [0]ipogif0:148.187.52.207<0>
nid05936:19628:19642 [0] NCCL INFO Setting affinity for GPU 0 to ffffff
nid05286:9482:9495 [0] NCCL INFO Setting affinity for GPU 0 to ffffff
nid05288:27743:27743 [0] NCCL INFO Bootstrap : Using [0]ipogif0:148.187.52.209<0>
nid05288:27743:27743 [0] NCCL INFO NET/Plugin : No plugin found (libnccl-net.so).
nid05403:13709:13709 [0] NCCL INFO Bootstrap : Using [0]ipogif0:148.187.53.70<0>
libibverbs: Could not locate libibgni (/usr/lib64/libibgni.so.1: undefined symbol: verbs_uninit_context)
libibverbs: Warning: couldn't open config directory '/opt/cray/rdma-core/22.3-7.0.2.1_2.21__g42f5f32b.ari/etc/libibverbs.d'.
nid05288:27743:27743 [0] NCCL INFO NET/IB : No device found.
nid05288:27743:27743 [0] NCCL INFO NET/Socket : Using [0]ipogif0:148.187.52.209<0>
nid05938:31238:31238 [0] NCCL INFO Bootstrap : Using [0]ipogif0:148.187.55.97<0>
nid05288:27743:27757 [0] NCCL INFO Setting affinity for GPU 0 to ffffff
nid05403:13709:13709 [0] NCCL INFO NET/Plugin : No plugin found (libnccl-net.so).
libibverbs: Could not locate libibgni (/usr/lib64/libibgni.so.1: undefined symbol: verbs_uninit_context)
libibverbs: Warning: couldn't open config directory '/opt/cray/rdma-core/22.3-7.0.2.1_2.21__g42f5f32b.ari/etc/libibverbs.d'.
nid05403:13709:13709 [0] NCCL INFO NET/IB : No device found.
nid05403:13709:13709 [0] NCCL INFO NET/Socket : Using [0]ipogif0:148.187.53.70<0>
nid05403:13709:13723 [0] NCCL INFO Setting affinity for GPU 0 to ffffff
nid03676:8679:8694 [0] NCCL INFO Could not find real path of /sys/class/net/ipogif0/device
nid03676:8679:8694 [0] NCCL INFO include/net.h:19 -> 2
nid03675:4883:4906 [0] NCCL INFO Could not find real path of /sys/class/net/ipogif0/device
nid03675:4883:4906 [0] NCCL INFO include/net.h:19 -> 2
nid03675:4883:4906 [0] NCCL INFO CUDA Dev 0[0], Socket NIC distance :  SYS
nid03676:8679:8694 [0] NCCL INFO CUDA Dev 0[0], Socket NIC distance :  SYS
nid05287:23896:23909 [0] NCCL INFO Could not find real path of /sys/class/net/ipogif0/device
nid05287:23896:23909 [0] NCCL INFO include/net.h:19 -> 2
nid05288:27743:27757 [0] NCCL INFO Could not find real path of /sys/class/net/ipogif0/device
nid05288:27743:27757 [0] NCCL INFO include/net.h:19 -> 2
nid05288:27743:27757 [0] NCCL INFO CUDA Dev 0[0], Socket NIC distance :  SYS
nid05289:15842:15856 [0] NCCL INFO Could not find real path of /sys/class/net/ipogif0/device
nid05289:15842:15856 [0] NCCL INFO include/net.h:19 -> 2
nid05289:15842:15856 [0] NCCL INFO CUDA Dev 0[0], Socket NIC distance :  SYS
nid05401:25405:25419 [0] NCCL INFO Could not find real path of /sys/class/net/ipogif0/device
nid05401:25405:25419 [0] NCCL INFO include/net.h:19 -> 2
nid05401:25405:25419 [0] NCCL INFO CUDA Dev 0[0], Socket NIC distance :  SYS
nid03713:18696:18710 [0] NCCL INFO Could not find real path of /sys/class/net/ipogif0/device
nid03713:18696:18710 [0] NCCL INFO include/net.h:19 -> 2
nid05936:19628:19642 [0] NCCL INFO Could not find real path of /sys/class/net/ipogif0/device
nid05936:19628:19642 [0] NCCL INFO include/net.h:19 -> 2
nid05936:19628:19642 [0] NCCL INFO CUDA Dev 0[0], Socket NIC distance :  SYS
nid05286:9482:9495 [0] NCCL INFO Could not find real path of /sys/class/net/ipogif0/device
nid05286:9482:9495 [0] NCCL INFO include/net.h:19 -> 2
nid03714:4241:4255 [0] NCCL INFO Could not find real path of /sys/class/net/ipogif0/device
nid03714:4241:4255 [0] NCCL INFO include/net.h:19 -> 2
nid03714:4241:4255 [0] NCCL INFO CUDA Dev 0[0], Socket NIC distance :  SYS
nid05403:13709:13723 [0] NCCL INFO Could not find real path of /sys/class/net/ipogif0/device
nid05403:13709:13723 [0] NCCL INFO include/net.h:19 -> 2
nid05403:13709:13723 [0] NCCL INFO CUDA Dev 0[0], Socket NIC distance :  SYS
nid03712:2513:2527 [0] NCCL INFO Could not find real path of /sys/class/net/ipogif0/device
nid03712:2513:2527 [0] NCCL INFO include/net.h:19 -> 2
nid05404:31659:31673 [0] NCCL INFO Could not find real path of /sys/class/net/ipogif0/device
nid05404:31659:31673 [0] NCCL INFO include/net.h:19 -> 2
nid05404:31659:31673 [0] NCCL INFO CUDA Dev 0[0], Socket NIC distance :  SYS
libibverbs: Could not locate libibgni (/usr/lib64/libibgni.so.1: undefined symbol: verbs_uninit_context)
nid05402:8875:8888 [0] NCCL INFO Could not find real path of /sys/class/net/ipogif0/device
nid05402:8875:8888 [0] NCCL INFO include/net.h:19 -> 2
nid05402:8875:8888 [0] NCCL INFO CUDA Dev 0[0], Socket NIC distance :  SYS
libibverbs: Warning: couldn't open config directory '/opt/cray/rdma-core/22.3-7.0.2.1_2.21__g42f5f32b.ari/etc/libibverbs.d'.
nid05287:23896:23909 [0] NCCL INFO CUDA Dev 0[0], Socket NIC distance :  SYS
nid05937:16630:16643 [0] NCCL INFO Could not find real path of /sys/class/net/ipogif0/device
nid05937:16630:16643 [0] NCCL INFO include/net.h:19 -> 2
nid03713:18696:18710 [0] NCCL INFO CUDA Dev 0[0], Socket NIC distance :  SYS
nid05286:9482:9495 [0] NCCL INFO CUDA Dev 0[0], Socket NIC distance :  SYS
nid03712:2513:2527 [0] NCCL INFO CUDA Dev 0[0], Socket NIC distance :  SYS
nid05937:16630:16643 [0] NCCL INFO CUDA Dev 0[0], Socket NIC distance :  SYS
nid03675:4883:4906 [0] NCCL INFO Channel 00 :    0   1   2   3   4   5   6   7   8   9  10  11  12  13  14  15
nid03676:8679:8694 [0] NCCL INFO Could not find real path of /sys/class/net/ipogif0/device
nid03676:8679:8694 [0] NCCL INFO include/net.h:19 -> 2
nid05287:23896:23909 [0] NCCL INFO Could not find real path of /sys/class/net/ipogif0/device
nid05287:23896:23909 [0] NCCL INFO include/net.h:19 -> 2
nid05288:27743:27757 [0] NCCL INFO Could not find real path of /sys/class/net/ipogif0/device
nid05288:27743:27757 [0] NCCL INFO include/net.h:19 -> 2
nid05289:15842:15856 [0] NCCL INFO Could not find real path of /sys/class/net/ipogif0/device
nid05289:15842:15856 [0] NCCL INFO include/net.h:19 -> 2
nid05937:16630:16643 [0] NCCL INFO Could not find real path of /sys/class/net/ipogif0/device
nid05937:16630:16643 [0] NCCL INFO include/net.h:19 -> 2
nid03675:4883:4906 [0] NCCL INFO Could not find real path of /sys/class/net/ipogif0/device
nid03675:4883:4906 [0] NCCL INFO include/net.h:19 -> 2
nid05401:25405:25419 [0] NCCL INFO Could not find real path of /sys/class/net/ipogif0/device
nid05401:25405:25419 [0] NCCL INFO include/net.h:19 -> 2
nid03713:18696:18710 [0] NCCL INFO Could not find real path of /sys/class/net/ipogif0/device
nid03713:18696:18710 [0] NCCL INFO include/net.h:19 -> 2
nid05936:19628:19642 [0] NCCL INFO Could not find real path of /sys/class/net/ipogif0/device
nid05936:19628:19642 [0] NCCL INFO include/net.h:19 -> 2
nid05286:9482:9495 [0] NCCL INFO Could not find real path of /sys/class/net/ipogif0/device
nid05286:9482:9495 [0] NCCL INFO include/net.h:19 -> 2
nid03714:4241:4255 [0] NCCL INFO Could not find real path of /sys/class/net/ipogif0/device
nid03714:4241:4255 [0] NCCL INFO include/net.h:19 -> 2
nid05403:13709:13723 [0] NCCL INFO Could not find real path of /sys/class/net/ipogif0/device
nid05403:13709:13723 [0] NCCL INFO include/net.h:19 -> 2
nid03712:2513:2527 [0] NCCL INFO Could not find real path of /sys/class/net/ipogif0/device
nid03712:2513:2527 [0] NCCL INFO include/net.h:19 -> 2
nid05404:31659:31673 [0] NCCL INFO Could not find real path of /sys/class/net/ipogif0/device
nid05404:31659:31673 [0] NCCL INFO include/net.h:19 -> 2
nid05402:8875:8888 [0] NCCL INFO Could not find real path of /sys/class/net/ipogif0/device
nid05402:8875:8888 [0] NCCL INFO include/net.h:19 -> 2
nid05287:23896:23909 [0] NCCL INFO Ring 00 : 5 -> 6 [receive] via NET/Socket/0
nid05288:27743:27757 [0] NCCL INFO Ring 00 : 6 -> 7 [receive] via NET/Socket/0
nid05289:15842:15856 [0] NCCL INFO Ring 00 : 7 -> 8 [receive] via NET/Socket/0
nid03676:8679:8694 [0] NCCL INFO Ring 00 : 0 -> 1 [receive] via NET/Socket/0
nid05937:16630:16643 [0] NCCL INFO Ring 00 : 13 -> 14 [receive] via NET/Socket/0
nid05401:25405:25419 [0] NCCL INFO Ring 00 : 8 -> 9 [receive] via NET/Socket/0
nid03713:18696:18710 [0] NCCL INFO Ring 00 : 2 -> 3 [receive] via NET/Socket/0
nid05936:19628:19642 [0] NCCL INFO Ring 00 : 12 -> 13 [receive] via NET/Socket/0
nid05286:9482:9495 [0] NCCL INFO Ring 00 : 4 -> 5 [receive] via NET/Socket/0
nid03714:4241:4255 [0] NCCL INFO Ring 00 : 3 -> 4 [receive] via NET/Socket/0
nid05403:13709:13723 [0] NCCL INFO Ring 00 : 10 -> 11 [receive] via NET/Socket/0
nid03712:2513:2527 [0] NCCL INFO Ring 00 : 1 -> 2 [receive] via NET/Socket/0
nid05404:31659:31673 [0] NCCL INFO Ring 00 : 11 -> 12 [receive] via NET/Socket/0
nid05402:8875:8888 [0] NCCL INFO Ring 00 : 9 -> 10 [receive] via NET/Socket/0
nid05287:23896:23909 [0] NCCL INFO NET/Socket: Using 1 threads and 1 sockets per thread
nid05288:27743:27757 [0] NCCL INFO NET/Socket: Using 1 threads and 1 sockets per thread
nid05289:15842:15856 [0] NCCL INFO NET/Socket: Using 1 threads and 1 sockets per thread
nid03676:8679:8694 [0] NCCL INFO NET/Socket: Using 1 threads and 1 sockets per thread
nid05937:16630:16643 [0] NCCL INFO NET/Socket: Using 1 threads and 1 sockets per thread
nid03675:4883:4906 [0] NCCL INFO Ring 00 : 15 -> 0 [receive] via NET/Socket/0
nid05401:25405:25419 [0] NCCL INFO NET/Socket: Using 1 threads and 1 sockets per thread
nid03713:18696:18710 [0] NCCL INFO NET/Socket: Using 1 threads and 1 sockets per thread
nid05936:19628:19642 [0] NCCL INFO NET/Socket: Using 1 threads and 1 sockets per thread
nid05286:9482:9495 [0] NCCL INFO NET/Socket: Using 1 threads and 1 sockets per thread
nid03714:4241:4255 [0] NCCL INFO NET/Socket: Using 1 threads and 1 sockets per thread
nid05403:13709:13723 [0] NCCL INFO NET/Socket: Using 1 threads and 1 sockets per thread
nid03712:2513:2527 [0] NCCL INFO NET/Socket: Using 1 threads and 1 sockets per thread
nid05404:31659:31673 [0] NCCL INFO NET/Socket: Using 1 threads and 1 sockets per thread
nid05402:8875:8888 [0] NCCL INFO NET/Socket: Using 1 threads and 1 sockets per thread
nid03675:4883:4906 [0] NCCL INFO NET/Socket: Using 1 threads and 1 sockets per thread
nid05938:31238:31238 [0] NCCL INFO NET/Plugin : No plugin found (libnccl-net.so).
nid05287:23896:23909 [0] NCCL INFO Ring 00 : 6 -> 7 [send] via NET/Socket/0
nid05288:27743:27757 [0] NCCL INFO Ring 00 : 7 -> 8 [send] via NET/Socket/0
nid03676:8679:8694 [0] NCCL INFO Ring 00 : 1 -> 2 [send] via NET/Socket/0
nid05937:16630:16643 [0] NCCL INFO Ring 00 : 14 -> 15 [send] via NET/Socket/0
nid05401:25405:25419 [0] NCCL INFO Ring 00 : 9 -> 10 [send] via NET/Socket/0
nid03713:18696:18710 [0] NCCL INFO Ring 00 : 3 -> 4 [send] via NET/Socket/0
nid05936:19628:19642 [0] NCCL INFO Ring 00 : 13 -> 14 [send] via NET/Socket/0
nid05286:9482:9495 [0] NCCL INFO Ring 00 : 5 -> 6 [send] via NET/Socket/0
nid03714:4241:4255 [0] NCCL INFO Ring 00 : 4 -> 5 [send] via NET/Socket/0
nid05403:13709:13723 [0] NCCL INFO Ring 00 : 11 -> 12 [send] via NET/Socket/0
nid03712:2513:2527 [0] NCCL INFO Ring 00 : 2 -> 3 [send] via NET/Socket/0
nid05404:31659:31673 [0] NCCL INFO Ring 00 : 12 -> 13 [send] via NET/Socket/0
nid05287:23896:23909 [0] NCCL INFO Could not find real path of /sys/class/net/ipogif0/device
nid05287:23896:23909 [0] NCCL INFO include/net.h:19 -> 2
nid05289:15842:15856 [0] NCCL INFO Ring 00 : 8 -> 9 [send] via NET/Socket/0
nid05937:16630:16643 [0] NCCL INFO Could not find real path of /sys/class/net/ipogif0/device
nid05937:16630:16643 [0] NCCL INFO include/net.h:19 -> 2
nid03675:4883:4906 [0] NCCL INFO Ring 00 : 0 -> 1 [send] via NET/Socket/0
nid05401:25405:25419 [0] NCCL INFO Could not find real path of /sys/class/net/ipogif0/device
nid05401:25405:25419 [0] NCCL INFO include/net.h:19 -> 2
nid05936:19628:19642 [0] NCCL INFO Could not find real path of /sys/class/net/ipogif0/device
nid05936:19628:19642 [0] NCCL INFO include/net.h:19 -> 2
nid05286:9482:9495 [0] NCCL INFO Could not find real path of /sys/class/net/ipogif0/device
nid05286:9482:9495 [0] NCCL INFO include/net.h:19 -> 2
nid03714:4241:4255 [0] NCCL INFO Could not find real path of /sys/class/net/ipogif0/device
nid03712:2513:2527 [0] NCCL INFO Could not find real path of /sys/class/net/ipogif0/device
nid03712:2513:2527 [0] NCCL INFO include/net.h:19 -> 2
nid05404:31659:31673 [0] NCCL INFO Could not find real path of /sys/class/net/ipogif0/device
nid05289:15842:15856 [0] NCCL INFO Could not find real path of /sys/class/net/ipogif0/device
nid03676:8679:8694 [0] NCCL INFO Could not find real path of /sys/class/net/ipogif0/device
nid03676:8679:8694 [0] NCCL INFO include/net.h:19 -> 2
nid03675:4883:4906 [0] NCCL INFO Could not find real path of /sys/class/net/ipogif0/device
nid03675:4883:4906 [0] NCCL INFO include/net.h:19 -> 2
nid03714:4241:4255 [0] NCCL INFO include/net.h:19 -> 2
nid05938:31238:31238 [0] NCCL INFO NET/IB : No device found.
nid05404:31659:31673 [0] NCCL INFO include/net.h:19 -> 2
nid05287:23896:23909 [0] NCCL INFO Ring 00 : 7 -> 6 [receive] via NET/Socket/0
nid05289:15842:15856 [0] NCCL INFO include/net.h:19 -> 2
nid05936:19628:19642 [0] NCCL INFO Ring 00 : 14 -> 13 [receive] via NET/Socket/0
nid05286:9482:9495 [0] NCCL INFO Ring 00 : 6 -> 5 [receive] via NET/Socket/0
nid05938:31238:31238 [0] NCCL INFO NET/Socket : Using [0]ipogif0:148.187.55.97<0>
nid05287:23896:23909 [0] NCCL INFO NET/Socket: Using 1 threads and 1 sockets per thread
nid05937:16630:16643 [0] NCCL INFO Ring 00 : 15 -> 14 [receive] via NET/Socket/0
nid05936:19628:19642 [0] NCCL INFO NET/Socket: Using 1 threads and 1 sockets per thread
nid05286:9482:9495 [0] NCCL INFO NET/Socket: Using 1 threads and 1 sockets per thread
nid03714:4241:4255 [0] NCCL INFO Ring 00 : 2 -> 4 [receive] via NET/Socket/0
nid05938:31238:31252 [0] NCCL INFO Setting affinity for GPU 0 to ffffff
nid03712:2513:2527 [0] NCCL INFO Ring 00 : 3 -> 2 [receive] via NET/Socket/0
nid05404:31659:31673 [0] NCCL INFO Ring 00 : 10 -> 12 [receive] via NET/Socket/0
nid05402:8875:8888 [0] NCCL INFO Ring 00 : 10 -> 11 [send] via NET/Socket/0
nid05288:27743:27757 [0] NCCL INFO Ring 00 : 7 -> 6 [send] via NET/Socket/0
nid05289:15842:15856 [0] NCCL INFO Ring 00 : 4 -> 8 [receive] via NET/Socket/0
nid03676:8679:8694 [0] NCCL INFO Ring 00 : 2 -> 1 [receive] via NET/Socket/0
nid05937:16630:16643 [0] NCCL INFO NET/Socket: Using 1 threads and 1 sockets per thread
nid05401:25405:25419 [0] NCCL INFO Ring 00 : 10 -> 9 [receive] via NET/Socket/0
nid03713:18696:18710 [0] NCCL INFO Ring 00 : 3 -> 2 [send] via NET/Socket/0
nid03714:4241:4255 [0] NCCL INFO NET/Socket: Using 1 threads and 1 sockets per thread
nid05938:31238:31252 [0] NCCL INFO Could not find real path of /sys/class/net/ipogif0/device
nid05938:31238:31252 [0] NCCL INFO include/net.h:19 -> 2
nid05938:31238:31252 [0] NCCL INFO CUDA Dev 0[0], Socket NIC distance :  SYS
nid03712:2513:2527 [0] NCCL INFO NET/Socket: Using 1 threads and 1 sockets per thread
nid05404:31659:31673 [0] NCCL INFO NET/Socket: Using 1 threads and 1 sockets per thread
nid05402:8875:8888 [0] NCCL INFO Could not find real path of /sys/class/net/ipogif0/device
nid05288:27743:27757 [0] NCCL INFO Trees [0] 6->7->-1/-1/-1
nid05289:15842:15856 [0] NCCL INFO NET/Socket: Using 1 threads and 1 sockets per thread
nid03676:8679:8694 [0] NCCL INFO NET/Socket: Using 1 threads and 1 sockets per thread
nid05401:25405:25419 [0] NCCL INFO NET/Socket: Using 1 threads and 1 sockets per thread
nid03713:18696:18710 [0] NCCL INFO Trees [0] 2->3->-1/-1/-1
nid03714:4241:4255 [0] NCCL INFO Could not find real path of /sys/class/net/ipogif0/device
nid05938:31238:31252 [0] NCCL INFO Could not find real path of /sys/class/net/ipogif0/device
nid05938:31238:31252 [0] NCCL INFO include/net.h:19 -> 2
nid05404:31659:31673 [0] NCCL INFO Could not find real path of /sys/class/net/ipogif0/device
nid05402:8875:8888 [0] NCCL INFO include/net.h:19 -> 2
nid05288:27743:27757 [0] NCCL INFO comm 0x2aab64002260 rank 7 nranks 16 cudaDev 0 nvmlDev 0 - Init COMPLETE
nid05289:15842:15856 [0] NCCL INFO Could not find real path of /sys/class/net/ipogif0/device
nid03675:4883:4906 [0] NCCL INFO Ring 00 : 8 -> 0 [receive] via NET/Socket/0
nid03713:18696:18710 [0] NCCL INFO comm 0x2aab64002260 rank 3 nranks 16 cudaDev 0 nvmlDev 0 - Init COMPLETE
nid03714:4241:4255 [0] NCCL INFO include/net.h:19 -> 2
nid05938:31238:31252 [0] NCCL INFO Ring 00 : 14 -> 15 [receive] via NET/Socket/0
nid05404:31659:31673 [0] NCCL INFO include/net.h:19 -> 2
nid05289:15842:15856 [0] NCCL INFO include/net.h:19 -> 2
nid03675:4883:4906 [0] NCCL INFO NET/Socket: Using 1 threads and 1 sockets per thread
nid05938:31238:31252 [0] NCCL INFO NET/Socket: Using 1 threads and 1 sockets per thread
nid05938:31238:31252 [0] NCCL INFO Ring 00 : 15 -> 0 [send] via NET/Socket/0
nid05938:31238:31252 [0] NCCL INFO Ring 00 : 15 -> 14 [send] via NET/Socket/0
nid05938:31238:31252 [0] NCCL INFO Trees [0] 14->15->-1/-1/-1
nid05287:23896:23909 [0] NCCL INFO Ring 00 : 6 -> 4 [send] via NET/Socket/0
nid05289:15842:15856 [0] NCCL INFO Ring 00 : 12 -> 8 [receive] via NET/Socket/0
nid05937:16630:16643 [0] NCCL INFO Ring 00 : 14 -> 12 [send] via NET/Socket/0
nid03714:4241:4255 [0] NCCL INFO Ring 00 : 6 -> 4 [receive] via NET/Socket/0
nid05403:13709:13723 [0] NCCL INFO Ring 00 : 11 -> 10 [send] via NET/Socket/0
nid05938:31238:31252 [0] NCCL INFO comm 0x2aab64002260 rank 15 nranks 16 cudaDev 0 nvmlDev 0 - Init COMPLETE
nid03712:2513:2527 [0] NCCL INFO Ring 00 : 2 -> 4 [send] via NET/Socket/0
nid05404:31659:31673 [0] NCCL INFO Ring 00 : 14 -> 12 [receive] via NET/Socket/0
nid05402:8875:8888 [0] NCCL INFO Ring 00 : 11 -> 10 [receive] via NET/Socket/0
nid05287:23896:23909 [0] NCCL INFO Could not find real path of /sys/class/net/ipogif0/device
nid05287:23896:23909 [0] NCCL INFO include/net.h:19 -> 2
nid05289:15842:15856 [0] NCCL INFO NET/Socket: Using 1 threads and 1 sockets per thread
nid05937:16630:16643 [0] NCCL INFO Could not find real path of /sys/class/net/ipogif0/device
nid05937:16630:16643 [0] NCCL INFO include/net.h:19 -> 2
nid03714:4241:4255 [0] NCCL INFO NET/Socket: Using 1 threads and 1 sockets per thread
nid05403:13709:13723 [0] NCCL INFO Trees [0] 10->11->-1/-1/-1
nid03712:2513:2527 [0] NCCL INFO Could not find real path of /sys/class/net/ipogif0/device
nid03712:2513:2527 [0] NCCL INFO include/net.h:19 -> 2
nid05404:31659:31673 [0] NCCL INFO NET/Socket: Using 1 threads and 1 sockets per thread
nid05402:8875:8888 [0] NCCL INFO NET/Socket: Using 1 threads and 1 sockets per thread
nid05403:13709:13723 [0] NCCL INFO comm 0x2aab64002260 rank 11 nranks 16 cudaDev 0 nvmlDev 0 - Init COMPLETE
nid05287:23896:23909 [0] NCCL INFO Ring 00 : 4 -> 6 [receive] via NET/Socket/0
nid05937:16630:16643 [0] NCCL INFO Ring 00 : 12 -> 14 [receive] via NET/Socket/0
nid03714:4241:4255 [0] NCCL INFO Ring 00 : 4 -> 8 [send] via NET/Socket/0
nid03712:2513:2527 [0] NCCL INFO Ring 00 : 4 -> 2 [receive] via NET/Socket/0
nid05404:31659:31673 [0] NCCL INFO Ring 00 : 12 -> 8 [send] via NET/Socket/0
nid05402:8875:8888 [0] NCCL INFO Ring 00 : 10 -> 12 [send] via NET/Socket/0
nid05287:23896:23909 [0] NCCL INFO NET/Socket: Using 1 threads and 1 sockets per thread
nid05289:15842:15856 [0] NCCL INFO Ring 00 : 8 -> 0 [send] via NET/Socket/0
nid05937:16630:16643 [0] NCCL INFO NET/Socket: Using 1 threads and 1 sockets per thread
nid03714:4241:4255 [0] NCCL INFO Could not find real path of /sys/class/net/ipogif0/device
nid03714:4241:4255 [0] NCCL INFO include/net.h:19 -> 2
nid03712:2513:2527 [0] NCCL INFO NET/Socket: Using 1 threads and 1 sockets per thread
nid05404:31659:31673 [0] NCCL INFO Could not find real path of /sys/class/net/ipogif0/device
nid05404:31659:31673 [0] NCCL INFO include/net.h:19 -> 2
nid05402:8875:8888 [0] NCCL INFO Could not find real path of /sys/class/net/ipogif0/device
nid05289:15842:15856 [0] NCCL INFO Could not find real path of /sys/class/net/ipogif0/device
nid05402:8875:8888 [0] NCCL INFO include/net.h:19 -> 2
nid05289:15842:15856 [0] NCCL INFO include/net.h:19 -> 2
nid05287:23896:23909 [0] NCCL INFO Ring 00 : 6 -> 5 [send] via NET/Socket/0
nid05289:15842:15856 [0] NCCL INFO Ring 00 : 0 -> 8 [receive] via NET/Socket/0
nid03676:8679:8694 [0] NCCL INFO Trees [0] 2->1->-1/-1/-1
nid05937:16630:16643 [0] NCCL INFO Ring 00 : 14 -> 13 [send] via NET/Socket/0
nid05286:9482:9495 [0] NCCL INFO Trees [0] 6->5->-1/-1/-1
nid03714:4241:4255 [0] NCCL INFO Ring 00 : 8 -> 4 [receive] via NET/Socket/0
nid03712:2513:2527 [0] NCCL INFO Ring 00 : 2 -> 1 [send] via NET/Socket/0
nid05404:31659:31673 [0] NCCL INFO Ring 00 : 8 -> 12 [receive] via NET/Socket/0
nid05402:8875:8888 [0] NCCL INFO Ring 00 : 12 -> 10 [receive] via NET/Socket/0
nid05289:15842:15856 [0] NCCL INFO NET/Socket: Using 1 threads and 1 sockets per thread
nid03675:4883:4906 [0] NCCL INFO Ring 00 : 0 -> 8 [send] via NET/Socket/0
nid05936:19628:19642 [0] NCCL INFO Trees [0] 14->13->-1/-1/-1
nid03714:4241:4255 [0] NCCL INFO NET/Socket: Using 1 threads and 1 sockets per thread
nid05404:31659:31673 [0] NCCL INFO NET/Socket: Using 1 threads and 1 sockets per thread
nid05402:8875:8888 [0] NCCL INFO NET/Socket: Using 1 threads and 1 sockets per thread
nid03676:8679:8694 [0] NCCL INFO comm 0x2aab64002260 rank 1 nranks 16 cudaDev 0 nvmlDev 0 - Init COMPLETE
nid03675:4883:4906 [0] NCCL INFO Trees [0] -1->0->8/-1/-1
nid05936:19628:19642 [0] NCCL INFO comm 0x2aab64002260 rank 13 nranks 16 cudaDev 0 nvmlDev 0 - Init COMPLETE
nid05286:9482:9495 [0] NCCL INFO comm 0x2aab64002260 rank 5 nranks 16 cudaDev 0 nvmlDev 0 - Init COMPLETE
nid03675:4883:4906 [0] NCCL INFO Using 256 threads, Min Comp Cap 6, Trees enabled up to size 299999
nid03675:4883:4906 [0] NCCL INFO comm 0x2aab70002260 rank 0 nranks 16 cudaDev 0 nvmlDev 0 - Init COMPLETE
nid03675:4883:4883 [0] NCCL INFO Launch mode Parallel
nid05289:15842:15856 [0] NCCL INFO Ring 00 : 8 -> 4 [send] via NET/Socket/0
nid03714:4241:4255 [0] NCCL INFO Ring 00 : 4 -> 2 [send] via NET/Socket/0
nid05404:31659:31673 [0] NCCL INFO Ring 00 : 12 -> 10 [send] via NET/Socket/0
nid05402:8875:8888 [0] NCCL INFO Ring 00 : 10 -> 9 [send] via NET/Socket/0
nid05401:25405:25419 [0] NCCL INFO Trees [0] 10->9->-1/-1/-1
nid05401:25405:25419 [0] NCCL INFO comm 0x2aab64002260 rank 9 nranks 16 cudaDev 0 nvmlDev 0 - Init COMPLETE
nid05289:15842:15856 [0] NCCL INFO Ring 00 : 8 -> 12 [send] via NET/Socket/0
nid03714:4241:4255 [0] NCCL INFO Ring 00 : 4 -> 6 [send] via NET/Socket/0
nid05287:23896:23909 [0] NCCL INFO Trees [0] 4->6->5/7/-1
nid03712:2513:2527 [0] NCCL INFO Trees [0] 4->2->1/3/-1
nid05404:31659:31673 [0] NCCL INFO Ring 00 : 12 -> 14 [send] via NET/Socket/0
nid05289:15842:15856 [0] NCCL INFO Trees [0] 0->8->4/12/-1
nid05937:16630:16643 [0] NCCL INFO Trees [0] 12->14->13/15/-1
nid03714:4241:4255 [0] NCCL INFO Trees [0] 8->4->2/6/-1
nid05402:8875:8888 [0] NCCL INFO Trees [0] 12->10->9/11/-1
nid05404:31659:31673 [0] NCCL INFO Trees [0] 8->12->10/14/-1
nid03712:2513:2527 [0] NCCL INFO comm 0x2aab64002260 rank 2 nranks 16 cudaDev 0 nvmlDev 0 - Init COMPLETE
nid05287:23896:23909 [0] NCCL INFO comm 0x2aab64002260 rank 6 nranks 16 cudaDev 0 nvmlDev 0 - Init COMPLETE
nid05289:15842:15856 [0] NCCL INFO comm 0x2aab64002260 rank 8 nranks 16 cudaDev 0 nvmlDev 0 - Init COMPLETE
nid03714:4241:4255 [0] NCCL INFO comm 0x2aab64002260 rank 4 nranks 16 cudaDev 0 nvmlDev 0 - Init COMPLETE
nid05402:8875:8888 [0] NCCL INFO comm 0x2aab64002260 rank 10 nranks 16 cudaDev 0 nvmlDev 0 - Init COMPLETE
nid05937:16630:16643 [0] NCCL INFO comm 0x2aab64002260 rank 14 nranks 16 cudaDev 0 nvmlDev 0 - Init COMPLETE
nid05404:31659:31673 [0] NCCL INFO comm 0x2aab64002260 rank 12 nranks 16 cudaDev 0 nvmlDev 0 - Init COMPLETE
NCCL version 2.4.8+cuda10.1
nid03675:4883:4912 [0] NCCL INFO Setting affinity for GPU 0 to ffffff
NCCL version 2.4.8+cuda10.1
nid05289:15842:15867 [0] NCCL INFO Setting affinity for GPU 0 to ffffff
NCCL version 2.4.8+cuda10.1
nid05404:31659:31684 [0] NCCL INFO Setting affinity for GPU 0 to ffffff
nid03714:4241:4266 [0] NCCL INFO Setting affinity for GPU 0 to ffffff
nid05938:31238:31256 [0] NCCL INFO Setting affinity for GPU 0 to ffffff
nid05288:27743:27762 [0] NCCL INFO Setting affinity for GPU 0 to ffffff
nid05403:13709:13728 [0] NCCL INFO Setting affinity for GPU 0 to ffffff
nid05401:25405:25424 [0] NCCL INFO Setting affinity for GPU 0 to ffffff
nid03713:18696:18724 [0] NCCL INFO Setting affinity for GPU 0 to ffffff
nid03676:8679:8699 [0] NCCL INFO Setting affinity for GPU 0 to ffffff
nid05286:9482:9500 [0] NCCL INFO Setting affinity for GPU 0 to ffffff
nid05936:19628:19647 [0] NCCL INFO Setting affinity for GPU 0 to ffffff
nid05402:8875:8897 [0] NCCL INFO Setting affinity for GPU 0 to ffffff
nid05937:16630:16652 [0] NCCL INFO Setting affinity for GPU 0 to ffffff
nid03712:2513:2535 [0] NCCL INFO Setting affinity for GPU 0 to ffffff
nid05287:23896:23917 [0] NCCL INFO Setting affinity for GPU 0 to ffffff
nid05404:31659:31684 [0] NCCL INFO Channel 00 :    0   1   2   3
nid05289:15842:15867 [0] NCCL INFO Channel 00 :    0   1   2   3
nid03675:4883:4912 [0] NCCL INFO Channel 00 :    0   1   2   3
nid05936:19628:19647 [0] NCCL INFO Could not find real path of /sys/class/net/ipogif0/device
nid05936:19628:19647 [0] NCCL INFO include/net.h:19 -> 2
nid03714:4241:4266 [0] NCCL INFO Channel 00 :    0   1   2   3
nid05938:31238:31256 [0] NCCL INFO Could not find real path of /sys/class/net/ipogif0/device
nid05938:31238:31256 [0] NCCL INFO include/net.h:19 -> 2
nid05937:16630:16652 [0] NCCL INFO Could not find real path of /sys/class/net/ipogif0/device
nid05937:16630:16652 [0] NCCL INFO include/net.h:19 -> 2
nid05401:25405:25424 [0] NCCL INFO Could not find real path of /sys/class/net/ipogif0/device
nid05401:25405:25424 [0] NCCL INFO include/net.h:19 -> 2
nid03713:18696:18724 [0] NCCL INFO Could not find real path of /sys/class/net/ipogif0/device
nid03713:18696:18724 [0] NCCL INFO include/net.h:19 -> 2
nid05403:13709:13728 [0] NCCL INFO Could not find real path of /sys/class/net/ipogif0/device
nid05403:13709:13728 [0] NCCL INFO include/net.h:19 -> 2
nid03712:2513:2535 [0] NCCL INFO Could not find real path of /sys/class/net/ipogif0/device
nid03712:2513:2535 [0] NCCL INFO include/net.h:19 -> 2
nid05404:31659:31684 [0] NCCL INFO Could not find real path of /sys/class/net/ipogif0/device
nid05404:31659:31684 [0] NCCL INFO include/net.h:19 -> 2
nid05402:8875:8897 [0] NCCL INFO Could not find real path of /sys/class/net/ipogif0/device
nid05402:8875:8897 [0] NCCL INFO include/net.h:19 -> 2
nid05287:23896:23917 [0] NCCL INFO Could not find real path of /sys/class/net/ipogif0/device
nid05287:23896:23917 [0] NCCL INFO include/net.h:19 -> 2
nid05288:27743:27762 [0] NCCL INFO Could not find real path of /sys/class/net/ipogif0/device
nid05288:27743:27762 [0] NCCL INFO include/net.h:19 -> 2
nid05289:15842:15867 [0] NCCL INFO Could not find real path of /sys/class/net/ipogif0/device
nid05289:15842:15867 [0] NCCL INFO include/net.h:19 -> 2
nid03676:8679:8699 [0] NCCL INFO Could not find real path of /sys/class/net/ipogif0/device
nid03676:8679:8699 [0] NCCL INFO include/net.h:19 -> 2
nid03675:4883:4912 [0] NCCL INFO Could not find real path of /sys/class/net/ipogif0/device
nid03675:4883:4912 [0] NCCL INFO include/net.h:19 -> 2
nid05286:9482:9500 [0] NCCL INFO Could not find real path of /sys/class/net/ipogif0/device
nid05286:9482:9500 [0] NCCL INFO include/net.h:19 -> 2
nid03714:4241:4266 [0] NCCL INFO Could not find real path of /sys/class/net/ipogif0/device
nid03714:4241:4266 [0] NCCL INFO include/net.h:19 -> 2
nid05936:19628:19647 [0] NCCL INFO Ring 00 : 0 -> 1 [receive] via NET/Socket/0
nid05938:31238:31256 [0] NCCL INFO Ring 00 : 2 -> 3 [receive] via NET/Socket/0
nid05287:23896:23917 [0] NCCL INFO Ring 00 : 1 -> 2 [receive] via NET/Socket/0
nid05288:27743:27762 [0] NCCL INFO Ring 00 : 2 -> 3 [receive] via NET/Socket/0
nid05289:15842:15867 [0] NCCL INFO Ring 00 : 3 -> 0 [receive] via NET/Socket/0
nid03676:8679:8699 [0] NCCL INFO Ring 00 : 0 -> 1 [receive] via NET/Socket/0
nid05937:16630:16652 [0] NCCL INFO Ring 00 : 1 -> 2 [receive] via NET/Socket/0
nid03675:4883:4912 [0] NCCL INFO Ring 00 : 3 -> 0 [receive] via NET/Socket/0
nid05401:25405:25424 [0] NCCL INFO Ring 00 : 0 -> 1 [receive] via NET/Socket/0
nid03713:18696:18724 [0] NCCL INFO Ring 00 : 2 -> 3 [receive] via NET/Socket/0
nid05936:19628:19647 [0] NCCL INFO NET/Socket: Using 1 threads and 1 sockets per thread
nid05286:9482:9500 [0] NCCL INFO Ring 00 : 0 -> 1 [receive] via NET/Socket/0
nid05403:13709:13728 [0] NCCL INFO Ring 00 : 2 -> 3 [receive] via NET/Socket/0
nid05938:31238:31256 [0] NCCL INFO NET/Socket: Using 1 threads and 1 sockets per thread
nid03712:2513:2535 [0] NCCL INFO Ring 00 : 1 -> 2 [receive] via NET/Socket/0
nid05404:31659:31684 [0] NCCL INFO Ring 00 : 3 -> 0 [receive] via NET/Socket/0
nid05402:8875:8897 [0] NCCL INFO Ring 00 : 1 -> 2 [receive] via NET/Socket/0
nid05287:23896:23917 [0] NCCL INFO NET/Socket: Using 1 threads and 1 sockets per thread
nid05288:27743:27762 [0] NCCL INFO NET/Socket: Using 1 threads and 1 sockets per thread
nid05289:15842:15867 [0] NCCL INFO NET/Socket: Using 1 threads and 1 sockets per thread
nid03676:8679:8699 [0] NCCL INFO NET/Socket: Using 1 threads and 1 sockets per thread
nid05937:16630:16652 [0] NCCL INFO NET/Socket: Using 1 threads and 1 sockets per thread
nid03675:4883:4912 [0] NCCL INFO NET/Socket: Using 1 threads and 1 sockets per thread
nid05401:25405:25424 [0] NCCL INFO NET/Socket: Using 1 threads and 1 sockets per thread
nid03713:18696:18724 [0] NCCL INFO NET/Socket: Using 1 threads and 1 sockets per thread
nid05286:9482:9500 [0] NCCL INFO NET/Socket: Using 1 threads and 1 sockets per thread
nid03714:4241:4266 [0] NCCL INFO Ring 00 : 3 -> 0 [receive] via NET/Socket/0
nid05403:13709:13728 [0] NCCL INFO NET/Socket: Using 1 threads and 1 sockets per thread
nid03712:2513:2535 [0] NCCL INFO NET/Socket: Using 1 threads and 1 sockets per thread
nid05404:31659:31684 [0] NCCL INFO NET/Socket: Using 1 threads and 1 sockets per thread
nid05402:8875:8897 [0] NCCL INFO NET/Socket: Using 1 threads and 1 sockets per thread
nid03714:4241:4266 [0] NCCL INFO NET/Socket: Using 1 threads and 1 sockets per thread
nid05938:31238:31256 [0] NCCL INFO Ring 00 : 3 -> 0 [send] via NET/Socket/0
nid05937:16630:16652 [0] NCCL INFO Ring 00 : 2 -> 3 [send] via NET/Socket/0
nid03713:18696:18724 [0] NCCL INFO Ring 00 : 3 -> 0 [send] via NET/Socket/0
nid05936:19628:19647 [0] NCCL INFO Ring 00 : 1 -> 2 [send] via NET/Socket/0
nid05403:13709:13728 [0] NCCL INFO Ring 00 : 3 -> 0 [send] via NET/Socket/0
nid03712:2513:2535 [0] NCCL INFO Ring 00 : 2 -> 3 [send] via NET/Socket/0
nid05404:31659:31684 [0] NCCL INFO Ring 00 : 0 -> 1 [send] via NET/Socket/0
nid05287:23896:23917 [0] NCCL INFO Ring 00 : 2 -> 3 [send] via NET/Socket/0
nid05288:27743:27762 [0] NCCL INFO Ring 00 : 3 -> 0 [send] via NET/Socket/0
nid05289:15842:15867 [0] NCCL INFO Ring 00 : 0 -> 1 [send] via NET/Socket/0
nid03676:8679:8699 [0] NCCL INFO Ring 00 : 1 -> 2 [send] via NET/Socket/0
nid05937:16630:16652 [0] NCCL INFO comm 0x2aab68001c20 rank 2 nranks 4 cudaDev 0 nvmlDev 0 - Init COMPLETE
nid03675:4883:4912 [0] NCCL INFO Ring 00 : 0 -> 1 [send] via NET/Socket/0
nid05401:25405:25424 [0] NCCL INFO Ring 00 : 1 -> 2 [send] via NET/Socket/0
nid05286:9482:9500 [0] NCCL INFO Ring 00 : 1 -> 2 [send] via NET/Socket/0
nid03714:4241:4266 [0] NCCL INFO Ring 00 : 0 -> 1 [send] via NET/Socket/0
nid05938:31238:31256 [0] NCCL INFO comm 0x2aab68001c20 rank 3 nranks 4 cudaDev 0 nvmlDev 0 - Init COMPLETE
nid05404:31659:31684 [0] NCCL INFO Using 256 threads, Min Comp Cap 6, Trees disabled
nid05402:8875:8897 [0] NCCL INFO Ring 00 : 2 -> 3 [send] via NET/Socket/0
nid05287:23896:23917 [0] NCCL INFO comm 0x2aab68001c20 rank 2 nranks 4 cudaDev 0 nvmlDev 0 - Init COMPLETE
nid05288:27743:27762 [0] NCCL INFO comm 0x2aab68001c20 rank 3 nranks 4 cudaDev 0 nvmlDev 0 - Init COMPLETE
nid05289:15842:15867 [0] NCCL INFO Using 256 threads, Min Comp Cap 6, Trees disabled
nid03675:4883:4912 [0] NCCL INFO Using 256 threads, Min Comp Cap 6, Trees disabled
nid03713:18696:18724 [0] NCCL INFO comm 0x2aab68001c20 rank 3 nranks 4 cudaDev 0 nvmlDev 0 - Init COMPLETE
nid05936:19628:19647 [0] NCCL INFO comm 0x2aab68001c20 rank 1 nranks 4 cudaDev 0 nvmlDev 0 - Init COMPLETE
nid05286:9482:9500 [0] NCCL INFO comm 0x2aab68001c20 rank 1 nranks 4 cudaDev 0 nvmlDev 0 - Init COMPLETE
nid03714:4241:4266 [0] NCCL INFO Using 256 threads, Min Comp Cap 6, Trees disabled
nid03712:2513:2535 [0] NCCL INFO comm 0x2aab68001c20 rank 2 nranks 4 cudaDev 0 nvmlDev 0 - Init COMPLETE
nid05404:31659:31684 [0] NCCL INFO comm 0x2aab6c001c20 rank 0 nranks 4 cudaDev 0 nvmlDev 0 - Init COMPLETE
nid05289:15842:15867 [0] NCCL INFO comm 0x2aab6c001c20 rank 0 nranks 4 cudaDev 0 nvmlDev 0 - Init COMPLETE
nid03676:8679:8699 [0] NCCL INFO comm 0x2aab68001c20 rank 1 nranks 4 cudaDev 0 nvmlDev 0 - Init COMPLETE
nid03675:4883:4912 [0] NCCL INFO comm 0x2aab74001c20 rank 0 nranks 4 cudaDev 0 nvmlDev 0 - Init COMPLETE
nid05401:25405:25424 [0] NCCL INFO comm 0x2aab68001c20 rank 1 nranks 4 cudaDev 0 nvmlDev 0 - Init COMPLETE
NCCL version 2.4.8+cuda10.1
nid03714:4241:4266 [0] NCCL INFO comm 0x2aab6c001c20 rank 0 nranks 4 cudaDev 0 nvmlDev 0 - Init COMPLETE
nid05403:13709:13728 [0] NCCL INFO comm 0x2aab68001c20 rank 3 nranks 4 cudaDev 0 nvmlDev 0 - Init COMPLETE
NCCL version 2.4.8+cuda10.1
nid05404:31659:31659 [0] NCCL INFO Launch mode Parallel
nid05402:8875:8897 [0] NCCL INFO comm 0x2aab68001c20 rank 2 nranks 4 cudaDev 0 nvmlDev 0 - Init COMPLETE
nid05289:15842:15842 [0] NCCL INFO Launch mode Parallel
NCCL version 2.4.8+cuda10.1
nid03675:4883:4883 [0] NCCL INFO Launch mode Parallel
nid03714:4241:4241 [0] NCCL INFO Launch mode Parallel
nid05287:23896:23919 [0] NCCL INFO Setting affinity for GPU 0 to ffffff
nid05288:27743:27764 [0] NCCL INFO Setting affinity for GPU 0 to ffffff
nid05937:16630:16655 [0] NCCL INFO Setting affinity for GPU 0 to ffffff
nid03713:18696:18727 [0] NCCL INFO Setting affinity for GPU 0 to ffffff
nid05938:31238:31259 [0] NCCL INFO Setting affinity for GPU 0 to ffffff
nid03712:2513:2538 [0] NCCL INFO Setting affinity for GPU 0 to ffffff
nid05402:8875:8899 [0] NCCL INFO Setting affinity for GPU 0 to ffffff
nid05403:13709:13730 [0] NCCL INFO Setting affinity for GPU 0 to ffffff
nid05289:15842:15870 [0] NCCL INFO Setting affinity for GPU 0 to ffffff
nid03676:8679:8703 [0] NCCL INFO Setting affinity for GPU 0 to ffffff
nid03675:4883:4917 [0] NCCL INFO Setting affinity for GPU 0 to ffffff
nid05401:25405:25428 [0] NCCL INFO Setting affinity for GPU 0 to ffffff
nid05936:19628:19651 [0] NCCL INFO Setting affinity for GPU 0 to ffffff
nid05286:9482:9504 [0] NCCL INFO Setting affinity for GPU 0 to ffffff
nid03714:4241:4269 [0] NCCL INFO Setting affinity for GPU 0 to ffffff
nid05404:31659:31687 [0] NCCL INFO Setting affinity for GPU 0 to ffffff
nid03713:18696:18727 [0] NCCL INFO Channel 00 :    0   1   2   3
nid03712:2513:2538 [0] NCCL INFO Channel 00 :    0   1   2   3
nid03676:8679:8703 [0] NCCL INFO Channel 00 :    0   1   2   3
nid05288:27743:27764 [0] NCCL INFO Could not find real path of /sys/class/net/ipogif0/device
nid05288:27743:27764 [0] NCCL INFO include/net.h:19 -> 2
nid05937:16630:16655 [0] NCCL INFO Could not find real path of /sys/class/net/ipogif0/device
nid05937:16630:16655 [0] NCCL INFO include/net.h:19 -> 2
nid05403:13709:13730 [0] NCCL INFO Could not find real path of /sys/class/net/ipogif0/device
nid05403:13709:13730 [0] NCCL INFO include/net.h:19 -> 2
nid05938:31238:31259 [0] NCCL INFO Could not find real path of /sys/class/net/ipogif0/device
nid05938:31238:31259 [0] NCCL INFO include/net.h:19 -> 2
nid05287:23896:23919 [0] NCCL INFO Could not find real path of /sys/class/net/ipogif0/device
nid05287:23896:23919 [0] NCCL INFO include/net.h:19 -> 2
nid03713:18696:18727 [0] NCCL INFO Could not find real path of /sys/class/net/ipogif0/device
nid03713:18696:18727 [0] NCCL INFO include/net.h:19 -> 2
nid03712:2513:2538 [0] NCCL INFO Could not find real path of /sys/class/net/ipogif0/device
nid05402:8875:8899 [0] NCCL INFO Could not find real path of /sys/class/net/ipogif0/device
nid05402:8875:8899 [0] NCCL INFO include/net.h:19 -> 2
nid03676:8679:8703 [0] NCCL INFO Could not find real path of /sys/class/net/ipogif0/device
nid03676:8679:8703 [0] NCCL INFO include/net.h:19 -> 2
nid03675:4883:4917 [0] NCCL INFO Channel 00 :    0   1   2   3
nid05401:25405:25428 [0] NCCL INFO Could not find real path of /sys/class/net/ipogif0/device
nid05401:25405:25428 [0] NCCL INFO include/net.h:19 -> 2
nid05936:19628:19651 [0] NCCL INFO Could not find real path of /sys/class/net/ipogif0/device
nid05936:19628:19651 [0] NCCL INFO include/net.h:19 -> 2
nid05286:9482:9504 [0] NCCL INFO Could not find real path of /sys/class/net/ipogif0/device
nid05286:9482:9504 [0] NCCL INFO include/net.h:19 -> 2
nid03712:2513:2538 [0] NCCL INFO include/net.h:19 -> 2
nid05289:15842:15870 [0] NCCL INFO Could not find real path of /sys/class/net/ipogif0/device
nid05289:15842:15870 [0] NCCL INFO include/net.h:19 -> 2
nid03675:4883:4917 [0] NCCL INFO Could not find real path of /sys/class/net/ipogif0/device
nid03675:4883:4917 [0] NCCL INFO include/net.h:19 -> 2
nid03714:4241:4269 [0] NCCL INFO Could not find real path of /sys/class/net/ipogif0/device
nid03714:4241:4269 [0] NCCL INFO include/net.h:19 -> 2
nid05404:31659:31687 [0] NCCL INFO Could not find real path of /sys/class/net/ipogif0/device
nid05404:31659:31687 [0] NCCL INFO include/net.h:19 -> 2
nid05937:16630:16655 [0] NCCL INFO Ring 00 : 2 -> 3 [receive] via NET/Socket/0
nid05403:13709:13730 [0] NCCL INFO Ring 00 : 1 -> 2 [receive] via NET/Socket/0
nid05938:31238:31259 [0] NCCL INFO Ring 00 : 2 -> 3 [receive] via NET/Socket/0
nid05287:23896:23919 [0] NCCL INFO Ring 00 : 0 -> 1 [receive] via NET/Socket/0
nid05288:27743:27764 [0] NCCL INFO Ring 00 : 0 -> 1 [receive] via NET/Socket/0
nid05937:16630:16655 [0] NCCL INFO NET/Socket: Using 1 threads and 1 sockets per thread
nid05403:13709:13730 [0] NCCL INFO NET/Socket: Using 1 threads and 1 sockets per thread
nid05938:31238:31259 [0] NCCL INFO NET/Socket: Using 1 threads and 1 sockets per thread
nid03712:2513:2538 [0] NCCL INFO Ring 00 : 3 -> 0 [receive] via NET/Socket/0
nid05402:8875:8899 [0] NCCL INFO Ring 00 : 1 -> 2 [receive] via NET/Socket/0
nid05287:23896:23919 [0] NCCL INFO NET/Socket: Using 1 threads and 1 sockets per thread
nid05288:27743:27764 [0] NCCL INFO NET/Socket: Using 1 threads and 1 sockets per thread
nid03676:8679:8703 [0] NCCL INFO Ring 00 : 3 -> 0 [receive] via NET/Socket/0
nid03713:18696:18727 [0] NCCL INFO Ring 00 : 3 -> 0 [receive] via NET/Socket/0
nid05936:19628:19651 [0] NCCL INFO Ring 00 : 2 -> 3 [receive] via NET/Socket/0
nid05286:9482:9504 [0] NCCL INFO Ring 00 : 0 -> 1 [receive] via NET/Socket/0
nid03712:2513:2538 [0] NCCL INFO NET/Socket: Using 1 threads and 1 sockets per thread
nid05402:8875:8899 [0] NCCL INFO NET/Socket: Using 1 threads and 1 sockets per thread
nid03676:8679:8703 [0] NCCL INFO NET/Socket: Using 1 threads and 1 sockets per thread
nid05401:25405:25428 [0] NCCL INFO Ring 00 : 1 -> 2 [receive] via NET/Socket/0
nid03713:18696:18727 [0] NCCL INFO NET/Socket: Using 1 threads and 1 sockets per thread
nid05936:19628:19651 [0] NCCL INFO NET/Socket: Using 1 threads and 1 sockets per thread
nid05286:9482:9504 [0] NCCL INFO NET/Socket: Using 1 threads and 1 sockets per thread
nid05401:25405:25428 [0] NCCL INFO NET/Socket: Using 1 threads and 1 sockets per thread
nid03714:4241:4269 [0] NCCL INFO Ring 00 : 0 -> 1 [receive] via NET/Socket/0
nid05404:31659:31687 [0] NCCL INFO Ring 00 : 2 -> 3 [receive] via NET/Socket/0
nid05289:15842:15870 [0] NCCL INFO Ring 00 : 1 -> 2 [receive] via NET/Socket/0
nid03675:4883:4917 [0] NCCL INFO Ring 00 : 3 -> 0 [receive] via NET/Socket/0
nid03714:4241:4269 [0] NCCL INFO NET/Socket: Using 1 threads and 1 sockets per thread
nid05404:31659:31687 [0] NCCL INFO NET/Socket: Using 1 threads and 1 sockets per thread
nid05289:15842:15870 [0] NCCL INFO NET/Socket: Using 1 threads and 1 sockets per thread
nid03675:4883:4917 [0] NCCL INFO NET/Socket: Using 1 threads and 1 sockets per thread
nid05287:23896:23919 [0] NCCL INFO Ring 00 : 1 -> 2 [send] via NET/Socket/0
nid05288:27743:27764 [0] NCCL INFO Ring 00 : 1 -> 2 [send] via NET/Socket/0
nid05937:16630:16655 [0] NCCL INFO Ring 00 : 3 -> 0 [send] via NET/Socket/0
nid05403:13709:13730 [0] NCCL INFO Ring 00 : 2 -> 3 [send] via NET/Socket/0
nid05938:31238:31259 [0] NCCL INFO Ring 00 : 3 -> 0 [send] via NET/Socket/0
nid03712:2513:2538 [0] NCCL INFO Ring 00 : 0 -> 1 [send] via NET/Socket/0
nid05402:8875:8899 [0] NCCL INFO Ring 00 : 2 -> 3 [send] via NET/Socket/0
nid03676:8679:8703 [0] NCCL INFO Ring 00 : 0 -> 1 [send] via NET/Socket/0
nid05401:25405:25428 [0] NCCL INFO Ring 00 : 2 -> 3 [send] via NET/Socket/0
nid03713:18696:18727 [0] NCCL INFO Ring 00 : 0 -> 1 [send] via NET/Socket/0
nid05286:9482:9504 [0] NCCL INFO Ring 00 : 1 -> 2 [send] via NET/Socket/0
nid05936:19628:19651 [0] NCCL INFO Ring 00 : 3 -> 0 [send] via NET/Socket/0
nid03676:8679:8703 [0] NCCL INFO Using 256 threads, Min Comp Cap 6, Trees disabled
nid03675:4883:4917 [0] NCCL INFO Ring 00 : 0 -> 1 [send] via NET/Socket/0
nid03713:18696:18727 [0] NCCL INFO Using 256 threads, Min Comp Cap 6, Trees disabled
nid03714:4241:4269 [0] NCCL INFO Ring 00 : 1 -> 2 [send] via NET/Socket/0
nid03712:2513:2538 [0] NCCL INFO Using 256 threads, Min Comp Cap 6, Trees disabled
nid05402:8875:8899 [0] NCCL INFO comm 0x2aab6802dff0 rank 2 nranks 4 cudaDev 0 nvmlDev 0 - Init COMPLETE
nid05289:15842:15870 [0] NCCL INFO Ring 00 : 2 -> 3 [send] via NET/Socket/0
nid05403:13709:13730 [0] NCCL INFO comm 0x2aab6802dff0 rank 2 nranks 4 cudaDev 0 nvmlDev 0 - Init COMPLETE
nid05938:31238:31259 [0] NCCL INFO comm 0x2aab6c001c20 rank 3 nranks 4 cudaDev 0 nvmlDev 0 - Init COMPLETE
nid05404:31659:31687 [0] NCCL INFO Ring 00 : 3 -> 0 [send] via NET/Socket/0
nid05287:23896:23919 [0] NCCL INFO comm 0x2aab6802dff0 rank 1 nranks 4 cudaDev 0 nvmlDev 0 - Init COMPLETE
nid05288:27743:27764 [0] NCCL INFO comm 0x2aab6802dff0 rank 1 nranks 4 cudaDev 0 nvmlDev 0 - Init COMPLETE
nid03676:8679:8703 [0] NCCL INFO comm 0x2aab70001c20 rank 0 nranks 4 cudaDev 0 nvmlDev 0 - Init COMPLETE
nid05937:16630:16655 [0] NCCL INFO comm 0x2aab6c001c20 rank 3 nranks 4 cudaDev 0 nvmlDev 0 - Init COMPLETE
nid03675:4883:4917 [0] NCCL INFO Using 256 threads, Min Comp Cap 6, Trees disabled
nid05401:25405:25428 [0] NCCL INFO comm 0x2aab6c001c20 rank 2 nranks 4 cudaDev 0 nvmlDev 0 - Init COMPLETE
nid03713:18696:18727 [0] NCCL INFO comm 0x2aab6c001c20 rank 0 nranks 4 cudaDev 0 nvmlDev 0 - Init COMPLETE
nid05936:19628:19651 [0] NCCL INFO comm 0x2aab6c001c20 rank 3 nranks 4 cudaDev 0 nvmlDev 0 - Init COMPLETE
nid05286:9482:9504 [0] NCCL INFO comm 0x2aab6c001c20 rank 1 nranks 4 cudaDev 0 nvmlDev 0 - Init COMPLETE
nid03712:2513:2538 [0] NCCL INFO comm 0x2aab6c001c20 rank 0 nranks 4 cudaDev 0 nvmlDev 0 - Init COMPLETE
nid03676:8679:8679 [0] NCCL INFO Launch mode Parallel
nid03713:18696:18696 [0] NCCL INFO Launch mode Parallel
nid03712:2513:2513 [0] NCCL INFO Launch mode Parallel
nid05289:15842:15870 [0] NCCL INFO comm 0x2aab68001c20 rank 2 nranks 4 cudaDev 0 nvmlDev 0 - Init COMPLETE
nid03714:4241:4269 [0] NCCL INFO comm 0x2aab68001c20 rank 1 nranks 4 cudaDev 0 nvmlDev 0 - Init COMPLETE
nid05404:31659:31687 [0] NCCL INFO comm 0x2aab68001c20 rank 3 nranks 4 cudaDev 0 nvmlDev 0 - Init COMPLETE
nid03675:4883:4917 [0] NCCL INFO comm 0x2aab78001c20 rank 0 nranks 4 cudaDev 0 nvmlDev 0 - Init COMPLETE
nid03675:4883:4883 [0] NCCL INFO Launch mode Parallel
Duration/ms: 127.22644804000855
