nid05922:11894:11894 [0] NCCL INFO Bootstrap : Using [0]ipogif0:148.187.55.81<0>
nid05922:11894:11894 [0] NCCL INFO NET/Plugin : No plugin found (libnccl-net.so).
libibverbs: Could not locate libibgni (/usr/lib64/libibgni.so.1: undefined symbol: verbs_uninit_context)
libibverbs: Warning: couldn't open config directory '/opt/cray/rdma-core/22.3-7.0.2.1_2.21__g42f5f32b.ari/etc/libibverbs.d'.
nid05922:11894:11894 [0] NCCL INFO NET/IB : No device found.
nid05922:11894:11894 [0] NCCL INFO NET/Socket : Using [0]ipogif0:148.187.55.81<0>
NCCL version 2.4.8+cuda10.1
nid05922:11894:11917 [0] NCCL INFO Setting affinity for GPU 0 to ffffff
nid05923:894:894 [0] NCCL INFO Bootstrap : Using [0]ipogif0:148.187.55.82<0>
nid05923:894:894 [0] NCCL INFO NET/Plugin : No plugin found (libnccl-net.so).
libibverbs: Could not locate libibgni (/usr/lib64/libibgni.so.1: undefined symbol: verbs_uninit_context)
libibverbs: Warning: couldn't open config directory '/opt/cray/rdma-core/22.3-7.0.2.1_2.21__g42f5f32b.ari/etc/libibverbs.d'.
nid05923:894:894 [0] NCCL INFO NET/IB : No device found.
nid05923:894:894 [0] NCCL INFO NET/Socket : Using [0]ipogif0:148.187.55.82<0>
nid05923:894:907 [0] NCCL INFO Setting affinity for GPU 0 to ffffff
nid05924:28869:28869 [0] NCCL INFO Bootstrap : Using [0]ipogif0:148.187.55.83<0>
nid05924:28869:28869 [0] NCCL INFO NET/Plugin : No plugin found (libnccl-net.so).
libibverbs: Could not locate libibgni (/usr/lib64/libibgni.so.1: undefined symbol: verbs_uninit_context)
libibverbs: Warning: couldn't open config directory '/opt/cray/rdma-core/22.3-7.0.2.1_2.21__g42f5f32b.ari/etc/libibverbs.d'.
nid05924:28869:28869 [0] NCCL INFO NET/IB : No device found.
nid05924:28869:28869 [0] NCCL INFO NET/Socket : Using [0]ipogif0:148.187.55.83<0>
nid05924:28869:28882 [0] NCCL INFO Setting affinity for GPU 0 to ffffff
nid05925:12436:12436 [0] NCCL INFO Bootstrap : Using [0]ipogif0:148.187.55.84<0>
nid05923:894:907 [0] NCCL INFO Could not find real path of /sys/class/net/ipogif0/device
nid05923:894:907 [0] NCCL INFO include/net.h:19 -> 2
nid05924:28869:28882 [0] NCCL INFO Could not find real path of /sys/class/net/ipogif0/device
nid05924:28869:28882 [0] NCCL INFO include/net.h:19 -> 2
nid05924:28869:28882 [0] NCCL INFO CUDA Dev 0[0], Socket NIC distance :  SYS
nid05923:894:907 [0] NCCL INFO CUDA Dev 0[0], Socket NIC distance :  SYS
nid05922:11894:11917 [0] NCCL INFO Could not find real path of /sys/class/net/ipogif0/device
nid05922:11894:11917 [0] NCCL INFO include/net.h:19 -> 2
nid05922:11894:11917 [0] NCCL INFO CUDA Dev 0[0], Socket NIC distance :  SYS
nid05922:11894:11917 [0] NCCL INFO Channel 00 :    0   1   2   3
nid05922:11894:11917 [0] NCCL INFO Could not find real path of /sys/class/net/ipogif0/device
nid05922:11894:11917 [0] NCCL INFO include/net.h:19 -> 2
libibverbs: Could not locate libibgni (/usr/lib64/libibgni.so.1: undefined symbol: verbs_uninit_context)
nid05923:894:907 [0] NCCL INFO Could not find real path of /sys/class/net/ipogif0/device
nid05923:894:907 [0] NCCL INFO include/net.h:19 -> 2
libibverbs: Warning: couldn't open config directory '/opt/cray/rdma-core/22.3-7.0.2.1_2.21__g42f5f32b.ari/etc/libibverbs.d'.
nid05924:28869:28882 [0] NCCL INFO Could not find real path of /sys/class/net/ipogif0/device
nid05924:28869:28882 [0] NCCL INFO include/net.h:19 -> 2
nid05925:12436:12436 [0] NCCL INFO NET/Plugin : No plugin found (libnccl-net.so).
nid05925:12436:12436 [0] NCCL INFO NET/IB : No device found.
nid05925:12436:12436 [0] NCCL INFO NET/Socket : Using [0]ipogif0:148.187.55.84<0>
nid05922:11894:11917 [0] NCCL INFO Ring 00 : 3 -> 0 [receive] via NET/Socket/0
nid05923:894:907 [0] NCCL INFO Ring 00 : 0 -> 1 [receive] via NET/Socket/0
nid05924:28869:28882 [0] NCCL INFO Ring 00 : 1 -> 2 [receive] via NET/Socket/0
nid05925:12436:12452 [0] NCCL INFO Setting affinity for GPU 0 to ffffff
nid05922:11894:11917 [0] NCCL INFO NET/Socket: Using 1 threads and 1 sockets per thread
nid05923:894:907 [0] NCCL INFO NET/Socket: Using 1 threads and 1 sockets per thread
nid05924:28869:28882 [0] NCCL INFO NET/Socket: Using 1 threads and 1 sockets per thread
nid05925:12436:12452 [0] NCCL INFO Could not find real path of /sys/class/net/ipogif0/device
nid05925:12436:12452 [0] NCCL INFO include/net.h:19 -> 2
nid05925:12436:12452 [0] NCCL INFO CUDA Dev 0[0], Socket NIC distance :  SYS
nid05925:12436:12452 [0] NCCL INFO Could not find real path of /sys/class/net/ipogif0/device
nid05925:12436:12452 [0] NCCL INFO include/net.h:19 -> 2
nid05925:12436:12452 [0] NCCL INFO Ring 00 : 2 -> 3 [receive] via NET/Socket/0
nid05925:12436:12452 [0] NCCL INFO NET/Socket: Using 1 threads and 1 sockets per thread
nid05922:11894:11917 [0] NCCL INFO Ring 00 : 0 -> 1 [send] via NET/Socket/0
nid05923:894:907 [0] NCCL INFO Ring 00 : 1 -> 2 [send] via NET/Socket/0
nid05924:28869:28882 [0] NCCL INFO Ring 00 : 2 -> 3 [send] via NET/Socket/0
nid05922:11894:11917 [0] NCCL INFO Using 256 threads, Min Comp Cap 6, Trees disabled
nid05925:12436:12452 [0] NCCL INFO Ring 00 : 3 -> 0 [send] via NET/Socket/0
nid05922:11894:11917 [0] NCCL INFO comm 0x2aab70002260 rank 0 nranks 4 cudaDev 0 nvmlDev 0 - Init COMPLETE
nid05923:894:907 [0] NCCL INFO comm 0x2aab64002260 rank 1 nranks 4 cudaDev 0 nvmlDev 0 - Init COMPLETE
nid05924:28869:28882 [0] NCCL INFO comm 0x2aab64002260 rank 2 nranks 4 cudaDev 0 nvmlDev 0 - Init COMPLETE
nid05925:12436:12452 [0] NCCL INFO comm 0x2aab64002260 rank 3 nranks 4 cudaDev 0 nvmlDev 0 - Init COMPLETE
nid05922:11894:11894 [0] NCCL INFO Launch mode Parallel
NCCL version 2.4.8+cuda10.1
nid05924:28869:28887 [0] NCCL INFO Setting affinity for GPU 0 to ffffff
nid05925:12436:12456 [0] NCCL INFO Setting affinity for GPU 0 to ffffff
nid05924:28869:28887 [0] NCCL INFO Channel 00 :    0   1
nid05925:12436:12456 [0] NCCL INFO Could not find real path of /sys/class/net/ipogif0/device
nid05925:12436:12456 [0] NCCL INFO include/net.h:19 -> 2
nid05924:28869:28887 [0] NCCL INFO Could not find real path of /sys/class/net/ipogif0/device
nid05924:28869:28887 [0] NCCL INFO include/net.h:19 -> 2
nid05925:12436:12456 [0] NCCL INFO Ring 00 : 0 -> 1 [receive] via NET/Socket/0
nid05924:28869:28887 [0] NCCL INFO Ring 00 : 1 -> 0 [receive] via NET/Socket/0
nid05925:12436:12456 [0] NCCL INFO NET/Socket: Using 1 threads and 1 sockets per thread
nid05924:28869:28887 [0] NCCL INFO NET/Socket: Using 1 threads and 1 sockets per thread
nid05925:12436:12456 [0] NCCL INFO Ring 00 : 1 -> 0 [send] via NET/Socket/0
nid05924:28869:28887 [0] NCCL INFO Ring 00 : 0 -> 1 [send] via NET/Socket/0
nid05924:28869:28887 [0] NCCL INFO Using 256 threads, Min Comp Cap 6, Trees disabled
nid05925:12436:12456 [0] NCCL INFO comm 0x2aab68001c20 rank 1 nranks 2 cudaDev 0 nvmlDev 0 - Init COMPLETE
nid05924:28869:28887 [0] NCCL INFO comm 0x2aab6c001c20 rank 0 nranks 2 cudaDev 0 nvmlDev 0 - Init COMPLETE
nid05924:28869:28869 [0] NCCL INFO Launch mode Parallel
nid05922:11894:11923 [0] NCCL INFO Setting affinity for GPU 0 to ffffff
nid05923:894:912 [0] NCCL INFO Setting affinity for GPU 0 to ffffff
nid05922:11894:11923 [0] NCCL INFO Channel 00 :    0   1
nid05923:894:912 [0] NCCL INFO Could not find real path of /sys/class/net/ipogif0/device
nid05923:894:912 [0] NCCL INFO include/net.h:19 -> 2
nid05922:11894:11923 [0] NCCL INFO Could not find real path of /sys/class/net/ipogif0/device
nid05922:11894:11923 [0] NCCL INFO include/net.h:19 -> 2
nid05922:11894:11923 [0] NCCL INFO Ring 00 : 1 -> 0 [receive] via NET/Socket/0
nid05922:11894:11923 [0] NCCL INFO NET/Socket: Using 1 threads and 1 sockets per thread
nid05923:894:912 [0] NCCL INFO Ring 00 : 0 -> 1 [receive] via NET/Socket/0
nid05923:894:912 [0] NCCL INFO NET/Socket: Using 1 threads and 1 sockets per thread
nid05922:11894:11923 [0] NCCL INFO Ring 00 : 0 -> 1 [send] via NET/Socket/0
nid05923:894:912 [0] NCCL INFO Ring 00 : 1 -> 0 [send] via NET/Socket/0
nid05922:11894:11923 [0] NCCL INFO Using 256 threads, Min Comp Cap 6, Trees disabled
nid05922:11894:11923 [0] NCCL INFO comm 0x2aab74001c20 rank 0 nranks 2 cudaDev 0 nvmlDev 0 - Init COMPLETE
nid05923:894:912 [0] NCCL INFO comm 0x2aab68001c20 rank 1 nranks 2 cudaDev 0 nvmlDev 0 - Init COMPLETE
nid05922:11894:11894 [0] NCCL INFO Launch mode Parallel
NCCL version 2.4.8+cuda10.1
nid05922:11894:11928 [0] NCCL INFO Setting affinity for GPU 0 to ffffff
nid05923:894:916 [0] NCCL INFO Setting affinity for GPU 0 to ffffff
nid05925:12436:12460 [0] NCCL INFO Setting affinity for GPU 0 to ffffff
nid05923:894:916 [0] NCCL INFO Channel 00 :    0   1
nid05923:894:916 [0] NCCL INFO Could not find real path of /sys/class/net/ipogif0/device
nid05923:894:916 [0] NCCL INFO include/net.h:19 -> 2
nid05925:12436:12460 [0] NCCL INFO Could not find real path of /sys/class/net/ipogif0/device
nid05925:12436:12460 [0] NCCL INFO include/net.h:19 -> 2
nid05923:894:916 [0] NCCL INFO Ring 00 : 1 -> 0 [receive] via NET/Socket/0
nid05923:894:916 [0] NCCL INFO NET/Socket: Using 1 threads and 1 sockets per thread
nid05925:12436:12460 [0] NCCL INFO Ring 00 : 0 -> 1 [receive] via NET/Socket/0
nid05925:12436:12460 [0] NCCL INFO NET/Socket: Using 1 threads and 1 sockets per thread
nid05923:894:916 [0] NCCL INFO Ring 00 : 0 -> 1 [send] via NET/Socket/0
nid05925:12436:12460 [0] NCCL INFO Ring 00 : 1 -> 0 [send] via NET/Socket/0
nid05923:894:916 [0] NCCL INFO Using 256 threads, Min Comp Cap 6, Trees disabled
nid05923:894:916 [0] NCCL INFO comm 0x2aab70001c20 rank 0 nranks 2 cudaDev 0 nvmlDev 0 - Init COMPLETE
nid05923:894:894 [0] NCCL INFO Launch mode Parallel
nid05924:28869:28891 [0] NCCL INFO Setting affinity for GPU 0 to ffffff
nid05925:12436:12460 [0] NCCL INFO comm 0x2aab6c001c20 rank 1 nranks 2 cudaDev 0 nvmlDev 0 - Init COMPLETE
nid05922:11894:11928 [0] NCCL INFO Channel 00 :    0   1
nid05922:11894:11928 [0] NCCL INFO Could not find real path of /sys/class/net/ipogif0/device
nid05922:11894:11928 [0] NCCL INFO include/net.h:19 -> 2
nid05924:28869:28891 [0] NCCL INFO Could not find real path of /sys/class/net/ipogif0/device
nid05924:28869:28891 [0] NCCL INFO include/net.h:19 -> 2
nid05922:11894:11928 [0] NCCL INFO Ring 00 : 1 -> 0 [receive] via NET/Socket/0
nid05922:11894:11928 [0] NCCL INFO NET/Socket: Using 1 threads and 1 sockets per thread
nid05924:28869:28891 [0] NCCL INFO Ring 00 : 0 -> 1 [receive] via NET/Socket/0
nid05924:28869:28891 [0] NCCL INFO NET/Socket: Using 1 threads and 1 sockets per thread
nid05922:11894:11928 [0] NCCL INFO Ring 00 : 0 -> 1 [send] via NET/Socket/0
nid05924:28869:28891 [0] NCCL INFO Ring 00 : 1 -> 0 [send] via NET/Socket/0
nid05922:11894:11928 [0] NCCL INFO Using 256 threads, Min Comp Cap 6, Trees disabled
nid05922:11894:11928 [0] NCCL INFO comm 0x2aab78001c20 rank 0 nranks 2 cudaDev 0 nvmlDev 0 - Init COMPLETE
nid05922:11894:11894 [0] NCCL INFO Launch mode Parallel
nid05924:28869:28891 [0] NCCL INFO comm 0x2aab68001c20 rank 1 nranks 2 cudaDev 0 nvmlDev 0 - Init COMPLETE
Duration/ms: 1.9681631970405578
