nid04606:15277:15277 [0] NCCL INFO Bootstrap : Using [0]ipogif0:148.187.50.35<0>
nid04606:15277:15277 [0] NCCL INFO NET/Plugin : No plugin found (libnccl-net.so).
libibverbs: Could not locate libibgni (/usr/lib64/libibgni.so.1: undefined symbol: verbs_uninit_context)
libibverbs: Warning: couldn't open config directory '/opt/cray/rdma-core/22.3-7.0.2.1_2.21__g42f5f32b.ari/etc/libibverbs.d'.
nid04606:15277:15277 [0] NCCL INFO NET/IB : No device found.
nid04606:15277:15277 [0] NCCL INFO NET/Socket : Using [0]ipogif0:148.187.50.35<0>
NCCL version 2.4.8+cuda10.1
nid04606:15277:15301 [0] NCCL INFO Setting affinity for GPU 0 to ffffff
nid04609:26340:26340 [0] NCCL INFO Bootstrap : Using [0]ipogif0:148.187.50.38<0>
nid04608:7309:7309 [0] NCCL INFO Bootstrap : Using [0]ipogif0:148.187.50.37<0>
nid04607:18462:18462 [0] NCCL INFO Bootstrap : Using [0]ipogif0:148.187.50.36<0>
nid04608:7309:7309 [0] NCCL INFO NET/Plugin : No plugin found (libnccl-net.so).
nid04609:26340:26340 [0] NCCL INFO NET/Plugin : No plugin found (libnccl-net.so).
libibverbs: Could not locate libibgni (/usr/lib64/libibgni.so.1: undefined symbol: verbs_uninit_context)
libibverbs: Warning: couldn't open config directory '/opt/cray/rdma-core/22.3-7.0.2.1_2.21__g42f5f32b.ari/etc/libibverbs.d'.
nid04608:7309:7309 [0] NCCL INFO NET/IB : No device found.
nid04608:7309:7309 [0] NCCL INFO NET/Socket : Using [0]ipogif0:148.187.50.37<0>
libibverbs: Could not locate libibgni (/usr/lib64/libibgni.so.1: undefined symbol: verbs_uninit_context)
libibverbs: Warning: couldn't open config directory '/opt/cray/rdma-core/22.3-7.0.2.1_2.21__g42f5f32b.ari/etc/libibverbs.d'.
nid04609:26340:26340 [0] NCCL INFO NET/IB : No device found.
nid04609:26340:26340 [0] NCCL INFO NET/Socket : Using [0]ipogif0:148.187.50.38<0>
nid04607:18462:18462 [0] NCCL INFO NET/Plugin : No plugin found (libnccl-net.so).
libibverbs: Could not locate libibgni (/usr/lib64/libibgni.so.1: undefined symbol: verbs_uninit_context)
nid04608:7309:7323 [0] NCCL INFO Setting affinity for GPU 0 to ffffff
libibverbs: Warning: couldn't open config directory '/opt/cray/rdma-core/22.3-7.0.2.1_2.21__g42f5f32b.ari/etc/libibverbs.d'.
nid04607:18462:18462 [0] NCCL INFO NET/IB : No device found.
nid04607:18462:18462 [0] NCCL INFO NET/Socket : Using [0]ipogif0:148.187.50.36<0>
nid04607:18462:18476 [0] NCCL INFO Setting affinity for GPU 0 to ffffff
nid04609:26340:26353 [0] NCCL INFO Setting affinity for GPU 0 to ffffff
nid04609:26340:26353 [0] NCCL INFO Could not find real path of /sys/class/net/ipogif0/device
nid04609:26340:26353 [0] NCCL INFO include/net.h:19 -> 2
nid04609:26340:26353 [0] NCCL INFO CUDA Dev 0[0], Socket NIC distance :  SYS
nid04608:7309:7323 [0] NCCL INFO Could not find real path of /sys/class/net/ipogif0/device
nid04608:7309:7323 [0] NCCL INFO include/net.h:19 -> 2
nid04608:7309:7323 [0] NCCL INFO CUDA Dev 0[0], Socket NIC distance :  SYS
nid04606:15277:15301 [0] NCCL INFO Could not find real path of /sys/class/net/ipogif0/device
nid04606:15277:15301 [0] NCCL INFO include/net.h:19 -> 2
nid04606:15277:15301 [0] NCCL INFO CUDA Dev 0[0], Socket NIC distance :  SYS
nid04607:18462:18476 [0] NCCL INFO Could not find real path of /sys/class/net/ipogif0/device
nid04607:18462:18476 [0] NCCL INFO include/net.h:19 -> 2
nid04607:18462:18476 [0] NCCL INFO CUDA Dev 0[0], Socket NIC distance :  SYS
nid04606:15277:15301 [0] NCCL INFO Channel 00 :    0   1   2   3
nid04609:26340:26353 [0] NCCL INFO Could not find real path of /sys/class/net/ipogif0/device
nid04608:7309:7323 [0] NCCL INFO Could not find real path of /sys/class/net/ipogif0/device
nid04608:7309:7323 [0] NCCL INFO include/net.h:19 -> 2
nid04607:18462:18476 [0] NCCL INFO Could not find real path of /sys/class/net/ipogif0/device
nid04607:18462:18476 [0] NCCL INFO include/net.h:19 -> 2
nid04609:26340:26353 [0] NCCL INFO include/net.h:19 -> 2
nid04606:15277:15301 [0] NCCL INFO Could not find real path of /sys/class/net/ipogif0/device
nid04606:15277:15301 [0] NCCL INFO include/net.h:19 -> 2
nid04609:26340:26353 [0] NCCL INFO Ring 00 : 2 -> 3 [receive] via NET/Socket/0
nid04607:18462:18476 [0] NCCL INFO Ring 00 : 0 -> 1 [receive] via NET/Socket/0
nid04609:26340:26353 [0] NCCL INFO NET/Socket: Using 1 threads and 1 sockets per thread
nid04608:7309:7323 [0] NCCL INFO Ring 00 : 1 -> 2 [receive] via NET/Socket/0
nid04606:15277:15301 [0] NCCL INFO Ring 00 : 3 -> 0 [receive] via NET/Socket/0
nid04607:18462:18476 [0] NCCL INFO NET/Socket: Using 1 threads and 1 sockets per thread
nid04608:7309:7323 [0] NCCL INFO NET/Socket: Using 1 threads and 1 sockets per thread
nid04606:15277:15301 [0] NCCL INFO NET/Socket: Using 1 threads and 1 sockets per thread
nid04607:18462:18476 [0] NCCL INFO Ring 00 : 1 -> 2 [send] via NET/Socket/0
nid04609:26340:26353 [0] NCCL INFO Ring 00 : 3 -> 0 [send] via NET/Socket/0
nid04608:7309:7323 [0] NCCL INFO Ring 00 : 2 -> 3 [send] via NET/Socket/0
nid04606:15277:15301 [0] NCCL INFO Ring 00 : 0 -> 1 [send] via NET/Socket/0
nid04606:15277:15301 [0] NCCL INFO Using 256 threads, Min Comp Cap 6, Trees disabled
nid04609:26340:26353 [0] NCCL INFO comm 0x2aab68002260 rank 3 nranks 4 cudaDev 0 nvmlDev 0 - Init COMPLETE
nid04608:7309:7323 [0] NCCL INFO comm 0x2aab68002260 rank 2 nranks 4 cudaDev 0 nvmlDev 0 - Init COMPLETE
nid04606:15277:15301 [0] NCCL INFO comm 0x2aab70002260 rank 0 nranks 4 cudaDev 0 nvmlDev 0 - Init COMPLETE
nid04607:18462:18476 [0] NCCL INFO comm 0x2aab68002260 rank 1 nranks 4 cudaDev 0 nvmlDev 0 - Init COMPLETE
nid04606:15277:15277 [0] NCCL INFO Launch mode Parallel
nid04606:15277:15306 [0] NCCL INFO Setting affinity for GPU 0 to ffffff
nid04607:18462:18480 [0] NCCL INFO Setting affinity for GPU 0 to ffffff
nid04606:15277:15306 [0] NCCL INFO Channel 00 :    0   1
nid04607:18462:18480 [0] NCCL INFO Could not find real path of /sys/class/net/ipogif0/device
nid04607:18462:18480 [0] NCCL INFO include/net.h:19 -> 2
nid04606:15277:15306 [0] NCCL INFO Could not find real path of /sys/class/net/ipogif0/device
nid04606:15277:15306 [0] NCCL INFO include/net.h:19 -> 2
nid04607:18462:18480 [0] NCCL INFO Ring 00 : 0 -> 1 [receive] via NET/Socket/0
nid04606:15277:15306 [0] NCCL INFO Ring 00 : 1 -> 0 [receive] via NET/Socket/0
nid04607:18462:18480 [0] NCCL INFO NET/Socket: Using 1 threads and 1 sockets per thread
nid04606:15277:15306 [0] NCCL INFO NET/Socket: Using 1 threads and 1 sockets per thread
nid04607:18462:18480 [0] NCCL INFO Ring 00 : 1 -> 0 [send] via NET/Socket/0
nid04606:15277:15306 [0] NCCL INFO Ring 00 : 0 -> 1 [send] via NET/Socket/0
nid04606:15277:15306 [0] NCCL INFO Using 256 threads, Min Comp Cap 6, Trees disabled
nid04606:15277:15306 [0] NCCL INFO comm 0x2aab74001c20 rank 0 nranks 2 cudaDev 0 nvmlDev 0 - Init COMPLETE
nid04607:18462:18480 [0] NCCL INFO comm 0x2aab6c001c20 rank 1 nranks 2 cudaDev 0 nvmlDev 0 - Init COMPLETE
nid04606:15277:15277 [0] NCCL INFO Launch mode Parallel
NCCL version 2.4.8+cuda10.1
NCCL version 2.4.8+cuda10.1
nid04607:18462:18484 [0] NCCL INFO Setting affinity for GPU 0 to ffffff
nid04606:15277:15310 [0] NCCL INFO Setting affinity for GPU 0 to ffffff
nid04608:7309:7328 [0] NCCL INFO Setting affinity for GPU 0 to ffffff
nid04609:26340:26357 [0] NCCL INFO Setting affinity for GPU 0 to ffffff
nid04608:7309:7328 [0] NCCL INFO Channel 00 :    0   1
nid04609:26340:26357 [0] NCCL INFO Could not find real path of /sys/class/net/ipogif0/device
nid04609:26340:26357 [0] NCCL INFO include/net.h:19 -> 2
nid04608:7309:7328 [0] NCCL INFO Could not find real path of /sys/class/net/ipogif0/device
nid04608:7309:7328 [0] NCCL INFO include/net.h:19 -> 2
nid04609:26340:26357 [0] NCCL INFO Ring 00 : 0 -> 1 [receive] via NET/Socket/0
nid04609:26340:26357 [0] NCCL INFO NET/Socket: Using 1 threads and 1 sockets per thread
nid04608:7309:7328 [0] NCCL INFO Ring 00 : 1 -> 0 [receive] via NET/Socket/0
nid04608:7309:7328 [0] NCCL INFO NET/Socket: Using 1 threads and 1 sockets per thread
nid04609:26340:26357 [0] NCCL INFO Ring 00 : 1 -> 0 [send] via NET/Socket/0
nid04608:7309:7328 [0] NCCL INFO Ring 00 : 0 -> 1 [send] via NET/Socket/0
nid04608:7309:7328 [0] NCCL INFO Using 256 threads, Min Comp Cap 6, Trees disabled
nid04609:26340:26357 [0] NCCL INFO comm 0x2aab6c001c20 rank 1 nranks 2 cudaDev 0 nvmlDev 0 - Init COMPLETE
nid04608:7309:7328 [0] NCCL INFO comm 0x2aab70001c20 rank 0 nranks 2 cudaDev 0 nvmlDev 0 - Init COMPLETE
nid04608:7309:7309 [0] NCCL INFO Launch mode Parallel
nid04609:26340:26360 [0] NCCL INFO Setting affinity for GPU 0 to ffffff
nid04608:7309:7331 [0] NCCL INFO Setting affinity for GPU 0 to ffffff
nid04607:18462:18484 [0] NCCL INFO Channel 00 :    0   1
nid04606:15277:15310 [0] NCCL INFO Channel 00 :    0   1
nid04609:26340:26360 [0] NCCL INFO Could not find real path of /sys/class/net/ipogif0/device
nid04609:26340:26360 [0] NCCL INFO include/net.h:19 -> 2
nid04608:7309:7331 [0] NCCL INFO Could not find real path of /sys/class/net/ipogif0/device
nid04608:7309:7331 [0] NCCL INFO include/net.h:19 -> 2
nid04606:15277:15310 [0] NCCL INFO Could not find real path of /sys/class/net/ipogif0/device
nid04606:15277:15310 [0] NCCL INFO include/net.h:19 -> 2
nid04607:18462:18484 [0] NCCL INFO Could not find real path of /sys/class/net/ipogif0/device
nid04607:18462:18484 [0] NCCL INFO include/net.h:19 -> 2
nid04609:26340:26360 [0] NCCL INFO Ring 00 : 0 -> 1 [receive] via NET/Socket/0
nid04608:7309:7331 [0] NCCL INFO Ring 00 : 0 -> 1 [receive] via NET/Socket/0
nid04607:18462:18484 [0] NCCL INFO Ring 00 : 1 -> 0 [receive] via NET/Socket/0
nid04608:7309:7331 [0] NCCL INFO NET/Socket: Using 1 threads and 1 sockets per thread
nid04607:18462:18484 [0] NCCL INFO NET/Socket: Using 1 threads and 1 sockets per thread
nid04609:26340:26360 [0] NCCL INFO NET/Socket: Using 1 threads and 1 sockets per thread
nid04606:15277:15310 [0] NCCL INFO Ring 00 : 1 -> 0 [receive] via NET/Socket/0
nid04606:15277:15310 [0] NCCL INFO NET/Socket: Using 1 threads and 1 sockets per thread
nid04608:7309:7331 [0] NCCL INFO Ring 00 : 1 -> 0 [send] via NET/Socket/0
nid04609:26340:26360 [0] NCCL INFO Ring 00 : 1 -> 0 [send] via NET/Socket/0
nid04607:18462:18484 [0] NCCL INFO Ring 00 : 0 -> 1 [send] via NET/Socket/0
nid04606:15277:15310 [0] NCCL INFO Ring 00 : 0 -> 1 [send] via NET/Socket/0
nid04607:18462:18484 [0] NCCL INFO Using 256 threads, Min Comp Cap 6, Trees disabled
nid04606:15277:15310 [0] NCCL INFO Using 256 threads, Min Comp Cap 6, Trees disabled
nid04609:26340:26360 [0] NCCL INFO comm 0x2aab70001c20 rank 1 nranks 2 cudaDev 0 nvmlDev 0 - Init COMPLETE
nid04607:18462:18484 [0] NCCL INFO comm 0x2aab74001c20 rank 0 nranks 2 cudaDev 0 nvmlDev 0 - Init COMPLETE
nid04608:7309:7331 [0] NCCL INFO comm 0x2aab6c001c20 rank 1 nranks 2 cudaDev 0 nvmlDev 0 - Init COMPLETE
nid04607:18462:18462 [0] NCCL INFO Launch mode Parallel
nid04606:15277:15310 [0] NCCL INFO comm 0x2aab78001c20 rank 0 nranks 2 cudaDev 0 nvmlDev 0 - Init COMPLETE
nid04606:15277:15277 [0] NCCL INFO Launch mode Parallel
Duration/ms: 4.88883900642395
