nid02542:6815:6815 [0] NCCL INFO Bootstrap : Using [0]ipogif0:148.187.42.3<0>
nid02551:26176:26176 [0] NCCL INFO Bootstrap : Using [0]ipogif0:148.187.42.12<0>
nid02556:25852:25852 [0] NCCL INFO Bootstrap : Using [0]ipogif0:148.187.42.17<0>
nid02550:7871:7871 [0] NCCL INFO Bootstrap : Using [0]ipogif0:148.187.42.11<0>
nid02549:31853:31853 [0] NCCL INFO Bootstrap : Using [0]ipogif0:148.187.42.10<0>
nid02544:26527:26527 [0] NCCL INFO Bootstrap : Using [0]ipogif0:148.187.42.5<0>
nid02557:26874:26874 [0] NCCL INFO Bootstrap : Using [0]ipogif0:148.187.42.18<0>
nid02547:28337:28337 [0] NCCL INFO Bootstrap : Using [0]ipogif0:148.187.42.8<0>
nid02546:19451:19451 [0] NCCL INFO Bootstrap : Using [0]ipogif0:148.187.42.7<0>
nid02552:25114:25114 [0] NCCL INFO Bootstrap : Using [0]ipogif0:148.187.42.13<0>
nid02554:20779:20779 [0] NCCL INFO Bootstrap : Using [0]ipogif0:148.187.42.15<0>
nid02553:7565:7565 [0] NCCL INFO Bootstrap : Using [0]ipogif0:148.187.42.14<0>
nid02543:26255:26255 [0] NCCL INFO Bootstrap : Using [0]ipogif0:148.187.42.4<0>
nid02556:25852:25852 [0] NCCL INFO NET/Plugin : No plugin found (libnccl-net.so).
nid02545:21782:21782 [0] NCCL INFO Bootstrap : Using [0]ipogif0:148.187.42.6<0>
nid02548:7555:7555 [0] NCCL INFO Bootstrap : Using [0]ipogif0:148.187.42.9<0>
nid02555:6088:6088 [0] NCCL INFO Bootstrap : Using [0]ipogif0:148.187.42.16<0>
nid02544:26527:26527 [0] NCCL INFO NET/Plugin : No plugin found (libnccl-net.so).
nid02547:28337:28337 [0] NCCL INFO NET/Plugin : No plugin found (libnccl-net.so).
nid02548:7555:7555 [0] NCCL INFO NET/Plugin : No plugin found (libnccl-net.so).
nid02555:6088:6088 [0] NCCL INFO NET/Plugin : No plugin found (libnccl-net.so).
nid02542:6815:6815 [0] NCCL INFO NET/Plugin : No plugin found (libnccl-net.so).
libibverbs: Could not locate libibgni (/usr/lib64/libibgni.so.1: undefined symbol: verbs_uninit_context)
libibverbs: Warning: couldn't open config directory '/opt/cray/rdma-core/22.3-7.0.2.1_2.21__g42f5f32b.ari/etc/libibverbs.d'.
nid02542:6815:6815 [0] NCCL INFO NET/IB : No device found.
nid02542:6815:6815 [0] NCCL INFO NET/Socket : Using [0]ipogif0:148.187.42.3<0>
NCCL version 2.4.8+cuda10.1
nid02542:6815:6838 [0] NCCL INFO Setting affinity for GPU 0 to ffffff
libibverbs: Could not locate libibgni (/usr/lib64/libibgni.so.1: undefined symbol: verbs_uninit_context)
libibverbs: Warning: couldn't open config directory '/opt/cray/rdma-core/22.3-7.0.2.1_2.21__g42f5f32b.ari/etc/libibverbs.d'.
nid02556:25852:25852 [0] NCCL INFO NET/IB : No device found.
nid02556:25852:25852 [0] NCCL INFO NET/Socket : Using [0]ipogif0:148.187.42.17<0>
libibverbs: Could not locate libibgni (/usr/lib64/libibgni.so.1: undefined symbol: verbs_uninit_context)
libibverbs: Warning: couldn't open config directory '/opt/cray/rdma-core/22.3-7.0.2.1_2.21__g42f5f32b.ari/etc/libibverbs.d'.
nid02544:26527:26527 [0] NCCL INFO NET/IB : No device found.
nid02544:26527:26527 [0] NCCL INFO NET/Socket : Using [0]ipogif0:148.187.42.5<0>
libibverbs: Could not locate libibgni (/usr/lib64/libibgni.so.1: undefined symbol: verbs_uninit_context)
libibverbs: Warning: couldn't open config directory '/opt/cray/rdma-core/22.3-7.0.2.1_2.21__g42f5f32b.ari/etc/libibverbs.d'.
nid02547:28337:28337 [0] NCCL INFO NET/IB : No device found.
nid02547:28337:28337 [0] NCCL INFO NET/Socket : Using [0]ipogif0:148.187.42.8<0>
libibverbs: Could not locate libibgni (/usr/lib64/libibgni.so.1: undefined symbol: verbs_uninit_context)
libibverbs: Warning: couldn't open config directory '/opt/cray/rdma-core/22.3-7.0.2.1_2.21__g42f5f32b.ari/etc/libibverbs.d'.
nid02548:7555:7555 [0] NCCL INFO NET/IB : No device found.
nid02548:7555:7555 [0] NCCL INFO NET/Socket : Using [0]ipogif0:148.187.42.9<0>
libibverbs: Could not locate libibgni (/usr/lib64/libibgni.so.1: undefined symbol: verbs_uninit_context)
libibverbs: Warning: couldn't open config directory '/opt/cray/rdma-core/22.3-7.0.2.1_2.21__g42f5f32b.ari/etc/libibverbs.d'.
nid02555:6088:6088 [0] NCCL INFO NET/IB : No device found.
nid02555:6088:6088 [0] NCCL INFO NET/Socket : Using [0]ipogif0:148.187.42.16<0>
nid02556:25852:25865 [0] NCCL INFO Setting affinity for GPU 0 to ffffff
nid02544:26527:26541 [0] NCCL INFO Setting affinity for GPU 0 to ffffff
nid02547:28337:28350 [0] NCCL INFO Setting affinity for GPU 0 to ffffff
nid02548:7555:7568 [0] NCCL INFO Setting affinity for GPU 0 to ffffff
nid02555:6088:6101 [0] NCCL INFO Setting affinity for GPU 0 to ffffff
nid02542:6815:6838 [0] NCCL INFO Could not find real path of /sys/class/net/ipogif0/device
nid02542:6815:6838 [0] NCCL INFO include/net.h:19 -> 2
nid02542:6815:6838 [0] NCCL INFO CUDA Dev 0[0], Socket NIC distance :  SYS
nid02548:7555:7568 [0] NCCL INFO Could not find real path of /sys/class/net/ipogif0/device
nid02548:7555:7568 [0] NCCL INFO include/net.h:19 -> 2
nid02548:7555:7568 [0] NCCL INFO CUDA Dev 0[0], Socket NIC distance :  SYS
nid02555:6088:6101 [0] NCCL INFO Could not find real path of /sys/class/net/ipogif0/device
nid02555:6088:6101 [0] NCCL INFO include/net.h:19 -> 2
nid02556:25852:25865 [0] NCCL INFO Could not find real path of /sys/class/net/ipogif0/device
nid02556:25852:25865 [0] NCCL INFO include/net.h:19 -> 2
nid02556:25852:25865 [0] NCCL INFO CUDA Dev 0[0], Socket NIC distance :  SYS
nid02547:28337:28350 [0] NCCL INFO Could not find real path of /sys/class/net/ipogif0/device
nid02547:28337:28350 [0] NCCL INFO include/net.h:19 -> 2
nid02547:28337:28350 [0] NCCL INFO CUDA Dev 0[0], Socket NIC distance :  SYS
nid02544:26527:26541 [0] NCCL INFO Could not find real path of /sys/class/net/ipogif0/device
nid02544:26527:26541 [0] NCCL INFO include/net.h:19 -> 2
nid02544:26527:26541 [0] NCCL INFO CUDA Dev 0[0], Socket NIC distance :  SYS
nid02555:6088:6101 [0] NCCL INFO CUDA Dev 0[0], Socket NIC distance :  SYS
nid02542:6815:6838 [0] NCCL INFO Channel 00 :    0   1   2   3   4   5   6   7   8   9  10  11  12  13  14  15
nid02548:7555:7568 [0] NCCL INFO Could not find real path of /sys/class/net/ipogif0/device
nid02548:7555:7568 [0] NCCL INFO include/net.h:19 -> 2
nid02555:6088:6101 [0] NCCL INFO Could not find real path of /sys/class/net/ipogif0/device
nid02555:6088:6101 [0] NCCL INFO include/net.h:19 -> 2
nid02556:25852:25865 [0] NCCL INFO Could not find real path of /sys/class/net/ipogif0/device
nid02556:25852:25865 [0] NCCL INFO include/net.h:19 -> 2
nid02547:28337:28350 [0] NCCL INFO Could not find real path of /sys/class/net/ipogif0/device
nid02547:28337:28350 [0] NCCL INFO include/net.h:19 -> 2
libibverbs: Could not locate libibgni (/usr/lib64/libibgni.so.1: undefined symbol: verbs_uninit_context)
nid02544:26527:26541 [0] NCCL INFO Could not find real path of /sys/class/net/ipogif0/device
nid02544:26527:26541 [0] NCCL INFO include/net.h:19 -> 2
libibverbs: Could not locate libibgni (/usr/lib64/libibgni.so.1: undefined symbol: verbs_uninit_context)
nid02542:6815:6838 [0] NCCL INFO Could not find real path of /sys/class/net/ipogif0/device
nid02542:6815:6838 [0] NCCL INFO include/net.h:19 -> 2
libibverbs: Could not locate libibgni (/usr/lib64/libibgni.so.1: undefined symbol: verbs_uninit_context)
nid02543:26255:26255 [0] NCCL INFO NET/Plugin : No plugin found (libnccl-net.so).
libibverbs: Could not locate libibgni (/usr/lib64/libibgni.so.1: undefined symbol: verbs_uninit_context)
nid02553:7565:7565 [0] NCCL INFO NET/Plugin : No plugin found (libnccl-net.so).
libibverbs: Could not locate libibgni (/usr/lib64/libibgni.so.1: undefined symbol: verbs_uninit_context)
nid02548:7555:7568 [0] NCCL INFO Ring 00 : 5 -> 6 [receive] via NET/Socket/0
libibverbs: Warning: couldn't open config directory '/opt/cray/rdma-core/22.3-7.0.2.1_2.21__g42f5f32b.ari/etc/libibverbs.d'.
nid02555:6088:6101 [0] NCCL INFO Ring 00 : 12 -> 13 [receive] via NET/Socket/0
libibverbs: Could not locate libibgni (/usr/lib64/libibgni.so.1: undefined symbol: verbs_uninit_context)
nid02544:26527:26541 [0] NCCL INFO Ring 00 : 1 -> 2 [receive] via NET/Socket/0
libibverbs: Could not locate libibgni (/usr/lib64/libibgni.so.1: undefined symbol: verbs_uninit_context)
nid02550:7871:7871 [0] NCCL INFO NET/Plugin : No plugin found (libnccl-net.so).
libibverbs: Could not locate libibgni (/usr/lib64/libibgni.so.1: undefined symbol: verbs_uninit_context)
nid02551:26176:26176 [0] NCCL INFO NET/Plugin : No plugin found (libnccl-net.so).
libibverbs: Warning: couldn't open config directory '/opt/cray/rdma-core/22.3-7.0.2.1_2.21__g42f5f32b.ari/etc/libibverbs.d'.
nid02554:20779:20779 [0] NCCL INFO NET/Plugin : No plugin found (libnccl-net.so).
libibverbs: Could not locate libibgni (/usr/lib64/libibgni.so.1: undefined symbol: verbs_uninit_context)
nid02549:31853:31853 [0] NCCL INFO NET/Plugin : No plugin found (libnccl-net.so).
libibverbs: Could not locate libibgni (/usr/lib64/libibgni.so.1: undefined symbol: verbs_uninit_context)
nid02546:19451:19451 [0] NCCL INFO NET/Plugin : No plugin found (libnccl-net.so).
libibverbs: Warning: couldn't open config directory '/opt/cray/rdma-core/22.3-7.0.2.1_2.21__g42f5f32b.ari/etc/libibverbs.d'.
nid02545:21782:21782 [0] NCCL INFO NET/Plugin : No plugin found (libnccl-net.so).
libibverbs: Warning: couldn't open config directory '/opt/cray/rdma-core/22.3-7.0.2.1_2.21__g42f5f32b.ari/etc/libibverbs.d'.
nid02557:26874:26874 [0] NCCL INFO NET/Plugin : No plugin found (libnccl-net.so).
libibverbs: Warning: couldn't open config directory '/opt/cray/rdma-core/22.3-7.0.2.1_2.21__g42f5f32b.ari/etc/libibverbs.d'.
nid02552:25114:25114 [0] NCCL INFO NET/Plugin : No plugin found (libnccl-net.so).
libibverbs: Warning: couldn't open config directory '/opt/cray/rdma-core/22.3-7.0.2.1_2.21__g42f5f32b.ari/etc/libibverbs.d'.
nid02548:7555:7568 [0] NCCL INFO NET/Socket: Using 1 threads and 1 sockets per thread
libibverbs: Warning: couldn't open config directory '/opt/cray/rdma-core/22.3-7.0.2.1_2.21__g42f5f32b.ari/etc/libibverbs.d'.
nid02555:6088:6101 [0] NCCL INFO NET/Socket: Using 1 threads and 1 sockets per thread
libibverbs: Warning: couldn't open config directory '/opt/cray/rdma-core/22.3-7.0.2.1_2.21__g42f5f32b.ari/etc/libibverbs.d'.
nid02556:25852:25865 [0] NCCL INFO Ring 00 : 13 -> 14 [receive] via NET/Socket/0
libibverbs: Warning: couldn't open config directory '/opt/cray/rdma-core/22.3-7.0.2.1_2.21__g42f5f32b.ari/etc/libibverbs.d'.
nid02547:28337:28350 [0] NCCL INFO Ring 00 : 4 -> 5 [receive] via NET/Socket/0
libibverbs: Warning: couldn't open config directory '/opt/cray/rdma-core/22.3-7.0.2.1_2.21__g42f5f32b.ari/etc/libibverbs.d'.
nid02544:26527:26541 [0] NCCL INFO NET/Socket: Using 1 threads and 1 sockets per thread
nid02542:6815:6838 [0] NCCL INFO Ring 00 : 15 -> 0 [receive] via NET/Socket/0
nid02542:6815:6838 [0] NCCL INFO NET/Socket: Using 1 threads and 1 sockets per thread
nid02556:25852:25865 [0] NCCL INFO NET/Socket: Using 1 threads and 1 sockets per thread
nid02547:28337:28350 [0] NCCL INFO NET/Socket: Using 1 threads and 1 sockets per thread
nid02543:26255:26255 [0] NCCL INFO NET/IB : No device found.
nid02553:7565:7565 [0] NCCL INFO NET/IB : No device found.
nid02550:7871:7871 [0] NCCL INFO NET/IB : No device found.
nid02551:26176:26176 [0] NCCL INFO NET/IB : No device found.
nid02554:20779:20779 [0] NCCL INFO NET/IB : No device found.
nid02543:26255:26255 [0] NCCL INFO NET/Socket : Using [0]ipogif0:148.187.42.4<0>
nid02549:31853:31853 [0] NCCL INFO NET/IB : No device found.
nid02546:19451:19451 [0] NCCL INFO NET/IB : No device found.
nid02545:21782:21782 [0] NCCL INFO NET/IB : No device found.
nid02553:7565:7565 [0] NCCL INFO NET/Socket : Using [0]ipogif0:148.187.42.14<0>
nid02557:26874:26874 [0] NCCL INFO NET/IB : No device found.
nid02552:25114:25114 [0] NCCL INFO NET/IB : No device found.
nid02550:7871:7871 [0] NCCL INFO NET/Socket : Using [0]ipogif0:148.187.42.11<0>
nid02551:26176:26176 [0] NCCL INFO NET/Socket : Using [0]ipogif0:148.187.42.12<0>
nid02554:20779:20779 [0] NCCL INFO NET/Socket : Using [0]ipogif0:148.187.42.15<0>
nid02543:26255:26268 [0] NCCL INFO Setting affinity for GPU 0 to ffffff
nid02549:31853:31853 [0] NCCL INFO NET/Socket : Using [0]ipogif0:148.187.42.10<0>
nid02546:19451:19451 [0] NCCL INFO NET/Socket : Using [0]ipogif0:148.187.42.7<0>
nid02545:21782:21782 [0] NCCL INFO NET/Socket : Using [0]ipogif0:148.187.42.6<0>
nid02553:7565:7579 [0] NCCL INFO Setting affinity for GPU 0 to ffffff
nid02557:26874:26874 [0] NCCL INFO NET/Socket : Using [0]ipogif0:148.187.42.18<0>
nid02552:25114:25114 [0] NCCL INFO NET/Socket : Using [0]ipogif0:148.187.42.13<0>
nid02548:7555:7568 [0] NCCL INFO Ring 00 : 6 -> 7 [send] via NET/Socket/0
nid02555:6088:6101 [0] NCCL INFO Ring 00 : 13 -> 14 [send] via NET/Socket/0
nid02556:25852:25865 [0] NCCL INFO Ring 00 : 14 -> 15 [send] via NET/Socket/0
nid02547:28337:28350 [0] NCCL INFO Ring 00 : 5 -> 6 [send] via NET/Socket/0
nid02544:26527:26541 [0] NCCL INFO Ring 00 : 2 -> 3 [send] via NET/Socket/0
nid02550:7871:7884 [0] NCCL INFO Setting affinity for GPU 0 to ffffff
nid02551:26176:26190 [0] NCCL INFO Setting affinity for GPU 0 to ffffff
nid02554:20779:20793 [0] NCCL INFO Setting affinity for GPU 0 to ffffff
nid02543:26255:26268 [0] NCCL INFO Could not find real path of /sys/class/net/ipogif0/device
nid02543:26255:26268 [0] NCCL INFO include/net.h:19 -> 2
nid02543:26255:26268 [0] NCCL INFO CUDA Dev 0[0], Socket NIC distance :  SYS
nid02549:31853:31866 [0] NCCL INFO Setting affinity for GPU 0 to ffffff
nid02546:19451:19464 [0] NCCL INFO Setting affinity for GPU 0 to ffffff
nid02545:21782:21795 [0] NCCL INFO Setting affinity for GPU 0 to ffffff
nid02553:7565:7579 [0] NCCL INFO Could not find real path of /sys/class/net/ipogif0/device
nid02553:7565:7579 [0] NCCL INFO include/net.h:19 -> 2
nid02553:7565:7579 [0] NCCL INFO CUDA Dev 0[0], Socket NIC distance :  SYS
nid02557:26874:26887 [0] NCCL INFO Setting affinity for GPU 0 to ffffff
nid02552:25114:25128 [0] NCCL INFO Setting affinity for GPU 0 to ffffff
nid02548:7555:7568 [0] NCCL INFO Could not find real path of /sys/class/net/ipogif0/device
nid02555:6088:6101 [0] NCCL INFO Could not find real path of /sys/class/net/ipogif0/device
nid02555:6088:6101 [0] NCCL INFO include/net.h:19 -> 2
nid02556:25852:25865 [0] NCCL INFO Could not find real path of /sys/class/net/ipogif0/device
nid02556:25852:25865 [0] NCCL INFO include/net.h:19 -> 2
nid02547:28337:28350 [0] NCCL INFO Could not find real path of /sys/class/net/ipogif0/device
nid02547:28337:28350 [0] NCCL INFO include/net.h:19 -> 2
nid02544:26527:26541 [0] NCCL INFO Could not find real path of /sys/class/net/ipogif0/device
nid02544:26527:26541 [0] NCCL INFO include/net.h:19 -> 2
nid02550:7871:7884 [0] NCCL INFO Could not find real path of /sys/class/net/ipogif0/device
nid02550:7871:7884 [0] NCCL INFO include/net.h:19 -> 2
nid02550:7871:7884 [0] NCCL INFO CUDA Dev 0[0], Socket NIC distance :  SYS
nid02551:26176:26190 [0] NCCL INFO Could not find real path of /sys/class/net/ipogif0/device
nid02551:26176:26190 [0] NCCL INFO include/net.h:19 -> 2
nid02554:20779:20793 [0] NCCL INFO Could not find real path of /sys/class/net/ipogif0/device
nid02554:20779:20793 [0] NCCL INFO include/net.h:19 -> 2
nid02554:20779:20793 [0] NCCL INFO CUDA Dev 0[0], Socket NIC distance :  SYS
nid02543:26255:26268 [0] NCCL INFO Could not find real path of /sys/class/net/ipogif0/device
nid02543:26255:26268 [0] NCCL INFO include/net.h:19 -> 2
nid02549:31853:31866 [0] NCCL INFO Could not find real path of /sys/class/net/ipogif0/device
nid02549:31853:31866 [0] NCCL INFO include/net.h:19 -> 2
nid02549:31853:31866 [0] NCCL INFO CUDA Dev 0[0], Socket NIC distance :  SYS
nid02542:6815:6838 [0] NCCL INFO Ring 00 : 0 -> 1 [send] via NET/Socket/0
nid02546:19451:19464 [0] NCCL INFO Could not find real path of /sys/class/net/ipogif0/device
nid02546:19451:19464 [0] NCCL INFO include/net.h:19 -> 2
nid02546:19451:19464 [0] NCCL INFO CUDA Dev 0[0], Socket NIC distance :  SYS
nid02545:21782:21795 [0] NCCL INFO Could not find real path of /sys/class/net/ipogif0/device
nid02545:21782:21795 [0] NCCL INFO include/net.h:19 -> 2
nid02545:21782:21795 [0] NCCL INFO CUDA Dev 0[0], Socket NIC distance :  SYS
nid02553:7565:7579 [0] NCCL INFO Could not find real path of /sys/class/net/ipogif0/device
nid02553:7565:7579 [0] NCCL INFO include/net.h:19 -> 2
nid02557:26874:26887 [0] NCCL INFO Could not find real path of /sys/class/net/ipogif0/device
nid02557:26874:26887 [0] NCCL INFO include/net.h:19 -> 2
nid02552:25114:25128 [0] NCCL INFO Could not find real path of /sys/class/net/ipogif0/device
nid02552:25114:25128 [0] NCCL INFO include/net.h:19 -> 2
nid02552:25114:25128 [0] NCCL INFO CUDA Dev 0[0], Socket NIC distance :  SYS
nid02548:7555:7568 [0] NCCL INFO include/net.h:19 -> 2
nid02550:7871:7884 [0] NCCL INFO Could not find real path of /sys/class/net/ipogif0/device
nid02551:26176:26190 [0] NCCL INFO CUDA Dev 0[0], Socket NIC distance :  SYS
nid02554:20779:20793 [0] NCCL INFO Could not find real path of /sys/class/net/ipogif0/device
nid02554:20779:20793 [0] NCCL INFO include/net.h:19 -> 2
nid02543:26255:26268 [0] NCCL INFO Ring 00 : 0 -> 1 [receive] via NET/Socket/0
nid02549:31853:31866 [0] NCCL INFO Could not find real path of /sys/class/net/ipogif0/device
nid02549:31853:31866 [0] NCCL INFO include/net.h:19 -> 2
nid02542:6815:6838 [0] NCCL INFO Could not find real path of /sys/class/net/ipogif0/device
nid02542:6815:6838 [0] NCCL INFO include/net.h:19 -> 2
nid02546:19451:19464 [0] NCCL INFO Could not find real path of /sys/class/net/ipogif0/device
nid02546:19451:19464 [0] NCCL INFO include/net.h:19 -> 2
nid02545:21782:21795 [0] NCCL INFO Could not find real path of /sys/class/net/ipogif0/device
nid02545:21782:21795 [0] NCCL INFO include/net.h:19 -> 2
nid02553:7565:7579 [0] NCCL INFO Ring 00 : 10 -> 11 [receive] via NET/Socket/0
nid02557:26874:26887 [0] NCCL INFO CUDA Dev 0[0], Socket NIC distance :  SYS
nid02552:25114:25128 [0] NCCL INFO Could not find real path of /sys/class/net/ipogif0/device
nid02552:25114:25128 [0] NCCL INFO include/net.h:19 -> 2
nid02550:7871:7884 [0] NCCL INFO include/net.h:19 -> 2
nid02551:26176:26190 [0] NCCL INFO Could not find real path of /sys/class/net/ipogif0/device
nid02551:26176:26190 [0] NCCL INFO include/net.h:19 -> 2
nid02554:20779:20793 [0] NCCL INFO Ring 00 : 11 -> 12 [receive] via NET/Socket/0
nid02543:26255:26268 [0] NCCL INFO NET/Socket: Using 1 threads and 1 sockets per thread
nid02549:31853:31866 [0] NCCL INFO Ring 00 : 6 -> 7 [receive] via NET/Socket/0
nid02546:19451:19464 [0] NCCL INFO Ring 00 : 3 -> 4 [receive] via NET/Socket/0
nid02545:21782:21795 [0] NCCL INFO Ring 00 : 2 -> 3 [receive] via NET/Socket/0
nid02553:7565:7579 [0] NCCL INFO NET/Socket: Using 1 threads and 1 sockets per thread
nid02557:26874:26887 [0] NCCL INFO Could not find real path of /sys/class/net/ipogif0/device
nid02557:26874:26887 [0] NCCL INFO include/net.h:19 -> 2
nid02552:25114:25128 [0] NCCL INFO Ring 00 : 9 -> 10 [receive] via NET/Socket/0
nid02550:7871:7884 [0] NCCL INFO Ring 00 : 7 -> 8 [receive] via NET/Socket/0
nid02551:26176:26190 [0] NCCL INFO Ring 00 : 8 -> 9 [receive] via NET/Socket/0
nid02554:20779:20793 [0] NCCL INFO NET/Socket: Using 1 threads and 1 sockets per thread
nid02543:26255:26268 [0] NCCL INFO Ring 00 : 1 -> 2 [send] via NET/Socket/0
nid02549:31853:31866 [0] NCCL INFO NET/Socket: Using 1 threads and 1 sockets per thread
nid02546:19451:19464 [0] NCCL INFO NET/Socket: Using 1 threads and 1 sockets per thread
nid02545:21782:21795 [0] NCCL INFO NET/Socket: Using 1 threads and 1 sockets per thread
nid02553:7565:7579 [0] NCCL INFO Ring 00 : 11 -> 12 [send] via NET/Socket/0
nid02557:26874:26887 [0] NCCL INFO Ring 00 : 14 -> 15 [receive] via NET/Socket/0
nid02552:25114:25128 [0] NCCL INFO NET/Socket: Using 1 threads and 1 sockets per thread
nid02550:7871:7884 [0] NCCL INFO NET/Socket: Using 1 threads and 1 sockets per thread
nid02551:26176:26190 [0] NCCL INFO NET/Socket: Using 1 threads and 1 sockets per thread
nid02554:20779:20793 [0] NCCL INFO Ring 00 : 12 -> 13 [send] via NET/Socket/0
nid02543:26255:26268 [0] NCCL INFO Could not find real path of /sys/class/net/ipogif0/device
nid02543:26255:26268 [0] NCCL INFO include/net.h:19 -> 2
nid02549:31853:31866 [0] NCCL INFO Ring 00 : 7 -> 8 [send] via NET/Socket/0
nid02546:19451:19464 [0] NCCL INFO Ring 00 : 4 -> 5 [send] via NET/Socket/0
nid02545:21782:21795 [0] NCCL INFO Ring 00 : 3 -> 4 [send] via NET/Socket/0
nid02557:26874:26887 [0] NCCL INFO NET/Socket: Using 1 threads and 1 sockets per thread
nid02552:25114:25128 [0] NCCL INFO Ring 00 : 10 -> 11 [send] via NET/Socket/0
nid02548:7555:7568 [0] NCCL INFO Ring 00 : 7 -> 6 [receive] via NET/Socket/0
nid02555:6088:6101 [0] NCCL INFO Ring 00 : 14 -> 13 [receive] via NET/Socket/0
nid02556:25852:25865 [0] NCCL INFO Ring 00 : 15 -> 14 [receive] via NET/Socket/0
nid02547:28337:28350 [0] NCCL INFO Ring 00 : 6 -> 5 [receive] via NET/Socket/0
nid02544:26527:26541 [0] NCCL INFO Ring 00 : 3 -> 2 [receive] via NET/Socket/0
nid02550:7871:7884 [0] NCCL INFO Ring 00 : 8 -> 9 [send] via NET/Socket/0
nid02551:26176:26190 [0] NCCL INFO Ring 00 : 9 -> 10 [send] via NET/Socket/0
nid02554:20779:20793 [0] NCCL INFO Could not find real path of /sys/class/net/ipogif0/device
nid02543:26255:26268 [0] NCCL INFO Ring 00 : 2 -> 1 [receive] via NET/Socket/0
nid02542:6815:6838 [0] NCCL INFO Ring 00 : 8 -> 0 [receive] via NET/Socket/0
nid02546:19451:19464 [0] NCCL INFO Could not find real path of /sys/class/net/ipogif0/device
nid02546:19451:19464 [0] NCCL INFO include/net.h:19 -> 2
nid02545:21782:21795 [0] NCCL INFO Ring 00 : 3 -> 2 [send] via NET/Socket/0
nid02557:26874:26887 [0] NCCL INFO Ring 00 : 15 -> 0 [send] via NET/Socket/0
nid02552:25114:25128 [0] NCCL INFO Could not find real path of /sys/class/net/ipogif0/device
nid02552:25114:25128 [0] NCCL INFO include/net.h:19 -> 2
nid02548:7555:7568 [0] NCCL INFO NET/Socket: Using 1 threads and 1 sockets per thread
nid02555:6088:6101 [0] NCCL INFO NET/Socket: Using 1 threads and 1 sockets per thread
nid02556:25852:25865 [0] NCCL INFO NET/Socket: Using 1 threads and 1 sockets per thread
nid02547:28337:28350 [0] NCCL INFO NET/Socket: Using 1 threads and 1 sockets per thread
nid02544:26527:26541 [0] NCCL INFO NET/Socket: Using 1 threads and 1 sockets per thread
nid02550:7871:7884 [0] NCCL INFO Could not find real path of /sys/class/net/ipogif0/device
nid02550:7871:7884 [0] NCCL INFO include/net.h:19 -> 2
nid02551:26176:26190 [0] NCCL INFO Could not find real path of /sys/class/net/ipogif0/device
nid02551:26176:26190 [0] NCCL INFO include/net.h:19 -> 2
nid02554:20779:20793 [0] NCCL INFO include/net.h:19 -> 2
nid02543:26255:26268 [0] NCCL INFO NET/Socket: Using 1 threads and 1 sockets per thread
nid02549:31853:31866 [0] NCCL INFO Ring 00 : 7 -> 6 [send] via NET/Socket/0
nid02542:6815:6838 [0] NCCL INFO NET/Socket: Using 1 threads and 1 sockets per thread
nid02546:19451:19464 [0] NCCL INFO Ring 00 : 2 -> 4 [receive] via NET/Socket/0
nid02545:21782:21795 [0] NCCL INFO Trees [0] 2->3->-1/-1/-1
nid02553:7565:7579 [0] NCCL INFO Ring 00 : 11 -> 10 [send] via NET/Socket/0
nid02557:26874:26887 [0] NCCL INFO Ring 00 : 15 -> 14 [send] via NET/Socket/0
nid02552:25114:25128 [0] NCCL INFO Ring 00 : 11 -> 10 [receive] via NET/Socket/0
nid02550:7871:7884 [0] NCCL INFO Ring 00 : 4 -> 8 [receive] via NET/Socket/0
nid02551:26176:26190 [0] NCCL INFO Ring 00 : 10 -> 9 [receive] via NET/Socket/0
nid02554:20779:20793 [0] NCCL INFO Ring 00 : 10 -> 12 [receive] via NET/Socket/0
nid02549:31853:31866 [0] NCCL INFO Trees [0] 6->7->-1/-1/-1
nid02546:19451:19464 [0] NCCL INFO NET/Socket: Using 1 threads and 1 sockets per thread
nid02545:21782:21795 [0] NCCL INFO comm 0x2aab5c002260 rank 3 nranks 16 cudaDev 0 nvmlDev 0 - Init COMPLETE
nid02553:7565:7579 [0] NCCL INFO Trees [0] 10->11->-1/-1/-1
nid02557:26874:26887 [0] NCCL INFO Trees [0] 14->15->-1/-1/-1
nid02552:25114:25128 [0] NCCL INFO NET/Socket: Using 1 threads and 1 sockets per thread
nid02550:7871:7884 [0] NCCL INFO NET/Socket: Using 1 threads and 1 sockets per thread
nid02551:26176:26190 [0] NCCL INFO NET/Socket: Using 1 threads and 1 sockets per thread
nid02554:20779:20793 [0] NCCL INFO NET/Socket: Using 1 threads and 1 sockets per thread
nid02549:31853:31866 [0] NCCL INFO comm 0x2aab5c002260 rank 7 nranks 16 cudaDev 0 nvmlDev 0 - Init COMPLETE
nid02546:19451:19464 [0] NCCL INFO Could not find real path of /sys/class/net/ipogif0/device
nid02553:7565:7579 [0] NCCL INFO comm 0x2aab5c002260 rank 11 nranks 16 cudaDev 0 nvmlDev 0 - Init COMPLETE
nid02557:26874:26887 [0] NCCL INFO comm 0x2aab5c002260 rank 15 nranks 16 cudaDev 0 nvmlDev 0 - Init COMPLETE
nid02550:7871:7884 [0] NCCL INFO Could not find real path of /sys/class/net/ipogif0/device
nid02554:20779:20793 [0] NCCL INFO Could not find real path of /sys/class/net/ipogif0/device
nid02546:19451:19464 [0] NCCL INFO include/net.h:19 -> 2
nid02550:7871:7884 [0] NCCL INFO include/net.h:19 -> 2
nid02554:20779:20793 [0] NCCL INFO include/net.h:19 -> 2
nid02546:19451:19464 [0] NCCL INFO Ring 00 : 6 -> 4 [receive] via NET/Socket/0
nid02548:7555:7568 [0] NCCL INFO Ring 00 : 6 -> 4 [send] via NET/Socket/0
nid02556:25852:25865 [0] NCCL INFO Ring 00 : 14 -> 12 [send] via NET/Socket/0
nid02544:26527:26541 [0] NCCL INFO Ring 00 : 2 -> 4 [send] via NET/Socket/0
nid02550:7871:7884 [0] NCCL INFO Ring 00 : 12 -> 8 [receive] via NET/Socket/0
nid02554:20779:20793 [0] NCCL INFO Ring 00 : 14 -> 12 [receive] via NET/Socket/0
nid02546:19451:19464 [0] NCCL INFO NET/Socket: Using 1 threads and 1 sockets per thread
nid02556:25852:25865 [0] NCCL INFO Could not find real path of /sys/class/net/ipogif0/device
nid02556:25852:25865 [0] NCCL INFO include/net.h:19 -> 2
nid02544:26527:26541 [0] NCCL INFO Could not find real path of /sys/class/net/ipogif0/device
nid02544:26527:26541 [0] NCCL INFO include/net.h:19 -> 2
nid02550:7871:7884 [0] NCCL INFO NET/Socket: Using 1 threads and 1 sockets per thread
nid02554:20779:20793 [0] NCCL INFO NET/Socket: Using 1 threads and 1 sockets per thread
nid02552:25114:25128 [0] NCCL INFO Ring 00 : 10 -> 12 [send] via NET/Socket/0
nid02548:7555:7568 [0] NCCL INFO Could not find real path of /sys/class/net/ipogif0/device
nid02552:25114:25128 [0] NCCL INFO Could not find real path of /sys/class/net/ipogif0/device
nid02552:25114:25128 [0] NCCL INFO include/net.h:19 -> 2
nid02548:7555:7568 [0] NCCL INFO include/net.h:19 -> 2
nid02544:26527:26541 [0] NCCL INFO Ring 00 : 4 -> 2 [receive] via NET/Socket/0
nid02546:19451:19464 [0] NCCL INFO Ring 00 : 4 -> 8 [send] via NET/Socket/0
nid02548:7555:7568 [0] NCCL INFO Ring 00 : 4 -> 6 [receive] via NET/Socket/0
nid02556:25852:25865 [0] NCCL INFO Ring 00 : 12 -> 14 [receive] via NET/Socket/0
nid02546:19451:19464 [0] NCCL INFO Could not find real path of /sys/class/net/ipogif0/device
nid02544:26527:26541 [0] NCCL INFO NET/Socket: Using 1 threads and 1 sockets per thread
nid02550:7871:7884 [0] NCCL INFO Ring 00 : 8 -> 0 [send] via NET/Socket/0
nid02554:20779:20793 [0] NCCL INFO Ring 00 : 12 -> 8 [send] via NET/Socket/0
nid02546:19451:19464 [0] NCCL INFO include/net.h:19 -> 2
nid02548:7555:7568 [0] NCCL INFO NET/Socket: Using 1 threads and 1 sockets per thread
nid02556:25852:25865 [0] NCCL INFO NET/Socket: Using 1 threads and 1 sockets per thread
nid02552:25114:25128 [0] NCCL INFO Ring 00 : 12 -> 10 [receive] via NET/Socket/0
nid02550:7871:7884 [0] NCCL INFO Could not find real path of /sys/class/net/ipogif0/device
nid02554:20779:20793 [0] NCCL INFO Could not find real path of /sys/class/net/ipogif0/device
nid02552:25114:25128 [0] NCCL INFO NET/Socket: Using 1 threads and 1 sockets per thread
nid02550:7871:7884 [0] NCCL INFO include/net.h:19 -> 2
nid02554:20779:20793 [0] NCCL INFO include/net.h:19 -> 2
nid02546:19451:19464 [0] NCCL INFO Ring 00 : 8 -> 4 [receive] via NET/Socket/0
nid02544:26527:26541 [0] NCCL INFO Ring 00 : 2 -> 1 [send] via NET/Socket/0
nid02546:19451:19464 [0] NCCL INFO NET/Socket: Using 1 threads and 1 sockets per thread
nid02548:7555:7568 [0] NCCL INFO Ring 00 : 6 -> 5 [send] via NET/Socket/0
nid02543:26255:26268 [0] NCCL INFO Trees [0] 2->1->-1/-1/-1
nid02555:6088:6101 [0] NCCL INFO Trees [0] 14->13->-1/-1/-1
nid02556:25852:25865 [0] NCCL INFO Ring 00 : 14 -> 13 [send] via NET/Socket/0
nid02547:28337:28350 [0] NCCL INFO Trees [0] 6->5->-1/-1/-1
nid02550:7871:7884 [0] NCCL INFO Ring 00 : 0 -> 8 [receive] via NET/Socket/0
nid02554:20779:20793 [0] NCCL INFO Ring 00 : 8 -> 12 [receive] via NET/Socket/0
nid02550:7871:7884 [0] NCCL INFO NET/Socket: Using 1 threads and 1 sockets per thread
nid02542:6815:6838 [0] NCCL INFO Ring 00 : 0 -> 8 [send] via NET/Socket/0
nid02552:25114:25128 [0] NCCL INFO Ring 00 : 10 -> 9 [send] via NET/Socket/0
nid02551:26176:26190 [0] NCCL INFO Trees [0] 10->9->-1/-1/-1
nid02554:20779:20793 [0] NCCL INFO NET/Socket: Using 1 threads and 1 sockets per thread
nid02543:26255:26268 [0] NCCL INFO comm 0x2aab5c002260 rank 1 nranks 16 cudaDev 0 nvmlDev 0 - Init COMPLETE
nid02542:6815:6838 [0] NCCL INFO Trees [0] -1->0->8/-1/-1
nid02542:6815:6838 [0] NCCL INFO Using 256 threads, Min Comp Cap 6, Trees enabled up to size 299999
nid02555:6088:6101 [0] NCCL INFO comm 0x2aab5c002260 rank 13 nranks 16 cudaDev 0 nvmlDev 0 - Init COMPLETE
nid02547:28337:28350 [0] NCCL INFO comm 0x2aab5c002260 rank 5 nranks 16 cudaDev 0 nvmlDev 0 - Init COMPLETE
nid02542:6815:6838 [0] NCCL INFO comm 0x2aab70002260 rank 0 nranks 16 cudaDev 0 nvmlDev 0 - Init COMPLETE
nid02551:26176:26190 [0] NCCL INFO comm 0x2aab5c002260 rank 9 nranks 16 cudaDev 0 nvmlDev 0 - Init COMPLETE
nid02542:6815:6815 [0] NCCL INFO Launch mode Parallel
nid02546:19451:19464 [0] NCCL INFO Ring 00 : 4 -> 2 [send] via NET/Socket/0
nid02554:20779:20793 [0] NCCL INFO Ring 00 : 12 -> 10 [send] via NET/Socket/0
nid02550:7871:7884 [0] NCCL INFO Ring 00 : 8 -> 4 [send] via NET/Socket/0
nid02546:19451:19464 [0] NCCL INFO Ring 00 : 4 -> 6 [send] via NET/Socket/0
nid02544:26527:26541 [0] NCCL INFO Trees [0] 4->2->1/3/-1
nid02548:7555:7568 [0] NCCL INFO Trees [0] 4->6->5/7/-1
nid02548:7555:7568 [0] NCCL INFO comm 0x2aab5c002260 rank 6 nranks 16 cudaDev 0 nvmlDev 0 - Init COMPLETE
nid02556:25852:25865 [0] NCCL INFO Trees [0] 12->14->13/15/-1
nid02544:26527:26541 [0] NCCL INFO comm 0x2aab5c002260 rank 2 nranks 16 cudaDev 0 nvmlDev 0 - Init COMPLETE
nid02550:7871:7884 [0] NCCL INFO Ring 00 : 8 -> 12 [send] via NET/Socket/0
nid02554:20779:20793 [0] NCCL INFO Ring 00 : 12 -> 14 [send] via NET/Socket/0
nid02552:25114:25128 [0] NCCL INFO Trees [0] 12->10->9/11/-1
nid02546:19451:19464 [0] NCCL INFO Trees [0] 8->4->2/6/-1
nid02550:7871:7884 [0] NCCL INFO Trees [0] 0->8->4/12/-1
nid02554:20779:20793 [0] NCCL INFO Trees [0] 8->12->10/14/-1
nid02556:25852:25865 [0] NCCL INFO comm 0x2aab5c002260 rank 14 nranks 16 cudaDev 0 nvmlDev 0 - Init COMPLETE
nid02552:25114:25128 [0] NCCL INFO comm 0x2aab5c002260 rank 10 nranks 16 cudaDev 0 nvmlDev 0 - Init COMPLETE
nid02550:7871:7884 [0] NCCL INFO comm 0x2aab5c002260 rank 8 nranks 16 cudaDev 0 nvmlDev 0 - Init COMPLETE
nid02554:20779:20793 [0] NCCL INFO comm 0x2aab5c002260 rank 12 nranks 16 cudaDev 0 nvmlDev 0 - Init COMPLETE
nid02546:19451:19464 [0] NCCL INFO comm 0x2aab5c002260 rank 4 nranks 16 cudaDev 0 nvmlDev 0 - Init COMPLETE
nid02542:6815:6844 [0] NCCL INFO Setting affinity for GPU 0 to ffffff
nid02543:26255:26273 [0] NCCL INFO Setting affinity for GPU 0 to ffffff
NCCL version 2.4.8+cuda10.1
nid02554:20779:20804 [0] NCCL INFO Setting affinity for GPU 0 to ffffff
nid02557:26874:26891 [0] NCCL INFO Setting affinity for GPU 0 to ffffff
nid02544:26527:26549 [0] NCCL INFO Setting affinity for GPU 0 to ffffff
nid02555:6088:6107 [0] NCCL INFO Setting affinity for GPU 0 to ffffff
NCCL version 2.4.8+cuda10.1
nid02545:21782:21800 [0] NCCL INFO Setting affinity for GPU 0 to ffffff
nid02542:6815:6844 [0] NCCL INFO Channel 00 :    0   1   2   3
nid02543:26255:26273 [0] NCCL INFO Could not find real path of /sys/class/net/ipogif0/device
nid02543:26255:26273 [0] NCCL INFO include/net.h:19 -> 2
nid02545:21782:21800 [0] NCCL INFO Could not find real path of /sys/class/net/ipogif0/device
nid02545:21782:21800 [0] NCCL INFO include/net.h:19 -> 2
nid02544:26527:26549 [0] NCCL INFO Could not find real path of /sys/class/net/ipogif0/device
nid02544:26527:26549 [0] NCCL INFO include/net.h:19 -> 2
nid02543:26255:26273 [0] NCCL INFO Ring 00 : 0 -> 1 [receive] via NET/Socket/0
nid02542:6815:6844 [0] NCCL INFO Could not find real path of /sys/class/net/ipogif0/device
nid02542:6815:6844 [0] NCCL INFO include/net.h:19 -> 2
nid02543:26255:26273 [0] NCCL INFO NET/Socket: Using 1 threads and 1 sockets per thread
nid02542:6815:6844 [0] NCCL INFO Ring 00 : 3 -> 0 [receive] via NET/Socket/0
nid02545:21782:21800 [0] NCCL INFO Ring 00 : 2 -> 3 [receive] via NET/Socket/0
nid02544:26527:26549 [0] NCCL INFO Ring 00 : 1 -> 2 [receive] via NET/Socket/0
nid02542:6815:6844 [0] NCCL INFO NET/Socket: Using 1 threads and 1 sockets per thread
nid02544:26527:26549 [0] NCCL INFO NET/Socket: Using 1 threads and 1 sockets per thread
nid02550:7871:7896 [0] NCCL INFO Setting affinity for GPU 0 to ffffff
nid02545:21782:21800 [0] NCCL INFO NET/Socket: Using 1 threads and 1 sockets per thread
nid02553:7565:7584 [0] NCCL INFO Setting affinity for GPU 0 to ffffff
nid02552:25114:25136 [0] NCCL INFO Setting affinity for GPU 0 to ffffff
nid02544:26527:26549 [0] NCCL INFO Ring 00 : 2 -> 3 [send] via NET/Socket/0
nid02545:21782:21800 [0] NCCL INFO Ring 00 : 3 -> 0 [send] via NET/Socket/0
nid02543:26255:26273 [0] NCCL INFO Ring 00 : 1 -> 2 [send] via NET/Socket/0
nid02545:21782:21800 [0] NCCL INFO comm 0x2aab60001c20 rank 3 nranks 4 cudaDev 0 nvmlDev 0 - Init COMPLETE
NCCL version 2.4.8+cuda10.1
nid02542:6815:6844 [0] NCCL INFO Ring 00 : 0 -> 1 [send] via NET/Socket/0
nid02542:6815:6844 [0] NCCL INFO Using 256 threads, Min Comp Cap 6, Trees disabled
nid02544:26527:26549 [0] NCCL INFO comm 0x2aab60001c20 rank 2 nranks 4 cudaDev 0 nvmlDev 0 - Init COMPLETE
nid02543:26255:26273 [0] NCCL INFO comm 0x2aab60001c20 rank 1 nranks 4 cudaDev 0 nvmlDev 0 - Init COMPLETE
nid02542:6815:6844 [0] NCCL INFO comm 0x2aab74001c20 rank 0 nranks 4 cudaDev 0 nvmlDev 0 - Init COMPLETE
NCCL version 2.4.8+cuda10.1
NCCL version 2.4.8+cuda10.1
nid02542:6815:6815 [0] NCCL INFO Launch mode Parallel
nid02545:21782:21803 [0] NCCL INFO Setting affinity for GPU 0 to ffffff
nid02542:6815:6848 [0] NCCL INFO Setting affinity for GPU 0 to ffffff
nid02544:26527:26552 [0] NCCL INFO Setting affinity for GPU 0 to ffffff
nid02543:26255:26277 [0] NCCL INFO Setting affinity for GPU 0 to ffffff
NCCL version 2.4.8+cuda10.1
nid02546:19451:19476 [0] NCCL INFO Setting affinity for GPU 0 to ffffff
nid02548:7555:7577 [0] NCCL INFO Setting affinity for GPU 0 to ffffff
nid02549:31853:31871 [0] NCCL INFO Setting affinity for GPU 0 to ffffff
nid02547:28337:28355 [0] NCCL INFO Setting affinity for GPU 0 to ffffff
nid02548:7555:7577 [0] NCCL INFO Could not find real path of /sys/class/net/ipogif0/device
nid02548:7555:7577 [0] NCCL INFO include/net.h:19 -> 2
nid02549:31853:31871 [0] NCCL INFO Could not find real path of /sys/class/net/ipogif0/device
nid02549:31853:31871 [0] NCCL INFO include/net.h:19 -> 2
nid02546:19451:19476 [0] NCCL INFO Channel 00 :    0   1   2   3
nid02546:19451:19476 [0] NCCL INFO Could not find real path of /sys/class/net/ipogif0/device
nid02546:19451:19476 [0] NCCL INFO include/net.h:19 -> 2
nid02547:28337:28355 [0] NCCL INFO Could not find real path of /sys/class/net/ipogif0/device
nid02547:28337:28355 [0] NCCL INFO include/net.h:19 -> 2
nid02549:31853:31871 [0] NCCL INFO Ring 00 : 2 -> 3 [receive] via NET/Socket/0
nid02546:19451:19476 [0] NCCL INFO Ring 00 : 3 -> 0 [receive] via NET/Socket/0
nid02548:7555:7577 [0] NCCL INFO Ring 00 : 1 -> 2 [receive] via NET/Socket/0
nid02547:28337:28355 [0] NCCL INFO Ring 00 : 0 -> 1 [receive] via NET/Socket/0
nid02549:31853:31871 [0] NCCL INFO NET/Socket: Using 1 threads and 1 sockets per thread
nid02546:19451:19476 [0] NCCL INFO NET/Socket: Using 1 threads and 1 sockets per thread
nid02548:7555:7577 [0] NCCL INFO NET/Socket: Using 1 threads and 1 sockets per thread
nid02547:28337:28355 [0] NCCL INFO NET/Socket: Using 1 threads and 1 sockets per thread
nid02546:19451:19476 [0] NCCL INFO Ring 00 : 0 -> 1 [send] via NET/Socket/0
nid02549:31853:31871 [0] NCCL INFO Ring 00 : 3 -> 0 [send] via NET/Socket/0
nid02547:28337:28355 [0] NCCL INFO Ring 00 : 1 -> 2 [send] via NET/Socket/0
nid02548:7555:7577 [0] NCCL INFO Ring 00 : 2 -> 3 [send] via NET/Socket/0
nid02546:19451:19476 [0] NCCL INFO Using 256 threads, Min Comp Cap 6, Trees disabled
nid02546:19451:19476 [0] NCCL INFO comm 0x2aab68001c20 rank 0 nranks 4 cudaDev 0 nvmlDev 0 - Init COMPLETE
nid02547:28337:28355 [0] NCCL INFO comm 0x2aab60001c20 rank 1 nranks 4 cudaDev 0 nvmlDev 0 - Init COMPLETE
nid02546:19451:19451 [0] NCCL INFO Launch mode Parallel
nid02548:7555:7577 [0] NCCL INFO comm 0x2aab60001c20 rank 2 nranks 4 cudaDev 0 nvmlDev 0 - Init COMPLETE
nid02549:31853:31871 [0] NCCL INFO comm 0x2aab60001c20 rank 3 nranks 4 cudaDev 0 nvmlDev 0 - Init COMPLETE
nid02551:26176:26195 [0] NCCL INFO Setting affinity for GPU 0 to ffffff
nid02556:25852:25873 [0] NCCL INFO Setting affinity for GPU 0 to ffffff
nid02546:19451:19479 [0] NCCL INFO Setting affinity for GPU 0 to ffffff
nid02548:7555:7579 [0] NCCL INFO Setting affinity for GPU 0 to ffffff
nid02547:28337:28359 [0] NCCL INFO Setting affinity for GPU 0 to ffffff
nid02550:7871:7896 [0] NCCL INFO Channel 00 :    0   1   2   3
nid02554:20779:20804 [0] NCCL INFO Channel 00 :    0   1   2   3
nid02549:31853:31873 [0] NCCL INFO Setting affinity for GPU 0 to ffffff
nid02555:6088:6107 [0] NCCL INFO Could not find real path of /sys/class/net/ipogif0/device
nid02555:6088:6107 [0] NCCL INFO include/net.h:19 -> 2
nid02556:25852:25873 [0] NCCL INFO Could not find real path of /sys/class/net/ipogif0/device
nid02556:25852:25873 [0] NCCL INFO include/net.h:19 -> 2
nid02550:7871:7896 [0] NCCL INFO Could not find real path of /sys/class/net/ipogif0/device
nid02550:7871:7896 [0] NCCL INFO include/net.h:19 -> 2
nid02551:26176:26195 [0] NCCL INFO Could not find real path of /sys/class/net/ipogif0/device
nid02551:26176:26195 [0] NCCL INFO include/net.h:19 -> 2
nid02554:20779:20804 [0] NCCL INFO Could not find real path of /sys/class/net/ipogif0/device
nid02554:20779:20804 [0] NCCL INFO include/net.h:19 -> 2
nid02553:7565:7584 [0] NCCL INFO Could not find real path of /sys/class/net/ipogif0/device
nid02553:7565:7584 [0] NCCL INFO include/net.h:19 -> 2
nid02557:26874:26891 [0] NCCL INFO Could not find real path of /sys/class/net/ipogif0/device
nid02557:26874:26891 [0] NCCL INFO include/net.h:19 -> 2
nid02552:25114:25136 [0] NCCL INFO Could not find real path of /sys/class/net/ipogif0/device
nid02552:25114:25136 [0] NCCL INFO include/net.h:19 -> 2
nid02555:6088:6107 [0] NCCL INFO Ring 00 : 0 -> 1 [receive] via NET/Socket/0
nid02556:25852:25873 [0] NCCL INFO Ring 00 : 1 -> 2 [receive] via NET/Socket/0
nid02550:7871:7896 [0] NCCL INFO Ring 00 : 3 -> 0 [receive] via NET/Socket/0
nid02551:26176:26195 [0] NCCL INFO Ring 00 : 0 -> 1 [receive] via NET/Socket/0
nid02554:20779:20804 [0] NCCL INFO Ring 00 : 3 -> 0 [receive] via NET/Socket/0
nid02553:7565:7584 [0] NCCL INFO Ring 00 : 2 -> 3 [receive] via NET/Socket/0
nid02557:26874:26891 [0] NCCL INFO Ring 00 : 2 -> 3 [receive] via NET/Socket/0
nid02552:25114:25136 [0] NCCL INFO Ring 00 : 1 -> 2 [receive] via NET/Socket/0
nid02555:6088:6107 [0] NCCL INFO NET/Socket: Using 1 threads and 1 sockets per thread
nid02556:25852:25873 [0] NCCL INFO NET/Socket: Using 1 threads and 1 sockets per thread
nid02550:7871:7896 [0] NCCL INFO NET/Socket: Using 1 threads and 1 sockets per thread
nid02551:26176:26195 [0] NCCL INFO NET/Socket: Using 1 threads and 1 sockets per thread
nid02554:20779:20804 [0] NCCL INFO NET/Socket: Using 1 threads and 1 sockets per thread
nid02553:7565:7584 [0] NCCL INFO NET/Socket: Using 1 threads and 1 sockets per thread
nid02557:26874:26891 [0] NCCL INFO NET/Socket: Using 1 threads and 1 sockets per thread
nid02552:25114:25136 [0] NCCL INFO NET/Socket: Using 1 threads and 1 sockets per thread
nid02555:6088:6107 [0] NCCL INFO Ring 00 : 1 -> 2 [send] via NET/Socket/0
nid02556:25852:25873 [0] NCCL INFO Ring 00 : 2 -> 3 [send] via NET/Socket/0
nid02550:7871:7896 [0] NCCL INFO Ring 00 : 0 -> 1 [send] via NET/Socket/0
nid02551:26176:26195 [0] NCCL INFO Ring 00 : 1 -> 2 [send] via NET/Socket/0
nid02554:20779:20804 [0] NCCL INFO Ring 00 : 0 -> 1 [send] via NET/Socket/0
nid02553:7565:7584 [0] NCCL INFO Ring 00 : 3 -> 0 [send] via NET/Socket/0
nid02557:26874:26891 [0] NCCL INFO Ring 00 : 3 -> 0 [send] via NET/Socket/0
nid02552:25114:25136 [0] NCCL INFO Ring 00 : 2 -> 3 [send] via NET/Socket/0
nid02555:6088:6107 [0] NCCL INFO comm 0x2aab60001c20 rank 1 nranks 4 cudaDev 0 nvmlDev 0 - Init COMPLETE
nid02556:25852:25873 [0] NCCL INFO comm 0x2aab60001c20 rank 2 nranks 4 cudaDev 0 nvmlDev 0 - Init COMPLETE
nid02550:7871:7896 [0] NCCL INFO Using 256 threads, Min Comp Cap 6, Trees disabled
nid02551:26176:26195 [0] NCCL INFO comm 0x2aab60001c20 rank 1 nranks 4 cudaDev 0 nvmlDev 0 - Init COMPLETE
nid02554:20779:20804 [0] NCCL INFO Using 256 threads, Min Comp Cap 6, Trees disabled
nid02553:7565:7584 [0] NCCL INFO comm 0x2aab60001c20 rank 3 nranks 4 cudaDev 0 nvmlDev 0 - Init COMPLETE
nid02557:26874:26891 [0] NCCL INFO comm 0x2aab60001c20 rank 3 nranks 4 cudaDev 0 nvmlDev 0 - Init COMPLETE
nid02552:25114:25136 [0] NCCL INFO comm 0x2aab60001c20 rank 2 nranks 4 cudaDev 0 nvmlDev 0 - Init COMPLETE
nid02550:7871:7896 [0] NCCL INFO comm 0x2aab68001c20 rank 0 nranks 4 cudaDev 0 nvmlDev 0 - Init COMPLETE
nid02554:20779:20804 [0] NCCL INFO comm 0x2aab68001c20 rank 0 nranks 4 cudaDev 0 nvmlDev 0 - Init COMPLETE
nid02550:7871:7871 [0] NCCL INFO Launch mode Parallel
nid02554:20779:20779 [0] NCCL INFO Launch mode Parallel
nid02555:6088:6109 [0] NCCL INFO Setting affinity for GPU 0 to ffffff
nid02550:7871:7899 [0] NCCL INFO Setting affinity for GPU 0 to ffffff
nid02551:26176:26198 [0] NCCL INFO Setting affinity for GPU 0 to ffffff
nid02553:7565:7586 [0] NCCL INFO Setting affinity for GPU 0 to ffffff
nid02552:25114:25138 [0] NCCL INFO Setting affinity for GPU 0 to ffffff
nid02556:25852:25875 [0] NCCL INFO Setting affinity for GPU 0 to ffffff
nid02554:20779:20807 [0] NCCL INFO Setting affinity for GPU 0 to ffffff
nid02557:26874:26893 [0] NCCL INFO Setting affinity for GPU 0 to ffffff
nid02544:26527:26552 [0] NCCL INFO Channel 00 :    0   1   2   3
nid02545:21782:21803 [0] NCCL INFO Channel 00 :    0   1   2   3
nid02548:7555:7579 [0] NCCL INFO Could not find real path of /sys/class/net/ipogif0/device
nid02548:7555:7579 [0] NCCL INFO include/net.h:19 -> 2
nid02556:25852:25875 [0] NCCL INFO Could not find real path of /sys/class/net/ipogif0/device
nid02556:25852:25875 [0] NCCL INFO include/net.h:19 -> 2
nid02544:26527:26552 [0] NCCL INFO Could not find real path of /sys/class/net/ipogif0/device
nid02549:31853:31873 [0] NCCL INFO Could not find real path of /sys/class/net/ipogif0/device
nid02549:31853:31873 [0] NCCL INFO include/net.h:19 -> 2
nid02545:21782:21803 [0] NCCL INFO Could not find real path of /sys/class/net/ipogif0/device
nid02545:21782:21803 [0] NCCL INFO include/net.h:19 -> 2
nid02553:7565:7586 [0] NCCL INFO Could not find real path of /sys/class/net/ipogif0/device
nid02553:7565:7586 [0] NCCL INFO include/net.h:19 -> 2
nid02557:26874:26893 [0] NCCL INFO Could not find real path of /sys/class/net/ipogif0/device
nid02557:26874:26893 [0] NCCL INFO include/net.h:19 -> 2
nid02552:25114:25138 [0] NCCL INFO Could not find real path of /sys/class/net/ipogif0/device
nid02552:25114:25138 [0] NCCL INFO include/net.h:19 -> 2
nid02555:6088:6109 [0] NCCL INFO Could not find real path of /sys/class/net/ipogif0/device
nid02555:6088:6109 [0] NCCL INFO include/net.h:19 -> 2
nid02547:28337:28359 [0] NCCL INFO Could not find real path of /sys/class/net/ipogif0/device
nid02547:28337:28359 [0] NCCL INFO include/net.h:19 -> 2
nid02544:26527:26552 [0] NCCL INFO include/net.h:19 -> 2
nid02550:7871:7899 [0] NCCL INFO Could not find real path of /sys/class/net/ipogif0/device
nid02550:7871:7899 [0] NCCL INFO include/net.h:19 -> 2
nid02551:26176:26198 [0] NCCL INFO Could not find real path of /sys/class/net/ipogif0/device
nid02551:26176:26198 [0] NCCL INFO include/net.h:19 -> 2
nid02554:20779:20807 [0] NCCL INFO Could not find real path of /sys/class/net/ipogif0/device
nid02554:20779:20807 [0] NCCL INFO include/net.h:19 -> 2
nid02543:26255:26277 [0] NCCL INFO Channel 00 :    0   1   2   3
nid02542:6815:6848 [0] NCCL INFO Channel 00 :    0   1   2   3
nid02546:19451:19479 [0] NCCL INFO Could not find real path of /sys/class/net/ipogif0/device
nid02546:19451:19479 [0] NCCL INFO include/net.h:19 -> 2
nid02548:7555:7579 [0] NCCL INFO Ring 00 : 0 -> 1 [receive] via NET/Socket/0
nid02555:6088:6109 [0] NCCL INFO Ring 00 : 2 -> 3 [receive] via NET/Socket/0
nid02556:25852:25875 [0] NCCL INFO Ring 00 : 2 -> 3 [receive] via NET/Socket/0
nid02547:28337:28359 [0] NCCL INFO Ring 00 : 0 -> 1 [receive] via NET/Socket/0
nid02544:26527:26552 [0] NCCL INFO Ring 00 : 3 -> 0 [receive] via NET/Socket/0
nid02550:7871:7899 [0] NCCL INFO Ring 00 : 1 -> 2 [receive] via NET/Socket/0
nid02551:26176:26198 [0] NCCL INFO Ring 00 : 1 -> 2 [receive] via NET/Socket/0
nid02554:20779:20807 [0] NCCL INFO Ring 00 : 2 -> 3 [receive] via NET/Socket/0
nid02543:26255:26277 [0] NCCL INFO Could not find real path of /sys/class/net/ipogif0/device
nid02543:26255:26277 [0] NCCL INFO include/net.h:19 -> 2
nid02549:31853:31873 [0] NCCL INFO Ring 00 : 0 -> 1 [receive] via NET/Socket/0
nid02542:6815:6848 [0] NCCL INFO Could not find real path of /sys/class/net/ipogif0/device
nid02546:19451:19479 [0] NCCL INFO Ring 00 : 0 -> 1 [receive] via NET/Socket/0
nid02545:21782:21803 [0] NCCL INFO Ring 00 : 3 -> 0 [receive] via NET/Socket/0
nid02553:7565:7586 [0] NCCL INFO Ring 00 : 1 -> 2 [receive] via NET/Socket/0
nid02557:26874:26893 [0] NCCL INFO Ring 00 : 2 -> 3 [receive] via NET/Socket/0
nid02552:25114:25138 [0] NCCL INFO Ring 00 : 1 -> 2 [receive] via NET/Socket/0
nid02548:7555:7579 [0] NCCL INFO NET/Socket: Using 1 threads and 1 sockets per thread
nid02555:6088:6109 [0] NCCL INFO NET/Socket: Using 1 threads and 1 sockets per thread
nid02556:25852:25875 [0] NCCL INFO NET/Socket: Using 1 threads and 1 sockets per thread
nid02547:28337:28359 [0] NCCL INFO NET/Socket: Using 1 threads and 1 sockets per thread
nid02544:26527:26552 [0] NCCL INFO NET/Socket: Using 1 threads and 1 sockets per thread
nid02550:7871:7899 [0] NCCL INFO NET/Socket: Using 1 threads and 1 sockets per thread
nid02551:26176:26198 [0] NCCL INFO NET/Socket: Using 1 threads and 1 sockets per thread
nid02554:20779:20807 [0] NCCL INFO NET/Socket: Using 1 threads and 1 sockets per thread
nid02543:26255:26277 [0] NCCL INFO Ring 00 : 3 -> 0 [receive] via NET/Socket/0
nid02549:31853:31873 [0] NCCL INFO NET/Socket: Using 1 threads and 1 sockets per thread
nid02542:6815:6848 [0] NCCL INFO include/net.h:19 -> 2
nid02546:19451:19479 [0] NCCL INFO NET/Socket: Using 1 threads and 1 sockets per thread
nid02545:21782:21803 [0] NCCL INFO NET/Socket: Using 1 threads and 1 sockets per thread
nid02553:7565:7586 [0] NCCL INFO NET/Socket: Using 1 threads and 1 sockets per thread
nid02557:26874:26893 [0] NCCL INFO NET/Socket: Using 1 threads and 1 sockets per thread
nid02552:25114:25138 [0] NCCL INFO NET/Socket: Using 1 threads and 1 sockets per thread
nid02548:7555:7579 [0] NCCL INFO Ring 00 : 1 -> 2 [send] via NET/Socket/0
nid02556:25852:25875 [0] NCCL INFO Ring 00 : 3 -> 0 [send] via NET/Socket/0
nid02544:26527:26552 [0] NCCL INFO Ring 00 : 0 -> 1 [send] via NET/Socket/0
nid02550:7871:7899 [0] NCCL INFO Ring 00 : 2 -> 3 [send] via NET/Socket/0
nid02551:26176:26198 [0] NCCL INFO Ring 00 : 2 -> 3 [send] via NET/Socket/0
nid02554:20779:20807 [0] NCCL INFO Ring 00 : 3 -> 0 [send] via NET/Socket/0
nid02543:26255:26277 [0] NCCL INFO NET/Socket: Using 1 threads and 1 sockets per thread
nid02549:31853:31873 [0] NCCL INFO Ring 00 : 1 -> 2 [send] via NET/Socket/0
nid02542:6815:6848 [0] NCCL INFO Ring 00 : 3 -> 0 [receive] via NET/Socket/0
nid02546:19451:19479 [0] NCCL INFO Ring 00 : 1 -> 2 [send] via NET/Socket/0
nid02545:21782:21803 [0] NCCL INFO Ring 00 : 0 -> 1 [send] via NET/Socket/0
nid02553:7565:7586 [0] NCCL INFO Ring 00 : 2 -> 3 [send] via NET/Socket/0
nid02557:26874:26893 [0] NCCL INFO Ring 00 : 3 -> 0 [send] via NET/Socket/0
nid02552:25114:25138 [0] NCCL INFO Ring 00 : 2 -> 3 [send] via NET/Socket/0
nid02548:7555:7579 [0] NCCL INFO comm 0x2aab68001c20 rank 1 nranks 4 cudaDev 0 nvmlDev 0 - Init COMPLETE
nid02555:6088:6109 [0] NCCL INFO Ring 00 : 3 -> 0 [send] via NET/Socket/0
nid02556:25852:25875 [0] NCCL INFO comm 0x2aab6002ddb0 rank 3 nranks 4 cudaDev 0 nvmlDev 0 - Init COMPLETE
nid02547:28337:28359 [0] NCCL INFO Ring 00 : 1 -> 2 [send] via NET/Socket/0
nid02544:26527:26552 [0] NCCL INFO Using 256 threads, Min Comp Cap 6, Trees disabled
nid02543:26255:26277 [0] NCCL INFO Ring 00 : 0 -> 1 [send] via NET/Socket/0
nid02549:31853:31873 [0] NCCL INFO comm 0x2aab6002ddb0 rank 1 nranks 4 cudaDev 0 nvmlDev 0 - Init COMPLETE
nid02542:6815:6848 [0] NCCL INFO NET/Socket: Using 1 threads and 1 sockets per thread
nid02545:21782:21803 [0] NCCL INFO Using 256 threads, Min Comp Cap 6, Trees disabled
nid02553:7565:7586 [0] NCCL INFO comm 0x2aab6002ddb0 rank 2 nranks 4 cudaDev 0 nvmlDev 0 - Init COMPLETE
nid02557:26874:26893 [0] NCCL INFO comm 0x2aab6002ddb0 rank 3 nranks 4 cudaDev 0 nvmlDev 0 - Init COMPLETE
nid02552:25114:25138 [0] NCCL INFO comm 0x2aab6002ddb0 rank 2 nranks 4 cudaDev 0 nvmlDev 0 - Init COMPLETE
nid02544:26527:26552 [0] NCCL INFO comm 0x2aab68001c20 rank 0 nranks 4 cudaDev 0 nvmlDev 0 - Init COMPLETE
nid02543:26255:26277 [0] NCCL INFO Using 256 threads, Min Comp Cap 6, Trees disabled
nid02542:6815:6848 [0] NCCL INFO Ring 00 : 0 -> 1 [send] via NET/Socket/0
nid02545:21782:21803 [0] NCCL INFO comm 0x2aab64001c20 rank 0 nranks 4 cudaDev 0 nvmlDev 0 - Init COMPLETE
nid02555:6088:6109 [0] NCCL INFO comm 0x2aab6002ddb0 rank 3 nranks 4 cudaDev 0 nvmlDev 0 - Init COMPLETE
nid02544:26527:26527 [0] NCCL INFO Launch mode Parallel
nid02554:20779:20807 [0] NCCL INFO comm 0x2aab64001c20 rank 3 nranks 4 cudaDev 0 nvmlDev 0 - Init COMPLETE
nid02542:6815:6848 [0] NCCL INFO Using 256 threads, Min Comp Cap 6, Trees disabled
nid02545:21782:21782 [0] NCCL INFO Launch mode Parallel
nid02550:7871:7899 [0] NCCL INFO comm 0x2aab64001c20 rank 2 nranks 4 cudaDev 0 nvmlDev 0 - Init COMPLETE
nid02551:26176:26198 [0] NCCL INFO comm 0x2aab64001c20 rank 2 nranks 4 cudaDev 0 nvmlDev 0 - Init COMPLETE
nid02543:26255:26277 [0] NCCL INFO comm 0x2aab68001c20 rank 0 nranks 4 cudaDev 0 nvmlDev 0 - Init COMPLETE
nid02542:6815:6848 [0] NCCL INFO comm 0x2aab78001c20 rank 0 nranks 4 cudaDev 0 nvmlDev 0 - Init COMPLETE
nid02546:19451:19479 [0] NCCL INFO comm 0x2aab64001c20 rank 1 nranks 4 cudaDev 0 nvmlDev 0 - Init COMPLETE
nid02547:28337:28359 [0] NCCL INFO comm 0x2aab64001c20 rank 1 nranks 4 cudaDev 0 nvmlDev 0 - Init COMPLETE
nid02543:26255:26255 [0] NCCL INFO Launch mode Parallel
nid02542:6815:6815 [0] NCCL INFO Launch mode Parallel
Duration/ms: 255.78815868377686
