nid05290:17004:17004 [0] NCCL INFO Bootstrap : Using [0]ipogif0:148.187.52.211<0>
nid05303:4138:4138 [0] NCCL INFO Bootstrap : Using [0]ipogif0:148.187.52.224<0>
nid05305:31828:31828 [0] NCCL INFO Bootstrap : Using [0]ipogif0:148.187.52.226<0>
nid05290:17004:17004 [0] NCCL INFO NET/Plugin : No plugin found (libnccl-net.so).
libibverbs: Could not locate libibgni (/usr/lib64/libibgni.so.1: undefined symbol: verbs_uninit_context)
libibverbs: Warning: couldn't open config directory '/opt/cray/rdma-core/22.3-7.0.2.1_2.21__g42f5f32b.ari/etc/libibverbs.d'.
nid05290:17004:17004 [0] NCCL INFO NET/IB : No device found.
nid05290:17004:17004 [0] NCCL INFO NET/Socket : Using [0]ipogif0:148.187.52.211<0>
NCCL version 2.4.8+cuda10.1
nid05290:17004:17028 [0] NCCL INFO Setting affinity for GPU 0 to ffffff
nid05304:4561:4561 [0] NCCL INFO Bootstrap : Using [0]ipogif0:148.187.52.225<0>
nid05294:1981:1981 [0] NCCL INFO Bootstrap : Using [0]ipogif0:148.187.52.215<0>
nid05295:6034:6034 [0] NCCL INFO Bootstrap : Using [0]ipogif0:148.187.52.216<0>
nid05300:12397:12397 [0] NCCL INFO Bootstrap : Using [0]ipogif0:148.187.52.221<0>
nid05298:30816:30816 [0] NCCL INFO Bootstrap : Using [0]ipogif0:148.187.52.219<0>
nid05302:11068:11068 [0] NCCL INFO Bootstrap : Using [0]ipogif0:148.187.52.223<0>
nid05291:28814:28814 [0] NCCL INFO Bootstrap : Using [0]ipogif0:148.187.52.212<0>
nid05296:26850:26850 [0] NCCL INFO Bootstrap : Using [0]ipogif0:148.187.52.217<0>
nid05301:25019:25019 [0] NCCL INFO Bootstrap : Using [0]ipogif0:148.187.52.222<0>
nid05292:8629:8629 [0] NCCL INFO Bootstrap : Using [0]ipogif0:148.187.52.213<0>
nid05297:25215:25215 [0] NCCL INFO Bootstrap : Using [0]ipogif0:148.187.52.218<0>
nid05299:12655:12655 [0] NCCL INFO Bootstrap : Using [0]ipogif0:148.187.52.220<0>
nid05293:4527:4527 [0] NCCL INFO Bootstrap : Using [0]ipogif0:148.187.52.214<0>
nid05299:12655:12655 [0] NCCL INFO NET/Plugin : No plugin found (libnccl-net.so).
libibverbs: Could not locate libibgni (/usr/lib64/libibgni.so.1: undefined symbol: verbs_uninit_context)
libibverbs: Warning: couldn't open config directory '/opt/cray/rdma-core/22.3-7.0.2.1_2.21__g42f5f32b.ari/etc/libibverbs.d'.
nid05299:12655:12655 [0] NCCL INFO NET/IB : No device found.
nid05299:12655:12655 [0] NCCL INFO NET/Socket : Using [0]ipogif0:148.187.52.220<0>
nid05303:4138:4138 [0] NCCL INFO NET/Plugin : No plugin found (libnccl-net.so).
nid05305:31828:31828 [0] NCCL INFO NET/Plugin : No plugin found (libnccl-net.so).
libibverbs: Could not locate libibgni (/usr/lib64/libibgni.so.1: undefined symbol: verbs_uninit_context)
libibverbs: Could not locate libibgni (/usr/lib64/libibgni.so.1: undefined symbol: verbs_uninit_context)
nid05303:4138:4138 [0] NCCL INFO NET/IB : No device found.
libibverbs: Warning: couldn't open config directory '/opt/cray/rdma-core/22.3-7.0.2.1_2.21__g42f5f32b.ari/etc/libibverbs.d'.
nid05305:31828:31828 [0] NCCL INFO NET/IB : No device found.
libibverbs: Warning: couldn't open config directory '/opt/cray/rdma-core/22.3-7.0.2.1_2.21__g42f5f32b.ari/etc/libibverbs.d'.
nid05303:4138:4138 [0] NCCL INFO NET/Socket : Using [0]ipogif0:148.187.52.224<0>
nid05305:31828:31828 [0] NCCL INFO NET/Socket : Using [0]ipogif0:148.187.52.226<0>
nid05299:12655:12668 [0] NCCL INFO Setting affinity for GPU 0 to ffffff
nid05303:4138:4152 [0] NCCL INFO Setting affinity for GPU 0 to ffffff
nid05305:31828:31842 [0] NCCL INFO Setting affinity for GPU 0 to ffffff
nid05297:25215:25215 [0] NCCL INFO NET/Plugin : No plugin found (libnccl-net.so).
nid05294:1981:1981 [0] NCCL INFO NET/Plugin : No plugin found (libnccl-net.so).
libibverbs: Could not locate libibgni (/usr/lib64/libibgni.so.1: undefined symbol: verbs_uninit_context)
nid05304:4561:4561 [0] NCCL INFO NET/Plugin : No plugin found (libnccl-net.so).
libibverbs: Could not locate libibgni (/usr/lib64/libibgni.so.1: undefined symbol: verbs_uninit_context)
nid05300:12397:12397 [0] NCCL INFO NET/Plugin : No plugin found (libnccl-net.so).
libibverbs: Could not locate libibgni (/usr/lib64/libibgni.so.1: undefined symbol: verbs_uninit_context)
nid05292:8629:8629 [0] NCCL INFO NET/Plugin : No plugin found (libnccl-net.so).
libibverbs: Could not locate libibgni (/usr/lib64/libibgni.so.1: undefined symbol: verbs_uninit_context)
nid05291:28814:28814 [0] NCCL INFO NET/Plugin : No plugin found (libnccl-net.so).
libibverbs: Could not locate libibgni (/usr/lib64/libibgni.so.1: undefined symbol: verbs_uninit_context)
nid05295:6034:6034 [0] NCCL INFO NET/Plugin : No plugin found (libnccl-net.so).
libibverbs: Could not locate libibgni (/usr/lib64/libibgni.so.1: undefined symbol: verbs_uninit_context)
nid05296:26850:26850 [0] NCCL INFO NET/Plugin : No plugin found (libnccl-net.so).
libibverbs: Could not locate libibgni (/usr/lib64/libibgni.so.1: undefined symbol: verbs_uninit_context)
nid05298:30816:30816 [0] NCCL INFO NET/Plugin : No plugin found (libnccl-net.so).
libibverbs: Could not locate libibgni (/usr/lib64/libibgni.so.1: undefined symbol: verbs_uninit_context)
nid05301:25019:25019 [0] NCCL INFO NET/Plugin : No plugin found (libnccl-net.so).
libibverbs: Could not locate libibgni (/usr/lib64/libibgni.so.1: undefined symbol: verbs_uninit_context)
nid05302:11068:11068 [0] NCCL INFO NET/Plugin : No plugin found (libnccl-net.so).
libibverbs: Could not locate libibgni (/usr/lib64/libibgni.so.1: undefined symbol: verbs_uninit_context)
nid05297:25215:25215 [0] NCCL INFO NET/IB : No device found.
libibverbs: Could not locate libibgni (/usr/lib64/libibgni.so.1: undefined symbol: verbs_uninit_context)
nid05294:1981:1981 [0] NCCL INFO NET/IB : No device found.
libibverbs: Warning: couldn't open config directory '/opt/cray/rdma-core/22.3-7.0.2.1_2.21__g42f5f32b.ari/etc/libibverbs.d'.
nid05304:4561:4561 [0] NCCL INFO NET/IB : No device found.
libibverbs: Warning: couldn't open config directory '/opt/cray/rdma-core/22.3-7.0.2.1_2.21__g42f5f32b.ari/etc/libibverbs.d'.
nid05300:12397:12397 [0] NCCL INFO NET/IB : No device found.
libibverbs: Warning: couldn't open config directory '/opt/cray/rdma-core/22.3-7.0.2.1_2.21__g42f5f32b.ari/etc/libibverbs.d'.
nid05292:8629:8629 [0] NCCL INFO NET/IB : No device found.
libibverbs: Warning: couldn't open config directory '/opt/cray/rdma-core/22.3-7.0.2.1_2.21__g42f5f32b.ari/etc/libibverbs.d'.
nid05291:28814:28814 [0] NCCL INFO NET/IB : No device found.
libibverbs: Warning: couldn't open config directory '/opt/cray/rdma-core/22.3-7.0.2.1_2.21__g42f5f32b.ari/etc/libibverbs.d'.
nid05295:6034:6034 [0] NCCL INFO NET/IB : No device found.
libibverbs: Warning: couldn't open config directory '/opt/cray/rdma-core/22.3-7.0.2.1_2.21__g42f5f32b.ari/etc/libibverbs.d'.
nid05296:26850:26850 [0] NCCL INFO NET/IB : No device found.
libibverbs: Warning: couldn't open config directory '/opt/cray/rdma-core/22.3-7.0.2.1_2.21__g42f5f32b.ari/etc/libibverbs.d'.
nid05298:30816:30816 [0] NCCL INFO NET/IB : No device found.
libibverbs: Warning: couldn't open config directory '/opt/cray/rdma-core/22.3-7.0.2.1_2.21__g42f5f32b.ari/etc/libibverbs.d'.
nid05301:25019:25019 [0] NCCL INFO NET/IB : No device found.
libibverbs: Warning: couldn't open config directory '/opt/cray/rdma-core/22.3-7.0.2.1_2.21__g42f5f32b.ari/etc/libibverbs.d'.
nid05302:11068:11068 [0] NCCL INFO NET/IB : No device found.
libibverbs: Warning: couldn't open config directory '/opt/cray/rdma-core/22.3-7.0.2.1_2.21__g42f5f32b.ari/etc/libibverbs.d'.
nid05297:25215:25215 [0] NCCL INFO NET/Socket : Using [0]ipogif0:148.187.52.218<0>
libibverbs: Warning: couldn't open config directory '/opt/cray/rdma-core/22.3-7.0.2.1_2.21__g42f5f32b.ari/etc/libibverbs.d'.
nid05294:1981:1981 [0] NCCL INFO NET/Socket : Using [0]ipogif0:148.187.52.215<0>
libibverbs: Could not locate libibgni (/usr/lib64/libibgni.so.1: undefined symbol: verbs_uninit_context)
nid05304:4561:4561 [0] NCCL INFO NET/Socket : Using [0]ipogif0:148.187.52.225<0>
libibverbs: Warning: couldn't open config directory '/opt/cray/rdma-core/22.3-7.0.2.1_2.21__g42f5f32b.ari/etc/libibverbs.d'.
nid05300:12397:12397 [0] NCCL INFO NET/Socket : Using [0]ipogif0:148.187.52.221<0>
nid05292:8629:8629 [0] NCCL INFO NET/Socket : Using [0]ipogif0:148.187.52.213<0>
nid05291:28814:28814 [0] NCCL INFO NET/Socket : Using [0]ipogif0:148.187.52.212<0>
nid05295:6034:6034 [0] NCCL INFO NET/Socket : Using [0]ipogif0:148.187.52.216<0>
nid05296:26850:26850 [0] NCCL INFO NET/Socket : Using [0]ipogif0:148.187.52.217<0>
nid05298:30816:30816 [0] NCCL INFO NET/Socket : Using [0]ipogif0:148.187.52.219<0>
nid05301:25019:25019 [0] NCCL INFO NET/Socket : Using [0]ipogif0:148.187.52.222<0>
nid05302:11068:11068 [0] NCCL INFO NET/Socket : Using [0]ipogif0:148.187.52.223<0>
nid05297:25215:25228 [0] NCCL INFO Setting affinity for GPU 0 to ffffff
nid05294:1981:1995 [0] NCCL INFO Setting affinity for GPU 0 to ffffff
nid05304:4561:4575 [0] NCCL INFO Setting affinity for GPU 0 to ffffff
nid05300:12397:12411 [0] NCCL INFO Setting affinity for GPU 0 to ffffff
nid05292:8629:8643 [0] NCCL INFO Setting affinity for GPU 0 to ffffff
nid05291:28814:28828 [0] NCCL INFO Setting affinity for GPU 0 to ffffff
nid05295:6034:6048 [0] NCCL INFO Setting affinity for GPU 0 to ffffff
nid05296:26850:26863 [0] NCCL INFO Setting affinity for GPU 0 to ffffff
nid05298:30816:30830 [0] NCCL INFO Setting affinity for GPU 0 to ffffff
nid05301:25019:25033 [0] NCCL INFO Setting affinity for GPU 0 to ffffff
nid05302:11068:11082 [0] NCCL INFO Setting affinity for GPU 0 to ffffff
nid05293:4527:4527 [0] NCCL INFO NET/Plugin : No plugin found (libnccl-net.so).
nid05297:25215:25228 [0] NCCL INFO Could not find real path of /sys/class/net/ipogif0/device
nid05297:25215:25228 [0] NCCL INFO include/net.h:19 -> 2
nid05305:31828:31842 [0] NCCL INFO Could not find real path of /sys/class/net/ipogif0/device
nid05305:31828:31842 [0] NCCL INFO include/net.h:19 -> 2
nid05290:17004:17028 [0] NCCL INFO Could not find real path of /sys/class/net/ipogif0/device
nid05290:17004:17028 [0] NCCL INFO include/net.h:19 -> 2
nid05294:1981:1995 [0] NCCL INFO Could not find real path of /sys/class/net/ipogif0/device
nid05294:1981:1995 [0] NCCL INFO include/net.h:19 -> 2
nid05294:1981:1995 [0] NCCL INFO CUDA Dev 0[0], Socket NIC distance :  SYS
nid05293:4527:4527 [0] NCCL INFO NET/IB : No device found.
nid05292:8629:8643 [0] NCCL INFO Could not find real path of /sys/class/net/ipogif0/device
nid05292:8629:8643 [0] NCCL INFO include/net.h:19 -> 2
nid05292:8629:8643 [0] NCCL INFO CUDA Dev 0[0], Socket NIC distance :  SYS
nid05291:28814:28828 [0] NCCL INFO Could not find real path of /sys/class/net/ipogif0/device
nid05291:28814:28828 [0] NCCL INFO include/net.h:19 -> 2
nid05291:28814:28828 [0] NCCL INFO CUDA Dev 0[0], Socket NIC distance :  SYS
nid05295:6034:6048 [0] NCCL INFO Could not find real path of /sys/class/net/ipogif0/device
nid05295:6034:6048 [0] NCCL INFO include/net.h:19 -> 2
nid05296:26850:26863 [0] NCCL INFO Could not find real path of /sys/class/net/ipogif0/device
nid05296:26850:26863 [0] NCCL INFO include/net.h:19 -> 2
nid05296:26850:26863 [0] NCCL INFO CUDA Dev 0[0], Socket NIC distance :  SYS
nid05299:12655:12668 [0] NCCL INFO Could not find real path of /sys/class/net/ipogif0/device
nid05299:12655:12668 [0] NCCL INFO include/net.h:19 -> 2
nid05299:12655:12668 [0] NCCL INFO CUDA Dev 0[0], Socket NIC distance :  SYS
nid05303:4138:4152 [0] NCCL INFO Could not find real path of /sys/class/net/ipogif0/device
nid05303:4138:4152 [0] NCCL INFO include/net.h:19 -> 2
nid05303:4138:4152 [0] NCCL INFO CUDA Dev 0[0], Socket NIC distance :  SYS
nid05297:25215:25228 [0] NCCL INFO CUDA Dev 0[0], Socket NIC distance :  SYS
nid05305:31828:31842 [0] NCCL INFO CUDA Dev 0[0], Socket NIC distance :  SYS
nid05290:17004:17028 [0] NCCL INFO CUDA Dev 0[0], Socket NIC distance :  SYS
nid05304:4561:4575 [0] NCCL INFO Could not find real path of /sys/class/net/ipogif0/device
nid05304:4561:4575 [0] NCCL INFO include/net.h:19 -> 2
nid05304:4561:4575 [0] NCCL INFO CUDA Dev 0[0], Socket NIC distance :  SYS
nid05293:4527:4527 [0] NCCL INFO NET/Socket : Using [0]ipogif0:148.187.52.214<0>
nid05300:12397:12411 [0] NCCL INFO Could not find real path of /sys/class/net/ipogif0/device
nid05300:12397:12411 [0] NCCL INFO include/net.h:19 -> 2
nid05300:12397:12411 [0] NCCL INFO CUDA Dev 0[0], Socket NIC distance :  SYS
nid05295:6034:6048 [0] NCCL INFO CUDA Dev 0[0], Socket NIC distance :  SYS
nid05298:30816:30830 [0] NCCL INFO Could not find real path of /sys/class/net/ipogif0/device
nid05298:30816:30830 [0] NCCL INFO include/net.h:19 -> 2
nid05298:30816:30830 [0] NCCL INFO CUDA Dev 0[0], Socket NIC distance :  SYS
nid05301:25019:25033 [0] NCCL INFO Could not find real path of /sys/class/net/ipogif0/device
nid05301:25019:25033 [0] NCCL INFO include/net.h:19 -> 2
nid05302:11068:11082 [0] NCCL INFO Could not find real path of /sys/class/net/ipogif0/device
nid05302:11068:11082 [0] NCCL INFO include/net.h:19 -> 2
nid05302:11068:11082 [0] NCCL INFO CUDA Dev 0[0], Socket NIC distance :  SYS
nid05293:4527:4541 [0] NCCL INFO Setting affinity for GPU 0 to ffffff
nid05301:25019:25033 [0] NCCL INFO CUDA Dev 0[0], Socket NIC distance :  SYS
nid05293:4527:4541 [0] NCCL INFO Could not find real path of /sys/class/net/ipogif0/device
nid05293:4527:4541 [0] NCCL INFO include/net.h:19 -> 2
nid05290:17004:17028 [0] NCCL INFO Channel 00 :    0   1   2   3   4   5   6   7   8   9  10  11  12  13  14  15
nid05293:4527:4541 [0] NCCL INFO CUDA Dev 0[0], Socket NIC distance :  SYS
nid05303:4138:4152 [0] NCCL INFO Could not find real path of /sys/class/net/ipogif0/device
nid05303:4138:4152 [0] NCCL INFO include/net.h:19 -> 2
nid05305:31828:31842 [0] NCCL INFO Could not find real path of /sys/class/net/ipogif0/device
nid05305:31828:31842 [0] NCCL INFO include/net.h:19 -> 2
nid05304:4561:4575 [0] NCCL INFO Could not find real path of /sys/class/net/ipogif0/device
nid05304:4561:4575 [0] NCCL INFO include/net.h:19 -> 2
nid05293:4527:4541 [0] NCCL INFO Could not find real path of /sys/class/net/ipogif0/device
nid05293:4527:4541 [0] NCCL INFO include/net.h:19 -> 2
nid05301:25019:25033 [0] NCCL INFO Could not find real path of /sys/class/net/ipogif0/device
nid05299:12655:12668 [0] NCCL INFO Could not find real path of /sys/class/net/ipogif0/device
nid05297:25215:25228 [0] NCCL INFO Could not find real path of /sys/class/net/ipogif0/device
nid05290:17004:17028 [0] NCCL INFO Could not find real path of /sys/class/net/ipogif0/device
nid05294:1981:1995 [0] NCCL INFO Could not find real path of /sys/class/net/ipogif0/device
nid05300:12397:12411 [0] NCCL INFO Could not find real path of /sys/class/net/ipogif0/device
nid05300:12397:12411 [0] NCCL INFO include/net.h:19 -> 2
nid05292:8629:8643 [0] NCCL INFO Could not find real path of /sys/class/net/ipogif0/device
nid05292:8629:8643 [0] NCCL INFO include/net.h:19 -> 2
nid05291:28814:28828 [0] NCCL INFO Could not find real path of /sys/class/net/ipogif0/device
nid05291:28814:28828 [0] NCCL INFO include/net.h:19 -> 2
nid05295:6034:6048 [0] NCCL INFO Could not find real path of /sys/class/net/ipogif0/device
nid05295:6034:6048 [0] NCCL INFO include/net.h:19 -> 2
nid05296:26850:26863 [0] NCCL INFO Could not find real path of /sys/class/net/ipogif0/device
nid05296:26850:26863 [0] NCCL INFO include/net.h:19 -> 2
nid05298:30816:30830 [0] NCCL INFO Could not find real path of /sys/class/net/ipogif0/device
nid05298:30816:30830 [0] NCCL INFO include/net.h:19 -> 2
nid05301:25019:25033 [0] NCCL INFO include/net.h:19 -> 2
nid05302:11068:11082 [0] NCCL INFO Could not find real path of /sys/class/net/ipogif0/device
nid05302:11068:11082 [0] NCCL INFO include/net.h:19 -> 2
nid05299:12655:12668 [0] NCCL INFO include/net.h:19 -> 2
nid05297:25215:25228 [0] NCCL INFO include/net.h:19 -> 2
nid05290:17004:17028 [0] NCCL INFO include/net.h:19 -> 2
nid05294:1981:1995 [0] NCCL INFO include/net.h:19 -> 2
nid05303:4138:4152 [0] NCCL INFO Ring 00 : 12 -> 13 [receive] via NET/Socket/0
nid05305:31828:31842 [0] NCCL INFO Ring 00 : 14 -> 15 [receive] via NET/Socket/0
nid05298:30816:30830 [0] NCCL INFO Ring 00 : 7 -> 8 [receive] via NET/Socket/0
nid05299:12655:12668 [0] NCCL INFO Ring 00 : 8 -> 9 [receive] via NET/Socket/0
nid05303:4138:4152 [0] NCCL INFO NET/Socket: Using 1 threads and 1 sockets per thread
nid05297:25215:25228 [0] NCCL INFO Ring 00 : 6 -> 7 [receive] via NET/Socket/0
nid05305:31828:31842 [0] NCCL INFO NET/Socket: Using 1 threads and 1 sockets per thread
nid05290:17004:17028 [0] NCCL INFO Ring 00 : 15 -> 0 [receive] via NET/Socket/0
nid05304:4561:4575 [0] NCCL INFO Ring 00 : 13 -> 14 [receive] via NET/Socket/0
nid05293:4527:4541 [0] NCCL INFO Ring 00 : 2 -> 3 [receive] via NET/Socket/0
nid05300:12397:12411 [0] NCCL INFO Ring 00 : 9 -> 10 [receive] via NET/Socket/0
nid05292:8629:8643 [0] NCCL INFO Ring 00 : 1 -> 2 [receive] via NET/Socket/0
nid05298:30816:30830 [0] NCCL INFO NET/Socket: Using 1 threads and 1 sockets per thread
nid05301:25019:25033 [0] NCCL INFO Ring 00 : 10 -> 11 [receive] via NET/Socket/0
nid05302:11068:11082 [0] NCCL INFO Ring 00 : 11 -> 12 [receive] via NET/Socket/0
nid05299:12655:12668 [0] NCCL INFO NET/Socket: Using 1 threads and 1 sockets per thread
nid05297:25215:25228 [0] NCCL INFO NET/Socket: Using 1 threads and 1 sockets per thread
nid05290:17004:17028 [0] NCCL INFO NET/Socket: Using 1 threads and 1 sockets per thread
nid05294:1981:1995 [0] NCCL INFO Ring 00 : 3 -> 4 [receive] via NET/Socket/0
nid05304:4561:4575 [0] NCCL INFO NET/Socket: Using 1 threads and 1 sockets per thread
nid05293:4527:4541 [0] NCCL INFO NET/Socket: Using 1 threads and 1 sockets per thread
nid05300:12397:12411 [0] NCCL INFO NET/Socket: Using 1 threads and 1 sockets per thread
nid05292:8629:8643 [0] NCCL INFO NET/Socket: Using 1 threads and 1 sockets per thread
nid05291:28814:28828 [0] NCCL INFO Ring 00 : 0 -> 1 [receive] via NET/Socket/0
nid05295:6034:6048 [0] NCCL INFO Ring 00 : 4 -> 5 [receive] via NET/Socket/0
nid05296:26850:26863 [0] NCCL INFO Ring 00 : 5 -> 6 [receive] via NET/Socket/0
nid05301:25019:25033 [0] NCCL INFO NET/Socket: Using 1 threads and 1 sockets per thread
nid05302:11068:11082 [0] NCCL INFO NET/Socket: Using 1 threads and 1 sockets per thread
nid05294:1981:1995 [0] NCCL INFO NET/Socket: Using 1 threads and 1 sockets per thread
nid05291:28814:28828 [0] NCCL INFO NET/Socket: Using 1 threads and 1 sockets per thread
nid05295:6034:6048 [0] NCCL INFO NET/Socket: Using 1 threads and 1 sockets per thread
nid05296:26850:26863 [0] NCCL INFO NET/Socket: Using 1 threads and 1 sockets per thread
nid05299:12655:12668 [0] NCCL INFO Ring 00 : 9 -> 10 [send] via NET/Socket/0
nid05303:4138:4152 [0] NCCL INFO Ring 00 : 13 -> 14 [send] via NET/Socket/0
nid05305:31828:31842 [0] NCCL INFO Ring 00 : 15 -> 0 [send] via NET/Socket/0
nid05293:4527:4541 [0] NCCL INFO Ring 00 : 3 -> 4 [send] via NET/Socket/0
nid05298:30816:30830 [0] NCCL INFO Ring 00 : 8 -> 9 [send] via NET/Socket/0
nid05299:12655:12668 [0] NCCL INFO Could not find real path of /sys/class/net/ipogif0/device
nid05299:12655:12668 [0] NCCL INFO include/net.h:19 -> 2
nid05297:25215:25228 [0] NCCL INFO Ring 00 : 7 -> 8 [send] via NET/Socket/0
nid05290:17004:17028 [0] NCCL INFO Ring 00 : 0 -> 1 [send] via NET/Socket/0
nid05294:1981:1995 [0] NCCL INFO Ring 00 : 4 -> 5 [send] via NET/Socket/0
nid05304:4561:4575 [0] NCCL INFO Ring 00 : 14 -> 15 [send] via NET/Socket/0
nid05300:12397:12411 [0] NCCL INFO Ring 00 : 10 -> 11 [send] via NET/Socket/0
nid05292:8629:8643 [0] NCCL INFO Ring 00 : 2 -> 3 [send] via NET/Socket/0
nid05291:28814:28828 [0] NCCL INFO Ring 00 : 1 -> 2 [send] via NET/Socket/0
nid05295:6034:6048 [0] NCCL INFO Ring 00 : 5 -> 6 [send] via NET/Socket/0
nid05296:26850:26863 [0] NCCL INFO Ring 00 : 6 -> 7 [send] via NET/Socket/0
nid05301:25019:25033 [0] NCCL INFO Ring 00 : 11 -> 12 [send] via NET/Socket/0
nid05290:17004:17028 [0] NCCL INFO Could not find real path of /sys/class/net/ipogif0/device
nid05294:1981:1995 [0] NCCL INFO Could not find real path of /sys/class/net/ipogif0/device
nid05294:1981:1995 [0] NCCL INFO include/net.h:19 -> 2
nid05304:4561:4575 [0] NCCL INFO Could not find real path of /sys/class/net/ipogif0/device
nid05304:4561:4575 [0] NCCL INFO include/net.h:19 -> 2
nid05300:12397:12411 [0] NCCL INFO Could not find real path of /sys/class/net/ipogif0/device
nid05300:12397:12411 [0] NCCL INFO include/net.h:19 -> 2
nid05292:8629:8643 [0] NCCL INFO Could not find real path of /sys/class/net/ipogif0/device
nid05292:8629:8643 [0] NCCL INFO include/net.h:19 -> 2
nid05291:28814:28828 [0] NCCL INFO Could not find real path of /sys/class/net/ipogif0/device
nid05291:28814:28828 [0] NCCL INFO include/net.h:19 -> 2
nid05295:6034:6048 [0] NCCL INFO Could not find real path of /sys/class/net/ipogif0/device
nid05295:6034:6048 [0] NCCL INFO include/net.h:19 -> 2
nid05296:26850:26863 [0] NCCL INFO Could not find real path of /sys/class/net/ipogif0/device
nid05298:30816:30830 [0] NCCL INFO Could not find real path of /sys/class/net/ipogif0/device
nid05298:30816:30830 [0] NCCL INFO include/net.h:19 -> 2
nid05290:17004:17028 [0] NCCL INFO include/net.h:19 -> 2
nid05296:26850:26863 [0] NCCL INFO include/net.h:19 -> 2
nid05299:12655:12668 [0] NCCL INFO Ring 00 : 10 -> 9 [receive] via NET/Socket/0
nid05299:12655:12668 [0] NCCL INFO NET/Socket: Using 1 threads and 1 sockets per thread
nid05305:31828:31842 [0] NCCL INFO Ring 00 : 15 -> 14 [send] via NET/Socket/0
nid05290:17004:17028 [0] NCCL INFO Ring 00 : 8 -> 0 [receive] via NET/Socket/0
nid05294:1981:1995 [0] NCCL INFO Ring 00 : 2 -> 4 [receive] via NET/Socket/0
nid05304:4561:4575 [0] NCCL INFO Ring 00 : 15 -> 14 [receive] via NET/Socket/0
nid05293:4527:4541 [0] NCCL INFO Ring 00 : 3 -> 2 [send] via NET/Socket/0
nid05300:12397:12411 [0] NCCL INFO Ring 00 : 11 -> 10 [receive] via NET/Socket/0
nid05292:8629:8643 [0] NCCL INFO Ring 00 : 3 -> 2 [receive] via NET/Socket/0
nid05291:28814:28828 [0] NCCL INFO Ring 00 : 2 -> 1 [receive] via NET/Socket/0
nid05295:6034:6048 [0] NCCL INFO Ring 00 : 6 -> 5 [receive] via NET/Socket/0
nid05296:26850:26863 [0] NCCL INFO Ring 00 : 7 -> 6 [receive] via NET/Socket/0
nid05298:30816:30830 [0] NCCL INFO Ring 00 : 4 -> 8 [receive] via NET/Socket/0
nid05301:25019:25033 [0] NCCL INFO Ring 00 : 11 -> 10 [send] via NET/Socket/0
nid05302:11068:11082 [0] NCCL INFO Ring 00 : 12 -> 13 [send] via NET/Socket/0
nid05303:4138:4152 [0] NCCL INFO Could not find real path of /sys/class/net/ipogif0/device
nid05303:4138:4152 [0] NCCL INFO include/net.h:19 -> 2
nid05297:25215:25228 [0] NCCL INFO Ring 00 : 7 -> 6 [send] via NET/Socket/0
nid05305:31828:31842 [0] NCCL INFO Trees [0] 14->15->-1/-1/-1
nid05290:17004:17028 [0] NCCL INFO NET/Socket: Using 1 threads and 1 sockets per thread
nid05294:1981:1995 [0] NCCL INFO NET/Socket: Using 1 threads and 1 sockets per thread
nid05304:4561:4575 [0] NCCL INFO NET/Socket: Using 1 threads and 1 sockets per thread
nid05293:4527:4541 [0] NCCL INFO Trees [0] 2->3->-1/-1/-1
nid05300:12397:12411 [0] NCCL INFO NET/Socket: Using 1 threads and 1 sockets per thread
nid05292:8629:8643 [0] NCCL INFO NET/Socket: Using 1 threads and 1 sockets per thread
nid05291:28814:28828 [0] NCCL INFO NET/Socket: Using 1 threads and 1 sockets per thread
nid05295:6034:6048 [0] NCCL INFO NET/Socket: Using 1 threads and 1 sockets per thread
nid05296:26850:26863 [0] NCCL INFO NET/Socket: Using 1 threads and 1 sockets per thread
nid05298:30816:30830 [0] NCCL INFO NET/Socket: Using 1 threads and 1 sockets per thread
nid05301:25019:25033 [0] NCCL INFO Trees [0] 10->11->-1/-1/-1
nid05302:11068:11082 [0] NCCL INFO Could not find real path of /sys/class/net/ipogif0/device
nid05297:25215:25228 [0] NCCL INFO Trees [0] 6->7->-1/-1/-1
nid05305:31828:31842 [0] NCCL INFO comm 0x2aab5c002260 rank 15 nranks 16 cudaDev 0 nvmlDev 0 - Init COMPLETE
nid05294:1981:1995 [0] NCCL INFO Could not find real path of /sys/class/net/ipogif0/device
nid05294:1981:1995 [0] NCCL INFO include/net.h:19 -> 2
nid05293:4527:4541 [0] NCCL INFO comm 0x2aab5c002260 rank 3 nranks 16 cudaDev 0 nvmlDev 0 - Init COMPLETE
nid05298:30816:30830 [0] NCCL INFO Could not find real path of /sys/class/net/ipogif0/device
nid05298:30816:30830 [0] NCCL INFO include/net.h:19 -> 2
nid05301:25019:25033 [0] NCCL INFO comm 0x2aab5c002260 rank 11 nranks 16 cudaDev 0 nvmlDev 0 - Init COMPLETE
nid05302:11068:11082 [0] NCCL INFO include/net.h:19 -> 2
nid05297:25215:25228 [0] NCCL INFO comm 0x2aab5c002260 rank 7 nranks 16 cudaDev 0 nvmlDev 0 - Init COMPLETE
nid05292:8629:8643 [0] NCCL INFO Ring 00 : 2 -> 4 [send] via NET/Socket/0
nid05298:30816:30830 [0] NCCL INFO Ring 00 : 12 -> 8 [receive] via NET/Socket/0
nid05303:4138:4152 [0] NCCL INFO Ring 00 : 14 -> 13 [receive] via NET/Socket/0
nid05294:1981:1995 [0] NCCL INFO Ring 00 : 6 -> 4 [receive] via NET/Socket/0
nid05304:4561:4575 [0] NCCL INFO Ring 00 : 14 -> 12 [send] via NET/Socket/0
nid05300:12397:12411 [0] NCCL INFO Ring 00 : 10 -> 12 [send] via NET/Socket/0
nid05298:30816:30830 [0] NCCL INFO NET/Socket: Using 1 threads and 1 sockets per thread
nid05303:4138:4152 [0] NCCL INFO NET/Socket: Using 1 threads and 1 sockets per thread
nid05294:1981:1995 [0] NCCL INFO NET/Socket: Using 1 threads and 1 sockets per thread
nid05292:8629:8643 [0] NCCL INFO Could not find real path of /sys/class/net/ipogif0/device
nid05292:8629:8643 [0] NCCL INFO include/net.h:19 -> 2
nid05296:26850:26863 [0] NCCL INFO Ring 00 : 6 -> 4 [send] via NET/Socket/0
nid05302:11068:11082 [0] NCCL INFO Ring 00 : 10 -> 12 [receive] via NET/Socket/0
nid05300:12397:12411 [0] NCCL INFO Could not find real path of /sys/class/net/ipogif0/device
nid05300:12397:12411 [0] NCCL INFO include/net.h:19 -> 2
nid05296:26850:26863 [0] NCCL INFO Could not find real path of /sys/class/net/ipogif0/device
nid05302:11068:11082 [0] NCCL INFO NET/Socket: Using 1 threads and 1 sockets per thread
nid05296:26850:26863 [0] NCCL INFO include/net.h:19 -> 2
nid05302:11068:11082 [0] NCCL INFO Could not find real path of /sys/class/net/ipogif0/device
nid05302:11068:11082 [0] NCCL INFO include/net.h:19 -> 2
nid05298:30816:30830 [0] NCCL INFO Ring 00 : 8 -> 0 [send] via NET/Socket/0
nid05294:1981:1995 [0] NCCL INFO Ring 00 : 4 -> 8 [send] via NET/Socket/0
nid05300:12397:12411 [0] NCCL INFO Ring 00 : 12 -> 10 [receive] via NET/Socket/0
nid05292:8629:8643 [0] NCCL INFO Ring 00 : 4 -> 2 [receive] via NET/Socket/0
nid05296:26850:26863 [0] NCCL INFO Ring 00 : 4 -> 6 [receive] via NET/Socket/0
nid05302:11068:11082 [0] NCCL INFO Ring 00 : 14 -> 12 [receive] via NET/Socket/0
nid05294:1981:1995 [0] NCCL INFO Could not find real path of /sys/class/net/ipogif0/device
nid05294:1981:1995 [0] NCCL INFO include/net.h:19 -> 2
nid05304:4561:4575 [0] NCCL INFO Could not find real path of /sys/class/net/ipogif0/device
nid05304:4561:4575 [0] NCCL INFO include/net.h:19 -> 2
nid05300:12397:12411 [0] NCCL INFO NET/Socket: Using 1 threads and 1 sockets per thread
nid05292:8629:8643 [0] NCCL INFO NET/Socket: Using 1 threads and 1 sockets per thread
nid05296:26850:26863 [0] NCCL INFO NET/Socket: Using 1 threads and 1 sockets per thread
nid05302:11068:11082 [0] NCCL INFO NET/Socket: Using 1 threads and 1 sockets per thread
nid05290:17004:17028 [0] NCCL INFO Ring 00 : 0 -> 8 [send] via NET/Socket/0
nid05294:1981:1995 [0] NCCL INFO Ring 00 : 8 -> 4 [receive] via NET/Socket/0
nid05304:4561:4575 [0] NCCL INFO Ring 00 : 12 -> 14 [receive] via NET/Socket/0
nid05300:12397:12411 [0] NCCL INFO Ring 00 : 10 -> 9 [send] via NET/Socket/0
nid05292:8629:8643 [0] NCCL INFO Ring 00 : 2 -> 1 [send] via NET/Socket/0
nid05291:28814:28828 [0] NCCL INFO Trees [0] 2->1->-1/-1/-1
nid05299:12655:12668 [0] NCCL INFO Trees [0] 10->9->-1/-1/-1
nid05294:1981:1995 [0] NCCL INFO NET/Socket: Using 1 threads and 1 sockets per thread
nid05304:4561:4575 [0] NCCL INFO NET/Socket: Using 1 threads and 1 sockets per thread
nid05295:6034:6048 [0] NCCL INFO Trees [0] 6->5->-1/-1/-1
nid05296:26850:26863 [0] NCCL INFO Ring 00 : 6 -> 5 [send] via NET/Socket/0
nid05298:30816:30830 [0] NCCL INFO Could not find real path of /sys/class/net/ipogif0/device
nid05298:30816:30830 [0] NCCL INFO include/net.h:19 -> 2
nid05302:11068:11082 [0] NCCL INFO Ring 00 : 12 -> 8 [send] via NET/Socket/0
nid05299:12655:12668 [0] NCCL INFO comm 0x2aab5c002260 rank 9 nranks 16 cudaDev 0 nvmlDev 0 - Init COMPLETE
nid05291:28814:28828 [0] NCCL INFO comm 0x2aab5c002260 rank 1 nranks 16 cudaDev 0 nvmlDev 0 - Init COMPLETE
nid05302:11068:11082 [0] NCCL INFO Could not find real path of /sys/class/net/ipogif0/device
nid05295:6034:6048 [0] NCCL INFO comm 0x2aab5c002260 rank 5 nranks 16 cudaDev 0 nvmlDev 0 - Init COMPLETE
nid05302:11068:11082 [0] NCCL INFO include/net.h:19 -> 2
nid05294:1981:1995 [0] NCCL INFO Ring 00 : 4 -> 2 [send] via NET/Socket/0
nid05304:4561:4575 [0] NCCL INFO Ring 00 : 14 -> 13 [send] via NET/Socket/0
nid05298:30816:30830 [0] NCCL INFO Ring 00 : 0 -> 8 [receive] via NET/Socket/0
nid05303:4138:4152 [0] NCCL INFO Trees [0] 14->13->-1/-1/-1
nid05290:17004:17028 [0] NCCL INFO Trees [0] -1->0->8/-1/-1
nid05290:17004:17028 [0] NCCL INFO Using 256 threads, Min Comp Cap 6, Trees enabled up to size 299999
nid05298:30816:30830 [0] NCCL INFO NET/Socket: Using 1 threads and 1 sockets per thread
nid05302:11068:11082 [0] NCCL INFO Ring 00 : 8 -> 12 [receive] via NET/Socket/0
nid05303:4138:4152 [0] NCCL INFO comm 0x2aab5c002260 rank 13 nranks 16 cudaDev 0 nvmlDev 0 - Init COMPLETE
nid05290:17004:17028 [0] NCCL INFO comm 0x2aab70002260 rank 0 nranks 16 cudaDev 0 nvmlDev 0 - Init COMPLETE
nid05290:17004:17004 [0] NCCL INFO Launch mode Parallel
nid05302:11068:11082 [0] NCCL INFO NET/Socket: Using 1 threads and 1 sockets per thread
nid05294:1981:1995 [0] NCCL INFO Ring 00 : 4 -> 6 [send] via NET/Socket/0
nid05292:8629:8643 [0] NCCL INFO Trees [0] 4->2->1/3/-1
nid05298:30816:30830 [0] NCCL INFO Ring 00 : 8 -> 4 [send] via NET/Socket/0
nid05296:26850:26863 [0] NCCL INFO Trees [0] 4->6->5/7/-1
nid05302:11068:11082 [0] NCCL INFO Ring 00 : 12 -> 10 [send] via NET/Socket/0
nid05292:8629:8643 [0] NCCL INFO comm 0x2aab5c002260 rank 2 nranks 16 cudaDev 0 nvmlDev 0 - Init COMPLETE
nid05296:26850:26863 [0] NCCL INFO comm 0x2aab5c002260 rank 6 nranks 16 cudaDev 0 nvmlDev 0 - Init COMPLETE
nid05298:30816:30830 [0] NCCL INFO Ring 00 : 8 -> 12 [send] via NET/Socket/0
nid05294:1981:1995 [0] NCCL INFO Trees [0] 8->4->2/6/-1
nid05298:30816:30830 [0] NCCL INFO Trees [0] 0->8->4/12/-1
nid05302:11068:11082 [0] NCCL INFO Ring 00 : 12 -> 14 [send] via NET/Socket/0
nid05304:4561:4575 [0] NCCL INFO Trees [0] 12->14->13/15/-1
nid05300:12397:12411 [0] NCCL INFO Trees [0] 12->10->9/11/-1
nid05302:11068:11082 [0] NCCL INFO Trees [0] 8->12->10/14/-1
nid05294:1981:1995 [0] NCCL INFO comm 0x2aab5c002260 rank 4 nranks 16 cudaDev 0 nvmlDev 0 - Init COMPLETE
nid05298:30816:30830 [0] NCCL INFO comm 0x2aab5c002260 rank 8 nranks 16 cudaDev 0 nvmlDev 0 - Init COMPLETE
nid05304:4561:4575 [0] NCCL INFO comm 0x2aab5c002260 rank 14 nranks 16 cudaDev 0 nvmlDev 0 - Init COMPLETE
nid05300:12397:12411 [0] NCCL INFO comm 0x2aab5c002260 rank 10 nranks 16 cudaDev 0 nvmlDev 0 - Init COMPLETE
nid05302:11068:11082 [0] NCCL INFO comm 0x2aab5c002260 rank 12 nranks 16 cudaDev 0 nvmlDev 0 - Init COMPLETE
NCCL version 2.4.8+cuda10.1
NCCL version 2.4.8+cuda10.1
NCCL version 2.4.8+cuda10.1
nid05298:30816:30841 [0] NCCL INFO Setting affinity for GPU 0 to ffffff
nid05301:25019:25038 [0] NCCL INFO Setting affinity for GPU 0 to ffffff
nid05299:12655:12673 [0] NCCL INFO Setting affinity for GPU 0 to ffffff
nid05294:1981:2006 [0] NCCL INFO Setting affinity for GPU 0 to ffffff
nid05297:25215:25234 [0] NCCL INFO Setting affinity for GPU 0 to ffffff
nid05296:26850:26872 [0] NCCL INFO Setting affinity for GPU 0 to ffffff
nid05302:11068:11093 [0] NCCL INFO Setting affinity for GPU 0 to ffffff
nid05303:4138:4157 [0] NCCL INFO Setting affinity for GPU 0 to ffffff
nid05304:4561:4583 [0] NCCL INFO Setting affinity for GPU 0 to ffffff
nid05305:31828:31846 [0] NCCL INFO Setting affinity for GPU 0 to ffffff
nid05300:12397:12419 [0] NCCL INFO Setting affinity for GPU 0 to ffffff
nid05290:17004:17034 [0] NCCL INFO Setting affinity for GPU 0 to ffffff
nid05293:4527:4546 [0] NCCL INFO Setting affinity for GPU 0 to ffffff
nid05291:28814:28833 [0] NCCL INFO Setting affinity for GPU 0 to ffffff
nid05292:8629:8651 [0] NCCL INFO Setting affinity for GPU 0 to ffffff
nid05298:30816:30841 [0] NCCL INFO Channel 00 :    0   1   2   3
nid05299:12655:12673 [0] NCCL INFO Could not find real path of /sys/class/net/ipogif0/device
nid05299:12655:12673 [0] NCCL INFO include/net.h:19 -> 2
nid05300:12397:12419 [0] NCCL INFO Could not find real path of /sys/class/net/ipogif0/device
nid05300:12397:12419 [0] NCCL INFO include/net.h:19 -> 2
nid05295:6034:6053 [0] NCCL INFO Setting affinity for GPU 0 to ffffff
nid05301:25019:25038 [0] NCCL INFO Could not find real path of /sys/class/net/ipogif0/device
nid05301:25019:25038 [0] NCCL INFO include/net.h:19 -> 2
nid05302:11068:11093 [0] NCCL INFO Channel 00 :    0   1   2   3
nid05303:4138:4157 [0] NCCL INFO Could not find real path of /sys/class/net/ipogif0/device
nid05303:4138:4157 [0] NCCL INFO include/net.h:19 -> 2
nid05305:31828:31846 [0] NCCL INFO Could not find real path of /sys/class/net/ipogif0/device
nid05305:31828:31846 [0] NCCL INFO include/net.h:19 -> 2
nid05290:17004:17034 [0] NCCL INFO Channel 00 :    0   1   2   3
nid05304:4561:4583 [0] NCCL INFO Could not find real path of /sys/class/net/ipogif0/device
nid05304:4561:4583 [0] NCCL INFO include/net.h:19 -> 2
nid05298:30816:30841 [0] NCCL INFO Could not find real path of /sys/class/net/ipogif0/device
nid05298:30816:30841 [0] NCCL INFO include/net.h:19 -> 2
nid05302:11068:11093 [0] NCCL INFO Could not find real path of /sys/class/net/ipogif0/device
nid05302:11068:11093 [0] NCCL INFO include/net.h:19 -> 2
nid05290:17004:17034 [0] NCCL INFO Could not find real path of /sys/class/net/ipogif0/device
nid05293:4527:4546 [0] NCCL INFO Could not find real path of /sys/class/net/ipogif0/device
nid05293:4527:4546 [0] NCCL INFO include/net.h:19 -> 2
nid05292:8629:8651 [0] NCCL INFO Could not find real path of /sys/class/net/ipogif0/device
nid05292:8629:8651 [0] NCCL INFO include/net.h:19 -> 2
nid05291:28814:28833 [0] NCCL INFO Could not find real path of /sys/class/net/ipogif0/device
nid05291:28814:28833 [0] NCCL INFO include/net.h:19 -> 2
nid05290:17004:17034 [0] NCCL INFO include/net.h:19 -> 2
nid05294:1981:2006 [0] NCCL INFO Channel 00 :    0   1   2   3
nid05295:6034:6053 [0] NCCL INFO Could not find real path of /sys/class/net/ipogif0/device
nid05295:6034:6053 [0] NCCL INFO include/net.h:19 -> 2
nid05296:26850:26872 [0] NCCL INFO Could not find real path of /sys/class/net/ipogif0/device
nid05296:26850:26872 [0] NCCL INFO include/net.h:19 -> 2
nid05299:12655:12673 [0] NCCL INFO Ring 00 : 0 -> 1 [receive] via NET/Socket/0
nid05303:4138:4157 [0] NCCL INFO Ring 00 : 0 -> 1 [receive] via NET/Socket/0
nid05297:25215:25234 [0] NCCL INFO Could not find real path of /sys/class/net/ipogif0/device
nid05297:25215:25234 [0] NCCL INFO include/net.h:19 -> 2
nid05305:31828:31846 [0] NCCL INFO Ring 00 : 2 -> 3 [receive] via NET/Socket/0
nid05294:1981:2006 [0] NCCL INFO Could not find real path of /sys/class/net/ipogif0/device
nid05304:4561:4583 [0] NCCL INFO Ring 00 : 1 -> 2 [receive] via NET/Socket/0
nid05300:12397:12419 [0] NCCL INFO Ring 00 : 1 -> 2 [receive] via NET/Socket/0
nid05298:30816:30841 [0] NCCL INFO Ring 00 : 3 -> 0 [receive] via NET/Socket/0
nid05301:25019:25038 [0] NCCL INFO Ring 00 : 2 -> 3 [receive] via NET/Socket/0
nid05302:11068:11093 [0] NCCL INFO Ring 00 : 3 -> 0 [receive] via NET/Socket/0
nid05299:12655:12673 [0] NCCL INFO NET/Socket: Using 1 threads and 1 sockets per thread
nid05303:4138:4157 [0] NCCL INFO NET/Socket: Using 1 threads and 1 sockets per thread
nid05305:31828:31846 [0] NCCL INFO NET/Socket: Using 1 threads and 1 sockets per thread
nid05294:1981:2006 [0] NCCL INFO include/net.h:19 -> 2
nid05304:4561:4583 [0] NCCL INFO NET/Socket: Using 1 threads and 1 sockets per thread
nid05300:12397:12419 [0] NCCL INFO NET/Socket: Using 1 threads and 1 sockets per thread
nid05298:30816:30841 [0] NCCL INFO NET/Socket: Using 1 threads and 1 sockets per thread
nid05301:25019:25038 [0] NCCL INFO NET/Socket: Using 1 threads and 1 sockets per thread
nid05302:11068:11093 [0] NCCL INFO NET/Socket: Using 1 threads and 1 sockets per thread
nid05290:17004:17034 [0] NCCL INFO Ring 00 : 3 -> 0 [receive] via NET/Socket/0
nid05293:4527:4546 [0] NCCL INFO Ring 00 : 2 -> 3 [receive] via NET/Socket/0
nid05292:8629:8651 [0] NCCL INFO Ring 00 : 1 -> 2 [receive] via NET/Socket/0
nid05291:28814:28833 [0] NCCL INFO Ring 00 : 0 -> 1 [receive] via NET/Socket/0
nid05290:17004:17034 [0] NCCL INFO NET/Socket: Using 1 threads and 1 sockets per thread
nid05293:4527:4546 [0] NCCL INFO NET/Socket: Using 1 threads and 1 sockets per thread
nid05292:8629:8651 [0] NCCL INFO NET/Socket: Using 1 threads and 1 sockets per thread
nid05291:28814:28833 [0] NCCL INFO NET/Socket: Using 1 threads and 1 sockets per thread
nid05297:25215:25234 [0] NCCL INFO Ring 00 : 2 -> 3 [receive] via NET/Socket/0
nid05294:1981:2006 [0] NCCL INFO Ring 00 : 3 -> 0 [receive] via NET/Socket/0
nid05295:6034:6053 [0] NCCL INFO Ring 00 : 0 -> 1 [receive] via NET/Socket/0
nid05296:26850:26872 [0] NCCL INFO Ring 00 : 1 -> 2 [receive] via NET/Socket/0
nid05297:25215:25234 [0] NCCL INFO NET/Socket: Using 1 threads and 1 sockets per thread
nid05294:1981:2006 [0] NCCL INFO NET/Socket: Using 1 threads and 1 sockets per thread
nid05295:6034:6053 [0] NCCL INFO NET/Socket: Using 1 threads and 1 sockets per thread
nid05296:26850:26872 [0] NCCL INFO NET/Socket: Using 1 threads and 1 sockets per thread
nid05299:12655:12673 [0] NCCL INFO Ring 00 : 1 -> 2 [send] via NET/Socket/0
nid05305:31828:31846 [0] NCCL INFO Ring 00 : 3 -> 0 [send] via NET/Socket/0
nid05304:4561:4583 [0] NCCL INFO Ring 00 : 2 -> 3 [send] via NET/Socket/0
nid05300:12397:12419 [0] NCCL INFO Ring 00 : 2 -> 3 [send] via NET/Socket/0
nid05298:30816:30841 [0] NCCL INFO Ring 00 : 0 -> 1 [send] via NET/Socket/0
nid05301:25019:25038 [0] NCCL INFO Ring 00 : 3 -> 0 [send] via NET/Socket/0
nid05303:4138:4157 [0] NCCL INFO Ring 00 : 1 -> 2 [send] via NET/Socket/0
nid05298:30816:30841 [0] NCCL INFO Using 256 threads, Min Comp Cap 6, Trees disabled
nid05302:11068:11093 [0] NCCL INFO Ring 00 : 0 -> 1 [send] via NET/Socket/0
nid05299:12655:12673 [0] NCCL INFO comm 0x2aab60001c20 rank 1 nranks 4 cudaDev 0 nvmlDev 0 - Init COMPLETE
nid05290:17004:17034 [0] NCCL INFO Ring 00 : 0 -> 1 [send] via NET/Socket/0
nid05293:4527:4546 [0] NCCL INFO Ring 00 : 3 -> 0 [send] via NET/Socket/0
nid05300:12397:12419 [0] NCCL INFO comm 0x2aab64001c20 rank 2 nranks 4 cudaDev 0 nvmlDev 0 - Init COMPLETE
nid05292:8629:8651 [0] NCCL INFO Ring 00 : 2 -> 3 [send] via NET/Socket/0
nid05291:28814:28833 [0] NCCL INFO Ring 00 : 1 -> 2 [send] via NET/Socket/0
nid05298:30816:30841 [0] NCCL INFO comm 0x2aab68001c20 rank 0 nranks 4 cudaDev 0 nvmlDev 0 - Init COMPLETE
nid05301:25019:25038 [0] NCCL INFO comm 0x2aab60001c20 rank 3 nranks 4 cudaDev 0 nvmlDev 0 - Init COMPLETE
nid05302:11068:11093 [0] NCCL INFO Using 256 threads, Min Comp Cap 6, Trees disabled
nid05305:31828:31846 [0] NCCL INFO comm 0x2aab60001c20 rank 3 nranks 4 cudaDev 0 nvmlDev 0 - Init COMPLETE
nid05290:17004:17034 [0] NCCL INFO Using 256 threads, Min Comp Cap 6, Trees disabled
nid05304:4561:4583 [0] NCCL INFO comm 0x2aab64001c20 rank 2 nranks 4 cudaDev 0 nvmlDev 0 - Init COMPLETE
nid05298:30816:30816 [0] NCCL INFO Launch mode Parallel
nid05302:11068:11093 [0] NCCL INFO comm 0x2aab68001c20 rank 0 nranks 4 cudaDev 0 nvmlDev 0 - Init COMPLETE
nid05303:4138:4157 [0] NCCL INFO comm 0x2aab60001c20 rank 1 nranks 4 cudaDev 0 nvmlDev 0 - Init COMPLETE
nid05302:11068:11068 [0] NCCL INFO Launch mode Parallel
nid05293:4527:4546 [0] NCCL INFO comm 0x2aab60001c20 rank 3 nranks 4 cudaDev 0 nvmlDev 0 - Init COMPLETE
nid05297:25215:25234 [0] NCCL INFO Ring 00 : 3 -> 0 [send] via NET/Socket/0
nid05290:17004:17034 [0] NCCL INFO comm 0x2aab74001c20 rank 0 nranks 4 cudaDev 0 nvmlDev 0 - Init COMPLETE
nid05294:1981:2006 [0] NCCL INFO Ring 00 : 0 -> 1 [send] via NET/Socket/0
NCCL version 2.4.8+cuda10.1
nid05292:8629:8651 [0] NCCL INFO comm 0x2aab64001c20 rank 2 nranks 4 cudaDev 0 nvmlDev 0 - Init COMPLETE
nid05291:28814:28833 [0] NCCL INFO comm 0x2aab60001c20 rank 1 nranks 4 cudaDev 0 nvmlDev 0 - Init COMPLETE
nid05295:6034:6053 [0] NCCL INFO Ring 00 : 1 -> 2 [send] via NET/Socket/0
nid05296:26850:26872 [0] NCCL INFO Ring 00 : 2 -> 3 [send] via NET/Socket/0
nid05290:17004:17004 [0] NCCL INFO Launch mode Parallel
nid05294:1981:2006 [0] NCCL INFO Using 256 threads, Min Comp Cap 6, Trees disabled
NCCL version 2.4.8+cuda10.1
NCCL version 2.4.8+cuda10.1
nid05297:25215:25234 [0] NCCL INFO comm 0x2aab60001c20 rank 3 nranks 4 cudaDev 0 nvmlDev 0 - Init COMPLETE
nid05294:1981:2006 [0] NCCL INFO comm 0x2aab68001c20 rank 0 nranks 4 cudaDev 0 nvmlDev 0 - Init COMPLETE
nid05295:6034:6053 [0] NCCL INFO comm 0x2aab60001c20 rank 1 nranks 4 cudaDev 0 nvmlDev 0 - Init COMPLETE
nid05296:26850:26872 [0] NCCL INFO comm 0x2aab64001c20 rank 2 nranks 4 cudaDev 0 nvmlDev 0 - Init COMPLETE
nid05294:1981:1981 [0] NCCL INFO Launch mode Parallel
nid05299:12655:12677 [0] NCCL INFO Setting affinity for GPU 0 to ffffff
nid05303:4138:4161 [0] NCCL INFO Setting affinity for GPU 0 to ffffff
nid05305:31828:31848 [0] NCCL INFO Setting affinity for GPU 0 to ffffff
nid05290:17004:17038 [0] NCCL INFO Setting affinity for GPU 0 to ffffff
nid05304:4561:4587 [0] NCCL INFO Setting affinity for GPU 0 to ffffff
nid05293:4527:4549 [0] NCCL INFO Setting affinity for GPU 0 to ffffff
nid05300:12397:12423 [0] NCCL INFO Setting affinity for GPU 0 to ffffff
nid05292:8629:8654 [0] NCCL INFO Setting affinity for GPU 0 to ffffff
nid05291:28814:28837 [0] NCCL INFO Setting affinity for GPU 0 to ffffff
nid05298:30816:30844 [0] NCCL INFO Setting affinity for GPU 0 to ffffff
nid05301:25019:25041 [0] NCCL INFO Setting affinity for GPU 0 to ffffff
nid05302:11068:11096 [0] NCCL INFO Setting affinity for GPU 0 to ffffff
nid05297:25215:25236 [0] NCCL INFO Setting affinity for GPU 0 to ffffff
nid05295:6034:6055 [0] NCCL INFO Setting affinity for GPU 0 to ffffff
nid05294:1981:2009 [0] NCCL INFO Setting affinity for GPU 0 to ffffff
nid05296:26850:26874 [0] NCCL INFO Setting affinity for GPU 0 to ffffff
nid05290:17004:17038 [0] NCCL INFO Channel 00 :    0   1   2   3
nid05293:4527:4549 [0] NCCL INFO Channel 00 :    0   1   2   3
nid05291:28814:28837 [0] NCCL INFO Channel 00 :    0   1   2   3
nid05299:12655:12677 [0] NCCL INFO Could not find real path of /sys/class/net/ipogif0/device
nid05299:12655:12677 [0] NCCL INFO include/net.h:19 -> 2
nid05297:25215:25236 [0] NCCL INFO Could not find real path of /sys/class/net/ipogif0/device
nid05305:31828:31848 [0] NCCL INFO Could not find real path of /sys/class/net/ipogif0/device
nid05305:31828:31848 [0] NCCL INFO include/net.h:19 -> 2
nid05290:17004:17038 [0] NCCL INFO Could not find real path of /sys/class/net/ipogif0/device
nid05290:17004:17038 [0] NCCL INFO include/net.h:19 -> 2
nid05294:1981:2009 [0] NCCL INFO Could not find real path of /sys/class/net/ipogif0/device
nid05294:1981:2009 [0] NCCL INFO include/net.h:19 -> 2
nid05293:4527:4549 [0] NCCL INFO Could not find real path of /sys/class/net/ipogif0/device
nid05292:8629:8654 [0] NCCL INFO Channel 00 :    0   1   2   3
nid05291:28814:28837 [0] NCCL INFO Could not find real path of /sys/class/net/ipogif0/device
nid05291:28814:28837 [0] NCCL INFO include/net.h:19 -> 2
nid05295:6034:6055 [0] NCCL INFO Could not find real path of /sys/class/net/ipogif0/device
nid05295:6034:6055 [0] NCCL INFO include/net.h:19 -> 2
nid05298:30816:30844 [0] NCCL INFO Could not find real path of /sys/class/net/ipogif0/device
nid05298:30816:30844 [0] NCCL INFO include/net.h:19 -> 2
nid05301:25019:25041 [0] NCCL INFO Could not find real path of /sys/class/net/ipogif0/device
nid05301:25019:25041 [0] NCCL INFO include/net.h:19 -> 2
nid05302:11068:11096 [0] NCCL INFO Could not find real path of /sys/class/net/ipogif0/device
nid05302:11068:11096 [0] NCCL INFO include/net.h:19 -> 2
nid05303:4138:4161 [0] NCCL INFO Could not find real path of /sys/class/net/ipogif0/device
nid05303:4138:4161 [0] NCCL INFO include/net.h:19 -> 2
nid05297:25215:25236 [0] NCCL INFO include/net.h:19 -> 2
nid05304:4561:4587 [0] NCCL INFO Could not find real path of /sys/class/net/ipogif0/device
nid05304:4561:4587 [0] NCCL INFO include/net.h:19 -> 2
nid05293:4527:4549 [0] NCCL INFO include/net.h:19 -> 2
nid05300:12397:12423 [0] NCCL INFO Could not find real path of /sys/class/net/ipogif0/device
nid05300:12397:12423 [0] NCCL INFO include/net.h:19 -> 2
nid05292:8629:8654 [0] NCCL INFO Could not find real path of /sys/class/net/ipogif0/device
nid05296:26850:26874 [0] NCCL INFO Could not find real path of /sys/class/net/ipogif0/device
nid05292:8629:8654 [0] NCCL INFO include/net.h:19 -> 2
nid05296:26850:26874 [0] NCCL INFO include/net.h:19 -> 2
nid05295:6034:6055 [0] NCCL INFO Ring 00 : 0 -> 1 [receive] via NET/Socket/0
nid05298:30816:30844 [0] NCCL INFO Ring 00 : 1 -> 2 [receive] via NET/Socket/0
nid05299:12655:12677 [0] NCCL INFO Ring 00 : 1 -> 2 [receive] via NET/Socket/0
nid05303:4138:4161 [0] NCCL INFO Ring 00 : 2 -> 3 [receive] via NET/Socket/0
nid05297:25215:25236 [0] NCCL INFO Ring 00 : 0 -> 1 [receive] via NET/Socket/0
nid05305:31828:31848 [0] NCCL INFO Ring 00 : 2 -> 3 [receive] via NET/Socket/0
nid05290:17004:17038 [0] NCCL INFO Ring 00 : 3 -> 0 [receive] via NET/Socket/0
nid05294:1981:2009 [0] NCCL INFO Ring 00 : 0 -> 1 [receive] via NET/Socket/0
nid05293:4527:4549 [0] NCCL INFO Ring 00 : 3 -> 0 [receive] via NET/Socket/0
nid05291:28814:28837 [0] NCCL INFO Ring 00 : 3 -> 0 [receive] via NET/Socket/0
nid05295:6034:6055 [0] NCCL INFO NET/Socket: Using 1 threads and 1 sockets per thread
nid05298:30816:30844 [0] NCCL INFO NET/Socket: Using 1 threads and 1 sockets per thread
nid05301:25019:25041 [0] NCCL INFO Ring 00 : 1 -> 2 [receive] via NET/Socket/0
nid05302:11068:11096 [0] NCCL INFO Ring 00 : 2 -> 3 [receive] via NET/Socket/0
nid05299:12655:12677 [0] NCCL INFO NET/Socket: Using 1 threads and 1 sockets per thread
nid05303:4138:4161 [0] NCCL INFO NET/Socket: Using 1 threads and 1 sockets per thread
nid05297:25215:25236 [0] NCCL INFO NET/Socket: Using 1 threads and 1 sockets per thread
nid05305:31828:31848 [0] NCCL INFO NET/Socket: Using 1 threads and 1 sockets per thread
nid05290:17004:17038 [0] NCCL INFO NET/Socket: Using 1 threads and 1 sockets per thread
nid05294:1981:2009 [0] NCCL INFO NET/Socket: Using 1 threads and 1 sockets per thread
nid05293:4527:4549 [0] NCCL INFO NET/Socket: Using 1 threads and 1 sockets per thread
nid05291:28814:28837 [0] NCCL INFO NET/Socket: Using 1 threads and 1 sockets per thread
nid05301:25019:25041 [0] NCCL INFO NET/Socket: Using 1 threads and 1 sockets per thread
nid05302:11068:11096 [0] NCCL INFO NET/Socket: Using 1 threads and 1 sockets per thread
nid05304:4561:4587 [0] NCCL INFO Ring 00 : 2 -> 3 [receive] via NET/Socket/0
nid05300:12397:12423 [0] NCCL INFO Ring 00 : 1 -> 2 [receive] via NET/Socket/0
nid05292:8629:8654 [0] NCCL INFO Ring 00 : 3 -> 0 [receive] via NET/Socket/0
nid05296:26850:26874 [0] NCCL INFO Ring 00 : 0 -> 1 [receive] via NET/Socket/0
nid05304:4561:4587 [0] NCCL INFO NET/Socket: Using 1 threads and 1 sockets per thread
nid05300:12397:12423 [0] NCCL INFO NET/Socket: Using 1 threads and 1 sockets per thread
nid05292:8629:8654 [0] NCCL INFO NET/Socket: Using 1 threads and 1 sockets per thread
nid05296:26850:26874 [0] NCCL INFO NET/Socket: Using 1 threads and 1 sockets per thread
nid05299:12655:12677 [0] NCCL INFO Ring 00 : 2 -> 3 [send] via NET/Socket/0
nid05297:25215:25236 [0] NCCL INFO Ring 00 : 1 -> 2 [send] via NET/Socket/0
nid05294:1981:2009 [0] NCCL INFO Ring 00 : 1 -> 2 [send] via NET/Socket/0
nid05295:6034:6055 [0] NCCL INFO Ring 00 : 1 -> 2 [send] via NET/Socket/0
nid05298:30816:30844 [0] NCCL INFO Ring 00 : 2 -> 3 [send] via NET/Socket/0
nid05302:11068:11096 [0] NCCL INFO Ring 00 : 3 -> 0 [send] via NET/Socket/0
nid05303:4138:4161 [0] NCCL INFO Ring 00 : 3 -> 0 [send] via NET/Socket/0
nid05305:31828:31848 [0] NCCL INFO Ring 00 : 3 -> 0 [send] via NET/Socket/0
nid05290:17004:17038 [0] NCCL INFO Ring 00 : 0 -> 1 [send] via NET/Socket/0
nid05293:4527:4549 [0] NCCL INFO Ring 00 : 0 -> 1 [send] via NET/Socket/0
nid05291:28814:28837 [0] NCCL INFO Ring 00 : 0 -> 1 [send] via NET/Socket/0
nid05301:25019:25041 [0] NCCL INFO Ring 00 : 2 -> 3 [send] via NET/Socket/0
nid05290:17004:17038 [0] NCCL INFO Using 256 threads, Min Comp Cap 6, Trees disabled
nid05291:28814:28837 [0] NCCL INFO Using 256 threads, Min Comp Cap 6, Trees disabled
nid05304:4561:4587 [0] NCCL INFO Ring 00 : 3 -> 0 [send] via NET/Socket/0
nid05293:4527:4549 [0] NCCL INFO Using 256 threads, Min Comp Cap 6, Trees disabled
nid05300:12397:12423 [0] NCCL INFO Ring 00 : 2 -> 3 [send] via NET/Socket/0
nid05292:8629:8654 [0] NCCL INFO Ring 00 : 0 -> 1 [send] via NET/Socket/0
nid05296:26850:26874 [0] NCCL INFO Ring 00 : 1 -> 2 [send] via NET/Socket/0
nid05299:12655:12677 [0] NCCL INFO comm 0x2aab68001c20 rank 2 nranks 4 cudaDev 0 nvmlDev 0 - Init COMPLETE
nid05292:8629:8654 [0] NCCL INFO Using 256 threads, Min Comp Cap 6, Trees disabled
nid05298:30816:30844 [0] NCCL INFO comm 0x2aab64001c20 rank 2 nranks 4 cudaDev 0 nvmlDev 0 - Init COMPLETE
nid05305:31828:31848 [0] NCCL INFO comm 0x2aab6002ddb0 rank 3 nranks 4 cudaDev 0 nvmlDev 0 - Init COMPLETE
nid05290:17004:17038 [0] NCCL INFO comm 0x2aab78001c20 rank 0 nranks 4 cudaDev 0 nvmlDev 0 - Init COMPLETE
nid05294:1981:2009 [0] NCCL INFO comm 0x2aab64001c20 rank 1 nranks 4 cudaDev 0 nvmlDev 0 - Init COMPLETE
nid05291:28814:28837 [0] NCCL INFO comm 0x2aab6c001c20 rank 0 nranks 4 cudaDev 0 nvmlDev 0 - Init COMPLETE
nid05295:6034:6055 [0] NCCL INFO comm 0x2aab64001c20 rank 1 nranks 4 cudaDev 0 nvmlDev 0 - Init COMPLETE
nid05301:25019:25041 [0] NCCL INFO comm 0x2aab64001c20 rank 2 nranks 4 cudaDev 0 nvmlDev 0 - Init COMPLETE
nid05302:11068:11096 [0] NCCL INFO comm 0x2aab64001c20 rank 3 nranks 4 cudaDev 0 nvmlDev 0 - Init COMPLETE
nid05303:4138:4161 [0] NCCL INFO comm 0x2aab68001c20 rank 3 nranks 4 cudaDev 0 nvmlDev 0 - Init COMPLETE
nid05297:25215:25236 [0] NCCL INFO comm 0x2aab6002ddb0 rank 1 nranks 4 cudaDev 0 nvmlDev 0 - Init COMPLETE
nid05290:17004:17004 [0] NCCL INFO Launch mode Parallel
nid05293:4527:4549 [0] NCCL INFO comm 0x2aab64001c20 rank 0 nranks 4 cudaDev 0 nvmlDev 0 - Init COMPLETE
nid05291:28814:28814 [0] NCCL INFO Launch mode Parallel
nid05304:4561:4587 [0] NCCL INFO comm 0x2aab68001c20 rank 3 nranks 4 cudaDev 0 nvmlDev 0 - Init COMPLETE
nid05293:4527:4527 [0] NCCL INFO Launch mode Parallel
nid05300:12397:12423 [0] NCCL INFO comm 0x2aab68001c20 rank 2 nranks 4 cudaDev 0 nvmlDev 0 - Init COMPLETE
nid05292:8629:8654 [0] NCCL INFO comm 0x2aab68001c20 rank 0 nranks 4 cudaDev 0 nvmlDev 0 - Init COMPLETE
nid05292:8629:8629 [0] NCCL INFO Launch mode Parallel
nid05296:26850:26874 [0] NCCL INFO comm 0x2aab6402ddb0 rank 1 nranks 4 cudaDev 0 nvmlDev 0 - Init COMPLETE
Duration/ms: 176.5942014694214
