nid03492:15167:15167 [0] NCCL INFO Bootstrap : Using [0]ipogif0:148.187.45.191<0>
nid04606:16251:16251 [0] NCCL INFO Bootstrap : Using [0]ipogif0:148.187.50.35<0>
nid04607:19413:19413 [0] NCCL INFO Bootstrap : Using [0]ipogif0:148.187.50.36<0>
nid03956:9614:9614 [0] NCCL INFO Bootstrap : Using [0]ipogif0:148.187.47.147<0>
nid03495:6577:6577 [0] NCCL INFO Bootstrap : Using [0]ipogif0:148.187.45.194<0>
nid03955:29046:29046 [0] NCCL INFO Bootstrap : Using [0]ipogif0:148.187.47.146<0>
nid04452:15241:15241 [0] NCCL INFO Bootstrap : Using [0]ipogif0:148.187.49.135<0>
nid04455:9180:9180 [0] NCCL INFO Bootstrap : Using [0]ipogif0:148.187.49.138<0>
nid04606:16251:16251 [0] NCCL INFO NET/Plugin : No plugin found (libnccl-net.so).
nid04607:19413:19413 [0] NCCL INFO NET/Plugin : No plugin found (libnccl-net.so).
nid03956:9614:9614 [0] NCCL INFO NET/Plugin : No plugin found (libnccl-net.so).
nid03495:6577:6577 [0] NCCL INFO NET/Plugin : No plugin found (libnccl-net.so).
nid03492:15167:15167 [0] NCCL INFO NET/Plugin : No plugin found (libnccl-net.so).
libibverbs: Could not locate libibgni (/usr/lib64/libibgni.so.1: undefined symbol: verbs_uninit_context)
libibverbs: Warning: couldn't open config directory '/opt/cray/rdma-core/22.3-7.0.2.1_2.21__g42f5f32b.ari/etc/libibverbs.d'.
nid03492:15167:15167 [0] NCCL INFO NET/IB : No device found.
nid03492:15167:15167 [0] NCCL INFO NET/Socket : Using [0]ipogif0:148.187.45.191<0>
NCCL version 2.4.8+cuda10.1
nid03492:15167:15192 [0] NCCL INFO Setting affinity for GPU 0 to ffffff
nid04452:15241:15241 [0] NCCL INFO NET/Plugin : No plugin found (libnccl-net.so).
libibverbs: Could not locate libibgni (/usr/lib64/libibgni.so.1: undefined symbol: verbs_uninit_context)
libibverbs: Warning: couldn't open config directory '/opt/cray/rdma-core/22.3-7.0.2.1_2.21__g42f5f32b.ari/etc/libibverbs.d'.
nid04607:19413:19413 [0] NCCL INFO NET/IB : No device found.
nid04607:19413:19413 [0] NCCL INFO NET/Socket : Using [0]ipogif0:148.187.50.36<0>
libibverbs: Could not locate libibgni (/usr/lib64/libibgni.so.1: undefined symbol: verbs_uninit_context)
libibverbs: Warning: couldn't open config directory '/opt/cray/rdma-core/22.3-7.0.2.1_2.21__g42f5f32b.ari/etc/libibverbs.d'.
nid04606:16251:16251 [0] NCCL INFO NET/IB : No device found.
nid04606:16251:16251 [0] NCCL INFO NET/Socket : Using [0]ipogif0:148.187.50.35<0>
libibverbs: Could not locate libibgni (/usr/lib64/libibgni.so.1: undefined symbol: verbs_uninit_context)
libibverbs: Warning: couldn't open config directory '/opt/cray/rdma-core/22.3-7.0.2.1_2.21__g42f5f32b.ari/etc/libibverbs.d'.
nid03495:6577:6577 [0] NCCL INFO NET/IB : No device found.
libibverbs: Could not locate libibgni (/usr/lib64/libibgni.so.1: undefined symbol: verbs_uninit_context)
nid03495:6577:6577 [0] NCCL INFO NET/Socket : Using [0]ipogif0:148.187.45.194<0>
libibverbs: Warning: couldn't open config directory '/opt/cray/rdma-core/22.3-7.0.2.1_2.21__g42f5f32b.ari/etc/libibverbs.d'.
nid03956:9614:9614 [0] NCCL INFO NET/IB : No device found.
nid03956:9614:9614 [0] NCCL INFO NET/Socket : Using [0]ipogif0:148.187.47.147<0>
libibverbs: Could not locate libibgni (/usr/lib64/libibgni.so.1: undefined symbol: verbs_uninit_context)
libibverbs: Warning: couldn't open config directory '/opt/cray/rdma-core/22.3-7.0.2.1_2.21__g42f5f32b.ari/etc/libibverbs.d'.
nid04452:15241:15241 [0] NCCL INFO NET/IB : No device found.
nid04452:15241:15241 [0] NCCL INFO NET/Socket : Using [0]ipogif0:148.187.49.135<0>
nid04607:19413:19428 [0] NCCL INFO Setting affinity for GPU 0 to ffffff
nid04606:16251:16266 [0] NCCL INFO Setting affinity for GPU 0 to ffffff
nid03495:6577:6595 [0] NCCL INFO Setting affinity for GPU 0 to ffffff
nid03956:9614:9629 [0] NCCL INFO Setting affinity for GPU 0 to ffffff
nid04452:15241:15255 [0] NCCL INFO Setting affinity for GPU 0 to ffffff
nid04455:9180:9180 [0] NCCL INFO NET/Plugin : No plugin found (libnccl-net.so).
libibverbs: Could not locate libibgni (/usr/lib64/libibgni.so.1: undefined symbol: verbs_uninit_context)
nid03955:29046:29046 [0] NCCL INFO NET/Plugin : No plugin found (libnccl-net.so).
libibverbs: Warning: couldn't open config directory '/opt/cray/rdma-core/22.3-7.0.2.1_2.21__g42f5f32b.ari/etc/libibverbs.d'.
nid04455:9180:9180 [0] NCCL INFO NET/IB : No device found.
libibverbs: Could not locate libibgni (/usr/lib64/libibgni.so.1: undefined symbol: verbs_uninit_context)
nid04455:9180:9180 [0] NCCL INFO NET/Socket : Using [0]ipogif0:148.187.49.138<0>
libibverbs: Warning: couldn't open config directory '/opt/cray/rdma-core/22.3-7.0.2.1_2.21__g42f5f32b.ari/etc/libibverbs.d'.
nid03955:29046:29046 [0] NCCL INFO NET/IB : No device found.
nid04455:9180:9195 [0] NCCL INFO Setting affinity for GPU 0 to ffffff
nid03955:29046:29046 [0] NCCL INFO NET/Socket : Using [0]ipogif0:148.187.47.146<0>
nid03955:29046:29060 [0] NCCL INFO Setting affinity for GPU 0 to ffffff
nid04453:21777:21777 [0] NCCL INFO Bootstrap : Using [0]ipogif0:148.187.49.136<0>
nid04453:21777:21777 [0] NCCL INFO NET/Plugin : No plugin found (libnccl-net.so).
libibverbs: Could not locate libibgni (/usr/lib64/libibgni.so.1: undefined symbol: verbs_uninit_context)
libibverbs: Warning: couldn't open config directory '/opt/cray/rdma-core/22.3-7.0.2.1_2.21__g42f5f32b.ari/etc/libibverbs.d'.
nid04453:21777:21777 [0] NCCL INFO NET/IB : No device found.
nid04453:21777:21777 [0] NCCL INFO NET/Socket : Using [0]ipogif0:148.187.49.136<0>
nid04453:21777:21792 [0] NCCL INFO Setting affinity for GPU 0 to ffffff
nid04608:8267:8267 [0] NCCL INFO Bootstrap : Using [0]ipogif0:148.187.50.37<0>
nid04608:8267:8267 [0] NCCL INFO NET/Plugin : No plugin found (libnccl-net.so).
nid03953:14346:14346 [0] NCCL INFO Bootstrap : Using [0]ipogif0:148.187.47.144<0>
nid03493:15188:15188 [0] NCCL INFO Bootstrap : Using [0]ipogif0:148.187.45.192<0>
libibverbs: Could not locate libibgni (/usr/lib64/libibgni.so.1: undefined symbol: verbs_uninit_context)
libibverbs: Warning: couldn't open config directory '/opt/cray/rdma-core/22.3-7.0.2.1_2.21__g42f5f32b.ari/etc/libibverbs.d'.
nid04608:8267:8267 [0] NCCL INFO NET/IB : No device found.
nid04608:8267:8267 [0] NCCL INFO NET/Socket : Using [0]ipogif0:148.187.50.37<0>
nid04608:8267:8281 [0] NCCL INFO Setting affinity for GPU 0 to ffffff
nid03953:14346:14346 [0] NCCL INFO NET/Plugin : No plugin found (libnccl-net.so).
libibverbs: Could not locate libibgni (/usr/lib64/libibgni.so.1: undefined symbol: verbs_uninit_context)
libibverbs: Warning: couldn't open config directory '/opt/cray/rdma-core/22.3-7.0.2.1_2.21__g42f5f32b.ari/etc/libibverbs.d'.
nid03953:14346:14346 [0] NCCL INFO NET/IB : No device found.
nid03953:14346:14346 [0] NCCL INFO NET/Socket : Using [0]ipogif0:148.187.47.144<0>
nid03953:14346:14360 [0] NCCL INFO Setting affinity for GPU 0 to ffffff
nid03493:15188:15188 [0] NCCL INFO NET/Plugin : No plugin found (libnccl-net.so).
libibverbs: Could not locate libibgni (/usr/lib64/libibgni.so.1: undefined symbol: verbs_uninit_context)
libibverbs: Warning: couldn't open config directory '/opt/cray/rdma-core/22.3-7.0.2.1_2.21__g42f5f32b.ari/etc/libibverbs.d'.
nid03493:15188:15188 [0] NCCL INFO NET/IB : No device found.
nid03493:15188:15188 [0] NCCL INFO NET/Socket : Using [0]ipogif0:148.187.45.192<0>
nid03493:15188:15202 [0] NCCL INFO Setting affinity for GPU 0 to ffffff
nid03954:14140:14140 [0] NCCL INFO Bootstrap : Using [0]ipogif0:148.187.47.145<0>
nid03954:14140:14140 [0] NCCL INFO NET/Plugin : No plugin found (libnccl-net.so).
libibverbs: Could not locate libibgni (/usr/lib64/libibgni.so.1: undefined symbol: verbs_uninit_context)
libibverbs: Warning: couldn't open config directory '/opt/cray/rdma-core/22.3-7.0.2.1_2.21__g42f5f32b.ari/etc/libibverbs.d'.
nid03954:14140:14140 [0] NCCL INFO NET/IB : No device found.
nid03954:14140:14140 [0] NCCL INFO NET/Socket : Using [0]ipogif0:148.187.47.145<0>
nid03954:14140:14155 [0] NCCL INFO Setting affinity for GPU 0 to ffffff
nid04454:21792:21792 [0] NCCL INFO Bootstrap : Using [0]ipogif0:148.187.49.137<0>
nid04454:21792:21792 [0] NCCL INFO NET/Plugin : No plugin found (libnccl-net.so).
libibverbs: Could not locate libibgni (/usr/lib64/libibgni.so.1: undefined symbol: verbs_uninit_context)
libibverbs: Warning: couldn't open config directory '/opt/cray/rdma-core/22.3-7.0.2.1_2.21__g42f5f32b.ari/etc/libibverbs.d'.
nid04454:21792:21792 [0] NCCL INFO NET/IB : No device found.
nid04454:21792:21792 [0] NCCL INFO NET/Socket : Using [0]ipogif0:148.187.49.137<0>
nid04454:21792:21808 [0] NCCL INFO Setting affinity for GPU 0 to ffffff
nid03494:15739:15739 [0] NCCL INFO Bootstrap : Using [0]ipogif0:148.187.45.193<0>
nid03494:15739:15739 [0] NCCL INFO NET/Plugin : No plugin found (libnccl-net.so).
libibverbs: Could not locate libibgni (/usr/lib64/libibgni.so.1: undefined symbol: verbs_uninit_context)
libibverbs: Warning: couldn't open config directory '/opt/cray/rdma-core/22.3-7.0.2.1_2.21__g42f5f32b.ari/etc/libibverbs.d'.
nid03494:15739:15739 [0] NCCL INFO NET/IB : No device found.
nid03494:15739:15739 [0] NCCL INFO NET/Socket : Using [0]ipogif0:148.187.45.193<0>
nid03494:15739:15755 [0] NCCL INFO Setting affinity for GPU 0 to ffffff
nid04609:27271:27271 [0] NCCL INFO Bootstrap : Using [0]ipogif0:148.187.50.38<0>
nid03492:15167:15192 [0] NCCL INFO Could not find real path of /sys/class/net/ipogif0/device
nid03492:15167:15192 [0] NCCL INFO include/net.h:19 -> 2
nid03492:15167:15192 [0] NCCL INFO CUDA Dev 0[0], Socket NIC distance :  SYS
nid03495:6577:6595 [0] NCCL INFO Could not find real path of /sys/class/net/ipogif0/device
nid03495:6577:6595 [0] NCCL INFO include/net.h:19 -> 2
nid03495:6577:6595 [0] NCCL INFO CUDA Dev 0[0], Socket NIC distance :  SYS
nid04453:21777:21792 [0] NCCL INFO Could not find real path of /sys/class/net/ipogif0/device
nid04453:21777:21792 [0] NCCL INFO include/net.h:19 -> 2
nid04453:21777:21792 [0] NCCL INFO CUDA Dev 0[0], Socket NIC distance :  SYS
nid04606:16251:16266 [0] NCCL INFO Could not find real path of /sys/class/net/ipogif0/device
nid04606:16251:16266 [0] NCCL INFO include/net.h:19 -> 2
nid04606:16251:16266 [0] NCCL INFO CUDA Dev 0[0], Socket NIC distance :  SYS
nid04608:8267:8281 [0] NCCL INFO Could not find real path of /sys/class/net/ipogif0/device
nid04608:8267:8281 [0] NCCL INFO include/net.h:19 -> 2
nid04607:19413:19428 [0] NCCL INFO Could not find real path of /sys/class/net/ipogif0/device
nid04607:19413:19428 [0] NCCL INFO include/net.h:19 -> 2
nid04607:19413:19428 [0] NCCL INFO CUDA Dev 0[0], Socket NIC distance :  SYS
nid04452:15241:15255 [0] NCCL INFO Could not find real path of /sys/class/net/ipogif0/device
nid04452:15241:15255 [0] NCCL INFO include/net.h:19 -> 2
nid04452:15241:15255 [0] NCCL INFO CUDA Dev 0[0], Socket NIC distance :  SYS
nid03956:9614:9629 [0] NCCL INFO Could not find real path of /sys/class/net/ipogif0/device
nid03956:9614:9629 [0] NCCL INFO include/net.h:19 -> 2
nid03956:9614:9629 [0] NCCL INFO CUDA Dev 0[0], Socket NIC distance :  SYS
nid03955:29046:29060 [0] NCCL INFO Could not find real path of /sys/class/net/ipogif0/device
nid03955:29046:29060 [0] NCCL INFO include/net.h:19 -> 2
nid03955:29046:29060 [0] NCCL INFO CUDA Dev 0[0], Socket NIC distance :  SYS
nid03494:15739:15755 [0] NCCL INFO Could not find real path of /sys/class/net/ipogif0/device
nid03494:15739:15755 [0] NCCL INFO include/net.h:19 -> 2
nid03953:14346:14360 [0] NCCL INFO Could not find real path of /sys/class/net/ipogif0/device
nid03953:14346:14360 [0] NCCL INFO include/net.h:19 -> 2
libibverbs: Could not locate libibgni (/usr/lib64/libibgni.so.1: undefined symbol: verbs_uninit_context)
nid04455:9180:9195 [0] NCCL INFO Could not find real path of /sys/class/net/ipogif0/device
nid04455:9180:9195 [0] NCCL INFO include/net.h:19 -> 2
nid04455:9180:9195 [0] NCCL INFO CUDA Dev 0[0], Socket NIC distance :  SYS
libibverbs: Warning: couldn't open config directory '/opt/cray/rdma-core/22.3-7.0.2.1_2.21__g42f5f32b.ari/etc/libibverbs.d'.
nid04454:21792:21808 [0] NCCL INFO Could not find real path of /sys/class/net/ipogif0/device
nid04454:21792:21808 [0] NCCL INFO include/net.h:19 -> 2
nid04454:21792:21808 [0] NCCL INFO CUDA Dev 0[0], Socket NIC distance :  SYS
nid03493:15188:15202 [0] NCCL INFO Could not find real path of /sys/class/net/ipogif0/device
nid03493:15188:15202 [0] NCCL INFO include/net.h:19 -> 2
nid03493:15188:15202 [0] NCCL INFO CUDA Dev 0[0], Socket NIC distance :  SYS
nid03954:14140:14155 [0] NCCL INFO Could not find real path of /sys/class/net/ipogif0/device
nid03954:14140:14155 [0] NCCL INFO include/net.h:19 -> 2
nid03954:14140:14155 [0] NCCL INFO CUDA Dev 0[0], Socket NIC distance :  SYS
nid04608:8267:8281 [0] NCCL INFO CUDA Dev 0[0], Socket NIC distance :  SYS
nid03494:15739:15755 [0] NCCL INFO CUDA Dev 0[0], Socket NIC distance :  SYS
nid03953:14346:14360 [0] NCCL INFO CUDA Dev 0[0], Socket NIC distance :  SYS
nid03492:15167:15192 [0] NCCL INFO Channel 00 :    0   1   2   3   4   5   6   7   8   9  10  11  12  13  14  15
nid03495:6577:6595 [0] NCCL INFO Could not find real path of /sys/class/net/ipogif0/device
nid03495:6577:6595 [0] NCCL INFO include/net.h:19 -> 2
nid04606:16251:16266 [0] NCCL INFO Could not find real path of /sys/class/net/ipogif0/device
nid04606:16251:16266 [0] NCCL INFO include/net.h:19 -> 2
nid04608:8267:8281 [0] NCCL INFO Could not find real path of /sys/class/net/ipogif0/device
nid04608:8267:8281 [0] NCCL INFO include/net.h:19 -> 2
nid04607:19413:19428 [0] NCCL INFO Could not find real path of /sys/class/net/ipogif0/device
nid04607:19413:19428 [0] NCCL INFO include/net.h:19 -> 2
nid04452:15241:15255 [0] NCCL INFO Could not find real path of /sys/class/net/ipogif0/device
nid04452:15241:15255 [0] NCCL INFO include/net.h:19 -> 2
nid03956:9614:9629 [0] NCCL INFO Could not find real path of /sys/class/net/ipogif0/device
nid03956:9614:9629 [0] NCCL INFO include/net.h:19 -> 2
nid03955:29046:29060 [0] NCCL INFO Could not find real path of /sys/class/net/ipogif0/device
nid03955:29046:29060 [0] NCCL INFO include/net.h:19 -> 2
nid03494:15739:15755 [0] NCCL INFO Could not find real path of /sys/class/net/ipogif0/device
nid03494:15739:15755 [0] NCCL INFO include/net.h:19 -> 2
nid03953:14346:14360 [0] NCCL INFO Could not find real path of /sys/class/net/ipogif0/device
nid03953:14346:14360 [0] NCCL INFO include/net.h:19 -> 2
nid04455:9180:9195 [0] NCCL INFO Could not find real path of /sys/class/net/ipogif0/device
nid04455:9180:9195 [0] NCCL INFO include/net.h:19 -> 2
nid04454:21792:21808 [0] NCCL INFO Could not find real path of /sys/class/net/ipogif0/device
nid04454:21792:21808 [0] NCCL INFO include/net.h:19 -> 2
nid03493:15188:15202 [0] NCCL INFO Could not find real path of /sys/class/net/ipogif0/device
nid03493:15188:15202 [0] NCCL INFO include/net.h:19 -> 2
nid03954:14140:14155 [0] NCCL INFO Could not find real path of /sys/class/net/ipogif0/device
nid03954:14140:14155 [0] NCCL INFO include/net.h:19 -> 2
nid03492:15167:15192 [0] NCCL INFO Could not find real path of /sys/class/net/ipogif0/device
nid03492:15167:15192 [0] NCCL INFO include/net.h:19 -> 2
nid04453:21777:21792 [0] NCCL INFO Could not find real path of /sys/class/net/ipogif0/device
nid04453:21777:21792 [0] NCCL INFO include/net.h:19 -> 2
nid04609:27271:27271 [0] NCCL INFO NET/Plugin : No plugin found (libnccl-net.so).
nid03495:6577:6595 [0] NCCL INFO Ring 00 : 2 -> 3 [receive] via NET/Socket/0
nid04453:21777:21792 [0] NCCL INFO Ring 00 : 8 -> 9 [receive] via NET/Socket/0
nid04606:16251:16266 [0] NCCL INFO Ring 00 : 11 -> 12 [receive] via NET/Socket/0
nid04608:8267:8281 [0] NCCL INFO Ring 00 : 13 -> 14 [receive] via NET/Socket/0
nid04607:19413:19428 [0] NCCL INFO Ring 00 : 12 -> 13 [receive] via NET/Socket/0
nid04452:15241:15255 [0] NCCL INFO Ring 00 : 7 -> 8 [receive] via NET/Socket/0
nid03956:9614:9629 [0] NCCL INFO Ring 00 : 6 -> 7 [receive] via NET/Socket/0
nid03955:29046:29060 [0] NCCL INFO Ring 00 : 5 -> 6 [receive] via NET/Socket/0
nid03494:15739:15755 [0] NCCL INFO Ring 00 : 1 -> 2 [receive] via NET/Socket/0
nid03953:14346:14360 [0] NCCL INFO Ring 00 : 3 -> 4 [receive] via NET/Socket/0
nid04455:9180:9195 [0] NCCL INFO Ring 00 : 10 -> 11 [receive] via NET/Socket/0
nid04454:21792:21808 [0] NCCL INFO Ring 00 : 9 -> 10 [receive] via NET/Socket/0
nid03493:15188:15202 [0] NCCL INFO Ring 00 : 0 -> 1 [receive] via NET/Socket/0
nid03954:14140:14155 [0] NCCL INFO Ring 00 : 4 -> 5 [receive] via NET/Socket/0
nid03492:15167:15192 [0] NCCL INFO Ring 00 : 15 -> 0 [receive] via NET/Socket/0
nid03495:6577:6595 [0] NCCL INFO NET/Socket: Using 1 threads and 1 sockets per thread
nid04453:21777:21792 [0] NCCL INFO NET/Socket: Using 1 threads and 1 sockets per thread
nid04606:16251:16266 [0] NCCL INFO NET/Socket: Using 1 threads and 1 sockets per thread
nid04608:8267:8281 [0] NCCL INFO NET/Socket: Using 1 threads and 1 sockets per thread
nid04607:19413:19428 [0] NCCL INFO NET/Socket: Using 1 threads and 1 sockets per thread
nid04452:15241:15255 [0] NCCL INFO NET/Socket: Using 1 threads and 1 sockets per thread
nid03956:9614:9629 [0] NCCL INFO NET/Socket: Using 1 threads and 1 sockets per thread
nid03955:29046:29060 [0] NCCL INFO NET/Socket: Using 1 threads and 1 sockets per thread
nid03494:15739:15755 [0] NCCL INFO NET/Socket: Using 1 threads and 1 sockets per thread
nid03953:14346:14360 [0] NCCL INFO NET/Socket: Using 1 threads and 1 sockets per thread
nid04455:9180:9195 [0] NCCL INFO NET/Socket: Using 1 threads and 1 sockets per thread
nid04454:21792:21808 [0] NCCL INFO NET/Socket: Using 1 threads and 1 sockets per thread
nid03493:15188:15202 [0] NCCL INFO NET/Socket: Using 1 threads and 1 sockets per thread
nid03954:14140:14155 [0] NCCL INFO NET/Socket: Using 1 threads and 1 sockets per thread
nid03492:15167:15192 [0] NCCL INFO NET/Socket: Using 1 threads and 1 sockets per thread
nid04609:27271:27271 [0] NCCL INFO NET/IB : No device found.
nid04609:27271:27271 [0] NCCL INFO NET/Socket : Using [0]ipogif0:148.187.50.38<0>
nid04608:8267:8281 [0] NCCL INFO Ring 00 : 14 -> 15 [send] via NET/Socket/0
nid04607:19413:19428 [0] NCCL INFO Ring 00 : 13 -> 14 [send] via NET/Socket/0
nid03955:29046:29060 [0] NCCL INFO Ring 00 : 6 -> 7 [send] via NET/Socket/0
nid04609:27271:27286 [0] NCCL INFO Setting affinity for GPU 0 to ffffff
nid03494:15739:15755 [0] NCCL INFO Ring 00 : 2 -> 3 [send] via NET/Socket/0
nid03493:15188:15202 [0] NCCL INFO Ring 00 : 1 -> 2 [send] via NET/Socket/0
nid03954:14140:14155 [0] NCCL INFO Ring 00 : 5 -> 6 [send] via NET/Socket/0
nid03495:6577:6595 [0] NCCL INFO Ring 00 : 3 -> 4 [send] via NET/Socket/0
nid04453:21777:21792 [0] NCCL INFO Ring 00 : 9 -> 10 [send] via NET/Socket/0
nid04608:8267:8281 [0] NCCL INFO Could not find real path of /sys/class/net/ipogif0/device
nid04608:8267:8281 [0] NCCL INFO include/net.h:19 -> 2
nid04452:15241:15255 [0] NCCL INFO Ring 00 : 8 -> 9 [send] via NET/Socket/0
nid03956:9614:9629 [0] NCCL INFO Ring 00 : 7 -> 8 [send] via NET/Socket/0
nid03955:29046:29060 [0] NCCL INFO Could not find real path of /sys/class/net/ipogif0/device
nid04609:27271:27286 [0] NCCL INFO Could not find real path of /sys/class/net/ipogif0/device
nid04609:27271:27286 [0] NCCL INFO include/net.h:19 -> 2
nid03494:15739:15755 [0] NCCL INFO Could not find real path of /sys/class/net/ipogif0/device
nid03494:15739:15755 [0] NCCL INFO include/net.h:19 -> 2
nid03953:14346:14360 [0] NCCL INFO Ring 00 : 4 -> 5 [send] via NET/Socket/0
nid04455:9180:9195 [0] NCCL INFO Ring 00 : 11 -> 12 [send] via NET/Socket/0
nid04454:21792:21808 [0] NCCL INFO Ring 00 : 10 -> 11 [send] via NET/Socket/0
nid03493:15188:15202 [0] NCCL INFO Could not find real path of /sys/class/net/ipogif0/device
nid03493:15188:15202 [0] NCCL INFO include/net.h:19 -> 2
nid03954:14140:14155 [0] NCCL INFO Could not find real path of /sys/class/net/ipogif0/device
nid03954:14140:14155 [0] NCCL INFO include/net.h:19 -> 2
nid03492:15167:15192 [0] NCCL INFO Ring 00 : 0 -> 1 [send] via NET/Socket/0
nid04453:21777:21792 [0] NCCL INFO Could not find real path of /sys/class/net/ipogif0/device
nid04452:15241:15255 [0] NCCL INFO Could not find real path of /sys/class/net/ipogif0/device
nid03955:29046:29060 [0] NCCL INFO include/net.h:19 -> 2
nid04609:27271:27286 [0] NCCL INFO CUDA Dev 0[0], Socket NIC distance :  SYS
nid03953:14346:14360 [0] NCCL INFO Could not find real path of /sys/class/net/ipogif0/device
nid03953:14346:14360 [0] NCCL INFO include/net.h:19 -> 2
nid04454:21792:21808 [0] NCCL INFO Could not find real path of /sys/class/net/ipogif0/device
nid03492:15167:15192 [0] NCCL INFO Could not find real path of /sys/class/net/ipogif0/device
nid03492:15167:15192 [0] NCCL INFO include/net.h:19 -> 2
nid04453:21777:21792 [0] NCCL INFO include/net.h:19 -> 2
nid04452:15241:15255 [0] NCCL INFO include/net.h:19 -> 2
nid04609:27271:27286 [0] NCCL INFO Could not find real path of /sys/class/net/ipogif0/device
nid04609:27271:27286 [0] NCCL INFO include/net.h:19 -> 2
nid04454:21792:21808 [0] NCCL INFO include/net.h:19 -> 2
nid04609:27271:27286 [0] NCCL INFO Ring 00 : 14 -> 15 [receive] via NET/Socket/0
nid04609:27271:27286 [0] NCCL INFO NET/Socket: Using 1 threads and 1 sockets per thread
nid04609:27271:27286 [0] NCCL INFO Ring 00 : 15 -> 0 [send] via NET/Socket/0
nid04608:8267:8281 [0] NCCL INFO Ring 00 : 15 -> 14 [receive] via NET/Socket/0
nid03955:29046:29060 [0] NCCL INFO Ring 00 : 7 -> 6 [receive] via NET/Socket/0
nid03494:15739:15755 [0] NCCL INFO Ring 00 : 3 -> 2 [receive] via NET/Socket/0
nid04453:21777:21792 [0] NCCL INFO Ring 00 : 10 -> 9 [receive] via NET/Socket/0
nid04606:16251:16266 [0] NCCL INFO Ring 00 : 12 -> 13 [send] via NET/Socket/0
nid04608:8267:8281 [0] NCCL INFO NET/Socket: Using 1 threads and 1 sockets per thread
nid04452:15241:15255 [0] NCCL INFO Ring 00 : 4 -> 8 [receive] via NET/Socket/0
nid03956:9614:9629 [0] NCCL INFO Ring 00 : 7 -> 6 [send] via NET/Socket/0
nid03955:29046:29060 [0] NCCL INFO NET/Socket: Using 1 threads and 1 sockets per thread
nid04609:27271:27286 [0] NCCL INFO Ring 00 : 15 -> 14 [send] via NET/Socket/0
nid03494:15739:15755 [0] NCCL INFO NET/Socket: Using 1 threads and 1 sockets per thread
nid03953:14346:14360 [0] NCCL INFO Ring 00 : 2 -> 4 [receive] via NET/Socket/0
nid04455:9180:9195 [0] NCCL INFO Ring 00 : 11 -> 10 [send] via NET/Socket/0
nid04454:21792:21808 [0] NCCL INFO Ring 00 : 11 -> 10 [receive] via NET/Socket/0
nid03493:15188:15202 [0] NCCL INFO Ring 00 : 2 -> 1 [receive] via NET/Socket/0
nid03954:14140:14155 [0] NCCL INFO Ring 00 : 6 -> 5 [receive] via NET/Socket/0
nid03492:15167:15192 [0] NCCL INFO Ring 00 : 8 -> 0 [receive] via NET/Socket/0
nid03495:6577:6595 [0] NCCL INFO Ring 00 : 3 -> 2 [send] via NET/Socket/0
nid04453:21777:21792 [0] NCCL INFO NET/Socket: Using 1 threads and 1 sockets per thread
nid04606:16251:16266 [0] NCCL INFO Could not find real path of /sys/class/net/ipogif0/device
nid04607:19413:19428 [0] NCCL INFO Could not find real path of /sys/class/net/ipogif0/device
nid04607:19413:19428 [0] NCCL INFO include/net.h:19 -> 2
nid04452:15241:15255 [0] NCCL INFO NET/Socket: Using 1 threads and 1 sockets per thread
nid03956:9614:9629 [0] NCCL INFO Trees [0] 6->7->-1/-1/-1
nid04609:27271:27286 [0] NCCL INFO Trees [0] 14->15->-1/-1/-1
nid03953:14346:14360 [0] NCCL INFO NET/Socket: Using 1 threads and 1 sockets per thread
nid04455:9180:9195 [0] NCCL INFO Trees [0] 10->11->-1/-1/-1
nid04454:21792:21808 [0] NCCL INFO NET/Socket: Using 1 threads and 1 sockets per thread
nid03493:15188:15202 [0] NCCL INFO NET/Socket: Using 1 threads and 1 sockets per thread
nid03954:14140:14155 [0] NCCL INFO NET/Socket: Using 1 threads and 1 sockets per thread
nid03492:15167:15192 [0] NCCL INFO NET/Socket: Using 1 threads and 1 sockets per thread
nid03495:6577:6595 [0] NCCL INFO Trees [0] 2->3->-1/-1/-1
nid04606:16251:16266 [0] NCCL INFO include/net.h:19 -> 2
nid04452:15241:15255 [0] NCCL INFO Could not find real path of /sys/class/net/ipogif0/device
nid03956:9614:9629 [0] NCCL INFO comm 0x2aab64002260 rank 7 nranks 16 cudaDev 0 nvmlDev 0 - Init COMPLETE
nid04609:27271:27286 [0] NCCL INFO comm 0x2aab64002260 rank 15 nranks 16 cudaDev 0 nvmlDev 0 - Init COMPLETE
nid03953:14346:14360 [0] NCCL INFO Could not find real path of /sys/class/net/ipogif0/device
nid03953:14346:14360 [0] NCCL INFO include/net.h:19 -> 2
nid04455:9180:9195 [0] NCCL INFO comm 0x2aab64002260 rank 11 nranks 16 cudaDev 0 nvmlDev 0 - Init COMPLETE
nid03495:6577:6595 [0] NCCL INFO comm 0x2aab64002260 rank 3 nranks 16 cudaDev 0 nvmlDev 0 - Init COMPLETE
nid04452:15241:15255 [0] NCCL INFO include/net.h:19 -> 2
nid04608:8267:8281 [0] NCCL INFO Ring 00 : 14 -> 12 [send] via NET/Socket/0
nid04452:15241:15255 [0] NCCL INFO Ring 00 : 12 -> 8 [receive] via NET/Socket/0
nid03955:29046:29060 [0] NCCL INFO Ring 00 : 6 -> 4 [send] via NET/Socket/0
nid03494:15739:15755 [0] NCCL INFO Ring 00 : 2 -> 4 [send] via NET/Socket/0
nid04606:16251:16266 [0] NCCL INFO Ring 00 : 10 -> 12 [receive] via NET/Socket/0
nid04607:19413:19428 [0] NCCL INFO Ring 00 : 14 -> 13 [receive] via NET/Socket/0
nid04452:15241:15255 [0] NCCL INFO NET/Socket: Using 1 threads and 1 sockets per thread
nid03953:14346:14360 [0] NCCL INFO Ring 00 : 6 -> 4 [receive] via NET/Socket/0
nid04454:21792:21808 [0] NCCL INFO Ring 00 : 10 -> 12 [send] via NET/Socket/0
nid04606:16251:16266 [0] NCCL INFO NET/Socket: Using 1 threads and 1 sockets per thread
nid04607:19413:19428 [0] NCCL INFO NET/Socket: Using 1 threads and 1 sockets per thread
nid03955:29046:29060 [0] NCCL INFO Could not find real path of /sys/class/net/ipogif0/device
nid03955:29046:29060 [0] NCCL INFO include/net.h:19 -> 2
nid03494:15739:15755 [0] NCCL INFO Could not find real path of /sys/class/net/ipogif0/device
nid03494:15739:15755 [0] NCCL INFO include/net.h:19 -> 2
nid03953:14346:14360 [0] NCCL INFO NET/Socket: Using 1 threads and 1 sockets per thread
nid04606:16251:16266 [0] NCCL INFO Could not find real path of /sys/class/net/ipogif0/device
nid04606:16251:16266 [0] NCCL INFO include/net.h:19 -> 2
nid04454:21792:21808 [0] NCCL INFO Could not find real path of /sys/class/net/ipogif0/device
nid04454:21792:21808 [0] NCCL INFO include/net.h:19 -> 2
nid04606:16251:16266 [0] NCCL INFO Ring 00 : 14 -> 12 [receive] via NET/Socket/0
nid04452:15241:15255 [0] NCCL INFO Ring 00 : 8 -> 0 [send] via NET/Socket/0
nid03955:29046:29060 [0] NCCL INFO Ring 00 : 4 -> 6 [receive] via NET/Socket/0
nid03494:15739:15755 [0] NCCL INFO Ring 00 : 4 -> 2 [receive] via NET/Socket/0
nid03953:14346:14360 [0] NCCL INFO Ring 00 : 4 -> 8 [send] via NET/Socket/0
nid04606:16251:16266 [0] NCCL INFO NET/Socket: Using 1 threads and 1 sockets per thread
nid04608:8267:8281 [0] NCCL INFO Could not find real path of /sys/class/net/ipogif0/device
nid04608:8267:8281 [0] NCCL INFO include/net.h:19 -> 2
nid03955:29046:29060 [0] NCCL INFO NET/Socket: Using 1 threads and 1 sockets per thread
nid03494:15739:15755 [0] NCCL INFO NET/Socket: Using 1 threads and 1 sockets per thread
nid03953:14346:14360 [0] NCCL INFO Could not find real path of /sys/class/net/ipogif0/device
nid03953:14346:14360 [0] NCCL INFO include/net.h:19 -> 2
nid04454:21792:21808 [0] NCCL INFO Ring 00 : 12 -> 10 [receive] via NET/Socket/0
nid04454:21792:21808 [0] NCCL INFO NET/Socket: Using 1 threads and 1 sockets per thread
nid04608:8267:8281 [0] NCCL INFO Ring 00 : 12 -> 14 [receive] via NET/Socket/0
nid03955:29046:29060 [0] NCCL INFO Ring 00 : 6 -> 5 [send] via NET/Socket/0
nid03494:15739:15755 [0] NCCL INFO Ring 00 : 2 -> 1 [send] via NET/Socket/0
nid04606:16251:16266 [0] NCCL INFO Ring 00 : 12 -> 8 [send] via NET/Socket/0
nid04608:8267:8281 [0] NCCL INFO NET/Socket: Using 1 threads and 1 sockets per thread
nid03953:14346:14360 [0] NCCL INFO Ring 00 : 8 -> 4 [receive] via NET/Socket/0
nid03493:15188:15202 [0] NCCL INFO Trees [0] 2->1->-1/-1/-1
nid03954:14140:14155 [0] NCCL INFO Trees [0] 6->5->-1/-1/-1
nid03492:15167:15192 [0] NCCL INFO Ring 00 : 0 -> 8 [send] via NET/Socket/0
nid03953:14346:14360 [0] NCCL INFO NET/Socket: Using 1 threads and 1 sockets per thread
nid04606:16251:16266 [0] NCCL INFO Could not find real path of /sys/class/net/ipogif0/device
nid04606:16251:16266 [0] NCCL INFO include/net.h:19 -> 2
nid04452:15241:15255 [0] NCCL INFO Could not find real path of /sys/class/net/ipogif0/device
nid04452:15241:15255 [0] NCCL INFO include/net.h:19 -> 2
nid04454:21792:21808 [0] NCCL INFO Ring 00 : 10 -> 9 [send] via NET/Socket/0
nid04453:21777:21792 [0] NCCL INFO Trees [0] 10->9->-1/-1/-1
nid03493:15188:15202 [0] NCCL INFO comm 0x2aab64002260 rank 1 nranks 16 cudaDev 0 nvmlDev 0 - Init COMPLETE
nid03954:14140:14155 [0] NCCL INFO comm 0x2aab64002260 rank 5 nranks 16 cudaDev 0 nvmlDev 0 - Init COMPLETE
nid04453:21777:21792 [0] NCCL INFO comm 0x2aab64002260 rank 9 nranks 16 cudaDev 0 nvmlDev 0 - Init COMPLETE
nid04608:8267:8281 [0] NCCL INFO Ring 00 : 14 -> 13 [send] via NET/Socket/0
nid04606:16251:16266 [0] NCCL INFO Ring 00 : 8 -> 12 [receive] via NET/Socket/0
nid04452:15241:15255 [0] NCCL INFO Ring 00 : 0 -> 8 [receive] via NET/Socket/0
nid03953:14346:14360 [0] NCCL INFO Ring 00 : 4 -> 2 [send] via NET/Socket/0
nid04606:16251:16266 [0] NCCL INFO NET/Socket: Using 1 threads and 1 sockets per thread
nid04607:19413:19428 [0] NCCL INFO Trees [0] 14->13->-1/-1/-1
nid04452:15241:15255 [0] NCCL INFO NET/Socket: Using 1 threads and 1 sockets per thread
nid03492:15167:15192 [0] NCCL INFO Trees [0] -1->0->8/-1/-1
nid03492:15167:15192 [0] NCCL INFO Using 256 threads, Min Comp Cap 6, Trees enabled up to size 299999
nid04607:19413:19428 [0] NCCL INFO comm 0x2aab64002260 rank 13 nranks 16 cudaDev 0 nvmlDev 0 - Init COMPLETE
nid03492:15167:15192 [0] NCCL INFO comm 0x2aab70002260 rank 0 nranks 16 cudaDev 0 nvmlDev 0 - Init COMPLETE
nid03492:15167:15167 [0] NCCL INFO Launch mode Parallel
nid04606:16251:16266 [0] NCCL INFO Ring 00 : 12 -> 10 [send] via NET/Socket/0
nid04452:15241:15255 [0] NCCL INFO Ring 00 : 8 -> 4 [send] via NET/Socket/0
nid03953:14346:14360 [0] NCCL INFO Ring 00 : 4 -> 6 [send] via NET/Socket/0
nid03955:29046:29060 [0] NCCL INFO Trees [0] 4->6->5/7/-1
nid03494:15739:15755 [0] NCCL INFO Trees [0] 4->2->1/3/-1
nid03955:29046:29060 [0] NCCL INFO comm 0x2aab64002260 rank 6 nranks 16 cudaDev 0 nvmlDev 0 - Init COMPLETE
nid03494:15739:15755 [0] NCCL INFO comm 0x2aab64002260 rank 2 nranks 16 cudaDev 0 nvmlDev 0 - Init COMPLETE
nid04606:16251:16266 [0] NCCL INFO Ring 00 : 12 -> 14 [send] via NET/Socket/0
nid04452:15241:15255 [0] NCCL INFO Ring 00 : 8 -> 12 [send] via NET/Socket/0
nid04608:8267:8281 [0] NCCL INFO Trees [0] 12->14->13/15/-1
nid03953:14346:14360 [0] NCCL INFO Trees [0] 8->4->2/6/-1
nid04454:21792:21808 [0] NCCL INFO Trees [0] 12->10->9/11/-1
nid04606:16251:16266 [0] NCCL INFO Trees [0] 8->12->10/14/-1
nid04452:15241:15255 [0] NCCL INFO Trees [0] 0->8->4/12/-1
nid04608:8267:8281 [0] NCCL INFO comm 0x2aab64002260 rank 14 nranks 16 cudaDev 0 nvmlDev 0 - Init COMPLETE
nid04452:15241:15255 [0] NCCL INFO comm 0x2aab64002260 rank 8 nranks 16 cudaDev 0 nvmlDev 0 - Init COMPLETE
nid03953:14346:14360 [0] NCCL INFO comm 0x2aab64002260 rank 4 nranks 16 cudaDev 0 nvmlDev 0 - Init COMPLETE
nid04454:21792:21808 [0] NCCL INFO comm 0x2aab64002260 rank 10 nranks 16 cudaDev 0 nvmlDev 0 - Init COMPLETE
nid04606:16251:16266 [0] NCCL INFO comm 0x2aab64002260 rank 12 nranks 16 cudaDev 0 nvmlDev 0 - Init COMPLETE
nid03492:15167:15199 [0] NCCL INFO Setting affinity for GPU 0 to ffffff
NCCL version 2.4.8+cuda10.1
nid04452:15241:15267 [0] NCCL INFO Setting affinity for GPU 0 to ffffff
NCCL version 2.4.8+cuda10.1
nid04606:16251:16278 [0] NCCL INFO Setting affinity for GPU 0 to ffffff
nid04607:19413:19434 [0] NCCL INFO Setting affinity for GPU 0 to ffffff
nid04455:9180:9201 [0] NCCL INFO Setting affinity for GPU 0 to ffffff
nid03495:6577:6600 [0] NCCL INFO Setting affinity for GPU 0 to ffffff
nid04453:21777:21797 [0] NCCL INFO Setting affinity for GPU 0 to ffffff
nid03493:15188:15208 [0] NCCL INFO Setting affinity for GPU 0 to ffffff
NCCL version 2.4.8+cuda10.1
nid04608:8267:8290 [0] NCCL INFO Setting affinity for GPU 0 to ffffff
nid03953:14346:14372 [0] NCCL INFO Setting affinity for GPU 0 to ffffff
nid03955:29046:29069 [0] NCCL INFO Setting affinity for GPU 0 to ffffff
nid03956:9614:9635 [0] NCCL INFO Setting affinity for GPU 0 to ffffff
nid03954:14140:14160 [0] NCCL INFO Setting affinity for GPU 0 to ffffff
nid04609:27271:27290 [0] NCCL INFO Setting affinity for GPU 0 to ffffff
nid03953:14346:14372 [0] NCCL INFO Channel 00 :    0   1   2   3
nid03955:29046:29069 [0] NCCL INFO Could not find real path of /sys/class/net/ipogif0/device
nid03955:29046:29069 [0] NCCL INFO include/net.h:19 -> 2
nid03956:9614:9635 [0] NCCL INFO Could not find real path of /sys/class/net/ipogif0/device
nid03956:9614:9635 [0] NCCL INFO include/net.h:19 -> 2
nid03953:14346:14372 [0] NCCL INFO Could not find real path of /sys/class/net/ipogif0/device
nid03953:14346:14372 [0] NCCL INFO include/net.h:19 -> 2
nid03954:14140:14160 [0] NCCL INFO Could not find real path of /sys/class/net/ipogif0/device
nid03954:14140:14160 [0] NCCL INFO include/net.h:19 -> 2
nid04606:16251:16278 [0] NCCL INFO Channel 00 :    0   1   2   3
nid04606:16251:16278 [0] NCCL INFO Could not find real path of /sys/class/net/ipogif0/device
nid04608:8267:8290 [0] NCCL INFO Could not find real path of /sys/class/net/ipogif0/device
nid04608:8267:8290 [0] NCCL INFO include/net.h:19 -> 2
nid04607:19413:19434 [0] NCCL INFO Could not find real path of /sys/class/net/ipogif0/device
nid04607:19413:19434 [0] NCCL INFO include/net.h:19 -> 2
nid04609:27271:27290 [0] NCCL INFO Could not find real path of /sys/class/net/ipogif0/device
nid04609:27271:27290 [0] NCCL INFO include/net.h:19 -> 2
nid04606:16251:16278 [0] NCCL INFO include/net.h:19 -> 2
nid03956:9614:9635 [0] NCCL INFO Ring 00 : 2 -> 3 [receive] via NET/Socket/0
nid03955:29046:29069 [0] NCCL INFO Ring 00 : 1 -> 2 [receive] via NET/Socket/0
nid03953:14346:14372 [0] NCCL INFO Ring 00 : 3 -> 0 [receive] via NET/Socket/0
nid03954:14140:14160 [0] NCCL INFO Ring 00 : 0 -> 1 [receive] via NET/Socket/0
nid03956:9614:9635 [0] NCCL INFO NET/Socket: Using 1 threads and 1 sockets per thread
nid03955:29046:29069 [0] NCCL INFO NET/Socket: Using 1 threads and 1 sockets per thread
nid03953:14346:14372 [0] NCCL INFO NET/Socket: Using 1 threads and 1 sockets per thread
nid03954:14140:14160 [0] NCCL INFO NET/Socket: Using 1 threads and 1 sockets per thread
nid04609:27271:27290 [0] NCCL INFO Ring 00 : 2 -> 3 [receive] via NET/Socket/0
nid04606:16251:16278 [0] NCCL INFO Ring 00 : 3 -> 0 [receive] via NET/Socket/0
nid04608:8267:8290 [0] NCCL INFO Ring 00 : 1 -> 2 [receive] via NET/Socket/0
nid04607:19413:19434 [0] NCCL INFO Ring 00 : 0 -> 1 [receive] via NET/Socket/0
nid04609:27271:27290 [0] NCCL INFO NET/Socket: Using 1 threads and 1 sockets per thread
nid04606:16251:16278 [0] NCCL INFO NET/Socket: Using 1 threads and 1 sockets per thread
nid04608:8267:8290 [0] NCCL INFO NET/Socket: Using 1 threads and 1 sockets per thread
nid04607:19413:19434 [0] NCCL INFO NET/Socket: Using 1 threads and 1 sockets per thread
nid03956:9614:9635 [0] NCCL INFO Ring 00 : 3 -> 0 [send] via NET/Socket/0
nid03955:29046:29069 [0] NCCL INFO Ring 00 : 2 -> 3 [send] via NET/Socket/0
nid03954:14140:14160 [0] NCCL INFO Ring 00 : 1 -> 2 [send] via NET/Socket/0
nid03953:14346:14372 [0] NCCL INFO Ring 00 : 0 -> 1 [send] via NET/Socket/0
nid03953:14346:14372 [0] NCCL INFO Using 256 threads, Min Comp Cap 6, Trees disabled
nid03956:9614:9635 [0] NCCL INFO comm 0x2aab68001c20 rank 3 nranks 4 cudaDev 0 nvmlDev 0 - Init COMPLETE
nid03955:29046:29069 [0] NCCL INFO comm 0x2aab68001c20 rank 2 nranks 4 cudaDev 0 nvmlDev 0 - Init COMPLETE
nid03953:14346:14372 [0] NCCL INFO comm 0x2aab6c001c20 rank 0 nranks 4 cudaDev 0 nvmlDev 0 - Init COMPLETE
nid03954:14140:14160 [0] NCCL INFO comm 0x2aab68001c20 rank 1 nranks 4 cudaDev 0 nvmlDev 0 - Init COMPLETE
nid04609:27271:27290 [0] NCCL INFO Ring 00 : 3 -> 0 [send] via NET/Socket/0
nid03953:14346:14346 [0] NCCL INFO Launch mode Parallel
nid04606:16251:16278 [0] NCCL INFO Ring 00 : 0 -> 1 [send] via NET/Socket/0
nid04608:8267:8290 [0] NCCL INFO Ring 00 : 2 -> 3 [send] via NET/Socket/0
nid04607:19413:19434 [0] NCCL INFO Ring 00 : 1 -> 2 [send] via NET/Socket/0
nid04606:16251:16278 [0] NCCL INFO Using 256 threads, Min Comp Cap 6, Trees disabled
nid04606:16251:16278 [0] NCCL INFO comm 0x2aab6c001c20 rank 0 nranks 4 cudaDev 0 nvmlDev 0 - Init COMPLETE
nid04608:8267:8290 [0] NCCL INFO comm 0x2aab68001c20 rank 2 nranks 4 cudaDev 0 nvmlDev 0 - Init COMPLETE
nid04609:27271:27290 [0] NCCL INFO comm 0x2aab68001c20 rank 3 nranks 4 cudaDev 0 nvmlDev 0 - Init COMPLETE
nid04606:16251:16251 [0] NCCL INFO Launch mode Parallel
nid04607:19413:19434 [0] NCCL INFO comm 0x2aab68001c20 rank 1 nranks 4 cudaDev 0 nvmlDev 0 - Init COMPLETE
nid04454:21792:21816 [0] NCCL INFO Setting affinity for GPU 0 to ffffff
nid03494:15739:15763 [0] NCCL INFO Setting affinity for GPU 0 to ffffff
nid04452:15241:15267 [0] NCCL INFO Channel 00 :    0   1   2   3
nid04455:9180:9201 [0] NCCL INFO Could not find real path of /sys/class/net/ipogif0/device
nid04455:9180:9201 [0] NCCL INFO include/net.h:19 -> 2
nid04453:21777:21797 [0] NCCL INFO Could not find real path of /sys/class/net/ipogif0/device
nid04453:21777:21797 [0] NCCL INFO include/net.h:19 -> 2
nid04452:15241:15267 [0] NCCL INFO Could not find real path of /sys/class/net/ipogif0/device
nid04452:15241:15267 [0] NCCL INFO include/net.h:19 -> 2
nid04454:21792:21816 [0] NCCL INFO Could not find real path of /sys/class/net/ipogif0/device
nid04454:21792:21816 [0] NCCL INFO include/net.h:19 -> 2
nid03492:15167:15199 [0] NCCL INFO Channel 00 :    0   1   2   3
nid03494:15739:15763 [0] NCCL INFO Could not find real path of /sys/class/net/ipogif0/device
nid03494:15739:15763 [0] NCCL INFO include/net.h:19 -> 2
nid03492:15167:15199 [0] NCCL INFO Could not find real path of /sys/class/net/ipogif0/device
nid03492:15167:15199 [0] NCCL INFO include/net.h:19 -> 2
nid03495:6577:6600 [0] NCCL INFO Could not find real path of /sys/class/net/ipogif0/device
nid03495:6577:6600 [0] NCCL INFO include/net.h:19 -> 2
nid03493:15188:15208 [0] NCCL INFO Could not find real path of /sys/class/net/ipogif0/device
nid03493:15188:15208 [0] NCCL INFO include/net.h:19 -> 2
nid04453:21777:21797 [0] NCCL INFO Ring 00 : 0 -> 1 [receive] via NET/Socket/0
nid04452:15241:15267 [0] NCCL INFO Ring 00 : 3 -> 0 [receive] via NET/Socket/0
nid04455:9180:9201 [0] NCCL INFO Ring 00 : 2 -> 3 [receive] via NET/Socket/0
nid04454:21792:21816 [0] NCCL INFO Ring 00 : 1 -> 2 [receive] via NET/Socket/0
nid04453:21777:21797 [0] NCCL INFO NET/Socket: Using 1 threads and 1 sockets per thread
nid04452:15241:15267 [0] NCCL INFO NET/Socket: Using 1 threads and 1 sockets per thread
nid04455:9180:9201 [0] NCCL INFO NET/Socket: Using 1 threads and 1 sockets per thread
nid04454:21792:21816 [0] NCCL INFO NET/Socket: Using 1 threads and 1 sockets per thread
nid03495:6577:6600 [0] NCCL INFO Ring 00 : 2 -> 3 [receive] via NET/Socket/0
nid03494:15739:15763 [0] NCCL INFO Ring 00 : 1 -> 2 [receive] via NET/Socket/0
nid03493:15188:15208 [0] NCCL INFO Ring 00 : 0 -> 1 [receive] via NET/Socket/0
nid03492:15167:15199 [0] NCCL INFO Ring 00 : 3 -> 0 [receive] via NET/Socket/0
nid03495:6577:6600 [0] NCCL INFO NET/Socket: Using 1 threads and 1 sockets per thread
nid03494:15739:15763 [0] NCCL INFO NET/Socket: Using 1 threads and 1 sockets per thread
nid03493:15188:15208 [0] NCCL INFO NET/Socket: Using 1 threads and 1 sockets per thread
nid03492:15167:15199 [0] NCCL INFO NET/Socket: Using 1 threads and 1 sockets per thread
nid04453:21777:21797 [0] NCCL INFO Ring 00 : 1 -> 2 [send] via NET/Socket/0
nid04455:9180:9201 [0] NCCL INFO Ring 00 : 3 -> 0 [send] via NET/Socket/0
nid04452:15241:15267 [0] NCCL INFO Ring 00 : 0 -> 1 [send] via NET/Socket/0
nid04454:21792:21816 [0] NCCL INFO Ring 00 : 2 -> 3 [send] via NET/Socket/0
nid04452:15241:15267 [0] NCCL INFO Using 256 threads, Min Comp Cap 6, Trees disabled
nid03494:15739:15763 [0] NCCL INFO Ring 00 : 2 -> 3 [send] via NET/Socket/0
nid03495:6577:6600 [0] NCCL INFO Ring 00 : 3 -> 0 [send] via NET/Socket/0
nid03493:15188:15208 [0] NCCL INFO Ring 00 : 1 -> 2 [send] via NET/Socket/0
nid03492:15167:15199 [0] NCCL INFO Ring 00 : 0 -> 1 [send] via NET/Socket/0
nid04453:21777:21797 [0] NCCL INFO comm 0x2aab68001c20 rank 1 nranks 4 cudaDev 0 nvmlDev 0 - Init COMPLETE
nid04452:15241:15267 [0] NCCL INFO comm 0x2aab6c001c20 rank 0 nranks 4 cudaDev 0 nvmlDev 0 - Init COMPLETE
nid04455:9180:9201 [0] NCCL INFO comm 0x2aab68001c20 rank 3 nranks 4 cudaDev 0 nvmlDev 0 - Init COMPLETE
nid04454:21792:21816 [0] NCCL INFO comm 0x2aab68001c20 rank 2 nranks 4 cudaDev 0 nvmlDev 0 - Init COMPLETE
nid03492:15167:15199 [0] NCCL INFO Using 256 threads, Min Comp Cap 6, Trees disabled
nid04452:15241:15241 [0] NCCL INFO Launch mode Parallel
nid03494:15739:15763 [0] NCCL INFO comm 0x2aab68001c20 rank 2 nranks 4 cudaDev 0 nvmlDev 0 - Init COMPLETE
nid03492:15167:15199 [0] NCCL INFO comm 0x2aab74001c20 rank 0 nranks 4 cudaDev 0 nvmlDev 0 - Init COMPLETE
nid03495:6577:6600 [0] NCCL INFO comm 0x2aab68001c20 rank 3 nranks 4 cudaDev 0 nvmlDev 0 - Init COMPLETE
nid03493:15188:15208 [0] NCCL INFO comm 0x2aab68001c20 rank 1 nranks 4 cudaDev 0 nvmlDev 0 - Init COMPLETE
nid03492:15167:15167 [0] NCCL INFO Launch mode Parallel
NCCL version 2.4.8+cuda10.1
NCCL version 2.4.8+cuda10.1
NCCL version 2.4.8+cuda10.1
nid03955:29046:29073 [0] NCCL INFO Setting affinity for GPU 0 to ffffff
nid03492:15167:15203 [0] NCCL INFO Setting affinity for GPU 0 to ffffff
nid03495:6577:6603 [0] NCCL INFO Setting affinity for GPU 0 to ffffff
nid04453:21777:21801 [0] NCCL INFO Setting affinity for GPU 0 to ffffff
nid04606:16251:16281 [0] NCCL INFO Setting affinity for GPU 0 to ffffff
nid04608:8267:8294 [0] NCCL INFO Setting affinity for GPU 0 to ffffff
nid04607:19413:19438 [0] NCCL INFO Setting affinity for GPU 0 to ffffff
nid04452:15241:15270 [0] NCCL INFO Setting affinity for GPU 0 to ffffff
nid03956:9614:9638 [0] NCCL INFO Setting affinity for GPU 0 to ffffff
nid04609:27271:27293 [0] NCCL INFO Setting affinity for GPU 0 to ffffff
nid03494:15739:15766 [0] NCCL INFO Setting affinity for GPU 0 to ffffff
nid03953:14346:14375 [0] NCCL INFO Setting affinity for GPU 0 to ffffff
nid04455:9180:9204 [0] NCCL INFO Setting affinity for GPU 0 to ffffff
nid04454:21792:21820 [0] NCCL INFO Setting affinity for GPU 0 to ffffff
nid03493:15188:15213 [0] NCCL INFO Setting affinity for GPU 0 to ffffff
nid03954:14140:14164 [0] NCCL INFO Setting affinity for GPU 0 to ffffff
nid03494:15739:15766 [0] NCCL INFO Channel 00 :    0   1   2   3
nid03495:6577:6603 [0] NCCL INFO Channel 00 :    0   1   2   3
nid03493:15188:15213 [0] NCCL INFO Channel 00 :    0   1   2   3
nid03492:15167:15203 [0] NCCL INFO Channel 00 :    0   1   2   3
nid04608:8267:8294 [0] NCCL INFO Could not find real path of /sys/class/net/ipogif0/device
nid04608:8267:8294 [0] NCCL INFO include/net.h:19 -> 2
nid03955:29046:29073 [0] NCCL INFO Could not find real path of /sys/class/net/ipogif0/device
nid03955:29046:29073 [0] NCCL INFO include/net.h:19 -> 2
nid03494:15739:15766 [0] NCCL INFO Could not find real path of /sys/class/net/ipogif0/device
nid03495:6577:6603 [0] NCCL INFO Could not find real path of /sys/class/net/ipogif0/device
nid03495:6577:6603 [0] NCCL INFO include/net.h:19 -> 2
nid04453:21777:21801 [0] NCCL INFO Could not find real path of /sys/class/net/ipogif0/device
nid04453:21777:21801 [0] NCCL INFO include/net.h:19 -> 2
nid04606:16251:16281 [0] NCCL INFO Could not find real path of /sys/class/net/ipogif0/device
nid04606:16251:16281 [0] NCCL INFO include/net.h:19 -> 2
nid04607:19413:19438 [0] NCCL INFO Could not find real path of /sys/class/net/ipogif0/device
nid04607:19413:19438 [0] NCCL INFO include/net.h:19 -> 2
nid03956:9614:9638 [0] NCCL INFO Could not find real path of /sys/class/net/ipogif0/device
nid03956:9614:9638 [0] NCCL INFO include/net.h:19 -> 2
nid04609:27271:27293 [0] NCCL INFO Could not find real path of /sys/class/net/ipogif0/device
nid04609:27271:27293 [0] NCCL INFO include/net.h:19 -> 2
nid03494:15739:15766 [0] NCCL INFO include/net.h:19 -> 2
nid04455:9180:9204 [0] NCCL INFO Could not find real path of /sys/class/net/ipogif0/device
nid04455:9180:9204 [0] NCCL INFO include/net.h:19 -> 2
nid04454:21792:21820 [0] NCCL INFO Could not find real path of /sys/class/net/ipogif0/device
nid04454:21792:21820 [0] NCCL INFO include/net.h:19 -> 2
nid03493:15188:15213 [0] NCCL INFO Could not find real path of /sys/class/net/ipogif0/device
nid03493:15188:15213 [0] NCCL INFO include/net.h:19 -> 2
nid03954:14140:14164 [0] NCCL INFO Could not find real path of /sys/class/net/ipogif0/device
nid03954:14140:14164 [0] NCCL INFO include/net.h:19 -> 2
nid04452:15241:15270 [0] NCCL INFO Could not find real path of /sys/class/net/ipogif0/device
nid04452:15241:15270 [0] NCCL INFO include/net.h:19 -> 2
nid03953:14346:14375 [0] NCCL INFO Could not find real path of /sys/class/net/ipogif0/device
nid03953:14346:14375 [0] NCCL INFO include/net.h:19 -> 2
nid03492:15167:15203 [0] NCCL INFO Could not find real path of /sys/class/net/ipogif0/device
nid03492:15167:15203 [0] NCCL INFO include/net.h:19 -> 2
nid04608:8267:8294 [0] NCCL INFO Ring 00 : 2 -> 3 [receive] via NET/Socket/0
nid03956:9614:9638 [0] NCCL INFO Ring 00 : 0 -> 1 [receive] via NET/Socket/0
nid03955:29046:29073 [0] NCCL INFO Ring 00 : 0 -> 1 [receive] via NET/Socket/0
nid04609:27271:27293 [0] NCCL INFO Ring 00 : 2 -> 3 [receive] via NET/Socket/0
nid03494:15739:15766 [0] NCCL INFO Ring 00 : 3 -> 0 [receive] via NET/Socket/0
nid04455:9180:9204 [0] NCCL INFO Ring 00 : 1 -> 2 [receive] via NET/Socket/0
nid04454:21792:21820 [0] NCCL INFO Ring 00 : 1 -> 2 [receive] via NET/Socket/0
nid03954:14140:14164 [0] NCCL INFO Ring 00 : 0 -> 1 [receive] via NET/Socket/0
nid03495:6577:6603 [0] NCCL INFO Ring 00 : 3 -> 0 [receive] via NET/Socket/0
nid04453:21777:21801 [0] NCCL INFO Ring 00 : 1 -> 2 [receive] via NET/Socket/0
nid04606:16251:16281 [0] NCCL INFO Ring 00 : 2 -> 3 [receive] via NET/Socket/0
nid04608:8267:8294 [0] NCCL INFO NET/Socket: Using 1 threads and 1 sockets per thread
nid04607:19413:19438 [0] NCCL INFO Ring 00 : 2 -> 3 [receive] via NET/Socket/0
nid04452:15241:15270 [0] NCCL INFO Ring 00 : 1 -> 2 [receive] via NET/Socket/0
nid03956:9614:9638 [0] NCCL INFO NET/Socket: Using 1 threads and 1 sockets per thread
nid03955:29046:29073 [0] NCCL INFO NET/Socket: Using 1 threads and 1 sockets per thread
nid04609:27271:27293 [0] NCCL INFO NET/Socket: Using 1 threads and 1 sockets per thread
nid03494:15739:15766 [0] NCCL INFO NET/Socket: Using 1 threads and 1 sockets per thread
nid03953:14346:14375 [0] NCCL INFO Ring 00 : 0 -> 1 [receive] via NET/Socket/0
nid04455:9180:9204 [0] NCCL INFO NET/Socket: Using 1 threads and 1 sockets per thread
nid04454:21792:21820 [0] NCCL INFO NET/Socket: Using 1 threads and 1 sockets per thread
nid03493:15188:15213 [0] NCCL INFO Ring 00 : 3 -> 0 [receive] via NET/Socket/0
nid03954:14140:14164 [0] NCCL INFO NET/Socket: Using 1 threads and 1 sockets per thread
nid03492:15167:15203 [0] NCCL INFO Ring 00 : 3 -> 0 [receive] via NET/Socket/0
nid03495:6577:6603 [0] NCCL INFO NET/Socket: Using 1 threads and 1 sockets per thread
nid04453:21777:21801 [0] NCCL INFO NET/Socket: Using 1 threads and 1 sockets per thread
nid04606:16251:16281 [0] NCCL INFO NET/Socket: Using 1 threads and 1 sockets per thread
nid04607:19413:19438 [0] NCCL INFO NET/Socket: Using 1 threads and 1 sockets per thread
nid04452:15241:15270 [0] NCCL INFO NET/Socket: Using 1 threads and 1 sockets per thread
nid03953:14346:14375 [0] NCCL INFO NET/Socket: Using 1 threads and 1 sockets per thread
nid03493:15188:15213 [0] NCCL INFO NET/Socket: Using 1 threads and 1 sockets per thread
nid03492:15167:15203 [0] NCCL INFO NET/Socket: Using 1 threads and 1 sockets per thread
nid04608:8267:8294 [0] NCCL INFO Ring 00 : 3 -> 0 [send] via NET/Socket/0
nid03956:9614:9638 [0] NCCL INFO Ring 00 : 1 -> 2 [send] via NET/Socket/0
nid03955:29046:29073 [0] NCCL INFO Ring 00 : 1 -> 2 [send] via NET/Socket/0
nid04609:27271:27293 [0] NCCL INFO Ring 00 : 3 -> 0 [send] via NET/Socket/0
nid03494:15739:15766 [0] NCCL INFO Ring 00 : 0 -> 1 [send] via NET/Socket/0
nid04455:9180:9204 [0] NCCL INFO Ring 00 : 2 -> 3 [send] via NET/Socket/0
nid04454:21792:21820 [0] NCCL INFO Ring 00 : 2 -> 3 [send] via NET/Socket/0
nid03954:14140:14164 [0] NCCL INFO Ring 00 : 1 -> 2 [send] via NET/Socket/0
nid03495:6577:6603 [0] NCCL INFO Ring 00 : 0 -> 1 [send] via NET/Socket/0
nid04453:21777:21801 [0] NCCL INFO Ring 00 : 2 -> 3 [send] via NET/Socket/0
nid04606:16251:16281 [0] NCCL INFO Ring 00 : 3 -> 0 [send] via NET/Socket/0
nid04607:19413:19438 [0] NCCL INFO Ring 00 : 3 -> 0 [send] via NET/Socket/0
nid04452:15241:15270 [0] NCCL INFO Ring 00 : 2 -> 3 [send] via NET/Socket/0
nid03494:15739:15766 [0] NCCL INFO Using 256 threads, Min Comp Cap 6, Trees disabled
nid03953:14346:14375 [0] NCCL INFO Ring 00 : 1 -> 2 [send] via NET/Socket/0
nid03493:15188:15213 [0] NCCL INFO Ring 00 : 0 -> 1 [send] via NET/Socket/0
nid03495:6577:6603 [0] NCCL INFO Using 256 threads, Min Comp Cap 6, Trees disabled
nid04453:21777:21801 [0] NCCL INFO comm 0x2aab6c001c20 rank 2 nranks 4 cudaDev 0 nvmlDev 0 - Init COMPLETE
nid04606:16251:16281 [0] NCCL INFO comm 0x2aab68001c20 rank 3 nranks 4 cudaDev 0 nvmlDev 0 - Init COMPLETE
nid04608:8267:8294 [0] NCCL INFO comm 0x2aab6c001c20 rank 3 nranks 4 cudaDev 0 nvmlDev 0 - Init COMPLETE
nid03955:29046:29073 [0] NCCL INFO comm 0x2aab6c001c20 rank 1 nranks 4 cudaDev 0 nvmlDev 0 - Init COMPLETE
nid04609:27271:27293 [0] NCCL INFO comm 0x2aab6c001c20 rank 3 nranks 4 cudaDev 0 nvmlDev 0 - Init COMPLETE
nid03494:15739:15766 [0] NCCL INFO comm 0x2aab70001c20 rank 0 nranks 4 cudaDev 0 nvmlDev 0 - Init COMPLETE
nid04455:9180:9204 [0] NCCL INFO comm 0x2aab6c001c20 rank 2 nranks 4 cudaDev 0 nvmlDev 0 - Init COMPLETE
nid04454:21792:21820 [0] NCCL INFO comm 0x2aab6c001c20 rank 2 nranks 4 cudaDev 0 nvmlDev 0 - Init COMPLETE
nid03493:15188:15213 [0] NCCL INFO Using 256 threads, Min Comp Cap 6, Trees disabled
nid03492:15167:15203 [0] NCCL INFO Ring 00 : 0 -> 1 [send] via NET/Socket/0
nid03495:6577:6603 [0] NCCL INFO comm 0x2aab6c001c20 rank 0 nranks 4 cudaDev 0 nvmlDev 0 - Init COMPLETE
nid04607:19413:19438 [0] NCCL INFO comm 0x2aab6c001c20 rank 3 nranks 4 cudaDev 0 nvmlDev 0 - Init COMPLETE
nid04452:15241:15270 [0] NCCL INFO comm 0x2aab68001c20 rank 2 nranks 4 cudaDev 0 nvmlDev 0 - Init COMPLETE
nid03956:9614:9638 [0] NCCL INFO comm 0x2aab6c001c20 rank 1 nranks 4 cudaDev 0 nvmlDev 0 - Init COMPLETE
nid03494:15739:15739 [0] NCCL INFO Launch mode Parallel
nid03493:15188:15213 [0] NCCL INFO comm 0x2aab70001c20 rank 0 nranks 4 cudaDev 0 nvmlDev 0 - Init COMPLETE
nid03954:14140:14164 [0] NCCL INFO comm 0x2aab6c001c20 rank 1 nranks 4 cudaDev 0 nvmlDev 0 - Init COMPLETE
nid03492:15167:15203 [0] NCCL INFO Using 256 threads, Min Comp Cap 6, Trees disabled
nid03495:6577:6577 [0] NCCL INFO Launch mode Parallel
nid03953:14346:14375 [0] NCCL INFO comm 0x2aab68001c20 rank 1 nranks 4 cudaDev 0 nvmlDev 0 - Init COMPLETE
nid03493:15188:15188 [0] NCCL INFO Launch mode Parallel
nid03492:15167:15203 [0] NCCL INFO comm 0x2aab78001c20 rank 0 nranks 4 cudaDev 0 nvmlDev 0 - Init COMPLETE
nid03492:15167:15167 [0] NCCL INFO Launch mode Parallel
Duration/ms: 31.18405508518219
