nid03746:21530:21530 [0] NCCL INFO Bootstrap : Using [0]ipogif0:148.187.46.191<0>
nid07327:16202:16202 [0] NCCL INFO Bootstrap : Using [0]ipogif0:148.187.60.216<0>
nid03750:15644:15644 [0] NCCL INFO Bootstrap : Using [0]ipogif0:148.187.46.195<0>
nid07325:11511:11511 [0] NCCL INFO Bootstrap : Using [0]ipogif0:148.187.60.214<0>
nid04207:2477:2477 [0] NCCL INFO Bootstrap : Using [0]ipogif0:148.187.48.144<0>
nid03747:17166:17166 [0] NCCL INFO Bootstrap : Using [0]ipogif0:148.187.46.192<0>
nid04206:13431:13431 [0] NCCL INFO Bootstrap : Using [0]ipogif0:148.187.48.143<0>
nid07326:18855:18855 [0] NCCL INFO Bootstrap : Using [0]ipogif0:148.187.60.215<0>
nid03746:21530:21530 [0] NCCL INFO NET/Plugin : No plugin found (libnccl-net.so).
libibverbs: Could not locate libibgni (/usr/lib64/libibgni.so.1: undefined symbol: verbs_uninit_context)
libibverbs: Warning: couldn't open config directory '/opt/cray/rdma-core/22.3-7.0.2.1_2.21__g42f5f32b.ari/etc/libibverbs.d'.
nid03746:21530:21530 [0] NCCL INFO NET/IB : No device found.
nid03746:21530:21530 [0] NCCL INFO NET/Socket : Using [0]ipogif0:148.187.46.191<0>
NCCL version 2.4.8+cuda10.1
nid07326:18855:18855 [0] NCCL INFO NET/Plugin : No plugin found (libnccl-net.so).
nid03746:21530:21555 [0] NCCL INFO Setting affinity for GPU 0 to ffffff
nid04206:13431:13431 [0] NCCL INFO NET/Plugin : No plugin found (libnccl-net.so).
nid07327:16202:16202 [0] NCCL INFO NET/Plugin : No plugin found (libnccl-net.so).
libibverbs: Could not locate libibgni (/usr/lib64/libibgni.so.1: undefined symbol: verbs_uninit_context)
libibverbs: Warning: couldn't open config directory '/opt/cray/rdma-core/22.3-7.0.2.1_2.21__g42f5f32b.ari/etc/libibverbs.d'.
nid07327:16202:16202 [0] NCCL INFO NET/IB : No device found.
nid07327:16202:16202 [0] NCCL INFO NET/Socket : Using [0]ipogif0:148.187.60.216<0>
libibverbs: Could not locate libibgni (/usr/lib64/libibgni.so.1: undefined symbol: verbs_uninit_context)
libibverbs: Warning: couldn't open config directory '/opt/cray/rdma-core/22.3-7.0.2.1_2.21__g42f5f32b.ari/etc/libibverbs.d'.
nid04206:13431:13431 [0] NCCL INFO NET/IB : No device found.
libibverbs: Could not locate libibgni (/usr/lib64/libibgni.so.1: undefined symbol: verbs_uninit_context)
nid04206:13431:13431 [0] NCCL INFO NET/Socket : Using [0]ipogif0:148.187.48.143<0>
libibverbs: Warning: couldn't open config directory '/opt/cray/rdma-core/22.3-7.0.2.1_2.21__g42f5f32b.ari/etc/libibverbs.d'.
nid07326:18855:18855 [0] NCCL INFO NET/IB : No device found.
nid07326:18855:18855 [0] NCCL INFO NET/Socket : Using [0]ipogif0:148.187.60.215<0>
nid04210:11183:11183 [0] NCCL INFO Bootstrap : Using [0]ipogif0:148.187.48.147<0>
nid07327:16202:16216 [0] NCCL INFO Setting affinity for GPU 0 to ffffff
nid04206:13431:13446 [0] NCCL INFO Setting affinity for GPU 0 to ffffff
nid07326:18855:18869 [0] NCCL INFO Setting affinity for GPU 0 to ffffff
nid03747:17166:17166 [0] NCCL INFO NET/Plugin : No plugin found (libnccl-net.so).
libibverbs: Could not locate libibgni (/usr/lib64/libibgni.so.1: undefined symbol: verbs_uninit_context)
nid07325:11511:11511 [0] NCCL INFO NET/Plugin : No plugin found (libnccl-net.so).
libibverbs: Warning: couldn't open config directory '/opt/cray/rdma-core/22.3-7.0.2.1_2.21__g42f5f32b.ari/etc/libibverbs.d'.
nid04207:2477:2477 [0] NCCL INFO NET/Plugin : No plugin found (libnccl-net.so).
libibverbs: Could not locate libibgni (/usr/lib64/libibgni.so.1: undefined symbol: verbs_uninit_context)
nid03750:15644:15644 [0] NCCL INFO NET/Plugin : No plugin found (libnccl-net.so).
libibverbs: Could not locate libibgni (/usr/lib64/libibgni.so.1: undefined symbol: verbs_uninit_context)
nid03747:17166:17166 [0] NCCL INFO NET/IB : No device found.
libibverbs: Could not locate libibgni (/usr/lib64/libibgni.so.1: undefined symbol: verbs_uninit_context)
nid03747:17166:17166 [0] NCCL INFO NET/Socket : Using [0]ipogif0:148.187.46.192<0>
libibverbs: Warning: couldn't open config directory '/opt/cray/rdma-core/22.3-7.0.2.1_2.21__g42f5f32b.ari/etc/libibverbs.d'.
nid07325:11511:11511 [0] NCCL INFO NET/IB : No device found.
libibverbs: Warning: couldn't open config directory '/opt/cray/rdma-core/22.3-7.0.2.1_2.21__g42f5f32b.ari/etc/libibverbs.d'.
nid04207:2477:2477 [0] NCCL INFO NET/IB : No device found.
libibverbs: Warning: couldn't open config directory '/opt/cray/rdma-core/22.3-7.0.2.1_2.21__g42f5f32b.ari/etc/libibverbs.d'.
nid03747:17166:17180 [0] NCCL INFO Setting affinity for GPU 0 to ffffff
nid03750:15644:15644 [0] NCCL INFO NET/IB : No device found.
nid07325:11511:11511 [0] NCCL INFO NET/Socket : Using [0]ipogif0:148.187.60.214<0>
nid04207:2477:2477 [0] NCCL INFO NET/Socket : Using [0]ipogif0:148.187.48.144<0>
nid03750:15644:15644 [0] NCCL INFO NET/Socket : Using [0]ipogif0:148.187.46.195<0>
nid07325:11511:11525 [0] NCCL INFO Setting affinity for GPU 0 to ffffff
nid04207:2477:2491 [0] NCCL INFO Setting affinity for GPU 0 to ffffff
nid03750:15644:15658 [0] NCCL INFO Setting affinity for GPU 0 to ffffff
nid04210:11183:11183 [0] NCCL INFO NET/Plugin : No plugin found (libnccl-net.so).
libibverbs: Could not locate libibgni (/usr/lib64/libibgni.so.1: undefined symbol: verbs_uninit_context)
libibverbs: Warning: couldn't open config directory '/opt/cray/rdma-core/22.3-7.0.2.1_2.21__g42f5f32b.ari/etc/libibverbs.d'.
nid04210:11183:11183 [0] NCCL INFO NET/IB : No device found.
nid04210:11183:11183 [0] NCCL INFO NET/Socket : Using [0]ipogif0:148.187.48.147<0>
nid04210:11183:11197 [0] NCCL INFO Setting affinity for GPU 0 to ffffff
nid07328:24830:24830 [0] NCCL INFO Bootstrap : Using [0]ipogif0:148.187.60.217<0>
nid07328:24830:24830 [0] NCCL INFO NET/Plugin : No plugin found (libnccl-net.so).
libibverbs: Could not locate libibgni (/usr/lib64/libibgni.so.1: undefined symbol: verbs_uninit_context)
libibverbs: Warning: couldn't open config directory '/opt/cray/rdma-core/22.3-7.0.2.1_2.21__g42f5f32b.ari/etc/libibverbs.d'.
nid07328:24830:24830 [0] NCCL INFO NET/IB : No device found.
nid07328:24830:24830 [0] NCCL INFO NET/Socket : Using [0]ipogif0:148.187.60.217<0>
nid07328:24830:24845 [0] NCCL INFO Setting affinity for GPU 0 to ffffff
nid03748:455:455 [0] NCCL INFO Bootstrap : Using [0]ipogif0:148.187.46.193<0>
nid04208:22649:22649 [0] NCCL INFO Bootstrap : Using [0]ipogif0:148.187.48.145<0>
nid04208:22649:22649 [0] NCCL INFO NET/Plugin : No plugin found (libnccl-net.so).
libibverbs: Could not locate libibgni (/usr/lib64/libibgni.so.1: undefined symbol: verbs_uninit_context)
libibverbs: Warning: couldn't open config directory '/opt/cray/rdma-core/22.3-7.0.2.1_2.21__g42f5f32b.ari/etc/libibverbs.d'.
nid04208:22649:22649 [0] NCCL INFO NET/IB : No device found.
nid04208:22649:22649 [0] NCCL INFO NET/Socket : Using [0]ipogif0:148.187.48.145<0>
nid03748:455:455 [0] NCCL INFO NET/Plugin : No plugin found (libnccl-net.so).
libibverbs: Could not locate libibgni (/usr/lib64/libibgni.so.1: undefined symbol: verbs_uninit_context)
libibverbs: Warning: couldn't open config directory '/opt/cray/rdma-core/22.3-7.0.2.1_2.21__g42f5f32b.ari/etc/libibverbs.d'.
nid03748:455:455 [0] NCCL INFO NET/IB : No device found.
nid03748:455:455 [0] NCCL INFO NET/Socket : Using [0]ipogif0:148.187.46.193<0>
nid03748:455:469 [0] NCCL INFO Setting affinity for GPU 0 to ffffff
nid04208:22649:22664 [0] NCCL INFO Setting affinity for GPU 0 to ffffff
nid07324:23956:23956 [0] NCCL INFO Bootstrap : Using [0]ipogif0:148.187.60.213<0>
nid07329:5450:5450 [0] NCCL INFO Bootstrap : Using [0]ipogif0:148.187.60.218<0>
nid07329:5450:5450 [0] NCCL INFO NET/Plugin : No plugin found (libnccl-net.so).
libibverbs: Could not locate libibgni (/usr/lib64/libibgni.so.1: undefined symbol: verbs_uninit_context)
libibverbs: Warning: couldn't open config directory '/opt/cray/rdma-core/22.3-7.0.2.1_2.21__g42f5f32b.ari/etc/libibverbs.d'.
nid07329:5450:5450 [0] NCCL INFO NET/IB : No device found.
nid07329:5450:5450 [0] NCCL INFO NET/Socket : Using [0]ipogif0:148.187.60.218<0>
nid07324:23956:23956 [0] NCCL INFO NET/Plugin : No plugin found (libnccl-net.so).
libibverbs: Could not locate libibgni (/usr/lib64/libibgni.so.1: undefined symbol: verbs_uninit_context)
libibverbs: Warning: couldn't open config directory '/opt/cray/rdma-core/22.3-7.0.2.1_2.21__g42f5f32b.ari/etc/libibverbs.d'.
nid07324:23956:23956 [0] NCCL INFO NET/IB : No device found.
nid07324:23956:23956 [0] NCCL INFO NET/Socket : Using [0]ipogif0:148.187.60.213<0>
nid07324:23956:23971 [0] NCCL INFO Setting affinity for GPU 0 to ffffff
nid07329:5450:5466 [0] NCCL INFO Setting affinity for GPU 0 to ffffff
nid03749:8201:8201 [0] NCCL INFO Bootstrap : Using [0]ipogif0:148.187.46.194<0>
nid04209:25057:25057 [0] NCCL INFO Bootstrap : Using [0]ipogif0:148.187.48.146<0>
nid03749:8201:8201 [0] NCCL INFO NET/Plugin : No plugin found (libnccl-net.so).
nid04209:25057:25057 [0] NCCL INFO NET/Plugin : No plugin found (libnccl-net.so).
libibverbs: Could not locate libibgni (/usr/lib64/libibgni.so.1: undefined symbol: verbs_uninit_context)
libibverbs: Warning: couldn't open config directory '/opt/cray/rdma-core/22.3-7.0.2.1_2.21__g42f5f32b.ari/etc/libibverbs.d'.
nid03749:8201:8201 [0] NCCL INFO NET/IB : No device found.
nid03749:8201:8201 [0] NCCL INFO NET/Socket : Using [0]ipogif0:148.187.46.194<0>
libibverbs: Could not locate libibgni (/usr/lib64/libibgni.so.1: undefined symbol: verbs_uninit_context)
libibverbs: Warning: couldn't open config directory '/opt/cray/rdma-core/22.3-7.0.2.1_2.21__g42f5f32b.ari/etc/libibverbs.d'.
nid04209:25057:25057 [0] NCCL INFO NET/IB : No device found.
nid04209:25057:25057 [0] NCCL INFO NET/Socket : Using [0]ipogif0:148.187.48.146<0>
nid03749:8201:8216 [0] NCCL INFO Setting affinity for GPU 0 to ffffff
nid04209:25057:25072 [0] NCCL INFO Setting affinity for GPU 0 to ffffff
nid03749:8201:8216 [0] NCCL INFO Could not find real path of /sys/class/net/ipogif0/device
nid03749:8201:8216 [0] NCCL INFO include/net.h:19 -> 2
nid03749:8201:8216 [0] NCCL INFO CUDA Dev 0[0], Socket NIC distance :  SYS
nid03750:15644:15658 [0] NCCL INFO Could not find real path of /sys/class/net/ipogif0/device
nid03750:15644:15658 [0] NCCL INFO include/net.h:19 -> 2
nid04208:22649:22664 [0] NCCL INFO Could not find real path of /sys/class/net/ipogif0/device
nid04208:22649:22664 [0] NCCL INFO include/net.h:19 -> 2
nid04208:22649:22664 [0] NCCL INFO CUDA Dev 0[0], Socket NIC distance :  SYS
nid04206:13431:13446 [0] NCCL INFO Could not find real path of /sys/class/net/ipogif0/device
nid04206:13431:13446 [0] NCCL INFO include/net.h:19 -> 2
nid04209:25057:25072 [0] NCCL INFO Could not find real path of /sys/class/net/ipogif0/device
nid04209:25057:25072 [0] NCCL INFO include/net.h:19 -> 2
nid04207:2477:2491 [0] NCCL INFO Could not find real path of /sys/class/net/ipogif0/device
nid04207:2477:2491 [0] NCCL INFO include/net.h:19 -> 2
nid04207:2477:2491 [0] NCCL INFO CUDA Dev 0[0], Socket NIC distance :  SYS
nid03750:15644:15658 [0] NCCL INFO CUDA Dev 0[0], Socket NIC distance :  SYS
nid04210:11183:11197 [0] NCCL INFO Could not find real path of /sys/class/net/ipogif0/device
nid04210:11183:11197 [0] NCCL INFO include/net.h:19 -> 2
nid07327:16202:16216 [0] NCCL INFO Could not find real path of /sys/class/net/ipogif0/device
nid07327:16202:16216 [0] NCCL INFO include/net.h:19 -> 2
nid04206:13431:13446 [0] NCCL INFO CUDA Dev 0[0], Socket NIC distance :  SYS
nid04209:25057:25072 [0] NCCL INFO CUDA Dev 0[0], Socket NIC distance :  SYS
nid07326:18855:18869 [0] NCCL INFO Could not find real path of /sys/class/net/ipogif0/device
nid07326:18855:18869 [0] NCCL INFO include/net.h:19 -> 2
nid07326:18855:18869 [0] NCCL INFO CUDA Dev 0[0], Socket NIC distance :  SYS
nid07325:11511:11525 [0] NCCL INFO Could not find real path of /sys/class/net/ipogif0/device
nid07325:11511:11525 [0] NCCL INFO include/net.h:19 -> 2
nid03748:455:469 [0] NCCL INFO Could not find real path of /sys/class/net/ipogif0/device
nid03748:455:469 [0] NCCL INFO include/net.h:19 -> 2
nid03748:455:469 [0] NCCL INFO CUDA Dev 0[0], Socket NIC distance :  SYS
nid03747:17166:17180 [0] NCCL INFO Could not find real path of /sys/class/net/ipogif0/device
nid03747:17166:17180 [0] NCCL INFO include/net.h:19 -> 2
nid03747:17166:17180 [0] NCCL INFO CUDA Dev 0[0], Socket NIC distance :  SYS
nid04210:11183:11197 [0] NCCL INFO CUDA Dev 0[0], Socket NIC distance :  SYS
nid07324:23956:23971 [0] NCCL INFO Could not find real path of /sys/class/net/ipogif0/device
nid07324:23956:23971 [0] NCCL INFO include/net.h:19 -> 2
nid07324:23956:23971 [0] NCCL INFO CUDA Dev 0[0], Socket NIC distance :  SYS
nid07327:16202:16216 [0] NCCL INFO CUDA Dev 0[0], Socket NIC distance :  SYS
nid07329:5450:5466 [0] NCCL INFO Could not find real path of /sys/class/net/ipogif0/device
nid07329:5450:5466 [0] NCCL INFO include/net.h:19 -> 2
nid07328:24830:24845 [0] NCCL INFO Could not find real path of /sys/class/net/ipogif0/device
nid07328:24830:24845 [0] NCCL INFO include/net.h:19 -> 2
nid07328:24830:24845 [0] NCCL INFO CUDA Dev 0[0], Socket NIC distance :  SYS
nid07325:11511:11525 [0] NCCL INFO CUDA Dev 0[0], Socket NIC distance :  SYS
nid03746:21530:21555 [0] NCCL INFO Could not find real path of /sys/class/net/ipogif0/device
nid03746:21530:21555 [0] NCCL INFO include/net.h:19 -> 2
nid03746:21530:21555 [0] NCCL INFO CUDA Dev 0[0], Socket NIC distance :  SYS
nid07329:5450:5466 [0] NCCL INFO CUDA Dev 0[0], Socket NIC distance :  SYS
nid03746:21530:21555 [0] NCCL INFO Channel 00 :    0   1   2   3   4   5   6   7   8   9  10  11  12  13  14  15
nid03747:17166:17180 [0] NCCL INFO Could not find real path of /sys/class/net/ipogif0/device
nid03747:17166:17180 [0] NCCL INFO include/net.h:19 -> 2
nid04208:22649:22664 [0] NCCL INFO Could not find real path of /sys/class/net/ipogif0/device
nid04208:22649:22664 [0] NCCL INFO include/net.h:19 -> 2
nid07327:16202:16216 [0] NCCL INFO Could not find real path of /sys/class/net/ipogif0/device
nid07327:16202:16216 [0] NCCL INFO include/net.h:19 -> 2
nid04206:13431:13446 [0] NCCL INFO Could not find real path of /sys/class/net/ipogif0/device
nid04206:13431:13446 [0] NCCL INFO include/net.h:19 -> 2
nid04209:25057:25072 [0] NCCL INFO Could not find real path of /sys/class/net/ipogif0/device
nid04209:25057:25072 [0] NCCL INFO include/net.h:19 -> 2
nid07329:5450:5466 [0] NCCL INFO Could not find real path of /sys/class/net/ipogif0/device
nid07329:5450:5466 [0] NCCL INFO include/net.h:19 -> 2
nid03749:8201:8216 [0] NCCL INFO Could not find real path of /sys/class/net/ipogif0/device
nid03749:8201:8216 [0] NCCL INFO include/net.h:19 -> 2
nid07326:18855:18869 [0] NCCL INFO Could not find real path of /sys/class/net/ipogif0/device
nid07326:18855:18869 [0] NCCL INFO include/net.h:19 -> 2
nid07328:24830:24845 [0] NCCL INFO Could not find real path of /sys/class/net/ipogif0/device
nid07328:24830:24845 [0] NCCL INFO include/net.h:19 -> 2
nid07325:11511:11525 [0] NCCL INFO Could not find real path of /sys/class/net/ipogif0/device
nid07325:11511:11525 [0] NCCL INFO include/net.h:19 -> 2
nid03748:455:469 [0] NCCL INFO Could not find real path of /sys/class/net/ipogif0/device
nid03748:455:469 [0] NCCL INFO include/net.h:19 -> 2
nid04207:2477:2491 [0] NCCL INFO Could not find real path of /sys/class/net/ipogif0/device
nid04207:2477:2491 [0] NCCL INFO include/net.h:19 -> 2
nid03750:15644:15658 [0] NCCL INFO Could not find real path of /sys/class/net/ipogif0/device
nid03750:15644:15658 [0] NCCL INFO include/net.h:19 -> 2
nid04210:11183:11197 [0] NCCL INFO Could not find real path of /sys/class/net/ipogif0/device
nid04210:11183:11197 [0] NCCL INFO include/net.h:19 -> 2
nid03746:21530:21555 [0] NCCL INFO Could not find real path of /sys/class/net/ipogif0/device
nid03746:21530:21555 [0] NCCL INFO include/net.h:19 -> 2
nid07324:23956:23971 [0] NCCL INFO Could not find real path of /sys/class/net/ipogif0/device
nid07324:23956:23971 [0] NCCL INFO include/net.h:19 -> 2
nid07327:16202:16216 [0] NCCL INFO Ring 00 : 12 -> 13 [receive] via NET/Socket/0
nid04209:25057:25072 [0] NCCL INFO Ring 00 : 7 -> 8 [receive] via NET/Socket/0
nid03749:8201:8216 [0] NCCL INFO Ring 00 : 2 -> 3 [receive] via NET/Socket/0
nid07328:24830:24845 [0] NCCL INFO Ring 00 : 13 -> 14 [receive] via NET/Socket/0
nid07325:11511:11525 [0] NCCL INFO Ring 00 : 10 -> 11 [receive] via NET/Socket/0
nid03748:455:469 [0] NCCL INFO Ring 00 : 1 -> 2 [receive] via NET/Socket/0
nid04207:2477:2491 [0] NCCL INFO Ring 00 : 5 -> 6 [receive] via NET/Socket/0
nid03747:17166:17180 [0] NCCL INFO Ring 00 : 0 -> 1 [receive] via NET/Socket/0
nid03750:15644:15658 [0] NCCL INFO Ring 00 : 3 -> 4 [receive] via NET/Socket/0
nid04210:11183:11197 [0] NCCL INFO Ring 00 : 8 -> 9 [receive] via NET/Socket/0
nid07324:23956:23971 [0] NCCL INFO Ring 00 : 9 -> 10 [receive] via NET/Socket/0
nid04208:22649:22664 [0] NCCL INFO Ring 00 : 6 -> 7 [receive] via NET/Socket/0
nid07327:16202:16216 [0] NCCL INFO NET/Socket: Using 1 threads and 1 sockets per thread
nid04206:13431:13446 [0] NCCL INFO Ring 00 : 4 -> 5 [receive] via NET/Socket/0
nid04209:25057:25072 [0] NCCL INFO NET/Socket: Using 1 threads and 1 sockets per thread
nid07329:5450:5466 [0] NCCL INFO Ring 00 : 14 -> 15 [receive] via NET/Socket/0
nid03749:8201:8216 [0] NCCL INFO NET/Socket: Using 1 threads and 1 sockets per thread
nid07326:18855:18869 [0] NCCL INFO Ring 00 : 11 -> 12 [receive] via NET/Socket/0
nid07328:24830:24845 [0] NCCL INFO NET/Socket: Using 1 threads and 1 sockets per thread
nid07325:11511:11525 [0] NCCL INFO NET/Socket: Using 1 threads and 1 sockets per thread
nid03748:455:469 [0] NCCL INFO NET/Socket: Using 1 threads and 1 sockets per thread
nid04207:2477:2491 [0] NCCL INFO NET/Socket: Using 1 threads and 1 sockets per thread
nid03747:17166:17180 [0] NCCL INFO NET/Socket: Using 1 threads and 1 sockets per thread
nid03750:15644:15658 [0] NCCL INFO NET/Socket: Using 1 threads and 1 sockets per thread
nid04210:11183:11197 [0] NCCL INFO NET/Socket: Using 1 threads and 1 sockets per thread
nid03746:21530:21555 [0] NCCL INFO Ring 00 : 15 -> 0 [receive] via NET/Socket/0
nid07324:23956:23971 [0] NCCL INFO NET/Socket: Using 1 threads and 1 sockets per thread
nid04208:22649:22664 [0] NCCL INFO NET/Socket: Using 1 threads and 1 sockets per thread
nid04206:13431:13446 [0] NCCL INFO NET/Socket: Using 1 threads and 1 sockets per thread
nid07329:5450:5466 [0] NCCL INFO NET/Socket: Using 1 threads and 1 sockets per thread
nid07326:18855:18869 [0] NCCL INFO NET/Socket: Using 1 threads and 1 sockets per thread
nid03746:21530:21555 [0] NCCL INFO NET/Socket: Using 1 threads and 1 sockets per thread
nid03748:455:469 [0] NCCL INFO Ring 00 : 2 -> 3 [send] via NET/Socket/0
nid03747:17166:17180 [0] NCCL INFO Ring 00 : 1 -> 2 [send] via NET/Socket/0
nid04210:11183:11197 [0] NCCL INFO Ring 00 : 9 -> 10 [send] via NET/Socket/0
nid04208:22649:22664 [0] NCCL INFO Ring 00 : 7 -> 8 [send] via NET/Socket/0
nid07327:16202:16216 [0] NCCL INFO Ring 00 : 13 -> 14 [send] via NET/Socket/0
nid04206:13431:13446 [0] NCCL INFO Ring 00 : 5 -> 6 [send] via NET/Socket/0
nid04209:25057:25072 [0] NCCL INFO Ring 00 : 8 -> 9 [send] via NET/Socket/0
nid07329:5450:5466 [0] NCCL INFO Ring 00 : 15 -> 0 [send] via NET/Socket/0
nid03749:8201:8216 [0] NCCL INFO Ring 00 : 3 -> 4 [send] via NET/Socket/0
nid07326:18855:18869 [0] NCCL INFO Ring 00 : 12 -> 13 [send] via NET/Socket/0
nid07328:24830:24845 [0] NCCL INFO Ring 00 : 14 -> 15 [send] via NET/Socket/0
nid07325:11511:11525 [0] NCCL INFO Ring 00 : 11 -> 12 [send] via NET/Socket/0
nid03748:455:469 [0] NCCL INFO Could not find real path of /sys/class/net/ipogif0/device
nid04207:2477:2491 [0] NCCL INFO Ring 00 : 6 -> 7 [send] via NET/Socket/0
nid03750:15644:15658 [0] NCCL INFO Ring 00 : 4 -> 5 [send] via NET/Socket/0
nid04210:11183:11197 [0] NCCL INFO Could not find real path of /sys/class/net/ipogif0/device
nid04210:11183:11197 [0] NCCL INFO include/net.h:19 -> 2
nid03746:21530:21555 [0] NCCL INFO Ring 00 : 0 -> 1 [send] via NET/Socket/0
nid07324:23956:23971 [0] NCCL INFO Ring 00 : 10 -> 11 [send] via NET/Socket/0
nid07327:16202:16216 [0] NCCL INFO Could not find real path of /sys/class/net/ipogif0/device
nid07327:16202:16216 [0] NCCL INFO include/net.h:19 -> 2
nid04206:13431:13446 [0] NCCL INFO Could not find real path of /sys/class/net/ipogif0/device
nid04206:13431:13446 [0] NCCL INFO include/net.h:19 -> 2
nid04209:25057:25072 [0] NCCL INFO Could not find real path of /sys/class/net/ipogif0/device
nid04209:25057:25072 [0] NCCL INFO include/net.h:19 -> 2
nid07326:18855:18869 [0] NCCL INFO Could not find real path of /sys/class/net/ipogif0/device
nid07328:24830:24845 [0] NCCL INFO Could not find real path of /sys/class/net/ipogif0/device
nid07328:24830:24845 [0] NCCL INFO include/net.h:19 -> 2
nid03748:455:469 [0] NCCL INFO include/net.h:19 -> 2
nid04207:2477:2491 [0] NCCL INFO Could not find real path of /sys/class/net/ipogif0/device
nid04207:2477:2491 [0] NCCL INFO include/net.h:19 -> 2
nid03747:17166:17180 [0] NCCL INFO Could not find real path of /sys/class/net/ipogif0/device
nid03747:17166:17180 [0] NCCL INFO include/net.h:19 -> 2
nid03750:15644:15658 [0] NCCL INFO Could not find real path of /sys/class/net/ipogif0/device
nid03750:15644:15658 [0] NCCL INFO include/net.h:19 -> 2
nid03746:21530:21555 [0] NCCL INFO Could not find real path of /sys/class/net/ipogif0/device
nid03746:21530:21555 [0] NCCL INFO include/net.h:19 -> 2
nid07324:23956:23971 [0] NCCL INFO Could not find real path of /sys/class/net/ipogif0/device
nid07326:18855:18869 [0] NCCL INFO include/net.h:19 -> 2
nid07324:23956:23971 [0] NCCL INFO include/net.h:19 -> 2
nid07327:16202:16216 [0] NCCL INFO Ring 00 : 14 -> 13 [receive] via NET/Socket/0
nid07328:24830:24845 [0] NCCL INFO Ring 00 : 15 -> 14 [receive] via NET/Socket/0
nid03748:455:469 [0] NCCL INFO Ring 00 : 3 -> 2 [receive] via NET/Socket/0
nid04207:2477:2491 [0] NCCL INFO Ring 00 : 7 -> 6 [receive] via NET/Socket/0
nid03747:17166:17180 [0] NCCL INFO Ring 00 : 2 -> 1 [receive] via NET/Socket/0
nid04210:11183:11197 [0] NCCL INFO Ring 00 : 10 -> 9 [receive] via NET/Socket/0
nid07324:23956:23971 [0] NCCL INFO Ring 00 : 11 -> 10 [receive] via NET/Socket/0
nid04208:22649:22664 [0] NCCL INFO Ring 00 : 7 -> 6 [send] via NET/Socket/0
nid07327:16202:16216 [0] NCCL INFO NET/Socket: Using 1 threads and 1 sockets per thread
nid04206:13431:13446 [0] NCCL INFO Ring 00 : 6 -> 5 [receive] via NET/Socket/0
nid04209:25057:25072 [0] NCCL INFO Ring 00 : 4 -> 8 [receive] via NET/Socket/0
nid07329:5450:5466 [0] NCCL INFO Ring 00 : 15 -> 14 [send] via NET/Socket/0
nid03749:8201:8216 [0] NCCL INFO Ring 00 : 3 -> 2 [send] via NET/Socket/0
nid07326:18855:18869 [0] NCCL INFO Ring 00 : 10 -> 12 [receive] via NET/Socket/0
nid07328:24830:24845 [0] NCCL INFO NET/Socket: Using 1 threads and 1 sockets per thread
nid07325:11511:11525 [0] NCCL INFO Ring 00 : 11 -> 10 [send] via NET/Socket/0
nid03748:455:469 [0] NCCL INFO NET/Socket: Using 1 threads and 1 sockets per thread
nid04207:2477:2491 [0] NCCL INFO NET/Socket: Using 1 threads and 1 sockets per thread
nid03747:17166:17180 [0] NCCL INFO NET/Socket: Using 1 threads and 1 sockets per thread
nid03750:15644:15658 [0] NCCL INFO Ring 00 : 2 -> 4 [receive] via NET/Socket/0
nid04210:11183:11197 [0] NCCL INFO NET/Socket: Using 1 threads and 1 sockets per thread
nid03746:21530:21555 [0] NCCL INFO Ring 00 : 8 -> 0 [receive] via NET/Socket/0
nid07324:23956:23971 [0] NCCL INFO NET/Socket: Using 1 threads and 1 sockets per thread
nid04208:22649:22664 [0] NCCL INFO Trees [0] 6->7->-1/-1/-1
nid04206:13431:13446 [0] NCCL INFO NET/Socket: Using 1 threads and 1 sockets per thread
nid04209:25057:25072 [0] NCCL INFO NET/Socket: Using 1 threads and 1 sockets per thread
nid07329:5450:5466 [0] NCCL INFO Trees [0] 14->15->-1/-1/-1
nid03749:8201:8216 [0] NCCL INFO Trees [0] 2->3->-1/-1/-1
nid07326:18855:18869 [0] NCCL INFO NET/Socket: Using 1 threads and 1 sockets per thread
nid07325:11511:11525 [0] NCCL INFO Trees [0] 10->11->-1/-1/-1
nid03750:15644:15658 [0] NCCL INFO NET/Socket: Using 1 threads and 1 sockets per thread
nid03746:21530:21555 [0] NCCL INFO NET/Socket: Using 1 threads and 1 sockets per thread
nid04208:22649:22664 [0] NCCL INFO comm 0x2aab68002260 rank 7 nranks 16 cudaDev 0 nvmlDev 0 - Init COMPLETE
nid04209:25057:25072 [0] NCCL INFO Could not find real path of /sys/class/net/ipogif0/device
nid04209:25057:25072 [0] NCCL INFO include/net.h:19 -> 2
nid07329:5450:5466 [0] NCCL INFO comm 0x2aab68002260 rank 15 nranks 16 cudaDev 0 nvmlDev 0 - Init COMPLETE
nid03749:8201:8216 [0] NCCL INFO comm 0x2aab68002260 rank 3 nranks 16 cudaDev 0 nvmlDev 0 - Init COMPLETE
nid07326:18855:18869 [0] NCCL INFO Could not find real path of /sys/class/net/ipogif0/device
nid07325:11511:11525 [0] NCCL INFO comm 0x2aab68002260 rank 11 nranks 16 cudaDev 0 nvmlDev 0 - Init COMPLETE
nid03750:15644:15658 [0] NCCL INFO Could not find real path of /sys/class/net/ipogif0/device
nid03750:15644:15658 [0] NCCL INFO include/net.h:19 -> 2
nid07326:18855:18869 [0] NCCL INFO include/net.h:19 -> 2
nid04209:25057:25072 [0] NCCL INFO Ring 00 : 12 -> 8 [receive] via NET/Socket/0
nid07326:18855:18869 [0] NCCL INFO Ring 00 : 14 -> 12 [receive] via NET/Socket/0
nid07328:24830:24845 [0] NCCL INFO Ring 00 : 14 -> 12 [send] via NET/Socket/0
nid03748:455:469 [0] NCCL INFO Ring 00 : 2 -> 4 [send] via NET/Socket/0
nid04207:2477:2491 [0] NCCL INFO Ring 00 : 6 -> 4 [send] via NET/Socket/0
nid03750:15644:15658 [0] NCCL INFO Ring 00 : 6 -> 4 [receive] via NET/Socket/0
nid07324:23956:23971 [0] NCCL INFO Ring 00 : 10 -> 12 [send] via NET/Socket/0
nid04209:25057:25072 [0] NCCL INFO NET/Socket: Using 1 threads and 1 sockets per thread
nid07326:18855:18869 [0] NCCL INFO NET/Socket: Using 1 threads and 1 sockets per thread
nid07328:24830:24845 [0] NCCL INFO Could not find real path of /sys/class/net/ipogif0/device
nid03748:455:469 [0] NCCL INFO Could not find real path of /sys/class/net/ipogif0/device
nid04207:2477:2491 [0] NCCL INFO Could not find real path of /sys/class/net/ipogif0/device
nid04207:2477:2491 [0] NCCL INFO include/net.h:19 -> 2
nid03750:15644:15658 [0] NCCL INFO NET/Socket: Using 1 threads and 1 sockets per thread
nid07324:23956:23971 [0] NCCL INFO Could not find real path of /sys/class/net/ipogif0/device
nid07328:24830:24845 [0] NCCL INFO include/net.h:19 -> 2
nid03748:455:469 [0] NCCL INFO include/net.h:19 -> 2
nid07324:23956:23971 [0] NCCL INFO include/net.h:19 -> 2
nid03748:455:469 [0] NCCL INFO Ring 00 : 4 -> 2 [receive] via NET/Socket/0
nid07326:18855:18869 [0] NCCL INFO Ring 00 : 12 -> 8 [send] via NET/Socket/0
nid03748:455:469 [0] NCCL INFO NET/Socket: Using 1 threads and 1 sockets per thread
nid04207:2477:2491 [0] NCCL INFO Ring 00 : 4 -> 6 [receive] via NET/Socket/0
nid07324:23956:23971 [0] NCCL INFO Ring 00 : 12 -> 10 [receive] via NET/Socket/0
nid04209:25057:25072 [0] NCCL INFO Ring 00 : 8 -> 0 [send] via NET/Socket/0
nid07328:24830:24845 [0] NCCL INFO Ring 00 : 12 -> 14 [receive] via NET/Socket/0
nid04207:2477:2491 [0] NCCL INFO NET/Socket: Using 1 threads and 1 sockets per thread
nid03750:15644:15658 [0] NCCL INFO Ring 00 : 4 -> 8 [send] via NET/Socket/0
nid07324:23956:23971 [0] NCCL INFO NET/Socket: Using 1 threads and 1 sockets per thread
nid07326:18855:18869 [0] NCCL INFO Could not find real path of /sys/class/net/ipogif0/device
nid07328:24830:24845 [0] NCCL INFO NET/Socket: Using 1 threads and 1 sockets per thread
nid04209:25057:25072 [0] NCCL INFO Could not find real path of /sys/class/net/ipogif0/device
nid04209:25057:25072 [0] NCCL INFO include/net.h:19 -> 2
nid07326:18855:18869 [0] NCCL INFO include/net.h:19 -> 2
nid03750:15644:15658 [0] NCCL INFO Could not find real path of /sys/class/net/ipogif0/device
nid03750:15644:15658 [0] NCCL INFO include/net.h:19 -> 2
nid03748:455:469 [0] NCCL INFO Ring 00 : 2 -> 1 [send] via NET/Socket/0
nid07324:23956:23971 [0] NCCL INFO Ring 00 : 10 -> 9 [send] via NET/Socket/0
nid07326:18855:18869 [0] NCCL INFO Ring 00 : 8 -> 12 [receive] via NET/Socket/0
nid04207:2477:2491 [0] NCCL INFO Ring 00 : 6 -> 5 [send] via NET/Socket/0
nid03747:17166:17180 [0] NCCL INFO Trees [0] 2->1->-1/-1/-1
nid03750:15644:15658 [0] NCCL INFO Ring 00 : 8 -> 4 [receive] via NET/Socket/0
nid04206:13431:13446 [0] NCCL INFO Trees [0] 6->5->-1/-1/-1
nid04209:25057:25072 [0] NCCL INFO Ring 00 : 0 -> 8 [receive] via NET/Socket/0
nid07328:24830:24845 [0] NCCL INFO Ring 00 : 14 -> 13 [send] via NET/Socket/0
nid03750:15644:15658 [0] NCCL INFO NET/Socket: Using 1 threads and 1 sockets per thread
nid04210:11183:11197 [0] NCCL INFO Trees [0] 10->9->-1/-1/-1
nid03746:21530:21555 [0] NCCL INFO Ring 00 : 0 -> 8 [send] via NET/Socket/0
nid07327:16202:16216 [0] NCCL INFO Trees [0] 14->13->-1/-1/-1
nid07326:18855:18869 [0] NCCL INFO NET/Socket: Using 1 threads and 1 sockets per thread
nid03746:21530:21555 [0] NCCL INFO Trees [0] -1->0->8/-1/-1
nid03746:21530:21555 [0] NCCL INFO Using 256 threads, Min Comp Cap 6, Trees enabled up to size 299999
nid04209:25057:25072 [0] NCCL INFO NET/Socket: Using 1 threads and 1 sockets per thread
nid03747:17166:17180 [0] NCCL INFO comm 0x2aab68002260 rank 1 nranks 16 cudaDev 0 nvmlDev 0 - Init COMPLETE
nid04206:13431:13446 [0] NCCL INFO comm 0x2aab68002260 rank 5 nranks 16 cudaDev 0 nvmlDev 0 - Init COMPLETE
nid04210:11183:11197 [0] NCCL INFO comm 0x2aab68002260 rank 9 nranks 16 cudaDev 0 nvmlDev 0 - Init COMPLETE
nid07327:16202:16216 [0] NCCL INFO comm 0x2aab68002260 rank 13 nranks 16 cudaDev 0 nvmlDev 0 - Init COMPLETE
nid03746:21530:21555 [0] NCCL INFO comm 0x2aab70002260 rank 0 nranks 16 cudaDev 0 nvmlDev 0 - Init COMPLETE
nid03746:21530:21530 [0] NCCL INFO Launch mode Parallel
nid07326:18855:18869 [0] NCCL INFO Ring 00 : 12 -> 10 [send] via NET/Socket/0
nid04209:25057:25072 [0] NCCL INFO Ring 00 : 8 -> 4 [send] via NET/Socket/0
nid03750:15644:15658 [0] NCCL INFO Ring 00 : 4 -> 2 [send] via NET/Socket/0
nid07326:18855:18869 [0] NCCL INFO Ring 00 : 12 -> 14 [send] via NET/Socket/0
nid04209:25057:25072 [0] NCCL INFO Ring 00 : 8 -> 12 [send] via NET/Socket/0
nid03750:15644:15658 [0] NCCL INFO Ring 00 : 4 -> 6 [send] via NET/Socket/0
nid07324:23956:23971 [0] NCCL INFO Trees [0] 12->10->9/11/-1
nid07328:24830:24845 [0] NCCL INFO Trees [0] 12->14->13/15/-1
nid03748:455:469 [0] NCCL INFO Trees [0] 4->2->1/3/-1
nid04207:2477:2491 [0] NCCL INFO Trees [0] 4->6->5/7/-1
nid04209:25057:25072 [0] NCCL INFO Trees [0] 0->8->4/12/-1
nid07326:18855:18869 [0] NCCL INFO Trees [0] 8->12->10/14/-1
nid03750:15644:15658 [0] NCCL INFO Trees [0] 8->4->2/6/-1
nid07324:23956:23971 [0] NCCL INFO comm 0x2aab68002260 rank 10 nranks 16 cudaDev 0 nvmlDev 0 - Init COMPLETE
nid04209:25057:25072 [0] NCCL INFO comm 0x2aab68002260 rank 8 nranks 16 cudaDev 0 nvmlDev 0 - Init COMPLETE
nid07328:24830:24845 [0] NCCL INFO comm 0x2aab68002260 rank 14 nranks 16 cudaDev 0 nvmlDev 0 - Init COMPLETE
nid03748:455:469 [0] NCCL INFO comm 0x2aab68002260 rank 2 nranks 16 cudaDev 0 nvmlDev 0 - Init COMPLETE
nid04207:2477:2491 [0] NCCL INFO comm 0x2aab68002260 rank 6 nranks 16 cudaDev 0 nvmlDev 0 - Init COMPLETE
nid03750:15644:15658 [0] NCCL INFO comm 0x2aab68002260 rank 4 nranks 16 cudaDev 0 nvmlDev 0 - Init COMPLETE
nid07326:18855:18869 [0] NCCL INFO comm 0x2aab68002260 rank 12 nranks 16 cudaDev 0 nvmlDev 0 - Init COMPLETE
NCCL version 2.4.8+cuda10.1
nid07326:18855:18881 [0] NCCL INFO Setting affinity for GPU 0 to ffffff
nid07327:16202:16222 [0] NCCL INFO Setting affinity for GPU 0 to ffffff
nid03746:21530:21561 [0] NCCL INFO Setting affinity for GPU 0 to ffffff
nid03747:17166:17186 [0] NCCL INFO Setting affinity for GPU 0 to ffffff
NCCL version 2.4.8+cuda10.1
nid07328:24830:24854 [0] NCCL INFO Setting affinity for GPU 0 to ffffff
nid03750:15644:15670 [0] NCCL INFO Setting affinity for GPU 0 to ffffff
nid04206:13431:13452 [0] NCCL INFO Setting affinity for GPU 0 to ffffff
nid04207:2477:2500 [0] NCCL INFO Setting affinity for GPU 0 to ffffff
nid03748:455:478 [0] NCCL INFO Setting affinity for GPU 0 to ffffff
nid04208:22649:22669 [0] NCCL INFO Setting affinity for GPU 0 to ffffff
nid03750:15644:15670 [0] NCCL INFO Channel 00 :    0   1   2   3
nid03750:15644:15670 [0] NCCL INFO Could not find real path of /sys/class/net/ipogif0/device
nid03750:15644:15670 [0] NCCL INFO include/net.h:19 -> 2
nid04208:22649:22669 [0] NCCL INFO Could not find real path of /sys/class/net/ipogif0/device
nid04208:22649:22669 [0] NCCL INFO include/net.h:19 -> 2
nid04206:13431:13452 [0] NCCL INFO Could not find real path of /sys/class/net/ipogif0/device
nid04206:13431:13452 [0] NCCL INFO include/net.h:19 -> 2
nid04207:2477:2500 [0] NCCL INFO Could not find real path of /sys/class/net/ipogif0/device
nid04207:2477:2500 [0] NCCL INFO include/net.h:19 -> 2
nid03750:15644:15670 [0] NCCL INFO Ring 00 : 3 -> 0 [receive] via NET/Socket/0
nid03750:15644:15670 [0] NCCL INFO NET/Socket: Using 1 threads and 1 sockets per thread
nid04208:22649:22669 [0] NCCL INFO Ring 00 : 2 -> 3 [receive] via NET/Socket/0
nid04206:13431:13452 [0] NCCL INFO Ring 00 : 0 -> 1 [receive] via NET/Socket/0
nid04208:22649:22669 [0] NCCL INFO NET/Socket: Using 1 threads and 1 sockets per thread
nid04206:13431:13452 [0] NCCL INFO NET/Socket: Using 1 threads and 1 sockets per thread
nid04207:2477:2500 [0] NCCL INFO Ring 00 : 1 -> 2 [receive] via NET/Socket/0
nid04207:2477:2500 [0] NCCL INFO NET/Socket: Using 1 threads and 1 sockets per thread
nid04208:22649:22669 [0] NCCL INFO Ring 00 : 3 -> 0 [send] via NET/Socket/0
nid04206:13431:13452 [0] NCCL INFO Ring 00 : 1 -> 2 [send] via NET/Socket/0
nid03750:15644:15670 [0] NCCL INFO Ring 00 : 0 -> 1 [send] via NET/Socket/0
nid04207:2477:2500 [0] NCCL INFO Ring 00 : 2 -> 3 [send] via NET/Socket/0
nid03750:15644:15670 [0] NCCL INFO Using 256 threads, Min Comp Cap 6, Trees disabled
nid03750:15644:15670 [0] NCCL INFO comm 0x2aab70001c20 rank 0 nranks 4 cudaDev 0 nvmlDev 0 - Init COMPLETE
nid04206:13431:13452 [0] NCCL INFO comm 0x2aab6c001c20 rank 1 nranks 4 cudaDev 0 nvmlDev 0 - Init COMPLETE
nid03750:15644:15644 [0] NCCL INFO Launch mode Parallel
nid04208:22649:22669 [0] NCCL INFO comm 0x2aab6c001c20 rank 3 nranks 4 cudaDev 0 nvmlDev 0 - Init COMPLETE
nid04207:2477:2500 [0] NCCL INFO comm 0x2aab6c001c20 rank 2 nranks 4 cudaDev 0 nvmlDev 0 - Init COMPLETE
NCCL version 2.4.8+cuda10.1
nid04209:25057:25084 [0] NCCL INFO Setting affinity for GPU 0 to ffffff
nid07324:23956:23979 [0] NCCL INFO Setting affinity for GPU 0 to ffffff
nid07325:11511:11531 [0] NCCL INFO Setting affinity for GPU 0 to ffffff
nid04210:11183:11203 [0] NCCL INFO Setting affinity for GPU 0 to ffffff
nid04209:25057:25084 [0] NCCL INFO Channel 00 :    0   1   2   3
nid07325:11511:11531 [0] NCCL INFO Could not find real path of /sys/class/net/ipogif0/device
nid07325:11511:11531 [0] NCCL INFO include/net.h:19 -> 2
nid04209:25057:25084 [0] NCCL INFO Could not find real path of /sys/class/net/ipogif0/device
nid04209:25057:25084 [0] NCCL INFO include/net.h:19 -> 2
nid04210:11183:11203 [0] NCCL INFO Could not find real path of /sys/class/net/ipogif0/device
nid04210:11183:11203 [0] NCCL INFO include/net.h:19 -> 2
nid07324:23956:23979 [0] NCCL INFO Could not find real path of /sys/class/net/ipogif0/device
nid07324:23956:23979 [0] NCCL INFO include/net.h:19 -> 2
nid07324:23956:23979 [0] NCCL INFO Ring 00 : 1 -> 2 [receive] via NET/Socket/0
nid07325:11511:11531 [0] NCCL INFO Ring 00 : 2 -> 3 [receive] via NET/Socket/0
nid04210:11183:11203 [0] NCCL INFO Ring 00 : 0 -> 1 [receive] via NET/Socket/0
nid07324:23956:23979 [0] NCCL INFO NET/Socket: Using 1 threads and 1 sockets per thread
nid04209:25057:25084 [0] NCCL INFO Ring 00 : 3 -> 0 [receive] via NET/Socket/0
nid07325:11511:11531 [0] NCCL INFO NET/Socket: Using 1 threads and 1 sockets per thread
nid04210:11183:11203 [0] NCCL INFO NET/Socket: Using 1 threads and 1 sockets per thread
nid04209:25057:25084 [0] NCCL INFO NET/Socket: Using 1 threads and 1 sockets per thread
nid07324:23956:23979 [0] NCCL INFO Ring 00 : 2 -> 3 [send] via NET/Socket/0
nid07325:11511:11531 [0] NCCL INFO Ring 00 : 3 -> 0 [send] via NET/Socket/0
nid04209:25057:25084 [0] NCCL INFO Ring 00 : 0 -> 1 [send] via NET/Socket/0
nid04210:11183:11203 [0] NCCL INFO Ring 00 : 1 -> 2 [send] via NET/Socket/0
nid04209:25057:25084 [0] NCCL INFO Using 256 threads, Min Comp Cap 6, Trees disabled
nid07325:11511:11531 [0] NCCL INFO comm 0x2aab6c001c20 rank 3 nranks 4 cudaDev 0 nvmlDev 0 - Init COMPLETE
nid07324:23956:23979 [0] NCCL INFO comm 0x2aab6c001c20 rank 2 nranks 4 cudaDev 0 nvmlDev 0 - Init COMPLETE
nid04210:11183:11203 [0] NCCL INFO comm 0x2aab6c001c20 rank 1 nranks 4 cudaDev 0 nvmlDev 0 - Init COMPLETE
nid04209:25057:25084 [0] NCCL INFO comm 0x2aab70001c20 rank 0 nranks 4 cudaDev 0 nvmlDev 0 - Init COMPLETE
nid04209:25057:25057 [0] NCCL INFO Launch mode Parallel
nid03749:8201:8221 [0] NCCL INFO Setting affinity for GPU 0 to ffffff
nid03746:21530:21561 [0] NCCL INFO Channel 00 :    0   1   2   3
nid03747:17166:17186 [0] NCCL INFO Could not find real path of /sys/class/net/ipogif0/device
nid03747:17166:17186 [0] NCCL INFO include/net.h:19 -> 2
nid03749:8201:8221 [0] NCCL INFO Could not find real path of /sys/class/net/ipogif0/device
nid03749:8201:8221 [0] NCCL INFO include/net.h:19 -> 2
nid03748:455:478 [0] NCCL INFO Could not find real path of /sys/class/net/ipogif0/device
nid03748:455:478 [0] NCCL INFO include/net.h:19 -> 2
nid03746:21530:21561 [0] NCCL INFO Could not find real path of /sys/class/net/ipogif0/device
nid03746:21530:21561 [0] NCCL INFO include/net.h:19 -> 2
nid03747:17166:17186 [0] NCCL INFO Ring 00 : 0 -> 1 [receive] via NET/Socket/0
nid03749:8201:8221 [0] NCCL INFO Ring 00 : 2 -> 3 [receive] via NET/Socket/0
nid03747:17166:17186 [0] NCCL INFO NET/Socket: Using 1 threads and 1 sockets per thread
nid03746:21530:21561 [0] NCCL INFO Ring 00 : 3 -> 0 [receive] via NET/Socket/0
nid03749:8201:8221 [0] NCCL INFO NET/Socket: Using 1 threads and 1 sockets per thread
nid03748:455:478 [0] NCCL INFO Ring 00 : 1 -> 2 [receive] via NET/Socket/0
nid03748:455:478 [0] NCCL INFO NET/Socket: Using 1 threads and 1 sockets per thread
nid03746:21530:21561 [0] NCCL INFO NET/Socket: Using 1 threads and 1 sockets per thread
nid03747:17166:17186 [0] NCCL INFO Ring 00 : 1 -> 2 [send] via NET/Socket/0
nid03748:455:478 [0] NCCL INFO Ring 00 : 2 -> 3 [send] via NET/Socket/0
nid03749:8201:8221 [0] NCCL INFO Ring 00 : 3 -> 0 [send] via NET/Socket/0
nid03746:21530:21561 [0] NCCL INFO Ring 00 : 0 -> 1 [send] via NET/Socket/0
nid03746:21530:21561 [0] NCCL INFO Using 256 threads, Min Comp Cap 6, Trees disabled
nid03748:455:478 [0] NCCL INFO comm 0x2aab6c001c20 rank 2 nranks 4 cudaDev 0 nvmlDev 0 - Init COMPLETE
nid03749:8201:8221 [0] NCCL INFO comm 0x2aab6c001c20 rank 3 nranks 4 cudaDev 0 nvmlDev 0 - Init COMPLETE
nid03747:17166:17186 [0] NCCL INFO comm 0x2aab6c001c20 rank 1 nranks 4 cudaDev 0 nvmlDev 0 - Init COMPLETE
nid03746:21530:21561 [0] NCCL INFO comm 0x2aab74001c20 rank 0 nranks 4 cudaDev 0 nvmlDev 0 - Init COMPLETE
nid03746:21530:21530 [0] NCCL INFO Launch mode Parallel
NCCL version 2.4.8+cuda10.1
NCCL version 2.4.8+cuda10.1
NCCL version 2.4.8+cuda10.1
nid07329:5450:5470 [0] NCCL INFO Setting affinity for GPU 0 to ffffff
nid07326:18855:18881 [0] NCCL INFO Channel 00 :    0   1   2   3
nid07328:24830:24854 [0] NCCL INFO Could not find real path of /sys/class/net/ipogif0/device
nid07328:24830:24854 [0] NCCL INFO include/net.h:19 -> 2
nid07327:16202:16222 [0] NCCL INFO Could not find real path of /sys/class/net/ipogif0/device
nid07327:16202:16222 [0] NCCL INFO include/net.h:19 -> 2
nid07329:5450:5470 [0] NCCL INFO Could not find real path of /sys/class/net/ipogif0/device
nid07329:5450:5470 [0] NCCL INFO include/net.h:19 -> 2
nid07326:18855:18881 [0] NCCL INFO Could not find real path of /sys/class/net/ipogif0/device
nid07326:18855:18881 [0] NCCL INFO include/net.h:19 -> 2
nid07327:16202:16222 [0] NCCL INFO Ring 00 : 0 -> 1 [receive] via NET/Socket/0
nid07328:24830:24854 [0] NCCL INFO Ring 00 : 1 -> 2 [receive] via NET/Socket/0
nid07327:16202:16222 [0] NCCL INFO NET/Socket: Using 1 threads and 1 sockets per thread
nid07329:5450:5470 [0] NCCL INFO Ring 00 : 2 -> 3 [receive] via NET/Socket/0
nid07326:18855:18881 [0] NCCL INFO Ring 00 : 3 -> 0 [receive] via NET/Socket/0
nid07328:24830:24854 [0] NCCL INFO NET/Socket: Using 1 threads and 1 sockets per thread
nid07329:5450:5470 [0] NCCL INFO NET/Socket: Using 1 threads and 1 sockets per thread
nid07326:18855:18881 [0] NCCL INFO NET/Socket: Using 1 threads and 1 sockets per thread
nid03748:455:481 [0] NCCL INFO Setting affinity for GPU 0 to ffffff
nid04206:13431:13456 [0] NCCL INFO Setting affinity for GPU 0 to ffffff
nid03749:8201:8224 [0] NCCL INFO Setting affinity for GPU 0 to ffffff
nid04208:22649:22672 [0] NCCL INFO Setting affinity for GPU 0 to ffffff
nid04209:25057:25087 [0] NCCL INFO Setting affinity for GPU 0 to ffffff
nid07329:5450:5470 [0] NCCL INFO Ring 00 : 3 -> 0 [send] via NET/Socket/0
nid07325:11511:11534 [0] NCCL INFO Setting affinity for GPU 0 to ffffff
nid04207:2477:2504 [0] NCCL INFO Setting affinity for GPU 0 to ffffff
nid03747:17166:17190 [0] NCCL INFO Setting affinity for GPU 0 to ffffff
nid03750:15644:15673 [0] NCCL INFO Setting affinity for GPU 0 to ffffff
nid03746:21530:21565 [0] NCCL INFO Setting affinity for GPU 0 to ffffff
nid07324:23956:23983 [0] NCCL INFO Setting affinity for GPU 0 to ffffff
nid07327:16202:16222 [0] NCCL INFO Ring 00 : 1 -> 2 [send] via NET/Socket/0
nid07326:18855:18881 [0] NCCL INFO Ring 00 : 0 -> 1 [send] via NET/Socket/0
nid07328:24830:24854 [0] NCCL INFO Ring 00 : 2 -> 3 [send] via NET/Socket/0
nid04210:11183:11207 [0] NCCL INFO Setting affinity for GPU 0 to ffffff
nid07326:18855:18881 [0] NCCL INFO Using 256 threads, Min Comp Cap 6, Trees disabled
nid07326:18855:18881 [0] NCCL INFO comm 0x2aab70001c20 rank 0 nranks 4 cudaDev 0 nvmlDev 0 - Init COMPLETE
nid07329:5450:5470 [0] NCCL INFO comm 0x2aab6c001c20 rank 3 nranks 4 cudaDev 0 nvmlDev 0 - Init COMPLETE
nid07326:18855:18855 [0] NCCL INFO Launch mode Parallel
nid07328:24830:24854 [0] NCCL INFO comm 0x2aab6c001c20 rank 2 nranks 4 cudaDev 0 nvmlDev 0 - Init COMPLETE
nid07327:16202:16222 [0] NCCL INFO comm 0x2aab6c001c20 rank 1 nranks 4 cudaDev 0 nvmlDev 0 - Init COMPLETE
nid07326:18855:18884 [0] NCCL INFO Setting affinity for GPU 0 to ffffff
nid07327:16202:16225 [0] NCCL INFO Setting affinity for GPU 0 to ffffff
nid07329:5450:5472 [0] NCCL INFO Setting affinity for GPU 0 to ffffff
nid07328:24830:24856 [0] NCCL INFO Setting affinity for GPU 0 to ffffff
nid03748:455:481 [0] NCCL INFO Channel 00 :    0   1   2   3
nid03749:8201:8224 [0] NCCL INFO Channel 00 :    0   1   2   3
nid03746:21530:21565 [0] NCCL INFO Channel 00 :    0   1   2   3
nid03747:17166:17190 [0] NCCL INFO Channel 00 :    0   1   2   3
nid03750:15644:15673 [0] NCCL INFO Could not find real path of /sys/class/net/ipogif0/device
nid03750:15644:15673 [0] NCCL INFO include/net.h:19 -> 2
nid04208:22649:22672 [0] NCCL INFO Could not find real path of /sys/class/net/ipogif0/device
nid04208:22649:22672 [0] NCCL INFO include/net.h:19 -> 2
nid07327:16202:16225 [0] NCCL INFO Could not find real path of /sys/class/net/ipogif0/device
nid07327:16202:16225 [0] NCCL INFO include/net.h:19 -> 2
nid04209:25057:25087 [0] NCCL INFO Could not find real path of /sys/class/net/ipogif0/device
nid04209:25057:25087 [0] NCCL INFO include/net.h:19 -> 2
nid07329:5450:5472 [0] NCCL INFO Could not find real path of /sys/class/net/ipogif0/device
nid07329:5450:5472 [0] NCCL INFO include/net.h:19 -> 2
nid03749:8201:8224 [0] NCCL INFO Could not find real path of /sys/class/net/ipogif0/device
nid07326:18855:18884 [0] NCCL INFO Could not find real path of /sys/class/net/ipogif0/device
nid07326:18855:18884 [0] NCCL INFO include/net.h:19 -> 2
nid07328:24830:24856 [0] NCCL INFO Could not find real path of /sys/class/net/ipogif0/device
nid07328:24830:24856 [0] NCCL INFO include/net.h:19 -> 2
nid03748:455:481 [0] NCCL INFO Could not find real path of /sys/class/net/ipogif0/device
nid03748:455:481 [0] NCCL INFO include/net.h:19 -> 2
nid04207:2477:2504 [0] NCCL INFO Could not find real path of /sys/class/net/ipogif0/device
nid04207:2477:2504 [0] NCCL INFO include/net.h:19 -> 2
nid03746:21530:21565 [0] NCCL INFO Could not find real path of /sys/class/net/ipogif0/device
nid03746:21530:21565 [0] NCCL INFO include/net.h:19 -> 2
nid07324:23956:23983 [0] NCCL INFO Could not find real path of /sys/class/net/ipogif0/device
nid07324:23956:23983 [0] NCCL INFO include/net.h:19 -> 2
nid04206:13431:13456 [0] NCCL INFO Could not find real path of /sys/class/net/ipogif0/device
nid04206:13431:13456 [0] NCCL INFO include/net.h:19 -> 2
nid03749:8201:8224 [0] NCCL INFO include/net.h:19 -> 2
nid07325:11511:11534 [0] NCCL INFO Could not find real path of /sys/class/net/ipogif0/device
nid07325:11511:11534 [0] NCCL INFO include/net.h:19 -> 2
nid03747:17166:17190 [0] NCCL INFO Could not find real path of /sys/class/net/ipogif0/device
nid03747:17166:17190 [0] NCCL INFO include/net.h:19 -> 2
nid04210:11183:11207 [0] NCCL INFO Could not find real path of /sys/class/net/ipogif0/device
nid04210:11183:11207 [0] NCCL INFO include/net.h:19 -> 2
nid07328:24830:24856 [0] NCCL INFO Ring 00 : 2 -> 3 [receive] via NET/Socket/0
nid03748:455:481 [0] NCCL INFO Ring 00 : 3 -> 0 [receive] via NET/Socket/0
nid03750:15644:15673 [0] NCCL INFO Ring 00 : 0 -> 1 [receive] via NET/Socket/0
nid07324:23956:23983 [0] NCCL INFO Ring 00 : 1 -> 2 [receive] via NET/Socket/0
nid04208:22649:22672 [0] NCCL INFO Ring 00 : 0 -> 1 [receive] via NET/Socket/0
nid07327:16202:16225 [0] NCCL INFO Ring 00 : 2 -> 3 [receive] via NET/Socket/0
nid04209:25057:25087 [0] NCCL INFO Ring 00 : 1 -> 2 [receive] via NET/Socket/0
nid07329:5450:5472 [0] NCCL INFO Ring 00 : 2 -> 3 [receive] via NET/Socket/0
nid03749:8201:8224 [0] NCCL INFO Ring 00 : 3 -> 0 [receive] via NET/Socket/0
nid07326:18855:18884 [0] NCCL INFO Ring 00 : 2 -> 3 [receive] via NET/Socket/0
nid07328:24830:24856 [0] NCCL INFO NET/Socket: Using 1 threads and 1 sockets per thread
nid03748:455:481 [0] NCCL INFO NET/Socket: Using 1 threads and 1 sockets per thread
nid04207:2477:2504 [0] NCCL INFO Ring 00 : 0 -> 1 [receive] via NET/Socket/0
nid03747:17166:17190 [0] NCCL INFO Ring 00 : 3 -> 0 [receive] via NET/Socket/0
nid03750:15644:15673 [0] NCCL INFO NET/Socket: Using 1 threads and 1 sockets per thread
nid03746:21530:21565 [0] NCCL INFO Ring 00 : 3 -> 0 [receive] via NET/Socket/0
nid03746:21530:21565 [0] NCCL INFO NET/Socket: Using 1 threads and 1 sockets per thread
nid07324:23956:23983 [0] NCCL INFO NET/Socket: Using 1 threads and 1 sockets per thread
nid04208:22649:22672 [0] NCCL INFO NET/Socket: Using 1 threads and 1 sockets per thread
nid07327:16202:16225 [0] NCCL INFO NET/Socket: Using 1 threads and 1 sockets per thread
nid04206:13431:13456 [0] NCCL INFO Ring 00 : 0 -> 1 [receive] via NET/Socket/0
nid04209:25057:25087 [0] NCCL INFO NET/Socket: Using 1 threads and 1 sockets per thread
nid07329:5450:5472 [0] NCCL INFO NET/Socket: Using 1 threads and 1 sockets per thread
nid03749:8201:8224 [0] NCCL INFO NET/Socket: Using 1 threads and 1 sockets per thread
nid07326:18855:18884 [0] NCCL INFO NET/Socket: Using 1 threads and 1 sockets per thread
nid07325:11511:11534 [0] NCCL INFO Ring 00 : 1 -> 2 [receive] via NET/Socket/0
nid04207:2477:2504 [0] NCCL INFO NET/Socket: Using 1 threads and 1 sockets per thread
nid03747:17166:17190 [0] NCCL INFO NET/Socket: Using 1 threads and 1 sockets per thread
nid04210:11183:11207 [0] NCCL INFO Ring 00 : 1 -> 2 [receive] via NET/Socket/0
nid04206:13431:13456 [0] NCCL INFO NET/Socket: Using 1 threads and 1 sockets per thread
nid07325:11511:11534 [0] NCCL INFO NET/Socket: Using 1 threads and 1 sockets per thread
nid04210:11183:11207 [0] NCCL INFO NET/Socket: Using 1 threads and 1 sockets per thread
nid03748:455:481 [0] NCCL INFO Ring 00 : 0 -> 1 [send] via NET/Socket/0
nid07324:23956:23983 [0] NCCL INFO Ring 00 : 2 -> 3 [send] via NET/Socket/0
nid07327:16202:16225 [0] NCCL INFO Ring 00 : 3 -> 0 [send] via NET/Socket/0
nid07329:5450:5472 [0] NCCL INFO Ring 00 : 3 -> 0 [send] via NET/Socket/0
nid03749:8201:8224 [0] NCCL INFO Ring 00 : 0 -> 1 [send] via NET/Socket/0
nid07326:18855:18884 [0] NCCL INFO Ring 00 : 3 -> 0 [send] via NET/Socket/0
nid07328:24830:24856 [0] NCCL INFO Ring 00 : 3 -> 0 [send] via NET/Socket/0
nid03747:17166:17190 [0] NCCL INFO Ring 00 : 0 -> 1 [send] via NET/Socket/0
nid03750:15644:15673 [0] NCCL INFO Ring 00 : 1 -> 2 [send] via NET/Socket/0
nid04208:22649:22672 [0] NCCL INFO Ring 00 : 1 -> 2 [send] via NET/Socket/0
nid04206:13431:13456 [0] NCCL INFO Ring 00 : 1 -> 2 [send] via NET/Socket/0
nid04209:25057:25087 [0] NCCL INFO Ring 00 : 2 -> 3 [send] via NET/Socket/0
nid03749:8201:8224 [0] NCCL INFO Using 256 threads, Min Comp Cap 6, Trees disabled
nid07325:11511:11534 [0] NCCL INFO Ring 00 : 2 -> 3 [send] via NET/Socket/0
nid03748:455:481 [0] NCCL INFO Using 256 threads, Min Comp Cap 6, Trees disabled
nid04207:2477:2504 [0] NCCL INFO Ring 00 : 1 -> 2 [send] via NET/Socket/0
nid03747:17166:17190 [0] NCCL INFO Using 256 threads, Min Comp Cap 6, Trees disabled
nid04210:11183:11207 [0] NCCL INFO Ring 00 : 2 -> 3 [send] via NET/Socket/0
nid03746:21530:21565 [0] NCCL INFO Ring 00 : 0 -> 1 [send] via NET/Socket/0
nid03749:8201:8224 [0] NCCL INFO comm 0x2aab70001c20 rank 0 nranks 4 cudaDev 0 nvmlDev 0 - Init COMPLETE
nid03746:21530:21565 [0] NCCL INFO Using 256 threads, Min Comp Cap 6, Trees disabled
nid04208:22649:22672 [0] NCCL INFO comm 0x2aab70001c20 rank 1 nranks 4 cudaDev 0 nvmlDev 0 - Init COMPLETE
nid07327:16202:16225 [0] NCCL INFO comm 0x2aab70001c20 rank 3 nranks 4 cudaDev 0 nvmlDev 0 - Init COMPLETE
nid04206:13431:13456 [0] NCCL INFO comm 0x2aab70001c20 rank 1 nranks 4 cudaDev 0 nvmlDev 0 - Init COMPLETE
nid04209:25057:25087 [0] NCCL INFO comm 0x2aab6c001c20 rank 2 nranks 4 cudaDev 0 nvmlDev 0 - Init COMPLETE
nid03749:8201:8201 [0] NCCL INFO Launch mode Parallel
nid07326:18855:18884 [0] NCCL INFO comm 0x2aab6c001c20 rank 3 nranks 4 cudaDev 0 nvmlDev 0 - Init COMPLETE
nid07328:24830:24856 [0] NCCL INFO comm 0x2aab6c02ddb0 rank 3 nranks 4 cudaDev 0 nvmlDev 0 - Init COMPLETE
nid03748:455:481 [0] NCCL INFO comm 0x2aab70001c20 rank 0 nranks 4 cudaDev 0 nvmlDev 0 - Init COMPLETE
nid04207:2477:2504 [0] NCCL INFO comm 0x2aab70001c20 rank 1 nranks 4 cudaDev 0 nvmlDev 0 - Init COMPLETE
nid03747:17166:17190 [0] NCCL INFO comm 0x2aab74001c20 rank 0 nranks 4 cudaDev 0 nvmlDev 0 - Init COMPLETE
nid03750:15644:15673 [0] NCCL INFO comm 0x2aab6c001c20 rank 1 nranks 4 cudaDev 0 nvmlDev 0 - Init COMPLETE
nid04210:11183:11207 [0] NCCL INFO comm 0x2aab70001c20 rank 2 nranks 4 cudaDev 0 nvmlDev 0 - Init COMPLETE
nid03746:21530:21565 [0] NCCL INFO comm 0x2aab78001c20 rank 0 nranks 4 cudaDev 0 nvmlDev 0 - Init COMPLETE
nid07324:23956:23983 [0] NCCL INFO comm 0x2aab70001c20 rank 2 nranks 4 cudaDev 0 nvmlDev 0 - Init COMPLETE
nid07329:5450:5472 [0] NCCL INFO comm 0x2aab6c02ddb0 rank 3 nranks 4 cudaDev 0 nvmlDev 0 - Init COMPLETE
nid07325:11511:11534 [0] NCCL INFO comm 0x2aab70001c20 rank 2 nranks 4 cudaDev 0 nvmlDev 0 - Init COMPLETE
nid03748:455:455 [0] NCCL INFO Launch mode Parallel
nid03747:17166:17166 [0] NCCL INFO Launch mode Parallel
nid03746:21530:21530 [0] NCCL INFO Launch mode Parallel
Duration/ms: 63.31798735618591
