nid02697:20142:20142 [0] NCCL INFO Bootstrap : Using [0]ipogif0:148.187.42.158<0>
nid02699:23282:23282 [0] NCCL INFO Bootstrap : Using [0]ipogif0:148.187.42.160<0>
nid02700:17084:17084 [0] NCCL INFO Bootstrap : Using [0]ipogif0:148.187.42.161<0>
nid02698:28448:28448 [0] NCCL INFO Bootstrap : Using [0]ipogif0:148.187.42.159<0>
nid02697:20142:20142 [0] NCCL INFO NET/Plugin : No plugin found (libnccl-net.so).
libibverbs: Could not locate libibgni (/usr/lib64/libibgni.so.1: undefined symbol: verbs_uninit_context)
libibverbs: Warning: couldn't open config directory '/opt/cray/rdma-core/22.3-7.0.2.1_2.21__g42f5f32b.ari/etc/libibverbs.d'.
nid02697:20142:20142 [0] NCCL INFO NET/IB : No device found.
nid02697:20142:20142 [0] NCCL INFO NET/Socket : Using [0]ipogif0:148.187.42.158<0>
NCCL version 2.4.8+cuda10.1
nid02697:20142:20165 [0] NCCL INFO Setting affinity for GPU 0 to ffffff
nid02697:20142:20165 [0] NCCL INFO Could not find real path of /sys/class/net/ipogif0/device
nid02697:20142:20165 [0] NCCL INFO include/net.h:19 -> 2
nid02697:20142:20165 [0] NCCL INFO CUDA Dev 0[0], Socket NIC distance :  SYS
nid02697:20142:20165 [0] NCCL INFO Channel 00 :    0   1   2   3
nid02699:23282:23282 [0] NCCL INFO NET/Plugin : No plugin found (libnccl-net.so).
libibverbs: Could not locate libibgni (/usr/lib64/libibgni.so.1: undefined symbol: verbs_uninit_context)
libibverbs: Warning: couldn't open config directory '/opt/cray/rdma-core/22.3-7.0.2.1_2.21__g42f5f32b.ari/etc/libibverbs.d'.
nid02697:20142:20165 [0] NCCL INFO Could not find real path of /sys/class/net/ipogif0/device
nid02697:20142:20165 [0] NCCL INFO include/net.h:19 -> 2
nid02699:23282:23282 [0] NCCL INFO NET/IB : No device found.
nid02699:23282:23282 [0] NCCL INFO NET/Socket : Using [0]ipogif0:148.187.42.160<0>
nid02699:23282:23296 [0] NCCL INFO Setting affinity for GPU 0 to ffffff
nid02699:23282:23296 [0] NCCL INFO Could not find real path of /sys/class/net/ipogif0/device
nid02699:23282:23296 [0] NCCL INFO include/net.h:19 -> 2
nid02699:23282:23296 [0] NCCL INFO CUDA Dev 0[0], Socket NIC distance :  SYS
nid02699:23282:23296 [0] NCCL INFO Could not find real path of /sys/class/net/ipogif0/device
nid02699:23282:23296 [0] NCCL INFO include/net.h:19 -> 2
nid02699:23282:23296 [0] NCCL INFO Ring 00 : 1 -> 2 [receive] via NET/Socket/0
nid02699:23282:23296 [0] NCCL INFO NET/Socket: Using 1 threads and 1 sockets per thread
nid02697:20142:20165 [0] NCCL INFO Ring 00 : 3 -> 0 [receive] via NET/Socket/0
nid02697:20142:20165 [0] NCCL INFO NET/Socket: Using 1 threads and 1 sockets per thread
nid02697:20142:20165 [0] NCCL INFO Ring 00 : 0 -> 1 [send] via NET/Socket/0
nid02699:23282:23296 [0] NCCL INFO Ring 00 : 2 -> 3 [send] via NET/Socket/0
nid02697:20142:20165 [0] NCCL INFO Using 256 threads, Min Comp Cap 6, Trees disabled
nid02697:20142:20165 [0] NCCL INFO comm 0x2aab70002260 rank 0 nranks 4 cudaDev 0 nvmlDev 0 - Init COMPLETE
nid02697:20142:20142 [0] NCCL INFO Launch mode Parallel
nid02698:28448:28448 [0] NCCL INFO NET/Plugin : No plugin found (libnccl-net.so).
libibverbs: Could not locate libibgni (/usr/lib64/libibgni.so.1: undefined symbol: verbs_uninit_context)
nid02699:23282:23296 [0] NCCL INFO comm 0x2aab64002260 rank 2 nranks 4 cudaDev 0 nvmlDev 0 - Init COMPLETE
libibverbs: Warning: couldn't open config directory '/opt/cray/rdma-core/22.3-7.0.2.1_2.21__g42f5f32b.ari/etc/libibverbs.d'.
nid02700:17084:17084 [0] NCCL INFO NET/Plugin : No plugin found (libnccl-net.so).
libibverbs: Could not locate libibgni (/usr/lib64/libibgni.so.1: undefined symbol: verbs_uninit_context)
nid02698:28448:28448 [0] NCCL INFO NET/IB : No device found.
libibverbs: Warning: couldn't open config directory '/opt/cray/rdma-core/22.3-7.0.2.1_2.21__g42f5f32b.ari/etc/libibverbs.d'.
nid02698:28448:28448 [0] NCCL INFO NET/Socket : Using [0]ipogif0:148.187.42.159<0>
nid02698:28448:28462 [0] NCCL INFO Setting affinity for GPU 0 to ffffff
nid02700:17084:17084 [0] NCCL INFO NET/IB : No device found.
nid02698:28448:28462 [0] NCCL INFO Could not find real path of /sys/class/net/ipogif0/device
nid02698:28448:28462 [0] NCCL INFO include/net.h:19 -> 2
nid02700:17084:17084 [0] NCCL INFO NET/Socket : Using [0]ipogif0:148.187.42.161<0>
nid02698:28448:28462 [0] NCCL INFO CUDA Dev 0[0], Socket NIC distance :  SYS
nid02700:17084:17097 [0] NCCL INFO Setting affinity for GPU 0 to ffffff
nid02698:28448:28462 [0] NCCL INFO Could not find real path of /sys/class/net/ipogif0/device
nid02698:28448:28462 [0] NCCL INFO include/net.h:19 -> 2
nid02700:17084:17097 [0] NCCL INFO Could not find real path of /sys/class/net/ipogif0/device
nid02700:17084:17097 [0] NCCL INFO include/net.h:19 -> 2
nid02700:17084:17097 [0] NCCL INFO CUDA Dev 0[0], Socket NIC distance :  SYS
nid02698:28448:28462 [0] NCCL INFO Ring 00 : 0 -> 1 [receive] via NET/Socket/0
nid02700:17084:17097 [0] NCCL INFO Could not find real path of /sys/class/net/ipogif0/device
nid02698:28448:28462 [0] NCCL INFO NET/Socket: Using 1 threads and 1 sockets per thread
nid02700:17084:17097 [0] NCCL INFO include/net.h:19 -> 2
nid02698:28448:28462 [0] NCCL INFO Ring 00 : 1 -> 2 [send] via NET/Socket/0
nid02700:17084:17097 [0] NCCL INFO Ring 00 : 2 -> 3 [receive] via NET/Socket/0
nid02698:28448:28462 [0] NCCL INFO comm 0x2aab64002260 rank 1 nranks 4 cudaDev 0 nvmlDev 0 - Init COMPLETE
nid02700:17084:17097 [0] NCCL INFO NET/Socket: Using 1 threads and 1 sockets per thread
nid02700:17084:17097 [0] NCCL INFO Ring 00 : 3 -> 0 [send] via NET/Socket/0
nid02700:17084:17097 [0] NCCL INFO comm 0x2aab64002260 rank 3 nranks 4 cudaDev 0 nvmlDev 0 - Init COMPLETE
NCCL version 2.4.8+cuda10.1
nid02699:23282:23301 [0] NCCL INFO Setting affinity for GPU 0 to ffffff
nid02700:17084:17103 [0] NCCL INFO Setting affinity for GPU 0 to ffffff
nid02699:23282:23301 [0] NCCL INFO Channel 00 :    0   1
nid02699:23282:23301 [0] NCCL INFO Could not find real path of /sys/class/net/ipogif0/device
nid02700:17084:17103 [0] NCCL INFO Could not find real path of /sys/class/net/ipogif0/device
nid02700:17084:17103 [0] NCCL INFO include/net.h:19 -> 2
nid02699:23282:23301 [0] NCCL INFO include/net.h:19 -> 2
nid02700:17084:17103 [0] NCCL INFO Ring 00 : 0 -> 1 [receive] via NET/Socket/0
nid02699:23282:23301 [0] NCCL INFO Ring 00 : 1 -> 0 [receive] via NET/Socket/0
nid02700:17084:17103 [0] NCCL INFO NET/Socket: Using 1 threads and 1 sockets per thread
nid02699:23282:23301 [0] NCCL INFO NET/Socket: Using 1 threads and 1 sockets per thread
nid02699:23282:23301 [0] NCCL INFO Ring 00 : 0 -> 1 [send] via NET/Socket/0
nid02700:17084:17103 [0] NCCL INFO Ring 00 : 1 -> 0 [send] via NET/Socket/0
nid02699:23282:23301 [0] NCCL INFO Using 256 threads, Min Comp Cap 6, Trees disabled
nid02699:23282:23301 [0] NCCL INFO comm 0x2aab6c001c20 rank 0 nranks 2 cudaDev 0 nvmlDev 0 - Init COMPLETE
nid02700:17084:17103 [0] NCCL INFO comm 0x2aab68001c20 rank 1 nranks 2 cudaDev 0 nvmlDev 0 - Init COMPLETE
nid02699:23282:23282 [0] NCCL INFO Launch mode Parallel
nid02697:20142:20171 [0] NCCL INFO Setting affinity for GPU 0 to ffffff
nid02698:28448:28466 [0] NCCL INFO Setting affinity for GPU 0 to ffffff
nid02697:20142:20171 [0] NCCL INFO Channel 00 :    0   1
nid02698:28448:28466 [0] NCCL INFO Could not find real path of /sys/class/net/ipogif0/device
nid02698:28448:28466 [0] NCCL INFO include/net.h:19 -> 2
nid02697:20142:20171 [0] NCCL INFO Could not find real path of /sys/class/net/ipogif0/device
nid02697:20142:20171 [0] NCCL INFO include/net.h:19 -> 2
nid02698:28448:28466 [0] NCCL INFO Ring 00 : 0 -> 1 [receive] via NET/Socket/0
nid02697:20142:20171 [0] NCCL INFO Ring 00 : 1 -> 0 [receive] via NET/Socket/0
nid02698:28448:28466 [0] NCCL INFO NET/Socket: Using 1 threads and 1 sockets per thread
nid02697:20142:20171 [0] NCCL INFO NET/Socket: Using 1 threads and 1 sockets per thread
nid02698:28448:28466 [0] NCCL INFO Ring 00 : 1 -> 0 [send] via NET/Socket/0
nid02697:20142:20171 [0] NCCL INFO Ring 00 : 0 -> 1 [send] via NET/Socket/0
nid02697:20142:20171 [0] NCCL INFO Using 256 threads, Min Comp Cap 6, Trees disabled
nid02698:28448:28466 [0] NCCL INFO comm 0x2aab68001c20 rank 1 nranks 2 cudaDev 0 nvmlDev 0 - Init COMPLETE
nid02697:20142:20171 [0] NCCL INFO comm 0x2aab74001c20 rank 0 nranks 2 cudaDev 0 nvmlDev 0 - Init COMPLETE
nid02697:20142:20142 [0] NCCL INFO Launch mode Parallel
NCCL version 2.4.8+cuda10.1
nid02699:23282:23304 [0] NCCL INFO Setting affinity for GPU 0 to ffffff
nid02697:20142:20175 [0] NCCL INFO Setting affinity for GPU 0 to ffffff
nid02698:28448:28470 [0] NCCL INFO Setting affinity for GPU 0 to ffffff
nid02700:17084:17106 [0] NCCL INFO Setting affinity for GPU 0 to ffffff
nid02697:20142:20175 [0] NCCL INFO Channel 00 :    0   1
nid02698:28448:28470 [0] NCCL INFO Channel 00 :    0   1
nid02699:23282:23304 [0] NCCL INFO Could not find real path of /sys/class/net/ipogif0/device
nid02699:23282:23304 [0] NCCL INFO include/net.h:19 -> 2
nid02697:20142:20175 [0] NCCL INFO Could not find real path of /sys/class/net/ipogif0/device
nid02697:20142:20175 [0] NCCL INFO include/net.h:19 -> 2
nid02698:28448:28470 [0] NCCL INFO Could not find real path of /sys/class/net/ipogif0/device
nid02698:28448:28470 [0] NCCL INFO include/net.h:19 -> 2
nid02700:17084:17106 [0] NCCL INFO Could not find real path of /sys/class/net/ipogif0/device
nid02700:17084:17106 [0] NCCL INFO include/net.h:19 -> 2
nid02699:23282:23304 [0] NCCL INFO Ring 00 : 0 -> 1 [receive] via NET/Socket/0
nid02697:20142:20175 [0] NCCL INFO Ring 00 : 1 -> 0 [receive] via NET/Socket/0
nid02700:17084:17106 [0] NCCL INFO Ring 00 : 0 -> 1 [receive] via NET/Socket/0
nid02699:23282:23304 [0] NCCL INFO NET/Socket: Using 1 threads and 1 sockets per thread
nid02697:20142:20175 [0] NCCL INFO NET/Socket: Using 1 threads and 1 sockets per thread
nid02698:28448:28470 [0] NCCL INFO Ring 00 : 1 -> 0 [receive] via NET/Socket/0
nid02700:17084:17106 [0] NCCL INFO NET/Socket: Using 1 threads and 1 sockets per thread
nid02698:28448:28470 [0] NCCL INFO NET/Socket: Using 1 threads and 1 sockets per thread
nid02699:23282:23304 [0] NCCL INFO Ring 00 : 1 -> 0 [send] via NET/Socket/0
nid02700:17084:17106 [0] NCCL INFO Ring 00 : 1 -> 0 [send] via NET/Socket/0
nid02697:20142:20175 [0] NCCL INFO Ring 00 : 0 -> 1 [send] via NET/Socket/0
nid02698:28448:28470 [0] NCCL INFO Ring 00 : 0 -> 1 [send] via NET/Socket/0
nid02697:20142:20175 [0] NCCL INFO Using 256 threads, Min Comp Cap 6, Trees disabled
nid02698:28448:28470 [0] NCCL INFO Using 256 threads, Min Comp Cap 6, Trees disabled
nid02697:20142:20175 [0] NCCL INFO comm 0x2aab78001c20 rank 0 nranks 2 cudaDev 0 nvmlDev 0 - Init COMPLETE
nid02700:17084:17106 [0] NCCL INFO comm 0x2aab6c001c20 rank 1 nranks 2 cudaDev 0 nvmlDev 0 - Init COMPLETE
nid02699:23282:23304 [0] NCCL INFO comm 0x2aab68001c20 rank 1 nranks 2 cudaDev 0 nvmlDev 0 - Init COMPLETE
nid02697:20142:20142 [0] NCCL INFO Launch mode Parallel
nid02698:28448:28470 [0] NCCL INFO comm 0x2aab70001c20 rank 0 nranks 2 cudaDev 0 nvmlDev 0 - Init COMPLETE
nid02698:28448:28448 [0] NCCL INFO Launch mode Parallel
Duration/ms: 1.7365756773948668
