nid07358:740:740 [0] NCCL INFO Bootstrap : Using [0]ipogif0:148.187.60.247<0>
nid07358:740:740 [0] NCCL INFO NET/Plugin : No plugin found (libnccl-net.so).
libibverbs: Could not locate libibgni (/usr/lib64/libibgni.so.1: undefined symbol: verbs_uninit_context)
libibverbs: Warning: couldn't open config directory '/opt/cray/rdma-core/22.3-7.0.2.1_2.21__g42f5f32b.ari/etc/libibverbs.d'.
nid07358:740:740 [0] NCCL INFO NET/IB : No device found.
nid07358:740:740 [0] NCCL INFO NET/Socket : Using [0]ipogif0:148.187.60.247<0>
NCCL version 2.4.8+cuda10.1
nid07358:740:761 [0] NCCL INFO Setting affinity for GPU 0 to ffffff
nid07360:17509:17509 [0] NCCL INFO Bootstrap : Using [0]ipogif0:148.187.60.249<0>
nid07359:22290:22290 [0] NCCL INFO Bootstrap : Using [0]ipogif0:148.187.60.248<0>
nid07360:17509:17509 [0] NCCL INFO NET/Plugin : No plugin found (libnccl-net.so).
nid07359:22290:22290 [0] NCCL INFO NET/Plugin : No plugin found (libnccl-net.so).
libibverbs: Could not locate libibgni (/usr/lib64/libibgni.so.1: undefined symbol: verbs_uninit_context)
libibverbs: Could not locate libibgni (/usr/lib64/libibgni.so.1: undefined symbol: verbs_uninit_context)
nid07360:17509:17509 [0] NCCL INFO NET/IB : No device found.
libibverbs: Warning: couldn't open config directory '/opt/cray/rdma-core/22.3-7.0.2.1_2.21__g42f5f32b.ari/etc/libibverbs.d'.
nid07359:22290:22290 [0] NCCL INFO NET/IB : No device found.
libibverbs: Warning: couldn't open config directory '/opt/cray/rdma-core/22.3-7.0.2.1_2.21__g42f5f32b.ari/etc/libibverbs.d'.
nid07360:17509:17509 [0] NCCL INFO NET/Socket : Using [0]ipogif0:148.187.60.249<0>
nid07359:22290:22290 [0] NCCL INFO NET/Socket : Using [0]ipogif0:148.187.60.248<0>
nid07360:17509:17520 [0] NCCL INFO Setting affinity for GPU 0 to ffffff
nid07359:22290:22301 [0] NCCL INFO Setting affinity for GPU 0 to ffffff
nid07361:22537:22537 [0] NCCL INFO Bootstrap : Using [0]ipogif0:148.187.60.250<0>
nid07359:22290:22301 [0] NCCL INFO Could not find real path of /sys/class/net/ipogif0/device
nid07359:22290:22301 [0] NCCL INFO include/net.h:19 -> 2
nid07359:22290:22301 [0] NCCL INFO CUDA Dev 0[0], Socket NIC distance :  SYS
nid07360:17509:17520 [0] NCCL INFO Could not find real path of /sys/class/net/ipogif0/device
nid07360:17509:17520 [0] NCCL INFO include/net.h:19 -> 2
nid07360:17509:17520 [0] NCCL INFO CUDA Dev 0[0], Socket NIC distance :  SYS
nid07358:740:761 [0] NCCL INFO Could not find real path of /sys/class/net/ipogif0/device
nid07358:740:761 [0] NCCL INFO include/net.h:19 -> 2
nid07358:740:761 [0] NCCL INFO CUDA Dev 0[0], Socket NIC distance :  SYS
nid07358:740:761 [0] NCCL INFO Channel 00 :    0   1   2   3
nid07358:740:761 [0] NCCL INFO Could not find real path of /sys/class/net/ipogif0/device
nid07358:740:761 [0] NCCL INFO include/net.h:19 -> 2
nid07359:22290:22301 [0] NCCL INFO Could not find real path of /sys/class/net/ipogif0/device
nid07359:22290:22301 [0] NCCL INFO include/net.h:19 -> 2
nid07360:17509:17520 [0] NCCL INFO Could not find real path of /sys/class/net/ipogif0/device
nid07360:17509:17520 [0] NCCL INFO include/net.h:19 -> 2
nid07359:22290:22301 [0] NCCL INFO Ring 00 : 0 -> 1 [receive] via NET/Socket/0
nid07358:740:761 [0] NCCL INFO Ring 00 : 3 -> 0 [receive] via NET/Socket/0
nid07359:22290:22301 [0] NCCL INFO NET/Socket: Using 1 threads and 1 sockets per thread
nid07360:17509:17520 [0] NCCL INFO Ring 00 : 1 -> 2 [receive] via NET/Socket/0
nid07358:740:761 [0] NCCL INFO NET/Socket: Using 1 threads and 1 sockets per thread
nid07360:17509:17520 [0] NCCL INFO NET/Socket: Using 1 threads and 1 sockets per thread
nid07359:22290:22301 [0] NCCL INFO Ring 00 : 1 -> 2 [send] via NET/Socket/0
nid07358:740:761 [0] NCCL INFO Ring 00 : 0 -> 1 [send] via NET/Socket/0
nid07360:17509:17520 [0] NCCL INFO Ring 00 : 2 -> 3 [send] via NET/Socket/0
nid07358:740:761 [0] NCCL INFO Using 256 threads, Min Comp Cap 6, Trees disabled
nid07358:740:761 [0] NCCL INFO comm 0x2aab70002260 rank 0 nranks 4 cudaDev 0 nvmlDev 0 - Init COMPLETE
nid07359:22290:22301 [0] NCCL INFO comm 0x2aab4c002260 rank 1 nranks 4 cudaDev 0 nvmlDev 0 - Init COMPLETE
nid07360:17509:17520 [0] NCCL INFO comm 0x2aab4c002260 rank 2 nranks 4 cudaDev 0 nvmlDev 0 - Init COMPLETE
nid07358:740:740 [0] NCCL INFO Launch mode Parallel
nid07361:22537:22537 [0] NCCL INFO NET/Plugin : No plugin found (libnccl-net.so).
libibverbs: Could not locate libibgni (/usr/lib64/libibgni.so.1: undefined symbol: verbs_uninit_context)
libibverbs: Warning: couldn't open config directory '/opt/cray/rdma-core/22.3-7.0.2.1_2.21__g42f5f32b.ari/etc/libibverbs.d'.
nid07361:22537:22537 [0] NCCL INFO NET/IB : No device found.
nid07361:22537:22537 [0] NCCL INFO NET/Socket : Using [0]ipogif0:148.187.60.250<0>
nid07361:22537:22549 [0] NCCL INFO Setting affinity for GPU 0 to ffffff
nid07361:22537:22549 [0] NCCL INFO Could not find real path of /sys/class/net/ipogif0/device
nid07361:22537:22549 [0] NCCL INFO include/net.h:19 -> 2
nid07361:22537:22549 [0] NCCL INFO CUDA Dev 0[0], Socket NIC distance :  SYS
nid07361:22537:22549 [0] NCCL INFO Could not find real path of /sys/class/net/ipogif0/device
nid07361:22537:22549 [0] NCCL INFO include/net.h:19 -> 2
nid07361:22537:22549 [0] NCCL INFO Ring 00 : 2 -> 3 [receive] via NET/Socket/0
nid07361:22537:22549 [0] NCCL INFO NET/Socket: Using 1 threads and 1 sockets per thread
nid07361:22537:22549 [0] NCCL INFO Ring 00 : 3 -> 0 [send] via NET/Socket/0
nid07361:22537:22549 [0] NCCL INFO comm 0x2aab4c002260 rank 3 nranks 4 cudaDev 0 nvmlDev 0 - Init COMPLETE
Duration/ms: 3.4890550422668456
