nid03492:13992:13992 [0] NCCL INFO Bootstrap : Using [0]ipogif0:148.187.45.191<0>
nid03492:13992:13992 [0] NCCL INFO NET/Plugin : No plugin found (libnccl-net.so).
libibverbs: Could not locate libibgni (/usr/lib64/libibgni.so.1: undefined symbol: verbs_uninit_context)
nid03493:14253:14253 [0] NCCL INFO Bootstrap : Using [0]ipogif0:148.187.45.192<0>
libibverbs: Warning: couldn't open config directory '/opt/cray/rdma-core/22.3-7.0.2.1_2.21__g42f5f32b.ari/etc/libibverbs.d'.
nid03492:13992:13992 [0] NCCL INFO NET/IB : No device found.
nid03492:13992:13992 [0] NCCL INFO NET/Socket : Using [0]ipogif0:148.187.45.191<0>
nid03494:14807:14807 [0] NCCL INFO Bootstrap : Using [0]ipogif0:148.187.45.193<0>
nid03495:5647:5647 [0] NCCL INFO Bootstrap : Using [0]ipogif0:148.187.45.194<0>
NCCL version 2.4.8+cuda10.1
nid03492:13992:14015 [0] NCCL INFO Setting affinity for GPU 0 to ffffff
nid03495:5647:5647 [0] NCCL INFO NET/Plugin : No plugin found (libnccl-net.so).
libibverbs: Could not locate libibgni (/usr/lib64/libibgni.so.1: undefined symbol: verbs_uninit_context)
libibverbs: Warning: couldn't open config directory '/opt/cray/rdma-core/22.3-7.0.2.1_2.21__g42f5f32b.ari/etc/libibverbs.d'.
nid03495:5647:5647 [0] NCCL INFO NET/IB : No device found.
nid03495:5647:5647 [0] NCCL INFO NET/Socket : Using [0]ipogif0:148.187.45.194<0>
nid03495:5647:5661 [0] NCCL INFO Setting affinity for GPU 0 to ffffff
nid03495:5647:5661 [0] NCCL INFO Could not find real path of /sys/class/net/ipogif0/device
nid03495:5647:5661 [0] NCCL INFO include/net.h:19 -> 2
nid03492:13992:14015 [0] NCCL INFO Could not find real path of /sys/class/net/ipogif0/device
nid03492:13992:14015 [0] NCCL INFO include/net.h:19 -> 2
nid03495:5647:5661 [0] NCCL INFO CUDA Dev 0[0], Socket NIC distance :  SYS
nid03492:13992:14015 [0] NCCL INFO CUDA Dev 0[0], Socket NIC distance :  SYS
nid03492:13992:14015 [0] NCCL INFO Channel 00 :    0   1   2   3
nid03495:5647:5661 [0] NCCL INFO Could not find real path of /sys/class/net/ipogif0/device
nid03492:13992:14015 [0] NCCL INFO Could not find real path of /sys/class/net/ipogif0/device
nid03492:13992:14015 [0] NCCL INFO include/net.h:19 -> 2
nid03495:5647:5661 [0] NCCL INFO include/net.h:19 -> 2
nid03494:14807:14807 [0] NCCL INFO NET/Plugin : No plugin found (libnccl-net.so).
nid03493:14253:14253 [0] NCCL INFO NET/Plugin : No plugin found (libnccl-net.so).
libibverbs: Could not locate libibgni (/usr/lib64/libibgni.so.1: undefined symbol: verbs_uninit_context)
nid03492:13992:14015 [0] NCCL INFO Ring 00 : 3 -> 0 [receive] via NET/Socket/0
libibverbs: Could not locate libibgni (/usr/lib64/libibgni.so.1: undefined symbol: verbs_uninit_context)
nid03495:5647:5661 [0] NCCL INFO Ring 00 : 2 -> 3 [receive] via NET/Socket/0
libibverbs: Warning: couldn't open config directory '/opt/cray/rdma-core/22.3-7.0.2.1_2.21__g42f5f32b.ari/etc/libibverbs.d'.
nid03492:13992:14015 [0] NCCL INFO NET/Socket: Using 1 threads and 1 sockets per thread
libibverbs: Warning: couldn't open config directory '/opt/cray/rdma-core/22.3-7.0.2.1_2.21__g42f5f32b.ari/etc/libibverbs.d'.
nid03495:5647:5661 [0] NCCL INFO NET/Socket: Using 1 threads and 1 sockets per thread
nid03494:14807:14807 [0] NCCL INFO NET/IB : No device found.
nid03493:14253:14253 [0] NCCL INFO NET/IB : No device found.
nid03494:14807:14807 [0] NCCL INFO NET/Socket : Using [0]ipogif0:148.187.45.193<0>
nid03493:14253:14253 [0] NCCL INFO NET/Socket : Using [0]ipogif0:148.187.45.192<0>
nid03494:14807:14820 [0] NCCL INFO Setting affinity for GPU 0 to ffffff
nid03493:14253:14267 [0] NCCL INFO Setting affinity for GPU 0 to ffffff
nid03494:14807:14820 [0] NCCL INFO Could not find real path of /sys/class/net/ipogif0/device
nid03494:14807:14820 [0] NCCL INFO include/net.h:19 -> 2
nid03493:14253:14267 [0] NCCL INFO Could not find real path of /sys/class/net/ipogif0/device
nid03493:14253:14267 [0] NCCL INFO include/net.h:19 -> 2
nid03493:14253:14267 [0] NCCL INFO CUDA Dev 0[0], Socket NIC distance :  SYS
nid03494:14807:14820 [0] NCCL INFO CUDA Dev 0[0], Socket NIC distance :  SYS
nid03493:14253:14267 [0] NCCL INFO Could not find real path of /sys/class/net/ipogif0/device
nid03493:14253:14267 [0] NCCL INFO include/net.h:19 -> 2
nid03494:14807:14820 [0] NCCL INFO Could not find real path of /sys/class/net/ipogif0/device
nid03494:14807:14820 [0] NCCL INFO include/net.h:19 -> 2
nid03493:14253:14267 [0] NCCL INFO Ring 00 : 0 -> 1 [receive] via NET/Socket/0
nid03492:13992:14015 [0] NCCL INFO Ring 00 : 0 -> 1 [send] via NET/Socket/0
nid03494:14807:14820 [0] NCCL INFO Ring 00 : 1 -> 2 [receive] via NET/Socket/0
nid03493:14253:14267 [0] NCCL INFO NET/Socket: Using 1 threads and 1 sockets per thread
nid03494:14807:14820 [0] NCCL INFO NET/Socket: Using 1 threads and 1 sockets per thread
nid03493:14253:14267 [0] NCCL INFO Ring 00 : 1 -> 2 [send] via NET/Socket/0
nid03495:5647:5661 [0] NCCL INFO Ring 00 : 3 -> 0 [send] via NET/Socket/0
nid03494:14807:14820 [0] NCCL INFO Ring 00 : 2 -> 3 [send] via NET/Socket/0
nid03492:13992:14015 [0] NCCL INFO Using 256 threads, Min Comp Cap 6, Trees disabled
nid03494:14807:14820 [0] NCCL INFO comm 0x2aab68002260 rank 2 nranks 4 cudaDev 0 nvmlDev 0 - Init COMPLETE
nid03493:14253:14267 [0] NCCL INFO comm 0x2aab68002260 rank 1 nranks 4 cudaDev 0 nvmlDev 0 - Init COMPLETE
nid03495:5647:5661 [0] NCCL INFO comm 0x2aab68002260 rank 3 nranks 4 cudaDev 0 nvmlDev 0 - Init COMPLETE
nid03492:13992:14015 [0] NCCL INFO comm 0x2aab70002260 rank 0 nranks 4 cudaDev 0 nvmlDev 0 - Init COMPLETE
nid03492:13992:13992 [0] NCCL INFO Launch mode Parallel
NCCL version 2.4.8+cuda10.1
nid03494:14807:14825 [0] NCCL INFO Setting affinity for GPU 0 to ffffff
nid03495:5647:5665 [0] NCCL INFO Setting affinity for GPU 0 to ffffff
nid03494:14807:14825 [0] NCCL INFO Channel 00 :    0   1
nid03495:5647:5665 [0] NCCL INFO Could not find real path of /sys/class/net/ipogif0/device
nid03495:5647:5665 [0] NCCL INFO include/net.h:19 -> 2
nid03494:14807:14825 [0] NCCL INFO Could not find real path of /sys/class/net/ipogif0/device
nid03494:14807:14825 [0] NCCL INFO include/net.h:19 -> 2
nid03495:5647:5665 [0] NCCL INFO Ring 00 : 0 -> 1 [receive] via NET/Socket/0
nid03494:14807:14825 [0] NCCL INFO Ring 00 : 1 -> 0 [receive] via NET/Socket/0
nid03495:5647:5665 [0] NCCL INFO NET/Socket: Using 1 threads and 1 sockets per thread
nid03494:14807:14825 [0] NCCL INFO NET/Socket: Using 1 threads and 1 sockets per thread
nid03494:14807:14825 [0] NCCL INFO Ring 00 : 0 -> 1 [send] via NET/Socket/0
nid03495:5647:5665 [0] NCCL INFO Ring 00 : 1 -> 0 [send] via NET/Socket/0
nid03494:14807:14825 [0] NCCL INFO Using 256 threads, Min Comp Cap 6, Trees disabled
nid03494:14807:14825 [0] NCCL INFO comm 0x2aab70001c20 rank 0 nranks 2 cudaDev 0 nvmlDev 0 - Init COMPLETE
nid03495:5647:5665 [0] NCCL INFO comm 0x2aab6c001c20 rank 1 nranks 2 cudaDev 0 nvmlDev 0 - Init COMPLETE
nid03494:14807:14807 [0] NCCL INFO Launch mode Parallel
nid03492:13992:14020 [0] NCCL INFO Setting affinity for GPU 0 to ffffff
nid03493:14253:14271 [0] NCCL INFO Setting affinity for GPU 0 to ffffff
nid03492:13992:14020 [0] NCCL INFO Channel 00 :    0   1
nid03493:14253:14271 [0] NCCL INFO Could not find real path of /sys/class/net/ipogif0/device
nid03493:14253:14271 [0] NCCL INFO include/net.h:19 -> 2
nid03492:13992:14020 [0] NCCL INFO Could not find real path of /sys/class/net/ipogif0/device
nid03492:13992:14020 [0] NCCL INFO include/net.h:19 -> 2
nid03493:14253:14271 [0] NCCL INFO Ring 00 : 0 -> 1 [receive] via NET/Socket/0
nid03493:14253:14271 [0] NCCL INFO NET/Socket: Using 1 threads and 1 sockets per thread
nid03492:13992:14020 [0] NCCL INFO Ring 00 : 1 -> 0 [receive] via NET/Socket/0
nid03492:13992:14020 [0] NCCL INFO NET/Socket: Using 1 threads and 1 sockets per thread
nid03493:14253:14271 [0] NCCL INFO Ring 00 : 1 -> 0 [send] via NET/Socket/0
nid03492:13992:14020 [0] NCCL INFO Ring 00 : 0 -> 1 [send] via NET/Socket/0
nid03492:13992:14020 [0] NCCL INFO Using 256 threads, Min Comp Cap 6, Trees disabled
nid03492:13992:14020 [0] NCCL INFO comm 0x2aab74001c20 rank 0 nranks 2 cudaDev 0 nvmlDev 0 - Init COMPLETE
nid03493:14253:14271 [0] NCCL INFO comm 0x2aab6c001c20 rank 1 nranks 2 cudaDev 0 nvmlDev 0 - Init COMPLETE
nid03492:13992:13992 [0] NCCL INFO Launch mode Parallel
NCCL version 2.4.8+cuda10.1
nid03495:5647:5668 [0] NCCL INFO Setting affinity for GPU 0 to ffffff
nid03492:13992:14024 [0] NCCL INFO Setting affinity for GPU 0 to ffffff
nid03494:14807:14828 [0] NCCL INFO Setting affinity for GPU 0 to ffffff
nid03493:14253:14276 [0] NCCL INFO Setting affinity for GPU 0 to ffffff
nid03492:13992:14024 [0] NCCL INFO Channel 00 :    0   1
nid03493:14253:14276 [0] NCCL INFO Channel 00 :    0   1
nid03495:5647:5668 [0] NCCL INFO Could not find real path of /sys/class/net/ipogif0/device
nid03495:5647:5668 [0] NCCL INFO include/net.h:19 -> 2
nid03492:13992:14024 [0] NCCL INFO Could not find real path of /sys/class/net/ipogif0/device
nid03492:13992:14024 [0] NCCL INFO include/net.h:19 -> 2
nid03494:14807:14828 [0] NCCL INFO Could not find real path of /sys/class/net/ipogif0/device
nid03494:14807:14828 [0] NCCL INFO include/net.h:19 -> 2
nid03493:14253:14276 [0] NCCL INFO Could not find real path of /sys/class/net/ipogif0/device
nid03493:14253:14276 [0] NCCL INFO include/net.h:19 -> 2
nid03494:14807:14828 [0] NCCL INFO Ring 00 : 0 -> 1 [receive] via NET/Socket/0
nid03495:5647:5668 [0] NCCL INFO Ring 00 : 0 -> 1 [receive] via NET/Socket/0
nid03492:13992:14024 [0] NCCL INFO Ring 00 : 1 -> 0 [receive] via NET/Socket/0
nid03494:14807:14828 [0] NCCL INFO NET/Socket: Using 1 threads and 1 sockets per thread
nid03495:5647:5668 [0] NCCL INFO NET/Socket: Using 1 threads and 1 sockets per thread
nid03492:13992:14024 [0] NCCL INFO NET/Socket: Using 1 threads and 1 sockets per thread
nid03493:14253:14276 [0] NCCL INFO Ring 00 : 1 -> 0 [receive] via NET/Socket/0
nid03493:14253:14276 [0] NCCL INFO NET/Socket: Using 1 threads and 1 sockets per thread
nid03494:14807:14828 [0] NCCL INFO Ring 00 : 1 -> 0 [send] via NET/Socket/0
nid03495:5647:5668 [0] NCCL INFO Ring 00 : 1 -> 0 [send] via NET/Socket/0
nid03492:13992:14024 [0] NCCL INFO Ring 00 : 0 -> 1 [send] via NET/Socket/0
nid03492:13992:14024 [0] NCCL INFO Using 256 threads, Min Comp Cap 6, Trees disabled
nid03493:14253:14276 [0] NCCL INFO Ring 00 : 0 -> 1 [send] via NET/Socket/0
nid03493:14253:14276 [0] NCCL INFO Using 256 threads, Min Comp Cap 6, Trees disabled
nid03492:13992:14024 [0] NCCL INFO comm 0x2aab78001c20 rank 0 nranks 2 cudaDev 0 nvmlDev 0 - Init COMPLETE
nid03494:14807:14828 [0] NCCL INFO comm 0x2aab6c001c20 rank 1 nranks 2 cudaDev 0 nvmlDev 0 - Init COMPLETE
nid03495:5647:5668 [0] NCCL INFO comm 0x2aab70001c20 rank 1 nranks 2 cudaDev 0 nvmlDev 0 - Init COMPLETE
nid03492:13992:13992 [0] NCCL INFO Launch mode Parallel
nid03493:14253:14276 [0] NCCL INFO comm 0x2aab74001c20 rank 0 nranks 2 cudaDev 0 nvmlDev 0 - Init COMPLETE
nid03493:14253:14253 [0] NCCL INFO Launch mode Parallel
Duration/ms: 14.389955482482911
