nid05401:17315:17315 [0] NCCL INFO Bootstrap : Using [0]ipogif0:148.187.53.68<0>
nid05401:17315:17315 [0] NCCL INFO NET/Plugin : No plugin found (libnccl-net.so).
libibverbs: Could not locate libibgni (/usr/lib64/libibgni.so.1: undefined symbol: verbs_uninit_context)
libibverbs: Warning: couldn't open config directory '/opt/cray/rdma-core/22.3-7.0.2.1_2.21__g42f5f32b.ari/etc/libibverbs.d'.
nid05401:17315:17315 [0] NCCL INFO NET/IB : No device found.
nid05401:17315:17315 [0] NCCL INFO NET/Socket : Using [0]ipogif0:148.187.53.68<0>
NCCL version 2.4.8+cuda10.1
nid05401:17315:17338 [0] NCCL INFO Setting affinity for GPU 0 to ffffff
nid05402:2279:2279 [0] NCCL INFO Bootstrap : Using [0]ipogif0:148.187.53.69<0>
nid05404:25210:25210 [0] NCCL INFO Bootstrap : Using [0]ipogif0:148.187.53.71<0>
nid05403:7160:7160 [0] NCCL INFO Bootstrap : Using [0]ipogif0:148.187.53.70<0>
nid05402:2279:2279 [0] NCCL INFO NET/Plugin : No plugin found (libnccl-net.so).
nid05404:25210:25210 [0] NCCL INFO NET/Plugin : No plugin found (libnccl-net.so).
libibverbs: Could not locate libibgni (/usr/lib64/libibgni.so.1: undefined symbol: verbs_uninit_context)
libibverbs: Warning: couldn't open config directory '/opt/cray/rdma-core/22.3-7.0.2.1_2.21__g42f5f32b.ari/etc/libibverbs.d'.
nid05402:2279:2279 [0] NCCL INFO NET/IB : No device found.
nid05402:2279:2279 [0] NCCL INFO NET/Socket : Using [0]ipogif0:148.187.53.69<0>
libibverbs: Could not locate libibgni (/usr/lib64/libibgni.so.1: undefined symbol: verbs_uninit_context)
libibverbs: Warning: couldn't open config directory '/opt/cray/rdma-core/22.3-7.0.2.1_2.21__g42f5f32b.ari/etc/libibverbs.d'.
nid05404:25210:25210 [0] NCCL INFO NET/IB : No device found.
nid05404:25210:25210 [0] NCCL INFO NET/Socket : Using [0]ipogif0:148.187.53.71<0>
nid05402:2279:2293 [0] NCCL INFO Setting affinity for GPU 0 to ffffff
nid05404:25210:25224 [0] NCCL INFO Setting affinity for GPU 0 to ffffff
nid05404:25210:25224 [0] NCCL INFO Could not find real path of /sys/class/net/ipogif0/device
nid05404:25210:25224 [0] NCCL INFO include/net.h:19 -> 2
nid05401:17315:17338 [0] NCCL INFO Could not find real path of /sys/class/net/ipogif0/device
nid05401:17315:17338 [0] NCCL INFO include/net.h:19 -> 2
nid05401:17315:17338 [0] NCCL INFO CUDA Dev 0[0], Socket NIC distance :  SYS
nid05402:2279:2293 [0] NCCL INFO Could not find real path of /sys/class/net/ipogif0/device
nid05402:2279:2293 [0] NCCL INFO include/net.h:19 -> 2
nid05402:2279:2293 [0] NCCL INFO CUDA Dev 0[0], Socket NIC distance :  SYS
nid05404:25210:25224 [0] NCCL INFO CUDA Dev 0[0], Socket NIC distance :  SYS
nid05401:17315:17338 [0] NCCL INFO Channel 00 :    0   1   2   3
nid05404:25210:25224 [0] NCCL INFO Could not find real path of /sys/class/net/ipogif0/device
nid05404:25210:25224 [0] NCCL INFO include/net.h:19 -> 2
nid05402:2279:2293 [0] NCCL INFO Could not find real path of /sys/class/net/ipogif0/device
nid05402:2279:2293 [0] NCCL INFO include/net.h:19 -> 2
nid05401:17315:17338 [0] NCCL INFO Could not find real path of /sys/class/net/ipogif0/device
nid05401:17315:17338 [0] NCCL INFO include/net.h:19 -> 2
libibverbs: Could not locate libibgni (/usr/lib64/libibgni.so.1: undefined symbol: verbs_uninit_context)
nid05403:7160:7160 [0] NCCL INFO NET/Plugin : No plugin found (libnccl-net.so).
libibverbs: Warning: couldn't open config directory '/opt/cray/rdma-core/22.3-7.0.2.1_2.21__g42f5f32b.ari/etc/libibverbs.d'.
nid05403:7160:7160 [0] NCCL INFO NET/IB : No device found.
nid05404:25210:25224 [0] NCCL INFO Ring 00 : 2 -> 3 [receive] via NET/Socket/0
nid05402:2279:2293 [0] NCCL INFO Ring 00 : 0 -> 1 [receive] via NET/Socket/0
nid05403:7160:7160 [0] NCCL INFO NET/Socket : Using [0]ipogif0:148.187.53.70<0>
nid05401:17315:17338 [0] NCCL INFO Ring 00 : 3 -> 0 [receive] via NET/Socket/0
nid05404:25210:25224 [0] NCCL INFO NET/Socket: Using 1 threads and 1 sockets per thread
nid05402:2279:2293 [0] NCCL INFO NET/Socket: Using 1 threads and 1 sockets per thread
nid05403:7160:7176 [0] NCCL INFO Setting affinity for GPU 0 to ffffff
nid05401:17315:17338 [0] NCCL INFO NET/Socket: Using 1 threads and 1 sockets per thread
nid05403:7160:7176 [0] NCCL INFO Could not find real path of /sys/class/net/ipogif0/device
nid05403:7160:7176 [0] NCCL INFO include/net.h:19 -> 2
nid05403:7160:7176 [0] NCCL INFO CUDA Dev 0[0], Socket NIC distance :  SYS
nid05403:7160:7176 [0] NCCL INFO Could not find real path of /sys/class/net/ipogif0/device
nid05403:7160:7176 [0] NCCL INFO include/net.h:19 -> 2
nid05403:7160:7176 [0] NCCL INFO Ring 00 : 1 -> 2 [receive] via NET/Socket/0
nid05403:7160:7176 [0] NCCL INFO NET/Socket: Using 1 threads and 1 sockets per thread
nid05404:25210:25224 [0] NCCL INFO Ring 00 : 3 -> 0 [send] via NET/Socket/0
nid05402:2279:2293 [0] NCCL INFO Ring 00 : 1 -> 2 [send] via NET/Socket/0
nid05403:7160:7176 [0] NCCL INFO Ring 00 : 2 -> 3 [send] via NET/Socket/0
nid05401:17315:17338 [0] NCCL INFO Ring 00 : 0 -> 1 [send] via NET/Socket/0
nid05401:17315:17338 [0] NCCL INFO Using 256 threads, Min Comp Cap 6, Trees disabled
nid05404:25210:25224 [0] NCCL INFO comm 0x2aab68002260 rank 3 nranks 4 cudaDev 0 nvmlDev 0 - Init COMPLETE
nid05402:2279:2293 [0] NCCL INFO comm 0x2aab68002260 rank 1 nranks 4 cudaDev 0 nvmlDev 0 - Init COMPLETE
nid05403:7160:7176 [0] NCCL INFO comm 0x2aab68002260 rank 2 nranks 4 cudaDev 0 nvmlDev 0 - Init COMPLETE
nid05401:17315:17338 [0] NCCL INFO comm 0x2aab70002260 rank 0 nranks 4 cudaDev 0 nvmlDev 0 - Init COMPLETE
nid05401:17315:17315 [0] NCCL INFO Launch mode Parallel
NCCL version 2.4.8+cuda10.1
nid05403:7160:7181 [0] NCCL INFO Setting affinity for GPU 0 to ffffff
nid05404:25210:25228 [0] NCCL INFO Setting affinity for GPU 0 to ffffff
nid05403:7160:7181 [0] NCCL INFO Channel 00 :    0   1
nid05404:25210:25228 [0] NCCL INFO Could not find real path of /sys/class/net/ipogif0/device
nid05404:25210:25228 [0] NCCL INFO include/net.h:19 -> 2
nid05403:7160:7181 [0] NCCL INFO Could not find real path of /sys/class/net/ipogif0/device
nid05403:7160:7181 [0] NCCL INFO include/net.h:19 -> 2
nid05401:17315:17344 [0] NCCL INFO Setting affinity for GPU 0 to ffffff
nid05404:25210:25228 [0] NCCL INFO Ring 00 : 0 -> 1 [receive] via NET/Socket/0
nid05404:25210:25228 [0] NCCL INFO NET/Socket: Using 1 threads and 1 sockets per thread
nid05403:7160:7181 [0] NCCL INFO Ring 00 : 1 -> 0 [receive] via NET/Socket/0
nid05403:7160:7181 [0] NCCL INFO NET/Socket: Using 1 threads and 1 sockets per thread
nid05404:25210:25228 [0] NCCL INFO Ring 00 : 1 -> 0 [send] via NET/Socket/0
nid05403:7160:7181 [0] NCCL INFO Ring 00 : 0 -> 1 [send] via NET/Socket/0
nid05403:7160:7181 [0] NCCL INFO Using 256 threads, Min Comp Cap 6, Trees disabled
nid05404:25210:25228 [0] NCCL INFO comm 0x2aab6c001c20 rank 1 nranks 2 cudaDev 0 nvmlDev 0 - Init COMPLETE
nid05403:7160:7181 [0] NCCL INFO comm 0x2aab70001c20 rank 0 nranks 2 cudaDev 0 nvmlDev 0 - Init COMPLETE
nid05403:7160:7160 [0] NCCL INFO Launch mode Parallel
nid05402:2279:2297 [0] NCCL INFO Setting affinity for GPU 0 to ffffff
nid05401:17315:17344 [0] NCCL INFO Channel 00 :    0   1
nid05402:2279:2297 [0] NCCL INFO Could not find real path of /sys/class/net/ipogif0/device
nid05402:2279:2297 [0] NCCL INFO include/net.h:19 -> 2
nid05401:17315:17344 [0] NCCL INFO Could not find real path of /sys/class/net/ipogif0/device
nid05401:17315:17344 [0] NCCL INFO include/net.h:19 -> 2
nid05402:2279:2297 [0] NCCL INFO Ring 00 : 0 -> 1 [receive] via NET/Socket/0
nid05402:2279:2297 [0] NCCL INFO NET/Socket: Using 1 threads and 1 sockets per thread
nid05401:17315:17344 [0] NCCL INFO Ring 00 : 1 -> 0 [receive] via NET/Socket/0
nid05401:17315:17344 [0] NCCL INFO NET/Socket: Using 1 threads and 1 sockets per thread
nid05402:2279:2297 [0] NCCL INFO Ring 00 : 1 -> 0 [send] via NET/Socket/0
nid05401:17315:17344 [0] NCCL INFO Ring 00 : 0 -> 1 [send] via NET/Socket/0
nid05401:17315:17344 [0] NCCL INFO Using 256 threads, Min Comp Cap 6, Trees disabled
nid05402:2279:2297 [0] NCCL INFO comm 0x2aab6c001c20 rank 1 nranks 2 cudaDev 0 nvmlDev 0 - Init COMPLETE
nid05401:17315:17344 [0] NCCL INFO comm 0x2aab74001c20 rank 0 nranks 2 cudaDev 0 nvmlDev 0 - Init COMPLETE
nid05401:17315:17315 [0] NCCL INFO Launch mode Parallel
NCCL version 2.4.8+cuda10.1
nid05401:17315:17348 [0] NCCL INFO Setting affinity for GPU 0 to ffffff
nid05404:25210:25231 [0] NCCL INFO Setting affinity for GPU 0 to ffffff
nid05402:2279:2300 [0] NCCL INFO Setting affinity for GPU 0 to ffffff
nid05403:7160:7185 [0] NCCL INFO Setting affinity for GPU 0 to ffffff
nid05401:17315:17348 [0] NCCL INFO Channel 00 :    0   1
nid05402:2279:2300 [0] NCCL INFO Channel 00 :    0   1
nid05403:7160:7185 [0] NCCL INFO Could not find real path of /sys/class/net/ipogif0/device
nid05403:7160:7185 [0] NCCL INFO include/net.h:19 -> 2
nid05401:17315:17348 [0] NCCL INFO Could not find real path of /sys/class/net/ipogif0/device
nid05401:17315:17348 [0] NCCL INFO include/net.h:19 -> 2
nid05404:25210:25231 [0] NCCL INFO Could not find real path of /sys/class/net/ipogif0/device
nid05404:25210:25231 [0] NCCL INFO include/net.h:19 -> 2
nid05402:2279:2300 [0] NCCL INFO Could not find real path of /sys/class/net/ipogif0/device
nid05402:2279:2300 [0] NCCL INFO include/net.h:19 -> 2
nid05404:25210:25231 [0] NCCL INFO Ring 00 : 0 -> 1 [receive] via NET/Socket/0
nid05402:2279:2300 [0] NCCL INFO Ring 00 : 1 -> 0 [receive] via NET/Socket/0
nid05404:25210:25231 [0] NCCL INFO NET/Socket: Using 1 threads and 1 sockets per thread
nid05402:2279:2300 [0] NCCL INFO NET/Socket: Using 1 threads and 1 sockets per thread
nid05403:7160:7185 [0] NCCL INFO Ring 00 : 0 -> 1 [receive] via NET/Socket/0
nid05401:17315:17348 [0] NCCL INFO Ring 00 : 1 -> 0 [receive] via NET/Socket/0
nid05403:7160:7185 [0] NCCL INFO NET/Socket: Using 1 threads and 1 sockets per thread
nid05401:17315:17348 [0] NCCL INFO NET/Socket: Using 1 threads and 1 sockets per thread
nid05401:17315:17348 [0] NCCL INFO Ring 00 : 0 -> 1 [send] via NET/Socket/0
nid05404:25210:25231 [0] NCCL INFO Ring 00 : 1 -> 0 [send] via NET/Socket/0
nid05402:2279:2300 [0] NCCL INFO Ring 00 : 0 -> 1 [send] via NET/Socket/0
nid05403:7160:7185 [0] NCCL INFO Ring 00 : 1 -> 0 [send] via NET/Socket/0
nid05402:2279:2300 [0] NCCL INFO Using 256 threads, Min Comp Cap 6, Trees disabled
nid05401:17315:17348 [0] NCCL INFO Using 256 threads, Min Comp Cap 6, Trees disabled
nid05404:25210:25231 [0] NCCL INFO comm 0x2aab70001c20 rank 1 nranks 2 cudaDev 0 nvmlDev 0 - Init COMPLETE
nid05402:2279:2300 [0] NCCL INFO comm 0x2aab74001c20 rank 0 nranks 2 cudaDev 0 nvmlDev 0 - Init COMPLETE
nid05401:17315:17348 [0] NCCL INFO comm 0x2aab78001c20 rank 0 nranks 2 cudaDev 0 nvmlDev 0 - Init COMPLETE
nid05402:2279:2279 [0] NCCL INFO Launch mode Parallel
nid05401:17315:17315 [0] NCCL INFO Launch mode Parallel
nid05403:7160:7185 [0] NCCL INFO comm 0x2aab6c001c20 rank 1 nranks 2 cudaDev 0 nvmlDev 0 - Init COMPLETE
Duration/ms: 3.8890751957893372
