nid03900:12281:12281 [0] NCCL INFO Bootstrap : Using [0]ipogif0:148.187.47.91<0>
nid03900:12281:12281 [0] NCCL INFO NET/Plugin : No plugin found (libnccl-net.so).
libibverbs: Could not locate libibgni (/usr/lib64/libibgni.so.1: undefined symbol: verbs_uninit_context)
libibverbs: Warning: couldn't open config directory '/opt/cray/rdma-core/22.3-7.0.2.1_2.21__g42f5f32b.ari/etc/libibverbs.d'.
nid03900:12281:12281 [0] NCCL INFO NET/IB : No device found.
nid03900:12281:12281 [0] NCCL INFO NET/Socket : Using [0]ipogif0:148.187.47.91<0>
NCCL version 2.4.8+cuda10.1
nid03900:12281:12304 [0] NCCL INFO Setting affinity for GPU 0 to ffffff
nid03903:29908:29908 [0] NCCL INFO Bootstrap : Using [0]ipogif0:148.187.47.94<0>
nid03902:12844:12844 [0] NCCL INFO Bootstrap : Using [0]ipogif0:148.187.47.93<0>
nid03903:29908:29908 [0] NCCL INFO NET/Plugin : No plugin found (libnccl-net.so).
nid03902:12844:12844 [0] NCCL INFO NET/Plugin : No plugin found (libnccl-net.so).
libibverbs: Could not locate libibgni (/usr/lib64/libibgni.so.1: undefined symbol: verbs_uninit_context)
libibverbs: Warning: couldn't open config directory '/opt/cray/rdma-core/22.3-7.0.2.1_2.21__g42f5f32b.ari/etc/libibverbs.d'.
nid03903:29908:29908 [0] NCCL INFO NET/IB : No device found.
nid03903:29908:29908 [0] NCCL INFO NET/Socket : Using [0]ipogif0:148.187.47.94<0>
libibverbs: Could not locate libibgni (/usr/lib64/libibgni.so.1: undefined symbol: verbs_uninit_context)
libibverbs: Warning: couldn't open config directory '/opt/cray/rdma-core/22.3-7.0.2.1_2.21__g42f5f32b.ari/etc/libibverbs.d'.
nid03902:12844:12844 [0] NCCL INFO NET/IB : No device found.
nid03902:12844:12844 [0] NCCL INFO NET/Socket : Using [0]ipogif0:148.187.47.93<0>
nid03903:29908:29921 [0] NCCL INFO Setting affinity for GPU 0 to ffffff
nid03902:12844:12858 [0] NCCL INFO Setting affinity for GPU 0 to ffffff
nid03901:2564:2564 [0] NCCL INFO Bootstrap : Using [0]ipogif0:148.187.47.92<0>
nid03901:2564:2564 [0] NCCL INFO NET/Plugin : No plugin found (libnccl-net.so).
libibverbs: Could not locate libibgni (/usr/lib64/libibgni.so.1: undefined symbol: verbs_uninit_context)
libibverbs: Warning: couldn't open config directory '/opt/cray/rdma-core/22.3-7.0.2.1_2.21__g42f5f32b.ari/etc/libibverbs.d'.
nid03901:2564:2564 [0] NCCL INFO NET/IB : No device found.
nid03901:2564:2564 [0] NCCL INFO NET/Socket : Using [0]ipogif0:148.187.47.92<0>
nid03901:2564:2578 [0] NCCL INFO Setting affinity for GPU 0 to ffffff
nid03903:29908:29921 [0] NCCL INFO Could not find real path of /sys/class/net/ipogif0/device
nid03903:29908:29921 [0] NCCL INFO include/net.h:19 -> 2
nid03901:2564:2578 [0] NCCL INFO Could not find real path of /sys/class/net/ipogif0/device
nid03900:12281:12304 [0] NCCL INFO Could not find real path of /sys/class/net/ipogif0/device
nid03900:12281:12304 [0] NCCL INFO include/net.h:19 -> 2
nid03903:29908:29921 [0] NCCL INFO CUDA Dev 0[0], Socket NIC distance :  SYS
nid03901:2564:2578 [0] NCCL INFO include/net.h:19 -> 2
nid03901:2564:2578 [0] NCCL INFO CUDA Dev 0[0], Socket NIC distance :  SYS
nid03900:12281:12304 [0] NCCL INFO CUDA Dev 0[0], Socket NIC distance :  SYS
nid03902:12844:12858 [0] NCCL INFO Could not find real path of /sys/class/net/ipogif0/device
nid03902:12844:12858 [0] NCCL INFO include/net.h:19 -> 2
nid03902:12844:12858 [0] NCCL INFO CUDA Dev 0[0], Socket NIC distance :  SYS
nid03900:12281:12304 [0] NCCL INFO Channel 00 :    0   1   2   3
nid03902:12844:12858 [0] NCCL INFO Could not find real path of /sys/class/net/ipogif0/device
nid03902:12844:12858 [0] NCCL INFO include/net.h:19 -> 2
nid03903:29908:29921 [0] NCCL INFO Could not find real path of /sys/class/net/ipogif0/device
nid03903:29908:29921 [0] NCCL INFO include/net.h:19 -> 2
nid03901:2564:2578 [0] NCCL INFO Could not find real path of /sys/class/net/ipogif0/device
nid03900:12281:12304 [0] NCCL INFO Could not find real path of /sys/class/net/ipogif0/device
nid03900:12281:12304 [0] NCCL INFO include/net.h:19 -> 2
nid03901:2564:2578 [0] NCCL INFO include/net.h:19 -> 2
nid03901:2564:2578 [0] NCCL INFO Ring 00 : 0 -> 1 [receive] via NET/Socket/0
nid03901:2564:2578 [0] NCCL INFO NET/Socket: Using 1 threads and 1 sockets per thread
nid03903:29908:29921 [0] NCCL INFO Ring 00 : 2 -> 3 [receive] via NET/Socket/0
nid03900:12281:12304 [0] NCCL INFO Ring 00 : 3 -> 0 [receive] via NET/Socket/0
nid03903:29908:29921 [0] NCCL INFO NET/Socket: Using 1 threads and 1 sockets per thread
nid03902:12844:12858 [0] NCCL INFO Ring 00 : 1 -> 2 [receive] via NET/Socket/0
nid03900:12281:12304 [0] NCCL INFO NET/Socket: Using 1 threads and 1 sockets per thread
nid03902:12844:12858 [0] NCCL INFO NET/Socket: Using 1 threads and 1 sockets per thread
nid03901:2564:2578 [0] NCCL INFO Ring 00 : 1 -> 2 [send] via NET/Socket/0
nid03903:29908:29921 [0] NCCL INFO Ring 00 : 3 -> 0 [send] via NET/Socket/0
nid03902:12844:12858 [0] NCCL INFO Ring 00 : 2 -> 3 [send] via NET/Socket/0
nid03900:12281:12304 [0] NCCL INFO Ring 00 : 0 -> 1 [send] via NET/Socket/0
nid03900:12281:12304 [0] NCCL INFO Using 256 threads, Min Comp Cap 6, Trees disabled
nid03900:12281:12304 [0] NCCL INFO comm 0x2aab5c002260 rank 0 nranks 4 cudaDev 0 nvmlDev 0 - Init COMPLETE
nid03903:29908:29921 [0] NCCL INFO comm 0x2aab50002260 rank 3 nranks 4 cudaDev 0 nvmlDev 0 - Init COMPLETE
nid03901:2564:2578 [0] NCCL INFO comm 0x2aab50002260 rank 1 nranks 4 cudaDev 0 nvmlDev 0 - Init COMPLETE
nid03902:12844:12858 [0] NCCL INFO comm 0x2aab50002260 rank 2 nranks 4 cudaDev 0 nvmlDev 0 - Init COMPLETE
nid03900:12281:12281 [0] NCCL INFO Launch mode Parallel
/apps/daint/UES/jenkins/7.0.UP02/gpu/easybuild/software/PyTorch/1.6.0/lib/python3.8/site-packages/torch/distributed/distributed_c10d.py:125: UserWarning: torch.distributed.reduce_op is deprecated, please use torch.distributed.ReduceOp instead
  warnings.warn("torch.distributed.reduce_op is deprecated, please use "
/apps/daint/UES/jenkins/7.0.UP02/gpu/easybuild/software/PyTorch/1.6.0/lib/python3.8/site-packages/torch/distributed/distributed_c10d.py:125: UserWarning: torch.distributed.reduce_op is deprecated, please use torch.distributed.ReduceOp instead
  warnings.warn("torch.distributed.reduce_op is deprecated, please use "
/apps/daint/UES/jenkins/7.0.UP02/gpu/easybuild/software/PyTorch/1.6.0/lib/python3.8/site-packages/torch/distributed/distributed_c10d.py:125: UserWarning: torch.distributed.reduce_op is deprecated, please use torch.distributed.ReduceOp instead
  warnings.warn("torch.distributed.reduce_op is deprecated, please use "
/apps/daint/UES/jenkins/7.0.UP02/gpu/easybuild/software/PyTorch/1.6.0/lib/python3.8/site-packages/torch/distributed/distributed_c10d.py:125: UserWarning: torch.distributed.reduce_op is deprecated, please use torch.distributed.ReduceOp instead
  warnings.warn("torch.distributed.reduce_op is deprecated, please use "
Duration/ms: 9.790028858184815
