nid05126:21069:21069 [0] NCCL INFO Bootstrap : Using [0]ipogif0:148.187.52.47<0>
nid05126:21069:21069 [0] NCCL INFO NET/Plugin : No plugin found (libnccl-net.so).
libibverbs: Could not locate libibgni (/usr/lib64/libibgni.so.1: undefined symbol: verbs_uninit_context)
libibverbs: Warning: couldn't open config directory '/opt/cray/rdma-core/22.3-7.0.2.1_2.21__g42f5f32b.ari/etc/libibverbs.d'.
nid05126:21069:21069 [0] NCCL INFO NET/IB : No device found.
nid05126:21069:21069 [0] NCCL INFO NET/Socket : Using [0]ipogif0:148.187.52.47<0>
NCCL version 2.4.8+cuda10.1
nid05126:21069:21094 [0] NCCL INFO Setting affinity for GPU 0 to ffffff
nid05126:21069:21094 [0] NCCL INFO Using 256 threads, Min Comp Cap 6, Trees enabled up to size -2
nid05126:21069:21094 [0] NCCL INFO comm 0x2aab40002260 rank 0 nranks 1 cudaDev 0 nvmlDev 0 - Init COMPLETE
Traceback (most recent call last):
  File "main.py", line 50, in <module>
    main()
  File "main.py", line 46, in main
    run(**args_dict)
  File "/users/youyang9/lsg/Megatron-LM/scripts/summa/piz_daint/summa_mlp.py", line 145, in summa_mlp_run
    mlp = SummaMLP(hidden_dim=hidden_dim,
  File "/users/youyang9/lsg/Megatron-LM/scripts/summa/piz_daint/summa_mlp.py", line 45, in __init__
    self.w1 = Parameter(torch.Tensor(self.hidden_dim * 4 // self.dim_col,
RuntimeError: [enforce fail at CPUAllocator.cpp:64] . DefaultCPUAllocator: can't allocate memory: you tried to allocate 1048576000000 bytes. Error code 12 (Cannot allocate memory)
srun: error: nid05126: task 0: Exited with exit code 1
srun: Terminating job step 26287300.0


Batch Job Summary Report (version 20.09.1) for Job "summa_pytorch" (26287300) on daint
Job information (1/3)
-----------------------------------------------------------------------------------------------------
             Submit            Eligible               Start                 End    Elapsed Time limit
------------------- ------------------- ------------------- ------------------- ---------- ----------
2020-10-16T07:06:32 2020-10-16T07:06:32 2020-10-16T09:21:21 2020-10-16T09:22:01   00:00:40   00:15:00
-----------------------------------------------------------------------------------------------------

Job information (2/3)
-------------------------------------------------------------
    Username      Account    Partition   NNodes        Energy
------------ ------------ ------------ -------- -------------
    youyang9        s1054       normal        1      2.876 kJ

Job information (3/3) - GPU utilization data
---------------------------------------------------
   Node name       Usage     Max mem Execution time
------------ ----------- ----------- --------------
    nid05126         4 %    10701 MB       00:00:21

