nid02963:3802:3802 [0] NCCL INFO Bootstrap : Using [0]ipogif0:148.187.43.170<0>
nid02963:3802:3802 [0] NCCL INFO NET/Plugin : No plugin found (libnccl-net.so).
libibverbs: Could not locate libibgni (/usr/lib64/libibgni.so.1: undefined symbol: verbs_uninit_context)
libibverbs: Warning: couldn't open config directory '/opt/cray/rdma-core/22.3-7.0.2.1_2.21__g42f5f32b.ari/etc/libibverbs.d'.
nid02963:3802:3802 [0] NCCL INFO NET/IB : No device found.
nid02963:3802:3802 [0] NCCL INFO NET/Socket : Using [0]ipogif0:148.187.43.170<0>
NCCL version 2.4.8+cuda10.1
nid02963:3802:3820 [0] NCCL INFO Setting affinity for GPU 0 to ffffff
nid02963:3802:3820 [0] NCCL INFO Using 256 threads, Min Comp Cap 6, Trees enabled up to size -2
nid02963:3802:3820 [0] NCCL INFO comm 0x2aab6c002260 rank 0 nranks 1 cudaDev 0 nvmlDev 0 - Init COMPLETE
Duration/ms: 16.24381113052368
/apps/daint/UES/jenkins/7.0.UP02/gpu/easybuild/software/PyTorch/1.6.0/lib/python3.8/site-packages/torch/distributed/distributed_c10d.py:125: UserWarning: torch.distributed.reduce_op is deprecated, please use torch.distributed.ReduceOp instead
  warnings.warn("torch.distributed.reduce_op is deprecated, please use "


Batch Job Summary Report (version 20.09.1) for Job "summa_pytorch" (26287276) on daint
Job information (1/3)
-----------------------------------------------------------------------------------------------------
             Submit            Eligible               Start                 End    Elapsed Time limit
------------------- ------------------- ------------------- ------------------- ---------- ----------
2020-10-16T07:06:06 2020-10-16T07:06:06 2020-10-16T07:13:52 2020-10-16T07:14:32   00:00:40   00:15:00
-----------------------------------------------------------------------------------------------------

Job information (2/3)
-------------------------------------------------------------
    Username      Account    Partition   NNodes        Energy
------------ ------------ ------------ -------- -------------
    youyang9        s1054       normal        1      2.310 kJ

Job information (3/3) - GPU utilization data
---------------------------------------------------
   Node name       Usage     Max mem Execution time
------------ ----------- ----------- --------------
    nid02963         3 %     1025 MB       00:00:09

