nid06710:1600:1600 [0] NCCL INFO Bootstrap : Using [0]ipogif0:148.187.58.107<0>
nid06710:1600:1600 [0] NCCL INFO NET/Plugin : No plugin found (libnccl-net.so).
libibverbs: Could not locate libibgni (/usr/lib64/libibgni.so.1: undefined symbol: verbs_uninit_context)
libibverbs: Warning: couldn't open config directory '/opt/cray/rdma-core/22.3-7.0.2.1_2.21__g42f5f32b.ari/etc/libibverbs.d'.
nid06710:1600:1600 [0] NCCL INFO NET/IB : No device found.
nid06710:1600:1600 [0] NCCL INFO NET/Socket : Using [0]ipogif0:148.187.58.107<0>
NCCL version 2.4.8+cuda10.1
nid06710:1600:1623 [0] NCCL INFO Setting affinity for GPU 0 to ffffff
nid06712:20581:20581 [0] NCCL INFO Bootstrap : Using [0]ipogif0:148.187.58.109<0>
nid06713:30041:30041 [0] NCCL INFO Bootstrap : Using [0]ipogif0:148.187.58.110<0>
nid06712:20581:20581 [0] NCCL INFO NET/Plugin : No plugin found (libnccl-net.so).
libibverbs: Could not locate libibgni (/usr/lib64/libibgni.so.1: undefined symbol: verbs_uninit_context)
libibverbs: Warning: couldn't open config directory '/opt/cray/rdma-core/22.3-7.0.2.1_2.21__g42f5f32b.ari/etc/libibverbs.d'.
nid06712:20581:20581 [0] NCCL INFO NET/IB : No device found.
nid06712:20581:20581 [0] NCCL INFO NET/Socket : Using [0]ipogif0:148.187.58.109<0>
nid06713:30041:30041 [0] NCCL INFO NET/Plugin : No plugin found (libnccl-net.so).
libibverbs: Could not locate libibgni (/usr/lib64/libibgni.so.1: undefined symbol: verbs_uninit_context)
nid06712:20581:20595 [0] NCCL INFO Setting affinity for GPU 0 to ffffff
libibverbs: Warning: couldn't open config directory '/opt/cray/rdma-core/22.3-7.0.2.1_2.21__g42f5f32b.ari/etc/libibverbs.d'.
nid06713:30041:30041 [0] NCCL INFO NET/IB : No device found.
nid06713:30041:30041 [0] NCCL INFO NET/Socket : Using [0]ipogif0:148.187.58.110<0>
nid06713:30041:30054 [0] NCCL INFO Setting affinity for GPU 0 to ffffff
nid06711:20809:20809 [0] NCCL INFO Bootstrap : Using [0]ipogif0:148.187.58.108<0>
nid06711:20809:20809 [0] NCCL INFO NET/Plugin : No plugin found (libnccl-net.so).
libibverbs: Could not locate libibgni (/usr/lib64/libibgni.so.1: undefined symbol: verbs_uninit_context)
libibverbs: Warning: couldn't open config directory '/opt/cray/rdma-core/22.3-7.0.2.1_2.21__g42f5f32b.ari/etc/libibverbs.d'.
nid06711:20809:20809 [0] NCCL INFO NET/IB : No device found.
nid06711:20809:20809 [0] NCCL INFO NET/Socket : Using [0]ipogif0:148.187.58.108<0>
nid06711:20809:20822 [0] NCCL INFO Setting affinity for GPU 0 to ffffff
nid06710:1600:1623 [0] NCCL INFO Could not find real path of /sys/class/net/ipogif0/device
nid06710:1600:1623 [0] NCCL INFO include/net.h:19 -> 2
nid06710:1600:1623 [0] NCCL INFO CUDA Dev 0[0], Socket NIC distance :  SYS
nid06712:20581:20595 [0] NCCL INFO Could not find real path of /sys/class/net/ipogif0/device
nid06712:20581:20595 [0] NCCL INFO include/net.h:19 -> 2
nid06713:30041:30054 [0] NCCL INFO Could not find real path of /sys/class/net/ipogif0/device
nid06713:30041:30054 [0] NCCL INFO include/net.h:19 -> 2
nid06713:30041:30054 [0] NCCL INFO CUDA Dev 0[0], Socket NIC distance :  SYS
nid06711:20809:20822 [0] NCCL INFO Could not find real path of /sys/class/net/ipogif0/device
nid06711:20809:20822 [0] NCCL INFO include/net.h:19 -> 2
nid06711:20809:20822 [0] NCCL INFO CUDA Dev 0[0], Socket NIC distance :  SYS
nid06710:1600:1623 [0] NCCL INFO Channel 00 :    0   1   2   3
nid06712:20581:20595 [0] NCCL INFO CUDA Dev 0[0], Socket NIC distance :  SYS
nid06712:20581:20595 [0] NCCL INFO Could not find real path of /sys/class/net/ipogif0/device
nid06712:20581:20595 [0] NCCL INFO include/net.h:19 -> 2
nid06711:20809:20822 [0] NCCL INFO Could not find real path of /sys/class/net/ipogif0/device
nid06711:20809:20822 [0] NCCL INFO include/net.h:19 -> 2
nid06710:1600:1623 [0] NCCL INFO Could not find real path of /sys/class/net/ipogif0/device
nid06713:30041:30054 [0] NCCL INFO Could not find real path of /sys/class/net/ipogif0/device
nid06713:30041:30054 [0] NCCL INFO include/net.h:19 -> 2
nid06710:1600:1623 [0] NCCL INFO include/net.h:19 -> 2
nid06712:20581:20595 [0] NCCL INFO Ring 00 : 1 -> 2 [receive] via NET/Socket/0
nid06712:20581:20595 [0] NCCL INFO NET/Socket: Using 1 threads and 1 sockets per thread
nid06713:30041:30054 [0] NCCL INFO Ring 00 : 2 -> 3 [receive] via NET/Socket/0
nid06711:20809:20822 [0] NCCL INFO Ring 00 : 0 -> 1 [receive] via NET/Socket/0
nid06710:1600:1623 [0] NCCL INFO Ring 00 : 3 -> 0 [receive] via NET/Socket/0
nid06713:30041:30054 [0] NCCL INFO NET/Socket: Using 1 threads and 1 sockets per thread
nid06711:20809:20822 [0] NCCL INFO NET/Socket: Using 1 threads and 1 sockets per thread
nid06710:1600:1623 [0] NCCL INFO NET/Socket: Using 1 threads and 1 sockets per thread
nid06712:20581:20595 [0] NCCL INFO Ring 00 : 2 -> 3 [send] via NET/Socket/0
nid06713:30041:30054 [0] NCCL INFO Ring 00 : 3 -> 0 [send] via NET/Socket/0
nid06711:20809:20822 [0] NCCL INFO Ring 00 : 1 -> 2 [send] via NET/Socket/0
nid06710:1600:1623 [0] NCCL INFO Ring 00 : 0 -> 1 [send] via NET/Socket/0
nid06710:1600:1623 [0] NCCL INFO Using 256 threads, Min Comp Cap 6, Trees disabled
nid06710:1600:1623 [0] NCCL INFO comm 0x2aab5c002260 rank 0 nranks 4 cudaDev 0 nvmlDev 0 - Init COMPLETE
nid06712:20581:20595 [0] NCCL INFO comm 0x2aab54002260 rank 2 nranks 4 cudaDev 0 nvmlDev 0 - Init COMPLETE
nid06713:30041:30054 [0] NCCL INFO comm 0x2aab54002260 rank 3 nranks 4 cudaDev 0 nvmlDev 0 - Init COMPLETE
nid06711:20809:20822 [0] NCCL INFO comm 0x2aab54002260 rank 1 nranks 4 cudaDev 0 nvmlDev 0 - Init COMPLETE
nid06710:1600:1600 [0] NCCL INFO Launch mode Parallel
/apps/daint/UES/jenkins/7.0.UP02/gpu/easybuild/software/PyTorch/1.6.0/lib/python3.8/site-packages/torch/distributed/distributed_c10d.py:125: UserWarning: torch.distributed.reduce_op is deprecated, please use torch.distributed.ReduceOp instead
  warnings.warn("torch.distributed.reduce_op is deprecated, please use "
/apps/daint/UES/jenkins/7.0.UP02/gpu/easybuild/software/PyTorch/1.6.0/lib/python3.8/site-packages/torch/distributed/distributed_c10d.py:125: UserWarning: torch.distributed.reduce_op is deprecated, please use torch.distributed.ReduceOp instead
  warnings.warn("torch.distributed.reduce_op is deprecated, please use "
/apps/daint/UES/jenkins/7.0.UP02/gpu/easybuild/software/PyTorch/1.6.0/lib/python3.8/site-packages/torch/distributed/distributed_c10d.py:125: UserWarning: torch.distributed.reduce_op is deprecated, please use torch.distributed.ReduceOp instead
  warnings.warn("torch.distributed.reduce_op is deprecated, please use "
/apps/daint/UES/jenkins/7.0.UP02/gpu/easybuild/software/PyTorch/1.6.0/lib/python3.8/site-packages/torch/distributed/distributed_c10d.py:125: UserWarning: torch.distributed.reduce_op is deprecated, please use torch.distributed.ReduceOp instead
  warnings.warn("torch.distributed.reduce_op is deprecated, please use "
Duration/ms: 364.1940002441406
