Traceback (most recent call last):
  File "main.py", line 50, in <module>
    main()
  File "main.py", line 46, in main
    run(**args_dict)
  File "/users/youyang9/lsg/Megatron-LM/scripts/summa/piz_daint/megatron_mlp.py", line 256, in megatron_mlp_run
    input_tensor = torch.rand((batch_size, input_row, hidden_dim)).cuda()
RuntimeError: [enforce fail at CPUAllocator.cpp:64] . DefaultCPUAllocator: can't allocate memory: you tried to allocate 419430400000000 bytes. Error code 12 (Cannot allocate memory)
srun: error: nid07454: task 0: Exited with exit code 1
srun: Terminating job step 26286422.0


Batch Job Summary Report (version 20.09.1) for Job "summa_pytorch" (26286422) on daint
Job information (1/3)
-----------------------------------------------------------------------------------------------------
             Submit            Eligible               Start                 End    Elapsed Time limit
------------------- ------------------- ------------------- ------------------- ---------- ----------
2020-10-16T05:39:23 2020-10-16T05:39:23 2020-10-16T06:38:57 2020-10-16T06:39:19   00:00:22   00:15:00
-----------------------------------------------------------------------------------------------------

Job information (2/3)
-------------------------------------------------------------
    Username      Account    Partition   NNodes        Energy
------------ ------------ ------------ -------- -------------
    youyang9        s1054       normal        1      1.040 kJ

Job information (3/3) - GPU utilization data
---------------------------------------------------
   Node name       Usage     Max mem Execution time
------------ ----------- ----------- --------------
    nid07454         0 %        0 MB       00:00:00

