Traceback (most recent call last):
  File "main.py", line 50, in <module>
    main()
  File "main.py", line 46, in main
    run(**args_dict)
  File "/users/youyang9/lsg/Megatron-LM/scripts/summa/piz_daint/summa_mlp.py", line 138, in summa_mlp_run
    input_tensor = torch.rand((batch_size, input_row, hidden_dim)).cuda()
RuntimeError: [enforce fail at CPUAllocator.cpp:64] . DefaultCPUAllocator: can't allocate memory: you tried to allocate 419430400000000 bytes. Error code 12 (Cannot allocate memory)
srun: error: nid05847: task 0: Exited with exit code 1
srun: Terminating job step 26286421.0


Batch Job Summary Report (version 20.09.1) for Job "summa_pytorch" (26286421) on daint
Job information (1/3)
-----------------------------------------------------------------------------------------------------
             Submit            Eligible               Start                 End    Elapsed Time limit
------------------- ------------------- ------------------- ------------------- ---------- ----------
2020-10-16T05:39:23 2020-10-16T05:39:23 2020-10-16T06:35:15 2020-10-16T06:35:39   00:00:24   00:15:00
-----------------------------------------------------------------------------------------------------

Job information (2/3)
-------------------------------------------------------------
    Username      Account    Partition   NNodes        Energy
------------ ------------ ------------ -------- -------------
    youyang9        s1054       normal        1      1.257 kJ

Job information (3/3) - GPU utilization data
---------------------------------------------------
   Node name       Usage     Max mem Execution time
------------ ----------- ----------- --------------
    nid05847         0 %        0 MB       00:00:00

