nid07068:6071:6071 [0] NCCL INFO Bootstrap : Using [0]ipogif0:148.187.59.211<0>
nid07068:6071:6071 [0] NCCL INFO NET/Plugin : No plugin found (libnccl-net.so).
libibverbs: Could not locate libibgni (/usr/lib64/libibgni.so.1: undefined symbol: verbs_uninit_context)
libibverbs: Warning: couldn't open config directory '/opt/cray/rdma-core/22.3-7.0.2.1_2.21__g42f5f32b.ari/etc/libibverbs.d'.
nid07068:6071:6071 [0] NCCL INFO NET/IB : No device found.
nid07068:6071:6071 [0] NCCL INFO NET/Socket : Using [0]ipogif0:148.187.59.211<0>
NCCL version 2.4.8+cuda10.1
nid07068:6071:6087 [0] NCCL INFO Setting affinity for GPU 0 to 03f03f
nid07068:6071:6087 [0] NCCL INFO Using 256 threads, Min Comp Cap 6, Trees enabled up to size -2
nid07068:6071:6087 [0] NCCL INFO comm 0x2aab54002260 rank 0 nranks 1 cudaDev 0 nvmlDev 0 - Init COMPLETE
nid07068:6071:6100 [0] NCCL INFO Setting affinity for GPU 0 to 03f03f
nid07068:6071:6100 [0] NCCL INFO Using 256 threads, Min Comp Cap 6, Trees enabled up to size -2
nid07068:6071:6100 [0] NCCL INFO comm 0x2aabcc001c20 rank 0 nranks 1 cudaDev 0 nvmlDev 0 - Init COMPLETE
nid07068:6071:6102 [0] NCCL INFO Setting affinity for GPU 0 to 03f03f
nid07068:6071:6102 [0] NCCL INFO Using 256 threads, Min Comp Cap 6, Trees enabled up to size -2
nid07068:6071:6102 [0] NCCL INFO comm 0x2aabc8001c70 rank 0 nranks 1 cudaDev 0 nvmlDev 0 - Init COMPLETE
Duration/ms: 0.7484895998239517


Batch Job Summary Report for Job "summa_pytorch" (26247755) on daint
Job information (1/3)
-----------------------------------------------------------------------------------------------------
             Submit            Eligible               Start                 End    Elapsed Time limit
------------------- ------------------- ------------------- ------------------- ---------- ----------
2020-10-14T11:41:47 2020-10-14T11:41:47 2020-10-14T11:45:34 2020-10-14T11:46:17   00:00:43   00:15:00
-----------------------------------------------------------------------------------------------------

Job information (2/3)
-------------------------------------------------------------
    Username      Account    Partition   NNodes        Energy
------------ ------------ ------------ -------- -------------
    youyang9        s1054       normal        1      1.972 kJ

Job information (3/3) - GPU utilization data
---------------------------------------------------
   Node name       Usage     Max mem Execution time
------------ ----------- ----------- --------------
    nid07068         1 %      757 MB       00:00:05

